Log file open, 10/30/18 08:49:17
LogWindows: Failed to load 'aqProf.dll' (GetLastError=126)
LogWindows: File 'aqProf.dll' does not exist
LogWindows: Failed to load 'VSPerf140.dll' (GetLastError=126)
LogWindows: File 'VSPerf140.dll' does not exist
LogWindows: Failed to load 'VtuneApi.dll' (GetLastError=126)
LogWindows: File 'VtuneApi.dll' does not exist
LogWindows: Failed to load 'VtuneApi32e.dll' (GetLastError=126)
LogWindows: File 'VtuneApi32e.dll' does not exist
LogInit: Display: Running engine for game: NewWaldo
LogPlatformFile: Not using cached read wrapper
LogTaskGraph: Started task graph with 5 named threads and 11 total threads with 3 sets of task threads.
LogStats: Stats thread started at 0.183416
LogD3D11RHI: Loaded GFSDK_Aftermath_Lib.x64.dll
LogICUInternationalization: Display: ICU TimeZone Detection - Raw Offset: -5:00, Platform Override: ''
LogPluginManager: Mounting plugin Paper2D
LogPluginManager: Mounting plugin AISupport
LogPluginManager: Mounting plugin LightPropagationVolume
LogPluginManager: Mounting plugin CLionSourceCodeAccess
LogPluginManager: Mounting plugin CodeLiteSourceCodeAccess
LogPluginManager: Mounting plugin GitSourceControl
LogPluginManager: Mounting plugin KDevelopSourceCodeAccess
LogPluginManager: Mounting plugin NullSourceCodeAccess
LogPluginManager: Mounting plugin PerforceSourceControl
LogPluginManager: Mounting plugin SubversionSourceControl
LogPluginManager: Mounting plugin UObjectPlugin
LogPluginManager: Mounting plugin VisualStudioCodeSourceCodeAccess
LogPluginManager: Mounting plugin VisualStudioSourceCodeAccess
LogPluginManager: Mounting plugin XCodeSourceCodeAccess
LogPluginManager: Mounting plugin AssetManagerEditor
LogPluginManager: Mounting plugin CryptoKeys
LogPluginManager: Mounting plugin DataValidation
LogPluginManager: Mounting plugin FacialAnimation
LogPluginManager: Mounting plugin GameplayTagsEditor
LogPluginManager: Mounting plugin MacGraphicsSwitching
LogPluginManager: Mounting plugin MeshEditor
LogPluginManager: Mounting plugin MobileLauncherProfileWizard
LogPluginManager: Mounting plugin PluginBrowser
LogPluginManager: Mounting plugin SpeedTreeImporter
LogPluginManager: Mounting plugin DatasmithContent
LogPluginManager: Mounting plugin AlembicImporter
LogPluginManager: Mounting plugin AppleImageUtils
LogPluginManager: Mounting plugin AppleVision
LogPluginManager: Mounting plugin BackChannel
LogPluginManager: Mounting plugin CharacterAI
LogPluginManager: Mounting plugin GeometryCache
LogPluginManager: Mounting plugin HTML5Networking
LogPluginManager: Mounting plugin ProxyLODPlugin
LogPluginManager: Mounting plugin MagicLeap
LogPluginManager: Mounting plugin MagicLeapEmulator
LogPluginManager: Mounting plugin MagicLeapMedia
LogPluginManager: Mounting plugin AndroidMedia
LogPluginManager: Mounting plugin AvfMedia
LogPluginManager: Mounting plugin ImgMedia
LogPluginManager: Mounting plugin LinearTimecode
LogPluginManager: Mounting plugin MediaCompositing
LogPluginManager: Mounting plugin MediaPlayerEditor
LogPluginManager: Mounting plugin WmfMedia
LogPluginManager: Mounting plugin TcpMessaging
LogPluginManager: Mounting plugin UdpMessaging
LogPluginManager: Mounting plugin ActorSequence
LogPluginManager: Mounting plugin LevelSequenceEditor
LogPluginManager: Mounting plugin MatineeToLevelSequence
LogPluginManager: Mounting plugin NetcodeUnitTest
LogPluginManager: Mounting plugin NUTUnrealEngine4
LogPluginManager: Mounting plugin OnlineSubsystemGooglePlay
LogPluginManager: Mounting plugin OnlineSubsystemIOS
LogPluginManager: Mounting plugin OnlineSubsystem
LogPluginManager: Mounting plugin OnlineSubsystemNull
LogPluginManager: Mounting plugin OnlineSubsystemUtils
LogPluginManager: Mounting plugin LauncherChunkInstaller
LogPluginManager: Mounting plugin AndroidDeviceProfileSelector
LogPluginManager: Mounting plugin AndroidMoviePlayer
LogPluginManager: Mounting plugin AndroidPermission
LogPluginManager: Mounting plugin AppleMoviePlayer
LogPluginManager: Mounting plugin ArchVisCharacter
LogPluginManager: Mounting plugin AudioCapture
LogPluginManager: Mounting plugin CableComponent
LogPluginManager: Mounting plugin CustomMeshComponent
LogPluginManager: Mounting plugin EditableMesh
LogPluginManager: Mounting plugin ExampleDeviceProfileSelector
LogPluginManager: Mounting plugin GoogleCloudMessaging
LogPluginManager: Mounting plugin ImmediatePhysics
LogPluginManager: Mounting plugin IOSDeviceProfileSelector
LogPluginManager: Mounting plugin LinuxDeviceProfileSelector
LogPluginManager: Mounting plugin LocationServicesBPLibrary
LogPluginManager: Mounting plugin MobilePatchingUtils
LogPluginManager: Mounting plugin OculusVR
LogPluginManager: Plugin shader directory ../../../Engine/Plugins/Runtime/Oculus/OculusVR/Shaders found
LogPluginManager: Mapping shader source directory ../../../Engine/Plugins/Runtime/Oculus/OculusVR/Shaders to virtual directory /Plugin/OculusVR
LogPluginManager: Mounting plugin PhysXVehicles
LogPluginManager: Mounting plugin ProceduralMeshComponent
LogPluginManager: Mounting plugin RuntimePhysXCooking
LogPluginManager: Mounting plugin SteamVR
LogPluginManager: Mounting plugin WindowsMoviePlayer
LogStreaming: Display: Took  0.359s to configure plugins.
LogInit: Using libcurl 7.55.1-DEV
LogInit:  - built for x86_64-pc-win32
LogInit:  - supports SSL with OpenSSL/1.0.2h
LogInit:  - supports HTTP deflate (compression) using libz 1.2.8
LogInit:  - other features:
LogInit:      CURL_VERSION_SSL
LogInit:      CURL_VERSION_LIBZ
LogInit:      CURL_VERSION_IPV6
LogInit:      CURL_VERSION_ASYNCHDNS
LogInit:      CURL_VERSION_LARGEFILE
LogInit:      CURL_VERSION_IDN
LogInit:  CurlRequestOptions (configurable via config and command line):
LogInit:  - bVerifyPeer = false  - Libcurl will NOT verify peer certificate
LogInit:  - bUseHttpProxy = false  - Libcurl will NOT use HTTP proxy
LogInit:  - bDontReuseConnections = false  - Libcurl will reuse connections
LogInit:  - CertBundlePath = nullptr  - Libcurl will use whatever was configured at build time.
LogInit:  - MaxHostConnections = 16  - Libcurl will limit the number of connections to a host
LogInit:  - LocalHostAddr = Default
LogInit:  - BufferSize = 65536
LogInit: WinSock: version 1.1 (2.2), MaxSocks=32767, MaxUdp=65467
LogInit: Build: ++UE4+Release-4.20-CL-4302132
LogInit: Engine Version: 4.20.2-4302132+++UE4+Release-4.20
LogInit: Compatible Engine Version: 4.20.0-4212847+++UE4+Release-4.20
LogInit: Net CL: 4212847
LogInit: OS: Windows 10 (), CPU: Intel(R) Core(TM) i5-7300U CPU @ 2.60GHz, GPU: Intel(R) HD Graphics 620
LogInit: Compiled (64-bit): Aug 21 2018 02:06:06
LogInit: Compiled with Visual C++: 19.13.26129.00
LogInit: Build Configuration: Development
LogInit: Branch Name: ++UE4+Release-4.20
LogInit: Command Line: 
LogInit: Base Directory: C:/Program Files/Epic Games/UE_4.20/Engine/Binaries/Win64/
LogInit: Installed Engine Build: 1
LogDevObjectVersion: Number of dev versions registered: 20
LogDevObjectVersion:   Dev-Blueprints (B0D832E4-1F89-4F0D-ACCF-7EB736FD4AA2): 10
LogDevObjectVersion:   Dev-Build (E1C64328-A22C-4D53-A36C-8E866417BD8C): 0
LogDevObjectVersion:   Dev-Core (375EC13C-06E4-48FB-B500-84F0262A717E): 2
LogDevObjectVersion:   Dev-Editor (E4B068ED-F494-42E9-A231-DA0B2E46BB41): 24
LogDevObjectVersion:   Dev-Framework (CFFC743F-43B0-4480-9391-14DF171D2073): 34
LogDevObjectVersion:   Dev-Mobile (B02B49B5-BB20-44E9-A304-32B752E40360): 2
LogDevObjectVersion:   Dev-Networking (A4E4105C-59A1-49B5-A7C5-40C4547EDFEE): 0
LogDevObjectVersion:   Dev-Online (39C831C9-5AE6-47DC-9A44-9C173E1C8E7C): 0
LogDevObjectVersion:   Dev-Physics (78F01B33-EBEA-4F98-B9B4-84EACCB95AA2): 0
LogDevObjectVersion:   Dev-Platform (6631380F-2D4D-43E0-8009-CF276956A95A): 0
LogDevObjectVersion:   Dev-Rendering (12F88B9F-8875-4AFC-A67C-D90C383ABD29): 26
LogDevObjectVersion:   Dev-Sequencer (7B5AE74C-D270-4C10-A958-57980B212A5A): 9
LogDevObjectVersion:   Dev-VR (D7296918-1DD6-4BDD-9DE2-64A83CC13884): 2
LogDevObjectVersion:   Dev-LoadTimes (C2A15278-BFE7-4AFE-6C17-90FF531DF755): 1
LogDevObjectVersion:   Private-Geometry (6EACA3D4-40EC-4CC1-B786-8BED09428FC5): 3
LogDevObjectVersion:   Dev-AnimPhys (29E575DD-E0A3-4627-9D10-D276232CDCEA): 17
LogDevObjectVersion:   Dev-ReflectionCapture (6B266CEC-1EC7-4B8F-A30B-E4D90942FC07): 1
LogDevObjectVersion:   Dev-Automation (0DF73D61-A23F-47EA-B727-89E90C41499A): 1
LogDevObjectVersion:   FortniteMain (601D1886-AC64-4F84-AA16-D3DE0DEAC7D6): 12
LogDevObjectVersion:   Dev-Enterprise (9DFFBCD6-494F-0158-E221-12823C92A888): 1
LogStreaming: Display: Took  0.012s to delete old logs.
LogInit: Presizing for max 8388607 objects, including 0 objects not considered by GC, pre-allocating 0 bytes for permanent pool.
LogInit: Object subsystem initialized
[2018.10.30-12.49.18:481][  0]LogInit: Selected Device Profile: [Windows]
[2018.10.30-12.49.18:481][  0]LogInit: Applying CVar settings loaded from the selected device profile: [Windows]
[2018.10.30-12.49.18:498][  0]LogHAL: Display: Platform has ~ 8 GB [8511496192 / 8589934592 / 8], which maps to Default [LargestMinGB=32, LargerMinGB=12, DefaultMinGB=8, SmallerMinGB=6, SmallestMinGB=0)
[2018.10.30-12.49.18:498][  0]LogInit: Setting Device Profile CVar: [[r.Vulkan.UseRealUBs:1]]
[2018.10.30-12.49.18:498][  0]LogInit: Going up to parent DeviceProfile []
[2018.10.30-12.49.18:498][  0]LogInit: Computer: DESKTOP-2JCFOSA
[2018.10.30-12.49.18:498][  0]LogInit: User: NIriz
[2018.10.30-12.49.18:498][  0]LogInit: CPU Page size=4096, Cores=2
[2018.10.30-12.49.18:498][  0]LogInit: High frequency timer resolution =2.648437 MHz
[2018.10.30-12.49.18:499][  0]LogMemory: Memory total: Physical=7.9GB (8GB approx)
[2018.10.30-12.49.18:499][  0]LogMemory: Platform Memory Stats for Windows
[2018.10.30-12.49.18:499][  0]LogMemory: Process Physical Memory: 100.35 MB used, 100.35 MB peak
[2018.10.30-12.49.18:499][  0]LogMemory: Process Virtual Memory: 84.35 MB used, 84.35 MB peak
[2018.10.30-12.49.18:499][  0]LogMemory: Physical Memory: 5549.23 MB used,  2567.96 MB free, 8117.20 MB total
[2018.10.30-12.49.18:499][  0]LogMemory: Virtual Memory: 4607.00 MB used,  2567.96 MB free, 134217728.00 MB total
[2018.10.30-12.49.18:526][  0]LogInit: Using OS detected language (en-US).
[2018.10.30-12.49.18:526][  0]LogInit: Using OS detected locale (en-US).
[2018.10.30-12.49.18:527][  0]LogTextLocalizationManager: No specific localization for 'en-US' exists, so the 'en' localization will be used.
[2018.10.30-12.49.18:949][  0]LogStreaming: Display: Took  0.423s to InitEngineTextLocalization.
[2018.10.30-12.49.18:949][  0]LogInit: Setting process to per monitor DPI aware
[2018.10.30-12.49.18:997][  0]LogSlate: New Slate User Created.  User Index 0, Is Virtual User: 0
[2018.10.30-12.49.18:997][  0]LogSlate: Slate User Registered.  User Index 0, Is Virtual User: 0
[2018.10.30-12.49.19:308][  0]LogHMD: Failed to initialize OpenVR with code 110
[2018.10.30-12.49.19:308][  0]LogD3D11RHI: D3D11 adapters:
[2018.10.30-12.49.19:348][  0]LogD3D11RHI:    0. 'Intel(R) HD Graphics 620' (Feature Level 11_0)
[2018.10.30-12.49.19:348][  0]LogD3D11RHI:       128/0/4058 MB DedicatedVideo/DedicatedSystem/SharedSystem, Outputs:1, VendorId:0x8086
[2018.10.30-12.49.19:351][  0]LogD3D11RHI:    1. 'Microsoft Basic Render Driver' (Feature Level 11_0)
[2018.10.30-12.49.19:351][  0]LogD3D11RHI:       0/0/4058 MB DedicatedVideo/DedicatedSystem/SharedSystem, Outputs:0, VendorId:0x1414
[2018.10.30-12.49.19:351][  0]LogD3D11RHI: Chosen D3D11 Adapter: 0
[2018.10.30-12.49.19:359][  0]LogD3D11RHI: Creating new Direct3DDevice
[2018.10.30-12.49.19:359][  0]LogD3D11RHI:     GPU DeviceId: 0x5916 (for the marketing name, search the web for "GPU Device Id")
[2018.10.30-12.49.19:359][  0]LogWindows: EnumDisplayDevices:
[2018.10.30-12.49.19:360][  0]LogWindows:    0. 'Intel(R) HD Graphics 620' (P:1 D:1)
[2018.10.30-12.49.19:360][  0]LogWindows:    1. 'Intel(R) HD Graphics 620' (P:0 D:0)
[2018.10.30-12.49.19:361][  0]LogWindows:    2. 'Intel(R) HD Graphics 620' (P:0 D:0)
[2018.10.30-12.49.19:361][  0]LogWindows: DebugString: FoundDriverCount:3 
[2018.10.30-12.49.19:361][  0]LogD3D11RHI:     Adapter Name: Intel(R) HD Graphics 620
[2018.10.30-12.49.19:361][  0]LogD3D11RHI:   Driver Version: 24.20.100.6136 (internal:24.20.100.6136, unified:24.20.100.6136)
[2018.10.30-12.49.19:361][  0]LogD3D11RHI:      Driver Date: 5-25-2018
[2018.10.30-12.49.19:361][  0]LogRHI: Texture pool is 1510 MB (70% of 2157 MB)
[2018.10.30-12.49.19:395][  0]LogD3D11RHI: Async texture creation enabled
[2018.10.30-12.49.19:402][  0]LogD3D11RHI: GPU Timing Frequency: 12.000048 (Debug: 2 0)
[2018.10.30-12.49.19:404][  0]LogShaderCompilers: Guid format shader working directory is -28 characters bigger than the processId version (../../../../../../Users/NIriz/OneDrive/Documents/Unreal Projects/NewWaldo/Intermediate/Shaders/WorkingDirectory/10332/).
[2018.10.30-12.49.19:404][  0]LogShaderCompilers: Cleaned the shader compiler working directory 'C:/Users/NIriz/AppData/Local/Temp/UnrealShaderWorkingDir/330F4B164EB9A4B02C4F75935F43A267/'.
[2018.10.30-12.49.19:808][  0]LogTemp: Display: Loaded TP AllDesktopTargetPlatform
[2018.10.30-12.49.19:834][  0]LogTemp: Display: Loaded TP MacClientTargetPlatform
[2018.10.30-12.49.19:860][  0]LogTemp: Display: Loaded TP MacNoEditorTargetPlatform
[2018.10.30-12.49.19:884][  0]LogTemp: Display: Loaded TP MacServerTargetPlatform
[2018.10.30-12.49.19:909][  0]LogTemp: Display: Loaded TP MacTargetPlatform
[2018.10.30-12.49.19:933][  0]LogTemp: Display: Loaded TP WindowsClientTargetPlatform
[2018.10.30-12.49.19:958][  0]LogTemp: Display: Loaded TP WindowsNoEditorTargetPlatform
[2018.10.30-12.49.19:983][  0]LogTemp: Display: Loaded TP WindowsServerTargetPlatform
[2018.10.30-12.49.19:994][  0]LogTemp: Display: Loaded TP WindowsTargetPlatform
[2018.10.30-12.49.20:144][  0]LogTemp: Display: Loaded TP AndroidTargetPlatform
[2018.10.30-12.49.20:144][  0]LogTemp: Display: Loaded TP AndroidTargetPlatform
[2018.10.30-12.49.20:144][  0]LogTemp: Display: Loaded TP AndroidTargetPlatform
[2018.10.30-12.49.20:144][  0]LogTemp: Display: Loaded TP AndroidTargetPlatform
[2018.10.30-12.49.20:144][  0]LogTemp: Display: Loaded TP AndroidTargetPlatform
[2018.10.30-12.49.20:144][  0]LogTemp: Display: Loaded TP AndroidTargetPlatform
[2018.10.30-12.49.20:144][  0]LogTemp: Display: Loaded TP AndroidTargetPlatform
[2018.10.30-12.49.20:144][  0]LogTemp: Display: Loaded TP AndroidTargetPlatform
[2018.10.30-12.49.20:144][  0]LogTemp: Display: Loaded TP AndroidTargetPlatform
[2018.10.30-12.49.20:144][  0]LogTemp: Display: Loaded TP AndroidTargetPlatform
[2018.10.30-12.49.20:144][  0]LogTemp: Display: Loaded TP AndroidTargetPlatform
[2018.10.30-12.49.20:144][  0]LogTemp: Display: Loaded TP AndroidTargetPlatform
[2018.10.30-12.49.20:144][  0]LogTemp: Display: Loaded TP AndroidTargetPlatform
[2018.10.30-12.49.20:144][  0]LogTemp: Display: Loaded TP AndroidTargetPlatform
[2018.10.30-12.49.20:144][  0]LogTemp: Display: Loaded TP AndroidTargetPlatform
[2018.10.30-12.49.20:144][  0]LogTemp: Display: Loaded TP AndroidTargetPlatform
[2018.10.30-12.49.20:144][  0]LogTemp: Display: Loaded TP AndroidTargetPlatform
[2018.10.30-12.49.20:144][  0]LogTemp: Display: Loaded TP AndroidTargetPlatform
[2018.10.30-12.49.20:147][  0]LogTemp: Display: Loaded TP HTML5TargetPlatform
[2018.10.30-12.49.20:231][  0]LogTemp: Display: Loaded TP IOSTargetPlatform
[2018.10.30-12.49.20:231][  0]LogTemp: Display: Loaded TP IOSTargetPlatform
[2018.10.30-12.49.20:274][  0]LogTemp: Display: Loaded TP TVOSTargetPlatform
[2018.10.30-12.49.20:274][  0]LogTemp: Display: Loaded TP TVOSTargetPlatform
[2018.10.30-12.49.20:298][  0]LogTemp: Display: Loaded TP LinuxClientTargetPlatform
[2018.10.30-12.49.20:320][  0]LogTemp: Display: Loaded TP LinuxNoEditorTargetPlatform
[2018.10.30-12.49.20:340][  0]LogTemp: Display: Loaded TP LinuxServerTargetPlatform
[2018.10.30-12.49.20:362][  0]LogTemp: Display: Loaded TP LinuxTargetPlatform
[2018.10.30-12.49.20:376][  0]LogTemp: Display: Loaded TP LuminTargetPlatform
[2018.10.30-12.49.20:377][  0]LogTargetPlatformManager: Display: Building Assets For Windows
[2018.10.30-12.49.20:465][  0]LogXGEController: Cannot use XGE Controller as Incredibuild is not installed on this machine.
[2018.10.30-12.49.20:466][  0]LogShaderCompilers: Cannot use XGE Shader Compiler as Incredibuild is not installed on this machine.
[2018.10.30-12.49.20:466][  0]LogShaderCompilers: Display: Using Local Shader Compiler.
[2018.10.30-12.49.21:677][  0]LogDerivedDataCache: Display: Max Cache Size: 512 MB
[2018.10.30-12.49.21:745][  0]LogDerivedDataCache: Loaded boot cache 0.07s 71MB C:/Users/NIriz/AppData/Local/UnrealEngine/4.20/DerivedDataCache/Boot.ddc.
[2018.10.30-12.49.21:746][  0]LogDerivedDataCache: Display: Loaded Boot cache: C:/Users/NIriz/AppData/Local/UnrealEngine/4.20/DerivedDataCache/Boot.ddc
[2018.10.30-12.49.21:746][  0]LogDerivedDataCache: FDerivedDataBackendGraph:  Pak pak cache file ../../../../../../Users/NIriz/OneDrive/Documents/Unreal Projects/NewWaldo/DerivedDataCache/DDC.ddp not found, will not use a pak cache.
[2018.10.30-12.49.21:746][  0]LogDerivedDataCache: Unable to find inner node Pak for hierarchical cache Hierarchy.
[2018.10.30-12.49.21:746][  0]LogDerivedDataCache: FDerivedDataBackendGraph:  CompressedPak pak cache file ../../../../../../Users/NIriz/OneDrive/Documents/Unreal Projects/NewWaldo/DerivedDataCache/Compressed.ddp not found, will not use a pak cache.
[2018.10.30-12.49.21:746][  0]LogDerivedDataCache: Unable to find inner node CompressedPak for hierarchical cache Hierarchy.
[2018.10.30-12.49.21:763][  0]LogDerivedDataCache: Display: Pak cache opened for reading ../../../Engine/DerivedDataCache/Compressed.ddp.
[2018.10.30-12.49.21:777][  0]LogDerivedDataCache: Using Local data cache path C:/Users/NIriz/AppData/Local/UnrealEngine/Common/DerivedDataCache: Writable
[2018.10.30-12.49.21:777][  0]LogDerivedDataCache: Shared data cache path not found in *engine.ini, will not use an Shared cache.
[2018.10.30-12.49.21:777][  0]LogDerivedDataCache: Unable to find inner node Shared for hierarchical cache Hierarchy.
[2018.10.30-12.49.21:803][  0]LogMaterial: Verifying Global Shaders for PCD3D_SM5
[2018.10.30-12.49.21:804][  0]LogSlate: Using FreeType 2.6.0
[2018.10.30-12.49.21:806][  0]LogSlate: SlateFontServices - WITH_FREETYPE: 1, WITH_HARFBUZZ: 1
[2018.10.30-12.49.21:920][  0]LogAssetRegistry: FAssetRegistry took 0.0328 seconds to start up
[2018.10.30-12.49.22:499][  0]LogInit: Selected Device Profile: [Windows]
[2018.10.30-12.49.22:712][  0]LogSimplygon: Simplygon DLL not present - disabling.
[2018.10.30-12.49.22:719][  0]LogMeshReduction: Using SimplygonSwarm for distributed automatic mesh merging
[2018.10.30-12.49.22:719][  0]LogMeshReduction: Using ProxyLODMeshReduction for automatic mesh merging
[2018.10.30-12.49.22:719][  0]LogMeshReduction: Using QuadricMeshReduction for automatic static mesh reduction
[2018.10.30-12.49.22:719][  0]LogMeshReduction: No automatic skeletal mesh reduction module available
[2018.10.30-12.49.22:740][  0]LogNetVersion: NewWaldo 1.0.0, NetCL: 4212847, EngineNetVer: 5, GameNetVer: 0 (Checksum: 3229626331)
[2018.10.30-12.49.23:580][  0]LogPackageLocalizationCache: Processed 11 localized package path(s) for 2 prioritized culture(s) in 0.262652 seconds
[2018.10.30-12.49.23:590][  0]LogUObjectArray: 38425 objects as part of root set at end of initial load.
[2018.10.30-12.49.23:590][  0]LogUObjectAllocator: 6690872 out of 0 bytes used by permanent object pool.
[2018.10.30-12.49.23:590][  0]LogUObjectArray: CloseDisregardForGC: 0/0 objects in disregard for GC pool
[2018.10.30-12.49.25:224][  0]LogTcpMessaging: Initializing TcpMessaging bridge
[2018.10.30-12.49.25:239][  0]LogUdpMessaging: Initializing bridge on interface 0.0.0.0:0 to multicast group 230.0.0.1:6666.
[2018.10.30-12.49.25:436][  0]SourceControl: Source control is disabled
[2018.10.30-12.49.27:078][  0]LogAndroidPermission: UAndroidPermissionCallbackProxy::GetInstance
[2018.10.30-12.49.27:177][  0]LogOcInput: OculusInput pre-init called
[2018.10.30-12.49.27:258][  0]LogEngine: Initializing Engine...
[2018.10.30-12.49.27:261][  0]LogHMD: Failed to initialize OpenVR with code 110
[2018.10.30-12.49.27:263][  0]LogStats: UGameplayTagsManager::ConstructGameplayTagTree: ImportINI prefixes -  0.000 s
[2018.10.30-12.49.27:263][  0]LogStats: UGameplayTagsManager::ConstructGameplayTagTree: Construct from data asset -  0.000 s
[2018.10.30-12.49.27:263][  0]LogStats: UGameplayTagsManager::ConstructGameplayTagTree: ImportINI -  0.000 s
[2018.10.30-12.49.27:263][  0]LogStats: UGameplayTagsManager::ConstructGameplayTagTree: GameplayTagTreeChangedEvent.Broadcast -  0.000 s
[2018.10.30-12.49.27:549][  0]LogInit: Initializing FReadOnlyCVARCache
[2018.10.30-12.49.27:573][  0]LogAIModule: Creating AISystem for world Untitled
[2018.10.30-12.49.27:711][  0]LogInit: XAudio2 using 'Speakers (Realtek High Definition Audio(SST))' : 2 channels at 48 kHz using 32 bits per sample (channel mask 0x3)
[2018.10.30-12.49.27:915][  0]LogInit: FAudioDevice initialized.
[2018.10.30-12.49.27:916][  0]LogNetVersion: Set ProjectVersion to 1.0.0.0. Version Checksum will be recalculated on next use.
[2018.10.30-12.49.28:049][  0]LogDerivedDataCache: Saved boot cache 0.13s 71MB C:/Users/NIriz/AppData/Local/UnrealEngine/4.20/DerivedDataCache/Boot.ddc.
[2018.10.30-12.49.28:049][  0]LogInit: Texture streaming: Enabled
[2018.10.30-12.49.28:091][  0]LogEngineSessionManager: EngineSessionManager initialized
[2018.10.30-12.49.28:118][  0]LogInit: Transaction tracking system initialized
[2018.10.30-12.49.28:167][  0]BlueprintLog: New page: Editor Load
[2018.10.30-12.49.28:345][  0]LocalizationService: Localization service is disabled
[2018.10.30-12.49.28:433][  0]LogLinker: Warning: Can't find file '/Game/FirstPersonBP/FirstPersonOverview'
[2018.10.30-12.49.28:433][  0]LogLinker: Warning: Can't find file '/Game/FirstPersonBP/FirstPersonOverview'
[2018.10.30-12.49.28:433][  0]LogUObjectGlobals: Warning: Failed to find object 'Class /Game/FirstPersonBP/FirstPersonOverview.FirstPersonOverview_C'
[2018.10.30-12.49.29:192][  0]LogCook: Display: Max memory allowance for cook 16384mb min free memory 0mb
[2018.10.30-12.49.29:192][  0]LogCook: Display: Mobile HDR setting 1
[2018.10.30-12.49.29:192][  0]LogGameplayTags: Display: UGameplayTagsManager::DoneAddingNativeTags. DelegateIsBound: 0
[2018.10.30-12.49.29:192][  0]LogStats: UGameplayTagsManager::ConstructGameplayTagTree: ImportINI prefixes -  0.000 s
[2018.10.30-12.49.29:192][  0]LogStats: UGameplayTagsManager::ConstructGameplayTagTree: Construct from data asset -  0.000 s
[2018.10.30-12.49.29:193][  0]LogStats: UGameplayTagsManager::ConstructGameplayTagTree: ImportINI -  0.000 s
[2018.10.30-12.49.29:193][  0]LogStats: UGameplayTagsManager::ConstructGameplayTagTree: GameplayTagTreeChangedEvent.Broadcast -  0.000 s
[2018.10.30-12.49.29:242][  0]LogFileCache: Scanning file cache for directory 'C:/Users/NIriz/OneDrive/Documents/Unreal Projects/NewWaldo/Content/' took 0.08s
[2018.10.30-12.49.29:433][  0]Cmd: MAP LOAD FILE="../../../../../../Users/NIriz/OneDrive/Documents/Unreal Projects/NewWaldo/Content/ThirdPersonBP/Maps/ThirdPersonExampleMap.umap" TEMPLATE=0 SHOWPROGRESS=1 FEATURELEVEL=3
[2018.10.30-12.49.29:433][  0]LogEditorServer: Warning: Can't find file '../../../../../../Users/NIriz/OneDrive/Documents/Unreal Projects/NewWaldo/Content/ThirdPersonBP/Maps/ThirdPersonExampleMap.umap'
[2018.10.30-12.49.29:433][  0]Cmd: MAP CHECKDEP NOCLEARLOG
[2018.10.30-12.49.29:618][  0]MapCheck: Map check complete: 0 Error(s), 0 Warning(s), took 184.985ms to complete.
[2018.10.30-12.49.29:619][  0]LogFileHelpers: Loading map 'ThirdPersonExampleMap' took 0.186
[2018.10.30-12.49.29:860][  0]LogSlate: Updating window title bar state: overlay mode, drag disabled, window buttons hidden, title bar hidden
[2018.10.30-12.49.29:874][  0]LogSlate: Updating window title bar state: overlay mode, drag disabled, window buttons hidden, title bar hidden
[2018.10.30-12.49.29:886][  0]LogSlate: Updating window title bar state: overlay mode, drag disabled, window buttons hidden, title bar hidden
[2018.10.30-12.49.29:898][  0]LogSlate: Updating window title bar state: overlay mode, drag disabled, window buttons hidden, title bar hidden
[2018.10.30-12.49.29:916][  0]LogCollectionManager: Loaded 0 collections in 0.003212 seconds
[2018.10.30-12.49.29:992][  0]LogFileCache: Scanning file cache for directory 'C:/Users/NIriz/OneDrive/Documents/Unreal Projects/NewWaldo/Saved/Collections/' took 0.01s
[2018.10.30-12.49.29:992][  0]LogFileCache: Scanning file cache for directory 'C:/Users/NIriz/OneDrive/Documents/Unreal Projects/NewWaldo/Content/Developers/NIriz/Collections/' took 0.01s
[2018.10.30-12.49.29:992][  0]LogFileCache: Scanning file cache for directory 'C:/Users/NIriz/OneDrive/Documents/Unreal Projects/NewWaldo/Content/Collections/' took 0.01s
[2018.10.30-12.49.29:992][  0]LogCollectionManager: Rebuilt the GUID cache for 0 collections in 0.000000 seconds
[2018.10.30-12.49.30:013][  0]LogContentBrowser: Native class hierarchy populated in 0.0186 seconds. Added 2572 classes and 603 folders.
[2018.10.30-12.49.30:039][  0]LogContentBrowser: Native class hierarchy updated for 'WidgetCarousel' in 0.0005 seconds. Added 0 classes and 0 folders.
[2018.10.30-12.49.30:368][  0]LogContentBrowser: Native class hierarchy updated for 'AddContentDialog' in 0.0004 seconds. Added 0 classes and 0 folders.
[2018.10.30-12.49.30:390][  0]LogContentBrowser: Native class hierarchy updated for 'SceneOutliner' in 0.0005 seconds. Added 1 classes and 2 folders.
[2018.10.30-12.49.30:588][  0]LogSlate: Took 0.000383 seconds to synchronously load lazily loaded font '../../../Engine/Content/Slate/Fonts/Roboto-Regular.ttf' (155K)
[2018.10.30-12.49.30:592][  0]LogSlate: Took 0.000404 seconds to synchronously load lazily loaded font '../../../Engine/Content/Slate/Fonts/Roboto-Bold.ttf' (160K)
[2018.10.30-12.49.30:607][  0]LogSlate: Took 0.002309 seconds to synchronously load lazily loaded font '../../../Engine/Content/Editor/Slate/Fonts/FontAwesome.ttf' (139K)
[2018.10.30-12.49.30:871][  0]LogRenderer: Reallocating scene render targets to support 920x444 Format 9 NumSamples 1 (Frame:1).
[2018.10.30-12.49.31:359][  0]LogContentBrowser: Native class hierarchy updated for 'HierarchicalLODOutliner' in 0.0005 seconds. Added 0 classes and 0 folders.
[2018.10.30-12.49.31:359][  0]LogLoad: (Engine Initialization) Total time: 15.59 seconds
[2018.10.30-12.49.31:359][  0]LogLoad: (Engine Initialization) Total Blueprint compile time: 0.00 seconds
[2018.10.30-12.49.31:379][  0]LogWindowsTextInputMethodSystem: Display: IME system now deactivated.
[2018.10.30-12.49.31:421][  0]LogContentStreaming: Texture pool size now 600 MB
[2018.10.30-12.49.31:909][  5]LogAssetRegistry: Asset discovery search completed in 10.0123 seconds
[2018.10.30-12.49.31:916][  5]LogCollectionManager: Rebuilt the object cache for 0 collections in 0.000000 seconds (found 0 objects)
[2018.10.30-12.49.31:916][  5]LogCollectionManager: Fixed up redirectors for 0 collections in 0.000118 seconds (updated 0 objects)
[2018.10.30-12.49.37:719][235]LogSlate: FSceneViewport::OnFocusLost() reason 0
[2018.10.30-12.50.02:195][194]LogSlate: Took 0.002609 seconds to synchronously load lazily loaded font '../../../Engine/Content/Slate/Fonts/Roboto-Light.ttf' (167K)
[2018.10.30-12.50.02:438][194]LogAIModule: Creating AISystem for world MainMenu
[2018.10.30-12.50.02:445][194]LogAssetEditorManager: Opening Asset editor for World /Game/ThirdPersonBP/Maps/MainMenu.MainMenu
[2018.10.30-12.50.02:492][194]Cmd: MAP LOAD FILE="../../../../../../Users/NIriz/OneDrive/Documents/Unreal Projects/NewWaldo/Content/ThirdPersonBP/Maps/MainMenu.umap" TEMPLATE=0 SHOWPROGRESS=1 FEATURELEVEL=3
[2018.10.30-12.50.02:492][194]LightingResults: New page: Lighting Build
[2018.10.30-12.50.02:499][194]LogContentBrowser: Native class hierarchy updated for 'StatsViewer' in 0.0004 seconds. Added 5 classes and 0 folders.
[2018.10.30-12.50.02:500][194]LoadErrors: New page: Loading map: MainMenu.umap
[2018.10.30-12.50.02:500][194]MapCheck: New page: Map Check
[2018.10.30-12.50.02:500][194]LightingResults: New page: Lighting Build
[2018.10.30-12.50.02:668][194]LogEditorServer: Finished looking for orphan Actors (0.000 secs)
[2018.10.30-12.50.02:766][194]Cmd: MAP CHECKDEP NOCLEARLOG
[2018.10.30-12.50.02:926][194]MapCheck: Map check complete: 0 Error(s), 0 Warning(s), took 160.938ms to complete.
[2018.10.30-12.50.02:927][194]LogFileHelpers: Loading map 'MainMenu' took 0.437
[2018.10.30-12.50.12:177][555]LogBlueprintUserMessages: Early PlayInEditor Detection: Level '/Game/ThirdPersonBP/Maps/MainMenu.MainMenu:PersistentLevel' has LevelScriptBlueprint '/Game/ThirdPersonBP/Maps/MainMenu.MainMenu:PersistentLevel.MainMenu' with GeneratedClass '/Game/ThirdPersonBP/Maps/MainMenu.MainMenu_C' with ClassGeneratedBy '/Game/ThirdPersonBP/Maps/MainMenu.MainMenu:PersistentLevel.MainMenu'
[2018.10.30-12.50.12:178][555]LogPlayLevel: PlayLevel: No blueprints needed recompiling
[2018.10.30-12.50.12:195][555]PIE: New page: PIE session: MainMenu (Oct 30, 2018, 4:50:12 AM)
[2018.10.30-12.50.12:195][555]LogPlayLevel: Creating play world package: /Game/ThirdPersonBP/Maps/UEDPIE_0_MainMenu
[2018.10.30-12.50.12:200][555]LogPlayLevel: PIE: StaticDuplicateObject took: (0.004658s)
[2018.10.30-12.50.12:201][555]LogAIModule: Creating AISystem for world MainMenu
[2018.10.30-12.50.12:202][555]LogPlayLevel: PIE: World Init took: (0.001637s)
[2018.10.30-12.50.12:202][555]LogPlayLevel: PIE: Created PIE world by copying editor world from /Game/ThirdPersonBP/Maps/MainMenu.MainMenu to /Game/ThirdPersonBP/Maps/UEDPIE_0_MainMenu.MainMenu (0.006657s)
[2018.10.30-12.50.12:253][555]LogInit: XAudio2 using 'Speakers (Realtek High Definition Audio(SST))' : 2 channels at 48 kHz using 32 bits per sample (channel mask 0x3)
[2018.10.30-12.50.12:296][555]LogInit: FAudioDevice initialized.
[2018.10.30-12.50.12:829][555]LogLoad: Game class is 'ThirdPersonGameMode_C'
[2018.10.30-12.50.12:831][555]LogWorld: Bringing World /Game/ThirdPersonBP/Maps/UEDPIE_0_MainMenu.MainMenu up for play (max tick rate 60) at 2018.10.30-08.50.12
[2018.10.30-12.50.12:831][555]LogWorld: Bringing up level for play took: 0.000539
[2018.10.30-12.50.12:858][555]LogContentBrowser: Native class hierarchy updated for 'MovieSceneCapture' in 0.0004 seconds. Added 10 classes and 0 folders.
[2018.10.30-12.50.12:876][555]PIE: Play in editor start time for /Game/ThirdPersonBP/Maps/UEDPIE_0_MainMenu 0.703
[2018.10.30-12.50.12:876][555]LogBlueprintUserMessages: Late PlayInEditor Detection: Level '/Game/ThirdPersonBP/Maps/MainMenu.MainMenu:PersistentLevel' has LevelScriptBlueprint '/Game/ThirdPersonBP/Maps/MainMenu.MainMenu:PersistentLevel.MainMenu' with GeneratedClass '/Game/ThirdPersonBP/Maps/MainMenu.MainMenu_C' with ClassGeneratedBy '/Game/ThirdPersonBP/Maps/MainMenu.MainMenu:PersistentLevel.MainMenu'
[2018.10.30-12.50.15:715][682]LogNet: Browse: /Game/ThirdPersonBP/Maps/world
[2018.10.30-12.50.15:715][682]LogLoad: LoadMap: /Game/ThirdPersonBP/Maps/world
[2018.10.30-12.50.19:508][682]LogTexture: Display: Building textures: Malcom_Body_Diffuse (AutoDXT, 1024X1024)
[2018.10.30-12.50.19:508][682]LogTexture: Display: Building textures: Malcom_Hair_Diffuse (AutoDXT, 1024X1024)
[2018.10.30-12.50.19:508][682]LogTexture: Display: Building textures: Malcom_Hat_Diffuse (AutoDXT, 512X512)
[2018.10.30-12.50.19:508][682]LogTexture: Display: Building textures: Malcom_Shoes_Diffuse (AutoDXT, 1024X1024)
[2018.10.30-12.50.19:508][682]LogMaterial: Display: Missing cached shader map for material man2_body, compiling. 
[2018.10.30-12.50.19:826][682]LogShaderCompilers: Display: Shaders left to compile 60
[2018.10.30-12.50.19:826][682]LogShaderCompilers: Display: Shaders left to compile 50
[2018.10.30-12.50.19:826][682]LogShaderCompilers: Display: Shaders left to compile 40
[2018.10.30-12.50.19:826][682]LogTexture: Display: Building textures: Douglas_Body_Normal (BC5, 2048X2048)
[2018.10.30-12.50.19:826][682]LogTexture: Display: Building textures: Malcom_Top_Diffuse (AutoDXT, 1024X1024)
[2018.10.30-12.50.21:928][682]LogTexture: Display: Building textures: Malcom_Bottom_Diffuse (AutoDXT, 1024X1024)
[2018.10.30-12.50.21:928][682]LogTexture: Display: Building textures: Lady02_Top_Specular (AutoDXT, 1024X1024)
[2018.10.30-12.50.21:928][682]LogMaterial: Display: Missing cached shader map for material man2_top, compiling. 
[2018.10.30-12.50.33:033][682]LogTexture: Display: Building textures: Lady02_Top_Diffuse (AutoDXT, 1024X1024)
[2018.10.30-12.50.33:033][682]LogTexture: Display: Building textures: Lady02_Shoes_Specular (AutoDXT, 1024X1024)
[2018.10.30-12.50.33:033][682]LogTexture: Display: Building textures: Lady02_Shoes_Diffuse (AutoDXT, 1024X1024)
[2018.10.30-12.50.33:033][682]LogTexture: Display: Building textures: Lady02_Hair_Specular (AutoDXT, 1024X1024)
[2018.10.30-12.50.33:033][682]LogTexture: Display: Building textures: Lady02_Hair_Diffuse (AutoDXT, 1024X1024)
[2018.10.30-12.50.33:033][682]LogTexture: Display: Building textures: Lady02_Eyewear_Specular (AutoDXT, 1024X1024)
[2018.10.30-12.50.33:033][682]LogTexture: Display: Building textures: Lady02_Eyewear_Diffuse (AutoDXT, 1024X1024)
[2018.10.30-12.50.33:033][682]LogTexture: Display: Building textures: Lady02_Bottom_Specular (AutoDXT, 1024X1024)
[2018.10.30-12.50.33:033][682]LogTexture: Display: Building textures: Lady02_Bottom_Diffuse (AutoDXT, 1024X1024)
[2018.10.30-12.50.33:033][682]LogTexture: Display: Building textures: Lady02_Body_Specular (AutoDXT, 1024X1024)
[2018.10.30-12.50.33:033][682]LogTexture: Display: Building textures: Lady02_Body_Diffuse (AutoDXT, 1024X1024)
[2018.10.30-12.50.33:033][682]LogTexture: Display: Building textures: female_1_Packed0_Specular (AutoDXT, 4096X4096)
[2018.10.30-12.50.33:033][682]LogTexture: Display: Building textures: female_1_Packed0_Normal (AutoDXT, 4096X4096)
[2018.10.30-12.50.46:896][682]LogDerivedDataCache: Warning: C:/Users/NIriz/AppData/Local/UnrealEngine/Common/DerivedDataCache is very slow (0.07MB/s) when accessing C:/Users/NIriz/AppData/Local/UnrealEngine/Common/DerivedDataCache/9/5/1/STATICMESH_3713973CA1B84F41BA1EB2E56FCE9211_228332BAE0224DD294E232B87D83948F1$__515AEE4ADF6C93D6878A1925220D921F3D9F59F4.udd, consider disabling it.
[2018.10.30-12.50.52:218][682]LogAnimationCompression: Building Anim DDC data for AnimSequence /Game/People/man1/Animation/Walking_Anim.Walking_Anim
[2018.10.30-12.50.52:219][682]LogAnimationCompression: Recompressing (AnimSequence /Game/People/man1/Animation/Walking_Anim.Walking_Anim) using current/default (AnimCompress_BitwiseCompressOnly_0) bFirstRecompressUsingCurrentOrDefault(1) bTryAlternateCompressor(0) IsCompressedDataValid(0)
[2018.10.30-12.50.52:253][682]LogMaterial: Display: Missing cached shader map for material douglas_body, compiling. 
[2018.10.30-12.50.52:305][682]LogAnimationCompression: Building Anim DDC data for AnimSequence /Game/People/man1/Animation/Neutral_Idle_Anim.Neutral_Idle_Anim
[2018.10.30-12.50.52:305][682]LogAnimationCompression: Recompressing (AnimSequence /Game/People/man1/Animation/Neutral_Idle_Anim.Neutral_Idle_Anim) using current/default (AnimCompress_BitwiseCompressOnly_0) bFirstRecompressUsingCurrentOrDefault(1) bTryAlternateCompressor(0) IsCompressedDataValid(0)
[2018.10.30-12.50.52:316][682]LogMaterial: Display: Missing cached shader map for material douglas_bottom, compiling. 
[2018.10.30-12.50.52:383][682]LogMaterial: Display: Missing cached shader map for material man2_hat, compiling. 
[2018.10.30-12.50.52:437][682]LogMaterial: Display: Missing cached shader map for material man2_hair, compiling. 
[2018.10.30-12.50.52:486][682]LogSkeletalMesh: Building Skeletal Mesh malcolm...
[2018.10.30-12.50.52:559][682]LogSkeletalMesh: Built Skeletal Mesh [0.07s] /Game/People/man2/malcolm.malcolm
[2018.10.30-12.50.52:559][682]LogAnimationCompression: Building Anim DDC data for AnimSequence /Game/People/man2/Looking_Down_Anim.Looking_Down_Anim
[2018.10.30-12.50.52:559][682]LogAnimationCompression: Recompressing (AnimSequence /Game/People/man2/Looking_Down_Anim.Looking_Down_Anim) using current/default (AnimCompress_BitwiseCompressOnly_0) bFirstRecompressUsingCurrentOrDefault(1) bTryAlternateCompressor(0) IsCompressedDataValid(0)
[2018.10.30-12.50.52:569][682]LogSkeletalMesh: Building Skeletal Mesh cop2...
[2018.10.30-12.50.52:637][682]LogSkeletalMesh: Built Skeletal Mesh [0.07s] /Game/People/man1/cop2.cop2
[2018.10.30-12.50.52:638][682]LogAnimationCompression: Building Anim DDC data for AnimSequence /Game/People/man2/Swagger_Walk_Anim.Swagger_Walk_Anim
[2018.10.30-12.50.52:638][682]LogAnimationCompression: Recompressing (AnimSequence /Game/People/man2/Swagger_Walk_Anim.Swagger_Walk_Anim) using current/default (AnimCompress_BitwiseCompressOnly_0) bFirstRecompressUsingCurrentOrDefault(1) bTryAlternateCompressor(0) IsCompressedDataValid(0)
[2018.10.30-12.50.52:645][682]LogMaterial: Display: Missing cached shader map for material douglas_top, compiling. 
[2018.10.30-12.50.52:696][682]LogMaterial: Display: Missing cached shader map for material man2_shoes, compiling. 
[2018.10.30-12.50.52:771][682]LogMaterial: Display: Missing cached shader map for material man2_bottom, compiling. 
[2018.10.30-12.50.54:398][682]LogTexture: Display: Building textures: female_1_Packed0_Diffuse (AutoDXT, 4096X4096)
[2018.10.30-12.50.54:398][682]LogMaterial: Display: Missing cached shader map for material Top1, compiling. 
[2018.10.30-12.50.54:465][682]LogMaterial: Display: Missing cached shader map for material Shoes2, compiling. 
[2018.10.30-12.50.54:528][682]LogMaterial: Display: Missing cached shader map for material Hair2, compiling. 
[2018.10.30-12.50.54:580][682]LogMaterial: Display: Missing cached shader map for material Eyewear2, compiling. 
[2018.10.30-12.50.54:636][682]LogMaterial: Display: Missing cached shader map for material Bottom1, compiling. 
[2018.10.30-12.50.54:685][682]LogSkeletalMesh: Building Skeletal Mesh woman2...
[2018.10.30-12.50.54:812][682]LogSkeletalMesh: Built Skeletal Mesh [0.13s] /Game/People/woman2/woman2.woman2
[2018.10.30-12.50.54:817][682]LogMaterial: Display: Missing cached shader map for material Body2, compiling. 
[2018.10.30-12.50.54:865][682]LogAnimationCompression: Building Anim DDC data for AnimSequence /Game/People/woman2/Idle_Anim_mixamo_com.Idle_Anim_mixamo_com
[2018.10.30-12.50.54:865][682]LogAnimationCompression: Recompressing (AnimSequence /Game/People/woman2/Idle_Anim_mixamo_com.Idle_Anim_mixamo_com) using current/default (AnimCompress_BitwiseCompressOnly_0) bFirstRecompressUsingCurrentOrDefault(1) bTryAlternateCompressor(0) IsCompressedDataValid(0)
[2018.10.30-12.50.54:892][682]LogAnimationCompression: Building Anim DDC data for AnimSequence /Game/People/woman2/Walking_Anim_mixamo_com.Walking_Anim_mixamo_com
[2018.10.30-12.50.54:892][682]LogAnimationCompression: Recompressing (AnimSequence /Game/People/woman2/Walking_Anim_mixamo_com.Walking_Anim_mixamo_com) using current/default (AnimCompress_BitwiseCompressOnly_0) bFirstRecompressUsingCurrentOrDefault(1) bTryAlternateCompressor(0) IsCompressedDataValid(0)
[2018.10.30-12.50.54:893][682]LogSkeletalMesh: Building Skeletal Mesh Woman4...
[2018.10.30-12.50.55:031][682]LogSkeletalMesh: Built Skeletal Mesh [0.14s] /Game/People/Woman4/Woman4.Woman4
[2018.10.30-12.51.12:877][682]LogTexture: Display: Building textures: twister_15_-_Default_albedo (BGRA8, 450X450)
[2018.10.30-12.51.12:877][682]LogMaterial: Display: Missing cached shader map for material Woman4_mat, compiling. 
[2018.10.30-12.51.13:006][682]LogAnimationCompression: Building Anim DDC data for AnimSequence /Game/People/Woman4/Walk_Anim.Walk_Anim
[2018.10.30-12.51.13:006][682]LogAnimationCompression: Recompressing (AnimSequence /Game/People/Woman4/Walk_Anim.Walk_Anim) using current/default (AnimCompress_BitwiseCompressOnly_0) bFirstRecompressUsingCurrentOrDefault(1) bTryAlternateCompressor(0) IsCompressedDataValid(0)
[2018.10.30-12.51.13:007][682]LogAnimationCompression: Building Anim DDC data for AnimSequence /Game/People/Woman4/Dwarf_Idle_Anim.Dwarf_Idle_Anim
[2018.10.30-12.51.13:008][682]LogAnimationCompression: Recompressing (AnimSequence /Game/People/Woman4/Dwarf_Idle_Anim.Dwarf_Idle_Anim) using current/default (AnimCompress_BitwiseCompressOnly_0) bFirstRecompressUsingCurrentOrDefault(1) bTryAlternateCompressor(0) IsCompressedDataValid(0)
[2018.10.30-12.51.13:302][682]LogMaterial: Display: Missing cached shader map for material Alpha_Joints_MAT, compiling. 
[2018.10.30-12.51.13:393][682]LogMaterial: Display: Missing cached shader map for material Alpha_Body_MAT, compiling. 
[2018.10.30-12.51.13:449][682]LogSkeletalMesh: Building Skeletal Mesh Idle__1_...
[2018.10.30-12.51.13:568][682]LogSkeletalMesh: Built Skeletal Mesh [0.12s] /Game/Waldo/Idle__1_.Idle__1_
[2018.10.30-12.51.13:568][682]LogAnimationCompression: Building Anim DDC data for AnimSequence /Game/Waldo/Animation/Unarmed_Walk_Forward_Anim_mixamo_com.Unarmed_Walk_Forward_Anim_mixamo_com
[2018.10.30-12.51.13:568][682]LogAnimationCompression: Recompressing (AnimSequence /Game/Waldo/Animation/Unarmed_Walk_Forward_Anim_mixamo_com.Unarmed_Walk_Forward_Anim_mixamo_com) using current/default (AnimCompress_BitwiseCompressOnly_0) bFirstRecompressUsingCurrentOrDefault(1) bTryAlternateCompressor(0) IsCompressedDataValid(0)
[2018.10.30-12.51.13:570][682]LogAnimationCompression: Building Anim DDC data for AnimSequence /Game/Waldo/Animation/Idle__1__Anim_mixamo_com.Idle__1__Anim_mixamo_com
[2018.10.30-12.51.13:570][682]LogAnimationCompression: Recompressing (AnimSequence /Game/Waldo/Animation/Idle__1__Anim_mixamo_com.Idle__1__Anim_mixamo_com) using current/default (AnimCompress_BitwiseCompressOnly_0) bFirstRecompressUsingCurrentOrDefault(1) bTryAlternateCompressor(0) IsCompressedDataValid(0)
[2018.10.30-12.51.15:778][682]LogMaterial: Display: Missing cached shader map for material _0012_Bisque, compiling. 
[2018.10.30-12.51.17:017][682]LogMaterial: Display: Missing cached shader map for material _0020_Red_001, compiling. 
[2018.10.30-12.51.17:551][682]LogMaterial: Display: Missing cached shader map for material weights_MAT, compiling. 
[2018.10.30-12.51.17:677][682]LogMaterial: Display: Missing cached shader map for material Velvet, compiling. 
[2018.10.30-12.51.17:748][682]LogMaterial: Display: Missing cached shader map for material twister15, compiling. 
[2018.10.30-12.51.17:821][682]LogMaterial: Display: Missing cached shader map for material material_0, compiling. 
[2018.10.30-12.51.17:859][682]LogMaterial: Display: Missing cached shader map for material material, compiling. 
[2018.10.30-12.51.17:891][682]LogMaterial: Display: Missing cached shader map for material 15_-_Default, compiling. 
[2018.10.30-12.51.26:964][682]LogShaderCompilers: Display: Shaders left to compile 1376
[2018.10.30-12.51.26:964][682]LogShaderCompilers: Display: Shaders left to compile 1366
[2018.10.30-12.51.26:964][682]LogShaderCompilers: Display: Shaders left to compile 1356
[2018.10.30-12.51.30:523][682]LogAIModule: Creating AISystem for world world
[2018.10.30-12.51.30:526][682]LogLoad: Game class is 'ThirdPersonGameMode_C'
[2018.10.30-12.51.30:610][682]LogWorld: Bringing World /Game/ThirdPersonBP/Maps/UEDPIE_0_world.world up for play (max tick rate 60) at 2018.10.30-08.51.30
[2018.10.30-12.51.30:629][682]LogWorld: Bringing up level for play took: 0.098475
[2018.10.30-12.51.30:644][682]LogSpawn: Warning: SpawnActor failed because of collision at the spawn location [X=6458.870 Y=-11.252 Z=178.000] for [Camera_C]
[2018.10.30-12.51.30:661][682]LogLoad: Took 74.945754 seconds to LoadMap(/Game/ThirdPersonBP/Maps/world)
[2018.10.30-12.51.30:764][682]LogInit: XAudio2 using 'Headphones (Realtek High Definition Audio(SST))' : 2 channels at 48 kHz using 32 bits per sample (channel mask 0x3)
[2018.10.30-12.51.31:401][682]LogInit: XAudio2 using 'Headphones (Realtek High Definition Audio(SST))' : 2 channels at 48 kHz using 32 bits per sample (channel mask 0x3)
[2018.10.30-12.51.57:605][317]LogDerivedDataCache: Warning: C:/Users/NIriz/AppData/Local/UnrealEngine/Common/DerivedDataCache is very slow (0.44MB/s) when accessing C:/Users/NIriz/AppData/Local/UnrealEngine/Common/DerivedDataCache/8/6/9/TEXTURE_68A083899C6F4316B8CE0E2958EDE2C2_AUTODXT_6B1C3245434B08FBC68A73B7C6782__A0D8EF7C1E48CEF28A3A67797296069CAE22C09C.udd, consider disabling it.
[2018.10.30-12.51.58:257][327]LogDerivedDataCache: Warning: C:/Users/NIriz/AppData/Local/UnrealEngine/Common/DerivedDataCache is very slow (0.10MB/s) when accessing C:/Users/NIriz/AppData/Local/UnrealEngine/Common/DerivedDataCache/0/7/9/TEXTURE_68A083899C6F4316B8CE0E2958EDE2C2_BC5_ED30DE264D5BB0F85B429CB1813928EC___A9EC5FC7CFC697B1E4185CC0F568E52D6D1E6A92.udd, consider disabling it.
[2018.10.30-12.52.53:538][818]LogBlueprintUserMessages: Early EndPlayMap Detection: Level '/Game/ThirdPersonBP/Maps/MainMenu.MainMenu:PersistentLevel' has LevelScriptBlueprint '/Game/ThirdPersonBP/Maps/MainMenu.MainMenu:PersistentLevel.MainMenu' with GeneratedClass '/Game/ThirdPersonBP/Maps/MainMenu.MainMenu_C' with ClassGeneratedBy '/Game/ThirdPersonBP/Maps/MainMenu.MainMenu:PersistentLevel.MainMenu'
[2018.10.30-12.52.53:541][818]LogSlate: Updating window title bar state: overlay mode, drag disabled, window buttons hidden, title bar hidden
[2018.10.30-12.52.53:615][818]LogPlayLevel: Display: Shutting down PIE online subsystems
[2018.10.30-12.52.53:618][818]LogBlueprintUserMessages: Late EndPlayMap Detection: Level '/Game/ThirdPersonBP/Maps/MainMenu.MainMenu:PersistentLevel' has LevelScriptBlueprint '/Game/ThirdPersonBP/Maps/MainMenu.MainMenu:PersistentLevel.MainMenu' with GeneratedClass '/Game/ThirdPersonBP/Maps/MainMenu.MainMenu_C' with ClassGeneratedBy '/Game/ThirdPersonBP/Maps/MainMenu.MainMenu:PersistentLevel.MainMenu'
[2018.10.30-12.52.53:704][818]LogSlate: Updating window title bar state: overlay mode, drag disabled, window buttons hidden, title bar hidden
[2018.10.30-12.52.53:793][819]LogPlayLevel: Display: Destroying online subsystem :Context_1
[2018.10.30-12.52.55:905][898]LogSlate: FSceneViewport::OnFocusLost() reason 0
[2018.10.30-12.53.04:065][ 86]LogAIModule: Creating AISystem for world world
[2018.10.30-12.53.04:166][ 86]LogAssetEditorManager: Opening Asset editor for World /Game/ThirdPersonBP/Maps/world.world
[2018.10.30-12.53.04:206][ 86]Cmd: MAP LOAD FILE="../../../../../../Users/NIriz/OneDrive/Documents/Unreal Projects/NewWaldo/Content/ThirdPersonBP/Maps/world.umap" TEMPLATE=0 SHOWPROGRESS=1 FEATURELEVEL=3
[2018.10.30-12.53.04:206][ 86]LightingResults: New page: Lighting Build
[2018.10.30-12.53.04:208][ 86]LoadErrors: New page: Loading map: world.umap
[2018.10.30-12.53.04:209][ 86]MapCheck: New page: Map Check
[2018.10.30-12.53.04:209][ 86]LightingResults: New page: Lighting Build
[2018.10.30-12.53.05:210][ 86]LogEditorServer: Finished looking for orphan Actors (0.000 secs)
[2018.10.30-12.53.05:374][ 86]Cmd: MAP CHECKDEP NOCLEARLOG
[2018.10.30-12.53.05:838][ 86]MapCheck: Map check complete: 0 Error(s), 0 Warning(s), took 464.542ms to complete.
[2018.10.30-12.53.05:841][ 86]LogFileHelpers: Loading map 'world' took 1.638
[2018.10.30-12.53.16:315][300]LogShaderCompilers: Display: Shaders left to compile 1346
[2018.10.30-12.53.22:984][403]LogShaderCompilers: Display: Shaders left to compile 1336
[2018.10.30-12.53.43:170][821]LogShaderCompilers: Display: Shaders left to compile 1326
[2018.10.30-12.53.43:200][821]LogShaderCompilers: Display: Shaders left to compile 1316
[2018.10.30-12.53.58:788][ 75]LogShaderCompilers: Display: Shaders left to compile 1306
[2018.10.30-12.53.58:922][ 80]LogShaderCompilers: Display: Shaders left to compile 1296
[2018.10.30-12.54.08:914][323]LogShaderCompilers: Display: Shaders left to compile 1286
[2018.10.30-12.54.13:214][393]LogEditorViewport: Clicking on Actor (LMB): SpawnVolume_C (ItemSpawnerBox)
[2018.10.30-12.54.16:955][419]LogEditorViewport: Clicking Background
[2018.10.30-12.54.16:976][419]LogShaderCompilers: Display: Shaders left to compile 1276
[2018.10.30-12.54.17:019][419]LogEditorViewport: Clicking Background
[2018.10.30-12.54.17:257][425]LogShaderCompilers: Display: Shaders left to compile 1266
[2018.10.30-12.54.18:353][445]LogShaderCompilers: Display: Shaders left to compile 1256
[2018.10.30-12.54.22:361][516]LogSlate: FSceneViewport::OnFocusLost() reason 0
[2018.10.30-12.54.26:093][582]LogEditorViewport: Clicking on Actor (LMB): SpawnVolume_C (ItemSpawnerBox)
[2018.10.30-12.54.35:012][737]LogSlate: FSceneViewport::OnFocusLost() reason 0
[2018.10.30-12.54.35:899][739]LogShaderCompilers: Display: Shaders left to compile 1246
[2018.10.30-12.54.42:098][848]LogSlate: FSceneViewport::OnFocusLost() reason 0
[2018.10.30-12.54.49:954][982]LogSlate: FSceneViewport::OnFocusLost() reason 0
[2018.10.30-12.54.54:573][ 61]LogSlate: FSceneViewport::OnFocusLost() reason 0
[2018.10.30-12.55.00:620][169]LogShaderCompilers: Display: Shaders left to compile 1236
[2018.10.30-12.55.00:667][170]LogShaderCompilers: Display: Shaders left to compile 1226
[2018.10.30-12.55.15:457][417]LogSlate: FSceneViewport::OnFocusLost() reason 0
[2018.10.30-12.55.16:117][429]LogShaderCompilers: Display: Shaders left to compile 1216
[2018.10.30-12.55.17:529][448]LogEditorViewport: Clicking on Actor (LMB): SpawnVolume_C (ItemSpawnerBox)
[2018.10.30-12.55.21:813][528]LogShaderCompilers: Display: Shaders left to compile 1206
[2018.10.30-12.55.23:371][550]LogSlate: FSceneViewport::OnFocusLost() reason 0
[2018.10.30-12.55.32:603][713]LogEditorViewport: Clicking Background
[2018.10.30-12.55.34:199][743]LogShaderCompilers: Display: Shaders left to compile 1196
[2018.10.30-12.55.48:352][994]LogShaderCompilers: Display: Shaders left to compile 1186
[2018.10.30-12.55.52:405][ 60]LogShaderCompilers: Display: Shaders left to compile 1176
[2018.10.30-12.56.02:865][231]LogSlate: FSceneViewport::OnFocusLost() reason 0
[2018.10.30-12.56.04:884][264]LogShaderCompilers: Display: Shaders left to compile 1166
[2018.10.30-12.56.05:713][278]LogShaderCompilers: Display: Shaders left to compile 1156
[2018.10.30-12.56.19:054][493]LogShaderCompilers: Display: Shaders left to compile 1146
[2018.10.30-12.56.19:089][493]LogShaderCompilers: Display: Shaders left to compile 1136
[2018.10.30-12.56.46:221][  3]LogShaderCompilers: Display: Shaders left to compile 1126
[2018.10.30-12.56.46:245][  4]LogShaderCompilers: Display: Shaders left to compile 1116
[2018.10.30-12.57.00:622][239]LogShaderCompilers: Display: Shaders left to compile 1106
[2018.10.30-12.57.02:705][292]LogShaderCompilers: Display: Shaders left to compile 1096
[2018.10.30-12.57.21:396][717]LogTemp: Repeating last play command: Selected Viewport
[2018.10.30-12.57.21:501][717]LogBlueprintUserMessages: Early PlayInEditor Detection: Level '/Game/ThirdPersonBP/Maps/world.world:PersistentLevel' has LevelScriptBlueprint '/Game/ThirdPersonBP/Maps/world.world:PersistentLevel.world' with GeneratedClass '/Game/ThirdPersonBP/Maps/world.world_C' with ClassGeneratedBy '/Game/ThirdPersonBP/Maps/world.world:PersistentLevel.world'
[2018.10.30-12.57.21:501][717]LogPlayLevel: PlayLevel: No blueprints needed recompiling
[2018.10.30-12.57.21:501][717]PIE: New page: PIE session: world (Oct 30, 2018, 4:57:21 AM)
[2018.10.30-12.57.21:502][717]LogPlayLevel: Creating play world package: /Game/ThirdPersonBP/Maps/UEDPIE_0_world
[2018.10.30-12.57.21:812][717]LogPlayLevel: PIE: StaticDuplicateObject took: (0.310194s)
[2018.10.30-12.57.21:813][717]LogAIModule: Creating AISystem for world world
[2018.10.30-12.57.21:814][717]LogPlayLevel: PIE: World Init took: (0.002124s)
[2018.10.30-12.57.21:814][717]LogPlayLevel: PIE: Created PIE world by copying editor world from /Game/ThirdPersonBP/Maps/world.world to /Game/ThirdPersonBP/Maps/UEDPIE_0_world.world (0.312869s)
[2018.10.30-12.57.21:932][717]LogInit: XAudio2 using 'Headphones (Realtek High Definition Audio(SST))' : 2 channels at 48 kHz using 32 bits per sample (channel mask 0x3)
[2018.10.30-12.57.22:024][717]LogInit: FAudioDevice initialized.
[2018.10.30-12.57.22:064][717]LogLoad: Game class is 'ThirdPersonGameMode_C'
[2018.10.30-12.57.22:123][717]LogWorld: Bringing World /Game/ThirdPersonBP/Maps/UEDPIE_0_world.world up for play (max tick rate 60) at 2018.10.30-08.57.22
[2018.10.30-12.57.22:132][717]LogWorld: Bringing up level for play took: 0.064907
[2018.10.30-12.57.22:152][717]LogSpawn: Warning: SpawnActor failed because of collision at the spawn location [X=1630.840 Y=6968.280 Z=178.000] for [Key_C]
[2018.10.30-12.57.22:159][717]PIE: Play in editor start time for /Game/ThirdPersonBP/Maps/UEDPIE_0_world -0.015
[2018.10.30-12.57.22:159][717]LogBlueprintUserMessages: Late PlayInEditor Detection: Level '/Game/ThirdPersonBP/Maps/world.world:PersistentLevel' has LevelScriptBlueprint '/Game/ThirdPersonBP/Maps/world.world:PersistentLevel.world' with GeneratedClass '/Game/ThirdPersonBP/Maps/world.world_C' with ClassGeneratedBy '/Game/ThirdPersonBP/Maps/world.world:PersistentLevel.world'
[2018.10.30-12.57.30:007][896]LogBlueprintUserMessages: Early EndPlayMap Detection: Level '/Game/ThirdPersonBP/Maps/world.world:PersistentLevel' has LevelScriptBlueprint '/Game/ThirdPersonBP/Maps/world.world:PersistentLevel.world' with GeneratedClass '/Game/ThirdPersonBP/Maps/world.world_C' with ClassGeneratedBy '/Game/ThirdPersonBP/Maps/world.world:PersistentLevel.world'
[2018.10.30-12.57.30:007][896]LogSlate: Updating window title bar state: overlay mode, drag disabled, window buttons hidden, title bar hidden
[2018.10.30-12.57.30:099][896]LogPlayLevel: Display: Shutting down PIE online subsystems
[2018.10.30-12.57.30:099][896]LogBlueprintUserMessages: Late EndPlayMap Detection: Level '/Game/ThirdPersonBP/Maps/world.world:PersistentLevel' has LevelScriptBlueprint '/Game/ThirdPersonBP/Maps/world.world:PersistentLevel.world' with GeneratedClass '/Game/ThirdPersonBP/Maps/world.world_C' with ClassGeneratedBy '/Game/ThirdPersonBP/Maps/world.world:PersistentLevel.world'
[2018.10.30-12.57.30:172][896]LogSlate: Updating window title bar state: overlay mode, drag disabled, window buttons hidden, title bar hidden
[2018.10.30-12.57.30:326][897]LogPlayLevel: Display: Destroying online subsystem :Context_2
[2018.10.30-12.57.35:116][991]LogSlate: FSceneViewport::OnFocusLost() reason 2
[2018.10.30-12.57.37:085][991]LogSavePackage: Moving '../../../../../../Users/NIriz/OneDrive/Documents/Unreal Projects/NewWaldo/Saved/world226181374C0EF813F85893AD5F3EFBD1.tmp' to '../../../../../../Users/NIriz/OneDrive/Documents/Unreal Projects/NewWaldo/Content/ThirdPersonBP/Maps/world.umap'
[2018.10.30-12.57.42:090][991]LogSavePackage: Moving '../../../../../../Users/NIriz/OneDrive/Documents/Unreal Projects/NewWaldo/Saved/world_BuiltData8E44D1C64480C1C6B334F08BCEFEDD5E.tmp' to '../../../../../../Users/NIriz/OneDrive/Documents/Unreal Projects/NewWaldo/Content/ThirdPersonBP/Maps/world_BuiltData.uasset'
[2018.10.30-12.58.21:386][884]SourceControl: fatal: C:/Program Files/Epic Games/UE_4.20/Engine/Content: 'C:/Program Files/Epic Games/UE_4.20/Engine/Content' is outside repository
[2018.10.30-12.58.23:295][884]LogShaderCompilers: Display: Shaders left to compile 1086
[2018.10.30-12.58.32:015][884]LogShaderCompilers: Display: Shaders left to compile 1076
[2018.10.30-12.58.33:984][884]LogShaderCompilers: Display: Shaders left to compile 1066
[2018.10.30-12.58.34:971][884]LogShaderCompilers: Display: Shaders left to compile 1056
[2018.10.30-12.58.43:945][884]LogShaderCompilers: Display: Shaders left to compile 1046
[2018.10.30-12.58.44:850][884]LogShaderCompilers: Display: Shaders left to compile 1036
[2018.10.30-12.58.49:293][884]LogSlate: Window 'Submit Files' being destroyed
[2018.10.30-12.58.49:860][884]LogShaderCompilers: Display: Shaders left to compile 1026
[2018.10.30-12.58.58:757][884]LogShaderCompilers: Display: Shaders left to compile 1016
[2018.10.30-12.59.09:629][884]LogSourceControl: commit successful: [master b596e5b] Resize spawning area to fit the fenced in play area
[2018.10.30-12.59.09:921][884]SourceControl: [master b596e5b] Resize spawning area to fit the fenced in play area
[2018.10.30-12.59.09:921][884]SourceControl:  2 files changed, 0 insertions(+), 0 deletions(-)
[2018.10.30-12.59.09:962][884]SourceControl: Commited [master b596e5b] Resize spawning area to fit the fenced in play area.
[2018.10.30-12.59.20:017][954]LogShaderCompilers: Display: Shaders left to compile 1006
[2018.10.30-12.59.25:937][969]LogShaderCompilers: Display: Shaders left to compile 996
[2018.10.30-12.59.26:627][983]LogShaderCompilers: Display: Shaders left to compile 986
[2018.10.30-12.59.27:368][987]LogShaderCompilers: Display: Shaders left to compile 976
[2018.10.30-12.59.30:937][ 14]LogAssetEditorManager: Opening Asset editor for Blueprint /Game/Waldo/Waldo_AI.Waldo_AI
[2018.10.30-12.59.32:264][ 14]LogContentBrowser: Native class hierarchy updated for 'BlueprintGraph' in 0.0014 seconds. Added 116 classes and 0 folders.
[2018.10.30-12.59.34:187][ 14]LogSlate: Took 0.002983 seconds to synchronously load lazily loaded font '../../../Engine/Content/Slate/Fonts/Roboto-BoldCondensed.ttf' (158K)
[2018.10.30-12.59.34:410][ 15]LogSlate: Took 0.003875 seconds to synchronously load lazily loaded font '../../../Engine/Content/Slate/Fonts/Roboto-Italic.ttf' (157K)
[2018.10.30-12.59.35:226][ 50]LogShaderCompilers: Display: Shaders left to compile 966
[2018.10.30-12.59.49:144][351]LogShaderCompilers: Display: Shaders left to compile 956
[2018.10.30-13.00.03:675][485]LogShaderCompilers: Display: Shaders left to compile 946
[2018.10.30-13.00.03:676][485]LogShaderCompilers: Display: Shaders left to compile 936
[2018.10.30-13.00.15:739][609]LogShaderCompilers: Display: Shaders left to compile 926
[2018.10.30-13.00.20:474][661]LogShaderCompilers: Display: Shaders left to compile 916
[2018.10.30-13.00.25:895][777]LogShaderCompilers: Display: Shaders left to compile 906
[2018.10.30-13.00.26:100][779]LogShaderCompilers: Display: Shaders left to compile 896
[2018.10.30-13.00.45:670][986]LogShaderCompilers: Display: Shaders left to compile 886
[2018.10.30-13.00.46:321][987]LogShaderCompilers: Display: Shaders left to compile 876
[2018.10.30-13.00.52:663][ 32]LogShaderCompilers: Display: Shaders left to compile 866
[2018.10.30-13.01.05:190][ 84]LogShaderCompilers: Display: Shaders left to compile 856
[2018.10.30-13.01.05:192][ 84]LogShaderCompilers: Display: Shaders left to compile 846
[2018.10.30-13.01.06:019][ 91]LogShaderCompilers: Display: Shaders left to compile 836
[2018.10.30-13.01.15:515][252]LogShaderCompilers: Display: Shaders left to compile 826
[2018.10.30-13.01.15:519][252]LogShaderCompilers: Display: Shaders left to compile 816
[2018.10.30-13.01.24:195][294]LogShaderCompilers: Display: Shaders left to compile 806
[2018.10.30-13.01.24:195][294]LogShaderCompilers: Display: Shaders left to compile 796
[2018.10.30-13.01.26:410][320]LogShaderCompilers: Display: Shaders left to compile 786
[2018.10.30-13.01.28:500][344]LogShaderCompilers: Display: Shaders left to compile 776
[2018.10.30-13.01.51:441][418]LogShaderCompilers: Display: Shaders left to compile 766
[2018.10.30-13.01.57:860][443]LogShaderCompilers: Display: Shaders left to compile 756
[2018.10.30-13.02.04:931][542]LogShaderCompilers: Display: Shaders left to compile 746
[2018.10.30-13.02.05:794][548]LogShaderCompilers: Display: Shaders left to compile 736
[2018.10.30-13.02.11:850][656]LogShaderCompilers: Display: Shaders left to compile 726
[2018.10.30-13.02.11:917][657]LogShaderCompilers: Display: Shaders left to compile 716
[2018.10.30-13.02.18:138][752]LogShaderCompilers: Display: Shaders left to compile 706
[2018.10.30-13.02.24:434][774]LogShaderCompilers: Display: Shaders left to compile 696
[2018.10.30-13.02.30:692][778]LogShaderCompilers: Display: Shaders left to compile 686
[2018.10.30-13.02.30:692][778]LogShaderCompilers: Display: Shaders left to compile 676
[2018.10.30-13.02.39:027][798]LogShaderCompilers: Display: Shaders left to compile 666
[2018.10.30-13.02.39:633][801]LogShaderCompilers: Display: Shaders left to compile 656
[2018.10.30-13.02.49:313][886]LogShaderCompilers: Display: Shaders left to compile 646
[2018.10.30-13.02.54:505][937]LogShaderCompilers: Display: Shaders left to compile 636
[2018.10.30-13.03.01:414][ 32]LogShaderCompilers: Display: Shaders left to compile 626
[2018.10.30-13.03.05:433][ 94]LogShaderCompilers: Display: Shaders left to compile 616
[2018.10.30-13.03.14:031][219]LogShaderCompilers: Display: Shaders left to compile 606
[2018.10.30-13.03.20:054][324]LogShaderCompilers: Display: Shaders left to compile 596
[2018.10.30-13.03.21:252][332]LogShaderCompilers: Display: Shaders left to compile 586
[2018.10.30-13.03.24:559][385]LogShaderCompilers: Display: Shaders left to compile 576
[2018.10.30-13.03.35:174][521]LogShaderCompilers: Display: Shaders left to compile 566
[2018.10.30-13.03.39:759][584]LogShaderCompilers: Display: Shaders left to compile 556
[2018.10.30-13.03.42:062][622]LogShaderCompilers: Display: Shaders left to compile 546
[2018.10.30-13.03.44:278][658]LogShaderCompilers: Display: Shaders left to compile 536
[2018.10.30-13.03.52:635][705]LogShaderCompilers: Display: Shaders left to compile 526
[2018.10.30-13.03.52:635][705]LogShaderCompilers: Display: Shaders left to compile 516
[2018.10.30-13.03.56:991][726]LogShaderCompilers: Display: Shaders left to compile 506
[2018.10.30-13.03.57:021][727]LogShaderCompilers: Display: Shaders left to compile 496
[2018.10.30-13.04.01:370][789]LogShaderCompilers: Display: Shaders left to compile 486
[2018.10.30-13.04.06:685][847]LogShaderCompilers: Display: Shaders left to compile 476
[2018.10.30-13.04.12:474][911]LogShaderCompilers: Display: Shaders left to compile 466
[2018.10.30-13.04.12:475][911]LogShaderCompilers: Display: Shaders left to compile 456
[2018.10.30-13.04.18:551][919]LogShaderCompilers: Display: Shaders left to compile 446
[2018.10.30-13.04.21:464][950]LogShaderCompilers: Display: Shaders left to compile 436
[2018.10.30-13.04.25:221][ 11]LogShaderCompilers: Display: Shaders left to compile 426
[2018.10.30-13.04.28:432][ 49]LogShaderCompilers: Display: Shaders left to compile 416
[2018.10.30-13.04.38:839][177]LogShaderCompilers: Display: Shaders left to compile 406
[2018.10.30-13.04.39:723][189]LogShaderCompilers: Display: Shaders left to compile 396
[2018.10.30-13.04.45:772][262]LogShaderCompilers: Display: Shaders left to compile 386
[2018.10.30-13.05.00:797][319]LogShaderCompilers: Display: Shaders left to compile 376
[2018.10.30-13.05.09:579][353]LogShaderCompilers: Display: Shaders left to compile 366
[2018.10.30-13.05.11:653][362]LogShaderCompilers: Display: Shaders left to compile 356
[2018.10.30-13.05.24:218][559]LogShaderCompilers: Display: Shaders left to compile 346
[2018.10.30-13.05.24:219][559]LogShaderCompilers: Display: Shaders left to compile 336
[2018.10.30-13.05.27:767][624]LogShaderCompilers: Display: Shaders left to compile 326
[2018.10.30-13.05.41:826][711]LogShaderCompilers: Display: Shaders left to compile 316
[2018.10.30-13.05.45:217][730]LogShaderCompilers: Display: Shaders left to compile 306
[2018.10.30-13.05.54:996][744]LogShaderCompilers: Display: Shaders left to compile 296
[2018.10.30-13.06.09:524][788]LogShaderCompilers: Display: Shaders left to compile 286
[2018.10.30-13.06.10:444][791]LogShaderCompilers: Display: Shaders left to compile 276
[2018.10.30-13.06.16:882][825]LogShaderCompilers: Display: Shaders left to compile 266
[2018.10.30-13.06.30:147][881]LogShaderCompilers: Display: Shaders left to compile 256
[2018.10.30-13.06.36:964][921]LogShaderCompilers: Display: Shaders left to compile 246
[2018.10.30-13.06.36:964][921]LogShaderCompilers: Display: Shaders left to compile 236
[2018.10.30-13.06.53:770][ 71]LogShaderCompilers: Display: Shaders left to compile 226
[2018.10.30-13.06.53:940][ 73]LogShaderCompilers: Display: Shaders left to compile 216
[2018.10.30-13.06.57:550][124]LogShaderCompilers: Display: Shaders left to compile 206
[2018.10.30-13.07.01:927][134]LogShaderCompilers: Display: Shaders left to compile 196
[2018.10.30-13.07.02:011][135]LogShaderCompilers: Display: Shaders left to compile 186
[2018.10.30-13.07.03:361][148]LogShaderCompilers: Display: Shaders left to compile 176
[2018.10.30-13.07.10:116][242]LogShaderCompilers: Display: Shaders left to compile 166
[2018.10.30-13.07.18:978][350]LogShaderCompilers: Display: Shaders left to compile 156
[2018.10.30-13.07.18:978][350]LogShaderCompilers: Display: Shaders left to compile 146
[2018.10.30-13.07.36:151][415]LogShaderCompilers: Display: Shaders left to compile 136
[2018.10.30-13.07.39:347][436]LogShaderCompilers: Display: Shaders left to compile 126
[2018.10.30-13.07.47:654][464]LogShaderCompilers: Display: Shaders left to compile 116
[2018.10.30-13.07.48:032][466]LogShaderCompilers: Display: Shaders left to compile 106
[2018.10.30-13.07.58:580][558]LogShaderCompilers: Display: Shaders left to compile 96
[2018.10.30-13.08.02:357][573]LogShaderCompilers: Display: Shaders left to compile 86
[2018.10.30-13.08.07:752][636]LogShaderCompilers: Display: Shaders left to compile 76
[2018.10.30-13.08.14:020][649]LogShaderCompilers: Display: Shaders left to compile 66
[2018.10.30-13.08.14:184][652]LogShaderCompilers: Display: Shaders left to compile 56
[2018.10.30-13.08.21:421][716]LogShaderCompilers: Display: Shaders left to compile 46
[2018.10.30-13.08.33:022][792]LogShaderCompilers: Display: Shaders left to compile 36
[2018.10.30-13.08.42:718][857]LogShaderCompilers: Display: Shaders left to compile 26
[2018.10.30-13.08.43:946][869]LogShaderCompilers: Display: Shaders left to compile 16
[2018.10.30-13.08.51:631][108]LogSlate: Window 'NewWaldo - Unreal Editor' being destroyed
[2018.10.30-13.08.51:634][108]LogWindowsTextInputMethodSystem: Display: IME system now deactivated.
[2018.10.30-13.08.53:897][109]Cmd: QUIT_EDITOR
[2018.10.30-13.09.00:360][109]LogExit: Preparing to exit.
[2018.10.30-13.09.08:742][109]LogShaderCompilers: Display: Shaders left to compile 6
[2018.10.30-13.09.13:235][109]LogExit: Editor shut down
[2018.10.30-13.09.13:330][109]LogExit: Transaction tracking system shut down
[2018.10.30-13.09.16:308][109]LogExit: Object subsystem successfully closed.
[2018.10.30-13.09.16:420][109]LogShaderCompilers: Display: Shaders left to compile 0
[2018.10.30-13.09.16:447][109]LogD3D11RHI: Shutdown
[2018.10.30-13.09.16:447][109]LogD3D11RHI: CleanupD3DDevice
[2018.10.30-13.09.16:750][109]LogD3D11RHI: ~FD3D11DynamicRHI
[2018.10.30-13.09.17:032][109]LogModuleManager: Shutting down and abandoning module BlueprintGraph (616)
[2018.10.30-13.09.17:032][109]LogModuleManager: Shutting down and abandoning module MovieSceneCapture (614)
[2018.10.30-13.09.17:032][109]LogModuleManager: Shutting down and abandoning module Voice (612)
[2018.10.30-13.09.17:033][109]LogModuleManager: Shutting down and abandoning module StatsViewer (610)
[2018.10.30-13.09.17:034][109]LogModuleManager: Shutting down and abandoning module HierarchicalLODOutliner (608)
[2018.10.30-13.09.17:034][109]LogModuleManager: Shutting down and abandoning module SceneOutliner (606)
[2018.10.30-13.09.17:034][109]LogModuleManager: Shutting down and abandoning module AddContentDialog (604)
[2018.10.30-13.09.17:042][109]LogModuleManager: Shutting down and abandoning module WidgetCarousel (603)
[2018.10.30-13.09.17:042][109]LogModuleManager: Shutting down and abandoning module EditorWidgets (600)
[2018.10.30-13.09.17:042][109]LogModuleManager: Shutting down and abandoning module CollectionManager (598)
[2018.10.30-13.09.17:045][109]LogModuleManager: Shutting down and abandoning module FoliageEdit (596)
[2018.10.30-13.09.17:045][109]LogModuleManager: Shutting down and abandoning module LandscapeEditor (594)
[2018.10.30-13.09.17:048][109]LogModuleManager: Shutting down and abandoning module MeshPaintMode (592)
[2018.10.30-13.09.17:049][109]LogModuleManager: Shutting down and abandoning module SceneDepthPickerMode (590)
[2018.10.30-13.09.17:049][109]LogModuleManager: Shutting down and abandoning module ActorPickerMode (588)
[2018.10.30-13.09.17:049][109]LogModuleManager: Shutting down and abandoning module GeometryMode (586)
[2018.10.30-13.09.17:050][109]LogModuleManager: Shutting down and abandoning module TextureAlignMode (584)
[2018.10.30-13.09.17:050][109]LogModuleManager: Shutting down and abandoning module BspMode (582)
[2018.10.30-13.09.17:050][109]LogModuleManager: Shutting down and abandoning module PIEPreviewDeviceProfileSelector (580)
[2018.10.30-13.09.17:050][109]LogModuleManager: Shutting down and abandoning module SequenceRecorderSections (578)
[2018.10.30-13.09.17:051][109]LogModuleManager: Shutting down and abandoning module AutomationWorker (576)
[2018.10.30-13.09.17:052][109]LogModuleManager: Shutting down and abandoning module AudioCaptureEditor (574)
[2018.10.30-13.09.17:053][109]LogModuleManager: Shutting down and abandoning module SequenceRecorder (573)
[2018.10.30-13.09.17:054][109]LogModuleManager: Shutting down and abandoning module MatineeToLevelSequence (570)
[2018.10.30-13.09.17:056][109]LogModuleManager: Shutting down and abandoning module LevelSequenceEditor (568)
[2018.10.30-13.09.17:075][109]LogModuleManager: Shutting down and abandoning module PlacementMode (567)
[2018.10.30-13.09.17:075][109]LogModuleManager: Shutting down and abandoning module MaterialEditor (566)
[2018.10.30-13.09.17:078][109]LogModuleManager: Shutting down and abandoning module WmfMediaFactory (562)
[2018.10.30-13.09.17:079][109]LogModuleManager: Shutting down and abandoning module WmfMediaEditor (560)
[2018.10.30-13.09.17:079][109]LogModuleManager: Shutting down and abandoning module MediaPlayerEditor (558)
[2018.10.30-13.09.17:080][109]LogModuleManager: Shutting down and abandoning module OpenExrWrapper (556)
[2018.10.30-13.09.17:081][109]LogModuleManager: Shutting down and abandoning module ImgMediaFactory (554)
[2018.10.30-13.09.17:081][109]LogModuleManager: Shutting down and abandoning module ImgMediaEditor (552)
[2018.10.30-13.09.17:081][109]LogModuleManager: Shutting down and abandoning module AvfMediaFactory (550)
[2018.10.30-13.09.17:081][109]LogModuleManager: Shutting down and abandoning module AvfMediaEditor (548)
[2018.10.30-13.09.17:081][109]LogModuleManager: Shutting down and abandoning module AndroidMediaFactory (546)
[2018.10.30-13.09.17:081][109]LogModuleManager: Shutting down and abandoning module AndroidMediaEditor (544)
[2018.10.30-13.09.17:081][109]LogModuleManager: Shutting down and abandoning module MagicLeapCameraPreviewFactory (542)
[2018.10.30-13.09.17:081][109]LogModuleManager: Shutting down and abandoning module MagicLeapMediaFactory (540)
[2018.10.30-13.09.17:081][109]LogModuleManager: Shutting down and abandoning module MagicLeapMediaEditor (538)
[2018.10.30-13.09.17:081][109]LogModuleManager: Shutting down and abandoning module CharacterAI (536)
[2018.10.30-13.09.17:081][109]LogModuleManager: Shutting down and abandoning module SmartSnapping (534)
[2018.10.30-13.09.17:081][109]LogModuleManager: Shutting down and abandoning module SessionServices (532)
[2018.10.30-13.09.17:081][109]LogModuleManager: Shutting down and abandoning module ViewportSnapping (530)
[2018.10.30-13.09.17:082][109]LogModuleManager: Shutting down and abandoning module ViewportInteraction (528)
[2018.10.30-13.09.17:082][109]LogModuleManager: Shutting down and abandoning module ClothPainter (526)
[2018.10.30-13.09.17:084][109]LogModuleManager: Shutting down and abandoning module SkeletalMeshEditor (525)
[2018.10.30-13.09.17:086][109]LogModuleManager: Shutting down and abandoning module LogVisualizer (522)
[2018.10.30-13.09.17:089][109]LogModuleManager: Shutting down and abandoning module IntroTutorials (520)
[2018.10.30-13.09.17:094][109]LogModuleManager: Shutting down and abandoning module GameProjectGeneration (519)
[2018.10.30-13.09.17:096][109]LogModuleManager: Shutting down and abandoning module LuminPlatformEditor (516)
[2018.10.30-13.09.17:096][109]LogModuleManager: Shutting down and abandoning module IOSPlatformEditor (514)
[2018.10.30-13.09.17:096][109]LogModuleManager: Shutting down and abandoning module HTML5PlatformEditor (512)
[2018.10.30-13.09.17:096][109]LogModuleManager: Shutting down and abandoning module AndroidPlatformEditor (510)
[2018.10.30-13.09.17:097][109]LogModuleManager: Shutting down and abandoning module AndroidDeviceDetection (509)
[2018.10.30-13.09.18:638][109]LogModuleManager: Shutting down and abandoning module WindowsPlatformEditor (506)
[2018.10.30-13.09.18:638][109]LogModuleManager: Shutting down and abandoning module LuminRuntimeSettings (504)
[2018.10.30-13.09.18:638][109]LogModuleManager: Shutting down and abandoning module IOSRuntimeSettings (502)
[2018.10.30-13.09.18:638][109]LogModuleManager: Shutting down and abandoning module AndroidRuntimeSettings (500)
[2018.10.30-13.09.18:638][109]LogModuleManager: Shutting down and abandoning module InputBindingEditor (498)
[2018.10.30-13.09.18:640][109]LogModuleManager: Shutting down and abandoning module MergeActors (496)
[2018.10.30-13.09.18:642][109]LogModuleManager: Shutting down and abandoning module LocalizationDashboard (494)
[2018.10.30-13.09.18:646][109]LogModuleManager: Shutting down and abandoning module LocalizationService (493)
[2018.10.30-13.09.18:649][109]LogModuleManager: Shutting down and abandoning module HardwareTargeting (490)
[2018.10.30-13.09.18:649][109]LogModuleManager: Shutting down and abandoning module DeviceProfileEditor (488)
[2018.10.30-13.09.18:649][109]LogModuleManager: Shutting down and abandoning module UndoHistory (486)
[2018.10.30-13.09.18:650][109]LogModuleManager: Shutting down and abandoning module XmlParser (484)
[2018.10.30-13.09.18:650][109]LogModuleManager: Shutting down and abandoning module Blutility (482)
[2018.10.30-13.09.18:650][109]LogModuleManager: Shutting down and abandoning module ProjectSettingsViewer (480)
[2018.10.30-13.09.18:651][109]LogModuleManager: Shutting down and abandoning module ProjectTargetPlatformEditor (479)
[2018.10.30-13.09.18:652][109]LogModuleManager: Shutting down and abandoning module EditorSettingsViewer (476)
[2018.10.30-13.09.18:652][109]LogModuleManager: Shutting down and abandoning module SettingsEditor (474)
[2018.10.30-13.09.18:655][109]LogModuleManager: Shutting down and abandoning module ProjectLauncher (472)
[2018.10.30-13.09.18:657][109]LogModuleManager: Shutting down and abandoning module SessionFrontend (470)
[2018.10.30-13.09.18:662][109]LogModuleManager: Shutting down and abandoning module ProfilerClient (468)
[2018.10.30-13.09.18:663][109]LogModuleManager: Shutting down and abandoning module DeviceManager (466)
[2018.10.30-13.09.18:664][109]LogModuleManager: Shutting down and abandoning module TargetDeviceServices (465)
[2018.10.30-13.09.18:721][109]LogModuleManager: Shutting down and abandoning module AutomationController (462)
[2018.10.30-13.09.18:734][109]LogModuleManager: Shutting down and abandoning module AutomationWindow (460)
[2018.10.30-13.09.18:735][109]LogModuleManager: Shutting down and abandoning module Layers (458)
[2018.10.30-13.09.18:739][109]LogModuleManager: Shutting down and abandoning module ComponentVisualizers (456)
[2018.10.30-13.09.18:739][109]LogModuleManager: Shutting down and abandoning module DetailCustomizations (454)
[2018.10.30-13.09.18:740][109]LogModuleManager: Shutting down and abandoning module PackagesDialog (452)
[2018.10.30-13.09.18:741][109]LogModuleManager: Shutting down and abandoning module Persona (450)
[2018.10.30-13.09.18:747][109]LogModuleManager: Shutting down and abandoning module AdvancedPreviewScene (449)
[2018.10.30-13.09.18:747][109]LogModuleManager: Shutting down and abandoning module AnimGraph (447)
[2018.10.30-13.09.18:748][109]LogModuleManager: Shutting down and abandoning module Kismet (444)
[2018.10.30-13.09.18:757][109]LogModuleManager: Shutting down and abandoning module GraphEditor (442)
[2018.10.30-13.09.18:757][109]LogModuleManager: Shutting down and abandoning module ClassViewer (440)
[2018.10.30-13.09.18:762][109]LogModuleManager: Shutting down and abandoning module Toolbox (438)
[2018.10.30-13.09.18:763][109]LogModuleManager: Shutting down and abandoning module ModuleUI (436)
[2018.10.30-13.09.18:763][109]LogModuleManager: Shutting down and abandoning module MovieSceneTools (434)
[2018.10.30-13.09.18:767][109]LogModuleManager: Shutting down and abandoning module OutputLog (432)
[2018.10.30-13.09.18:768][109]LogModuleManager: Shutting down and abandoning module GammaUI (430)
[2018.10.30-13.09.18:768][109]LogModuleManager: Shutting down and abandoning module Documentation (428)
[2018.10.30-13.09.18:768][109]LogModuleManager: Shutting down and abandoning module MovieSceneTracks (426)
[2018.10.30-13.09.18:768][109]LogModuleManager: Shutting down and abandoning module MovieScene (424)
[2018.10.30-13.09.18:770][109]LogModuleManager: Shutting down and abandoning module StreamingPauseRendering (422)
[2018.10.30-13.09.18:770][109]LogModuleManager: Shutting down and abandoning module LauncherPlatform (420)
[2018.10.30-13.09.18:770][109]LogModuleManager: Shutting down and abandoning module AnalyticsET (418)
[2018.10.30-13.09.18:770][109]LogModuleManager: Shutting down and abandoning module PortalServices (416)
[2018.10.30-13.09.18:770][109]LogModuleManager: Shutting down and abandoning module PortalRpc (414)
[2018.10.30-13.09.18:770][109]LogModuleManager: Shutting down and abandoning module MessagingRpc (412)
[2018.10.30-13.09.18:770][109]LogModuleManager: Shutting down and abandoning module AIModule (410)
[2018.10.30-13.09.18:772][109]LogModuleManager: Shutting down and abandoning module GameplayDebugger (409)
[2018.10.30-13.09.18:772][109]LogModuleManager: Shutting down and abandoning module AITestSuite (407)
[2018.10.30-13.09.18:773][109]LogModuleManager: Shutting down and abandoning module NavigationSystem (405)
[2018.10.30-13.09.18:773][109]LogModuleManager: Shutting down and abandoning module DesktopPlatform (402)
[2018.10.30-13.09.18:779][109]LogModuleManager: Shutting down and abandoning module ProfilerService (400)
[2018.10.30-13.09.18:971][109]LogModuleManager: Shutting down and abandoning module TaskGraph (398)
[2018.10.30-13.09.18:972][109]LogModuleManager: Shutting down and abandoning module SteamVRController (396)
[2018.10.30-13.09.18:972][109]LogModuleManager: Shutting down and abandoning module ProceduralMeshComponentEditor (394)
[2018.10.30-13.09.18:972][109]LogModuleManager: Shutting down and abandoning module ProceduralMeshComponent (392)
[2018.10.30-13.09.18:972][109]LogModuleManager: Shutting down and abandoning module OculusInput (390)
[2018.10.30-13.09.18:972][109]LogModuleManager: Shutting down and abandoning module MobilePatchingUtils (388)
[2018.10.30-13.09.18:972][109]LogModuleManager: Shutting down and abandoning module EditableMesh (386)
[2018.10.30-13.09.18:973][109]LogModuleManager: Shutting down and abandoning module CustomMeshComponent (384)
[2018.10.30-13.09.18:973][109]LogModuleManager: Shutting down and abandoning module CableComponent (382)
[2018.10.30-13.09.18:973][109]LogModuleManager: Shutting down and abandoning module AudioCapture (380)
[2018.10.30-13.09.18:973][109]LogModuleManager: Shutting down and abandoning module ArchVisCharacter (378)
[2018.10.30-13.09.18:973][109]LogModuleManager: Shutting down and abandoning module AndroidPermission (376)
[2018.10.30-13.09.18:973][109]LogModuleManager: Shutting down and abandoning module NUTUnrealEngine4 (374)
[2018.10.30-13.09.18:973][109]LogModuleManager: Shutting down and abandoning module NetcodeUnitTest (372)
[2018.10.30-13.09.18:977][109]LogModuleManager: Shutting down and abandoning module MediaCompositingEditor (370)
[2018.10.30-13.09.18:978][109]LogModuleManager: Shutting down and abandoning module MediaCompositing (368)
[2018.10.30-13.09.18:978][109]LogModuleManager: Shutting down and abandoning module LinearTimecode (366)
[2018.10.30-13.09.18:978][109]LogModuleManager: Shutting down and abandoning module ImgMedia (364)
[2018.10.30-13.09.18:986][109]LogModuleManager: Shutting down and abandoning module HTML5Networking (362)
[2018.10.30-13.09.18:986][109]LogModuleManager: Shutting down and abandoning module GeometryCacheTracks (360)
[2018.10.30-13.09.18:986][109]LogModuleManager: Shutting down and abandoning module GeometryCacheSequencer (358)
[2018.10.30-13.09.18:987][109]LogModuleManager: Shutting down and abandoning module BackChannel (356)
[2018.10.30-13.09.18:987][109]LogModuleManager: Shutting down and abandoning module AppleVision (354)
[2018.10.30-13.09.18:987][109]LogModuleManager: Shutting down and abandoning module AppleImageUtils (352)
[2018.10.30-13.09.18:987][109]LogModuleManager: Shutting down and abandoning module AlembicImporter (350)
[2018.10.30-13.09.18:987][109]LogModuleManager: Shutting down and abandoning module AlembicLibrary (349)
[2018.10.30-13.09.18:988][109]LogModuleManager: Shutting down and abandoning module GeometryCache (348)
[2018.10.30-13.09.18:988][109]LogModuleManager: Shutting down and abandoning module GeometryCacheEd (347)
[2018.10.30-13.09.18:988][109]LogModuleManager: Shutting down and abandoning module DatasmithContentEditor (342)
[2018.10.30-13.09.18:988][109]LogModuleManager: Shutting down and abandoning module DatasmithContent (340)
[2018.10.30-13.09.18:990][109]LogModuleManager: Shutting down and abandoning module SpeedTreeImporter (338)
[2018.10.30-13.09.18:990][109]LogModuleManager: Shutting down and abandoning module PluginBrowser (336)
[2018.10.30-13.09.18:996][109]LogModuleManager: Shutting down and abandoning module MobileLauncherProfileWizard (334)
[2018.10.30-13.09.18:998][109]LogModuleManager: Shutting down and abandoning module PolygonModeling (332)
[2018.10.30-13.09.18:998][109]LogModuleManager: Shutting down and abandoning module MeshEditor (330)
[2018.10.30-13.09.18:998][109]LogModuleManager: Shutting down and abandoning module CryptoKeysOpenSSL (328)
[2018.10.30-13.09.18:999][109]LogModuleManager: Shutting down and abandoning module CryptoKeys (326)
[2018.10.30-13.09.18:999][109]LogModuleManager: Shutting down and abandoning module VisualStudioSourceCodeAccess (324)
[2018.10.30-13.09.19:000][109]LogModuleManager: Shutting down and abandoning module VisualStudioCodeSourceCodeAccess (322)
[2018.10.30-13.09.19:000][109]LogModuleManager: Shutting down and abandoning module UObjectPlugin (320)
[2018.10.30-13.09.19:000][109]LogModuleManager: Shutting down and abandoning module SubversionSourceControl (318)
[2018.10.30-13.09.19:002][109]LogModuleManager: Shutting down and abandoning module PerforceSourceControl (316)
[2018.10.30-13.09.19:005][109]LogModuleManager: Shutting down and abandoning module GitSourceControl (314)
[2018.10.30-13.09.19:005][109]LogModuleManager: Shutting down and abandoning module SourceControl (313)
[2018.10.30-13.09.19:008][109]LogModuleManager: Shutting down and abandoning module CLionSourceCodeAccess (310)
[2018.10.30-13.09.19:008][109]LogModuleManager: Shutting down and abandoning module LightPropagationVolumeEditor (308)
[2018.10.30-13.09.19:009][109]LogModuleManager: Shutting down and abandoning module PaperTiledImporter (306)
[2018.10.30-13.09.19:009][109]LogModuleManager: Shutting down and abandoning module PaperSpriteSheetImporter (304)
[2018.10.30-13.09.19:009][109]LogModuleManager: Shutting down and abandoning module Paper2DEditor (302)
[2018.10.30-13.09.19:012][109]LogModuleManager: Shutting down and abandoning module MeshPaint (301)
[2018.10.30-13.09.19:012][109]LogModuleManager: Shutting down and abandoning module RuntimePhysXCooking (298)
[2018.10.30-13.09.19:012][109]LogModuleManager: Shutting down and abandoning module PhysXVehiclesEditor (296)
[2018.10.30-13.09.19:013][109]LogModuleManager: Shutting down and abandoning module PhysXVehicles (294)
[2018.10.30-13.09.19:013][109]LogModuleManager: Shutting down and abandoning module OculusEditor (292)
[2018.10.30-13.09.19:013][109]LogModuleManager: Shutting down and abandoning module LocationServicesBPLibrary (290)
[2018.10.30-13.09.19:013][109]LogModuleManager: Shutting down and abandoning module ImmediatePhysicsEditor (288)
[2018.10.30-13.09.19:013][109]LogModuleManager: Shutting down and abandoning module ImmediatePhysics (286)
[2018.10.30-13.09.19:014][109]LogModuleManager: Shutting down and abandoning module ActorSequence (284)
[2018.10.30-13.09.19:014][109]LogModuleManager: Shutting down and abandoning module UdpMessaging (282)
[2018.10.30-13.09.19:114][109]LogModuleManager: Shutting down and abandoning module TcpMessaging (280)
[2018.10.30-13.09.19:216][109]LogModuleManager: Shutting down and abandoning module MagicLeapAudio (278)
[2018.10.30-13.09.19:216][109]LogModuleManager: Shutting down and abandoning module GameplayTagsEditor (276)
[2018.10.30-13.09.19:217][109]LogModuleManager: Shutting down and abandoning module FacialAnimationEditor (274)
[2018.10.30-13.09.19:217][109]LogModuleManager: Shutting down and abandoning module FacialAnimation (272)
[2018.10.30-13.09.19:217][109]LogModuleManager: Shutting down and abandoning module DataValidation (270)
[2018.10.30-13.09.19:218][109]LogModuleManager: Shutting down and abandoning module AssetManagerEditor (268)
[2018.10.30-13.09.19:220][109]LogModuleManager: Shutting down and abandoning module LevelEditor (267)
[2018.10.30-13.09.19:224][109]LogModuleManager: Shutting down and abandoning module PixelInspectorModule (266)
[2018.10.30-13.09.19:225][109]LogModuleManager: Shutting down and abandoning module CommonMenuExtensions (264)
[2018.10.30-13.09.19:226][109]LogModuleManager: Shutting down and abandoning module MainFrame (262)
[2018.10.30-13.09.19:227][109]LogModuleManager: Shutting down and abandoning module HotReload (261)
[2018.10.30-13.09.19:229][109]LogModuleManager: Shutting down and abandoning module ContentBrowser (257)
[2018.10.30-13.09.19:231][109]LogModuleManager: Shutting down and abandoning module TreeMap (255)
[2018.10.30-13.09.19:232][109]LogModuleManager: Shutting down and abandoning module LightPropagationVolumeRuntime (252)
[2018.10.30-13.09.19:232][109]LogModuleManager: Shutting down and abandoning module AISupportModule (250)
[2018.10.30-13.09.19:232][109]LogModuleManager: Shutting down and abandoning module Paper2D (248)
[2018.10.30-13.09.19:232][109]LogModuleManager: Shutting down and abandoning module WindowsMoviePlayer (246)
[2018.10.30-13.09.19:234][109]LogModuleManager: Shutting down and abandoning module WmfMedia (244)
[2018.10.30-13.09.19:236][109]LogModuleManager: Shutting down and abandoning module Media (243)
[2018.10.30-13.09.19:243][109]LogModuleManager: Shutting down and abandoning module PacketHandler (240)
[2018.10.30-13.09.19:244][109]LogModuleManager: Shutting down and abandoning module ClothingSystemEditor (238)
[2018.10.30-13.09.19:244][109]LogModuleManager: Shutting down and abandoning module ClothingSystemRuntime (236)
[2018.10.30-13.09.19:246][109]LogModuleManager: Shutting down and abandoning module MediaAssets (234)
[2018.10.30-13.09.19:246][109]LogModuleManager: Shutting down and abandoning module Overlay (232)
[2018.10.30-13.09.19:246][109]LogModuleManager: Shutting down and abandoning module OverlayEditor (231)
[2018.10.30-13.09.19:246][109]LogModuleManager: Shutting down and abandoning module VREditor (228)
[2018.10.30-13.09.19:247][109]LogModuleManager: Shutting down and abandoning module StringTableEditor (226)
[2018.10.30-13.09.19:247][109]LogModuleManager: Shutting down and abandoning module GameplayTasksEditor (224)
[2018.10.30-13.09.19:247][109]LogModuleManager: Shutting down and abandoning module BehaviorTreeEditor (222)
[2018.10.30-13.09.19:249][109]LogModuleManager: Shutting down and abandoning module FunctionalTesting (220)
[2018.10.30-13.09.19:250][109]LogModuleManager: Shutting down and abandoning module CollisionAnalyzer (218)
[2018.10.30-13.09.19:252][109]LogModuleManager: Shutting down and abandoning module WorkspaceMenuStructure (217)
[2018.10.30-13.09.19:254][109]LogModuleManager: Shutting down and abandoning module UMG (214)
[2018.10.30-13.09.19:254][109]LogModuleManager: Shutting down and abandoning module UMGEditor (213)
[2018.10.30-13.09.19:256][109]LogModuleManager: Shutting down and abandoning module Sequencer (212)
[2018.10.30-13.09.19:260][109]LogModuleManager: Shutting down and abandoning module MessageLog (209)
[2018.10.30-13.09.19:260][109]LogModuleManager: Shutting down and abandoning module SlateReflector (204)
[2018.10.30-13.09.19:263][109]LogModuleManager: Shutting down and abandoning module Slate (202)
[2018.10.30-13.09.19:263][109]LogModuleManager: Shutting down and abandoning module EditorStyle (200)
[2018.10.30-13.09.19:269][109]LogModuleManager: Shutting down and abandoning module MRMesh (198)
[2018.10.30-13.09.19:269][109]LogModuleManager: Shutting down and abandoning module SourceCodeAccess (196)
[2018.10.30-13.09.19:270][109]LogModuleManager: Shutting down and abandoning module HeadMountedDisplay (194)
[2018.10.30-13.09.19:270][109]LogModuleManager: Shutting down and abandoning module XAudio2 (192)
[2018.10.30-13.09.19:270][109]LogModuleManager: Shutting down and abandoning module Networking (190)
[2018.10.30-13.09.19:270][109]LogModuleManager: Shutting down and abandoning module Core (188)
[2018.10.30-13.09.19:270][109]LogModuleManager: Shutting down and abandoning module LevelSequence (186)
[2018.10.30-13.09.19:270][109]LogModuleManager: Shutting down and abandoning module KismetCompiler (184)
[2018.10.30-13.09.19:270][109]LogModuleManager: Shutting down and abandoning module MeshUtilities (182)
[2018.10.30-13.09.19:271][109]LogModuleManager: Shutting down and abandoning module MeshMergeUtilities (181)
[2018.10.30-13.09.19:272][109]LogModuleManager: Shutting down and abandoning module MeshReductionInterface (180)
[2018.10.30-13.09.19:272][109]LogModuleManager: Shutting down and abandoning module SimplygonSwarm (179)
[2018.10.30-13.09.19:273][109]LogModuleManager: Shutting down and abandoning module ProxyLODMeshReduction (177)
[2018.10.30-13.09.19:283][109]LogModuleManager: Shutting down and abandoning module SimplygonMeshReduction (175)
[2018.10.30-13.09.19:283][109]LogModuleManager: Shutting down and abandoning module QuadricMeshReduction (173)
[2018.10.30-13.09.19:284][109]LogModuleManager: Shutting down and abandoning module MaterialBaking (169)
[2018.10.30-13.09.19:285][109]LogModuleManager: Shutting down and abandoning module DirectoryWatcher (165)
[2018.10.30-13.09.19:286][109]LogModuleManager: Shutting down and abandoning module DerivedDataCache (162)
[2018.10.30-13.09.19:351][109]LogDerivedDataCache: Shutdown
[2018.10.30-13.09.19:352][109]LogModuleManager: Shutting down and abandoning module XGEController (160)
[2018.10.30-13.09.19:352][109]LogModuleManager: Shutting down and abandoning module TargetPlatform (158)
[2018.10.30-13.09.19:354][109]LogModuleManager: Shutting down and abandoning module VulkanShaderFormat (157)
[2018.10.30-13.09.19:354][109]LogModuleManager: Shutting down and abandoning module ShaderFormatVectorVM (155)
[2018.10.30-13.09.19:355][109]LogModuleManager: Shutting down and abandoning module ShaderFormatOpenGL (153)
[2018.10.30-13.09.19:355][109]LogModuleManager: Shutting down and abandoning module ShaderFormatD3D (151)
[2018.10.30-13.09.19:356][109]LogModuleManager: Shutting down and abandoning module MetalShaderFormat (149)
[2018.10.30-13.09.19:357][109]LogModuleManager: Shutting down and abandoning module TextureFormatUncompressed (147)
[2018.10.30-13.09.19:357][109]LogModuleManager: Shutting down and abandoning module TextureFormatPVR (145)
[2018.10.30-13.09.19:357][109]LogModuleManager: Shutting down and abandoning module TextureFormatDXT (143)
[2018.10.30-13.09.19:357][109]LogModuleManager: Shutting down and abandoning module TextureFormatIntelISPCTexComp (141)
[2018.10.30-13.09.19:359][109]LogModuleManager: Shutting down and abandoning module TextureFormatASTC (139)
[2018.10.30-13.09.19:359][109]LogModuleManager: Shutting down and abandoning module ImageWrapper (138)
[2018.10.30-13.09.19:359][109]LogModuleManager: Shutting down and abandoning module TextureFormatAndroid (135)
[2018.10.30-13.09.19:360][109]LogModuleManager: Shutting down and abandoning module AudioFormatOpus (133)
[2018.10.30-13.09.19:360][109]LogModuleManager: Shutting down and abandoning module AudioFormatOgg (131)
[2018.10.30-13.09.19:360][109]LogModuleManager: Shutting down and abandoning module AudioFormatADPCM (129)
[2018.10.30-13.09.19:360][109]LogModuleManager: Shutting down and abandoning module LuminTargetPlatform (127)
[2018.10.30-13.09.19:360][109]LogModuleManager: Shutting down and abandoning module LinuxTargetPlatform (125)
[2018.10.30-13.09.19:361][109]LogModuleManager: Shutting down and abandoning module LinuxServerTargetPlatform (123)
[2018.10.30-13.09.19:361][109]LogModuleManager: Shutting down and abandoning module LinuxNoEditorTargetPlatform (121)
[2018.10.30-13.09.19:361][109]LogModuleManager: Shutting down and abandoning module LinuxClientTargetPlatform (119)
[2018.10.30-13.09.19:362][109]LogModuleManager: Shutting down and abandoning module TVOSTargetPlatform (117)
[2018.10.30-13.09.19:380][109]LogModuleManager: Shutting down and abandoning module Messaging (115)
[2018.10.30-13.09.19:380][109]LogModuleManager: Shutting down and abandoning module IOSTargetPlatform (113)
[2018.10.30-13.09.19:392][109]LogModuleManager: Shutting down and abandoning module HTML5TargetPlatform (111)
[2018.10.30-13.09.19:392][109]LogModuleManager: Shutting down and abandoning module AndroidTargetPlatform (109)
[2018.10.30-13.09.19:671][109]LogModuleManager: Shutting down and abandoning module WindowsTargetPlatform (107)
[2018.10.30-13.09.19:671][109]LogModuleManager: Shutting down and abandoning module WindowsServerTargetPlatform (105)
[2018.10.30-13.09.19:671][109]LogModuleManager: Shutting down and abandoning module WindowsNoEditorTargetPlatform (103)
[2018.10.30-13.09.19:671][109]LogModuleManager: Shutting down and abandoning module WindowsClientTargetPlatform (101)
[2018.10.30-13.09.19:671][109]LogModuleManager: Shutting down and abandoning module MacTargetPlatform (99)
[2018.10.30-13.09.19:672][109]LogModuleManager: Shutting down and abandoning module MacServerTargetPlatform (97)
[2018.10.30-13.09.19:672][109]LogModuleManager: Shutting down and abandoning module MacNoEditorTargetPlatform (95)
[2018.10.30-13.09.19:672][109]LogModuleManager: Shutting down and abandoning module MacClientTargetPlatform (93)
[2018.10.30-13.09.19:673][109]LogModuleManager: Shutting down and abandoning module AllDesktopTargetPlatform (91)
[2018.10.30-13.09.19:673][109]LogModuleManager: Shutting down and abandoning module InputCore (88)
[2018.10.30-13.09.19:673][109]LogModuleManager: Shutting down and abandoning module Settings (86)
[2018.10.30-13.09.19:673][109]LogModuleManager: Shutting down and abandoning module PhysXCooking (84)
[2018.10.30-13.09.19:673][109]LogModuleManager: Shutting down and abandoning module SteamVR (82)
[2018.10.30-13.09.19:673][109]LogModuleManager: Shutting down and abandoning module OculusHMD (80)
[2018.10.30-13.09.19:673][109]LogModuleManager: Shutting down and abandoning module ExampleDeviceProfileSelector (78)
[2018.10.30-13.09.19:674][109]LogModuleManager: Shutting down and abandoning module LauncherChunkInstaller (76)
[2018.10.30-13.09.19:674][109]LogModuleManager: Shutting down and abandoning module OnlineBlueprintSupport (74)
[2018.10.30-13.09.19:674][109]LogModuleManager: Shutting down and abandoning module OnlineSubsystem (70)
[2018.10.30-13.09.19:675][109]LogModuleManager: Shutting down and abandoning module XMPP (65)
[2018.10.30-13.09.19:679][109]LogModuleManager: Shutting down and abandoning module WebSockets (64)
[2018.10.30-13.09.19:698][109]LogModuleManager: Shutting down and abandoning module HTTP (61)
[2018.10.30-13.09.19:699][109]LogHttp: Display: Http module shutting down, but needs to wait on 1 outstanding Http requests:
[2018.10.30-13.09.19:699][109]LogHttp: Display: 	verb=[POST] url=[https://datarouter.ol.epicgames.com/datarouter/api/v1/public/data?SessionID=%7B7A23A849-4429-EBF8-2896-4282721029CE%7D&AppID=UEEditor.Rocket.Release&AppVersion=4.20.2-4302132%2B%2B%2BUE4%2BRelease-4.20&UserID=0e85e78246044fe7ecdff0a1d4bbefaf%7C5a93c820aff04c799b3aff1f920390ed%7C48a49a80-1675-49ad-af28-838e3fdb37f0&AppEnvironment=datacollector-binary&UploadType=eteventstream] status=Processing
[2018.10.30-13.09.19:727][109]LogModuleManager: Shutting down and abandoning module SSL (60)
[2018.10.30-13.09.19:733][109]LogModuleManager: Shutting down and abandoning module MagicLeapEmulator (56)
[2018.10.30-13.09.19:733][109]LogModuleManager: Shutting down and abandoning module MagicLeapPrivileges (54)
[2018.10.30-13.09.19:733][109]LogModuleManager: Shutting down and abandoning module MagicLeapIdentity (52)
[2018.10.30-13.09.19:733][109]LogModuleManager: Shutting down and abandoning module MagicLeapHelperVulkan (50)
[2018.10.30-13.09.19:733][109]LogModuleManager: Shutting down and abandoning module MagicLeapHelperOpenGL (48)
[2018.10.30-13.09.19:733][109]LogModuleManager: Shutting down and abandoning module MagicLeapSecureStorage (46)
[2018.10.30-13.09.19:733][109]LogModuleManager: Shutting down and abandoning module MagicLeapGestures (44)
[2018.10.30-13.09.19:734][109]LogModuleManager: Shutting down and abandoning module MagicLeapEyeTracker (42)
[2018.10.30-13.09.19:734][109]LogModuleManager: Shutting down and abandoning module MagicLeapController (40)
[2018.10.30-13.09.19:736][109]LogSlate: Slate User Destroyed.  User Index 0, Is Virtual User: 0
[2018.10.30-13.09.19:737][109]LogModuleManager: Shutting down and abandoning module MagicLeap (38)
[2018.10.30-13.09.19:739][109]LogModuleManager: Shutting down and abandoning module AnimationModifiers (36)
[2018.10.30-13.09.19:740][109]LogModuleManager: Shutting down and abandoning module PropertyEditor (35)
[2018.10.30-13.09.19:743][109]LogModuleManager: Shutting down and abandoning module AudioEditor (32)
[2018.10.30-13.09.19:744][109]LogModuleManager: Shutting down and abandoning module TextureCompressor (30)
[2018.10.30-13.09.19:745][109]LogModuleManager: Shutting down and abandoning module ShaderCore (28)
[2018.10.30-13.09.19:745][109]LogModuleManager: Shutting down and abandoning module Landscape (26)
[2018.10.30-13.09.19:745][109]LogModuleManager: Shutting down and abandoning module SlateRHIRenderer (24)
[2018.10.30-13.09.19:747][109]LogModuleManager: Shutting down and abandoning module OpenGLDrv (22)
[2018.10.30-13.09.19:748][109]LogModuleManager: Shutting down and abandoning module D3D11RHI (20)
[2018.10.30-13.09.19:748][109]LogModuleManager: Shutting down and abandoning module AnimGraphRuntime (18)
[2018.10.30-13.09.19:748][109]LogModuleManager: Shutting down and abandoning module Renderer (16)
[2018.10.30-13.09.19:748][109]LogModuleManager: Shutting down and abandoning module Engine (14)
[2018.10.30-13.09.19:748][109]LogModuleManager: Shutting down and abandoning module CoreUObject (12)
[2018.10.30-13.09.19:748][109]LogModuleManager: Shutting down and abandoning module NetworkFile (10)
[2018.10.30-13.09.19:749][109]LogModuleManager: Shutting down and abandoning module CookedIterativeFile (8)
[2018.10.30-13.09.19:749][109]LogModuleManager: Shutting down and abandoning module StreamingFile (6)
[2018.10.30-13.09.19:749][109]LogModuleManager: Shutting down and abandoning module SandboxFile (4)
[2018.10.30-13.09.19:750][109]LogModuleManager: Shutting down and abandoning module PakFile (2)
[2018.10.30-13.09.19:757][109]LogExit: Exiting.
[2018.10.30-13.09.19:791][109]Log file closed, 10/30/18 09:09:19
