Log file open, 11/24/18 15:15:17
LogWindows: Failed to load 'aqProf.dll' (GetLastError=126)
LogWindows: File 'aqProf.dll' does not exist
LogWindows: Failed to load 'VSPerf140.dll' (GetLastError=126)
LogWindows: File 'VSPerf140.dll' does not exist
LogWindows: Failed to load 'VtuneApi.dll' (GetLastError=126)
LogWindows: File 'VtuneApi.dll' does not exist
LogWindows: Failed to load 'VtuneApi32e.dll' (GetLastError=126)
LogWindows: File 'VtuneApi32e.dll' does not exist
LogInit: Display: Running engine for game: NewWaldo
LogPlatformFile: Not using cached read wrapper
LogTaskGraph: Started task graph with 5 named threads and 11 total threads with 3 sets of task threads.
LogStats: Stats thread started at 0.378076
LogD3D11RHI: Loaded GFSDK_Aftermath_Lib.x64.dll
LogICUInternationalization: Display: ICU TimeZone Detection - Raw Offset: -5:00, Platform Override: ''
LogPluginManager: Mounting plugin Paper2D
LogPluginManager: Mounting plugin AISupport
LogPluginManager: Mounting plugin LightPropagationVolume
LogPluginManager: Mounting plugin CLionSourceCodeAccess
LogPluginManager: Mounting plugin CodeLiteSourceCodeAccess
LogPluginManager: Mounting plugin GitSourceControl
LogPluginManager: Mounting plugin KDevelopSourceCodeAccess
LogPluginManager: Mounting plugin NullSourceCodeAccess
LogPluginManager: Mounting plugin PerforceSourceControl
LogPluginManager: Mounting plugin SubversionSourceControl
LogPluginManager: Mounting plugin UObjectPlugin
LogPluginManager: Mounting plugin VisualStudioCodeSourceCodeAccess
LogPluginManager: Mounting plugin VisualStudioSourceCodeAccess
LogPluginManager: Mounting plugin XCodeSourceCodeAccess
LogPluginManager: Mounting plugin AssetManagerEditor
LogPluginManager: Mounting plugin CryptoKeys
LogPluginManager: Mounting plugin DataValidation
LogPluginManager: Mounting plugin FacialAnimation
LogPluginManager: Mounting plugin GameplayTagsEditor
LogPluginManager: Mounting plugin MacGraphicsSwitching
LogPluginManager: Mounting plugin MeshEditor
LogPluginManager: Mounting plugin MobileLauncherProfileWizard
LogPluginManager: Mounting plugin PluginBrowser
LogPluginManager: Mounting plugin SpeedTreeImporter
LogPluginManager: Mounting plugin DatasmithContent
LogPluginManager: Mounting plugin AlembicImporter
LogPluginManager: Mounting plugin AppleImageUtils
LogPluginManager: Mounting plugin AppleVision
LogPluginManager: Mounting plugin BackChannel
LogPluginManager: Mounting plugin CharacterAI
LogPluginManager: Mounting plugin GeometryCache
LogPluginManager: Mounting plugin HTML5Networking
LogPluginManager: Mounting plugin ProxyLODPlugin
LogPluginManager: Mounting plugin MagicLeap
LogPluginManager: Mounting plugin MagicLeapEmulator
LogPluginManager: Mounting plugin MagicLeapMedia
LogPluginManager: Mounting plugin AndroidMedia
LogPluginManager: Mounting plugin AvfMedia
LogPluginManager: Mounting plugin ImgMedia
LogPluginManager: Mounting plugin LinearTimecode
LogPluginManager: Mounting plugin MediaCompositing
LogPluginManager: Mounting plugin MediaPlayerEditor
LogPluginManager: Mounting plugin WmfMedia
LogPluginManager: Mounting plugin TcpMessaging
LogPluginManager: Mounting plugin UdpMessaging
LogPluginManager: Mounting plugin ActorSequence
LogPluginManager: Mounting plugin LevelSequenceEditor
LogPluginManager: Mounting plugin MatineeToLevelSequence
LogPluginManager: Mounting plugin NetcodeUnitTest
LogPluginManager: Mounting plugin NUTUnrealEngine4
LogPluginManager: Mounting plugin OnlineSubsystemGooglePlay
LogPluginManager: Mounting plugin OnlineSubsystemIOS
LogPluginManager: Mounting plugin OnlineSubsystem
LogPluginManager: Mounting plugin OnlineSubsystemNull
LogPluginManager: Mounting plugin OnlineSubsystemUtils
LogPluginManager: Mounting plugin LauncherChunkInstaller
LogPluginManager: Mounting plugin AndroidDeviceProfileSelector
LogPluginManager: Mounting plugin AndroidMoviePlayer
LogPluginManager: Mounting plugin AndroidPermission
LogPluginManager: Mounting plugin AppleMoviePlayer
LogPluginManager: Mounting plugin ArchVisCharacter
LogPluginManager: Mounting plugin AudioCapture
LogPluginManager: Mounting plugin CableComponent
LogPluginManager: Mounting plugin CustomMeshComponent
LogPluginManager: Mounting plugin EditableMesh
LogPluginManager: Mounting plugin ExampleDeviceProfileSelector
LogPluginManager: Mounting plugin GoogleCloudMessaging
LogPluginManager: Mounting plugin ImmediatePhysics
LogPluginManager: Mounting plugin IOSDeviceProfileSelector
LogPluginManager: Mounting plugin LinuxDeviceProfileSelector
LogPluginManager: Mounting plugin LocationServicesBPLibrary
LogPluginManager: Mounting plugin MobilePatchingUtils
LogPluginManager: Mounting plugin OculusVR
LogPluginManager: Plugin shader directory ../../../Engine/Plugins/Runtime/Oculus/OculusVR/Shaders found
LogPluginManager: Mapping shader source directory ../../../Engine/Plugins/Runtime/Oculus/OculusVR/Shaders to virtual directory /Plugin/OculusVR
LogPluginManager: Mounting plugin PhysXVehicles
LogPluginManager: Mounting plugin ProceduralMeshComponent
LogPluginManager: Mounting plugin RuntimePhysXCooking
LogPluginManager: Mounting plugin SteamVR
LogPluginManager: Mounting plugin WindowsMoviePlayer
LogStreaming: Display: Took  0.470s to configure plugins.
LogInit: Using libcurl 7.55.1-DEV
LogInit:  - built for x86_64-pc-win32
LogInit:  - supports SSL with OpenSSL/1.0.2h
LogInit:  - supports HTTP deflate (compression) using libz 1.2.8
LogInit:  - other features:
LogInit:      CURL_VERSION_SSL
LogInit:      CURL_VERSION_LIBZ
LogInit:      CURL_VERSION_IPV6
LogInit:      CURL_VERSION_ASYNCHDNS
LogInit:      CURL_VERSION_LARGEFILE
LogInit:      CURL_VERSION_IDN
LogInit:  CurlRequestOptions (configurable via config and command line):
LogInit:  - bVerifyPeer = false  - Libcurl will NOT verify peer certificate
LogInit:  - bUseHttpProxy = false  - Libcurl will NOT use HTTP proxy
LogInit:  - bDontReuseConnections = false  - Libcurl will reuse connections
LogInit:  - CertBundlePath = nullptr  - Libcurl will use whatever was configured at build time.
LogInit:  - MaxHostConnections = 16  - Libcurl will limit the number of connections to a host
LogInit:  - LocalHostAddr = Default
LogInit:  - BufferSize = 65536
LogInit: WinSock: version 1.1 (2.2), MaxSocks=32767, MaxUdp=65467
LogInit: Build: ++UE4+Release-4.20-CL-4302132
LogInit: Engine Version: 4.20.2-4302132+++UE4+Release-4.20
LogInit: Compatible Engine Version: 4.20.0-4212847+++UE4+Release-4.20
LogInit: Net CL: 4212847
LogInit: OS: Windows 10 (), CPU: Intel(R) Core(TM) i5-7300U CPU @ 2.60GHz, GPU: Intel(R) HD Graphics 620
LogInit: Compiled (64-bit): Aug 21 2018 02:06:06
LogInit: Compiled with Visual C++: 19.13.26129.00
LogInit: Build Configuration: Development
LogInit: Branch Name: ++UE4+Release-4.20
LogInit: Command Line: 
LogInit: Base Directory: C:/Program Files/Epic Games/UE_4.20/Engine/Binaries/Win64/
LogInit: Installed Engine Build: 1
LogDevObjectVersion: Number of dev versions registered: 20
LogDevObjectVersion:   Dev-Blueprints (B0D832E4-1F89-4F0D-ACCF-7EB736FD4AA2): 10
LogDevObjectVersion:   Dev-Build (E1C64328-A22C-4D53-A36C-8E866417BD8C): 0
LogDevObjectVersion:   Dev-Core (375EC13C-06E4-48FB-B500-84F0262A717E): 2
LogDevObjectVersion:   Dev-Editor (E4B068ED-F494-42E9-A231-DA0B2E46BB41): 24
LogDevObjectVersion:   Dev-Framework (CFFC743F-43B0-4480-9391-14DF171D2073): 34
LogDevObjectVersion:   Dev-Mobile (B02B49B5-BB20-44E9-A304-32B752E40360): 2
LogDevObjectVersion:   Dev-Networking (A4E4105C-59A1-49B5-A7C5-40C4547EDFEE): 0
LogDevObjectVersion:   Dev-Online (39C831C9-5AE6-47DC-9A44-9C173E1C8E7C): 0
LogDevObjectVersion:   Dev-Physics (78F01B33-EBEA-4F98-B9B4-84EACCB95AA2): 0
LogDevObjectVersion:   Dev-Platform (6631380F-2D4D-43E0-8009-CF276956A95A): 0
LogDevObjectVersion:   Dev-Rendering (12F88B9F-8875-4AFC-A67C-D90C383ABD29): 26
LogDevObjectVersion:   Dev-Sequencer (7B5AE74C-D270-4C10-A958-57980B212A5A): 9
LogDevObjectVersion:   Dev-VR (D7296918-1DD6-4BDD-9DE2-64A83CC13884): 2
LogDevObjectVersion:   Dev-LoadTimes (C2A15278-BFE7-4AFE-6C17-90FF531DF755): 1
LogDevObjectVersion:   Private-Geometry (6EACA3D4-40EC-4CC1-B786-8BED09428FC5): 3
LogDevObjectVersion:   Dev-AnimPhys (29E575DD-E0A3-4627-9D10-D276232CDCEA): 17
LogDevObjectVersion:   Dev-ReflectionCapture (6B266CEC-1EC7-4B8F-A30B-E4D90942FC07): 1
LogDevObjectVersion:   Dev-Automation (0DF73D61-A23F-47EA-B727-89E90C41499A): 1
LogDevObjectVersion:   FortniteMain (601D1886-AC64-4F84-AA16-D3DE0DEAC7D6): 12
LogDevObjectVersion:   Dev-Enterprise (9DFFBCD6-494F-0158-E221-12823C92A888): 1
LogStreaming: Display: Took  0.024s to delete old logs.
LogInit: Presizing for max 8388607 objects, including 0 objects not considered by GC, pre-allocating 0 bytes for permanent pool.
LogInit: Object subsystem initialized
[2018.11.24-20.15.18:769][  0]LogInit: Selected Device Profile: [Windows]
[2018.11.24-20.15.18:769][  0]LogInit: Applying CVar settings loaded from the selected device profile: [Windows]
[2018.11.24-20.15.18:815][  0]LogHAL: Display: Platform has ~ 8 GB [8511496192 / 8589934592 / 8], which maps to Default [LargestMinGB=32, LargerMinGB=12, DefaultMinGB=8, SmallerMinGB=6, SmallestMinGB=0)
[2018.11.24-20.15.18:816][  0]LogInit: Setting Device Profile CVar: [[r.Vulkan.UseRealUBs:1]]
[2018.11.24-20.15.18:816][  0]LogInit: Going up to parent DeviceProfile []
[2018.11.24-20.15.18:818][  0]LogInit: Computer: DESKTOP-2JCFOSA
[2018.11.24-20.15.18:818][  0]LogInit: User: NIriz
[2018.11.24-20.15.18:818][  0]LogInit: CPU Page size=4096, Cores=2
[2018.11.24-20.15.18:818][  0]LogInit: High frequency timer resolution =2.648436 MHz
[2018.11.24-20.15.18:819][  0]LogMemory: Memory total: Physical=7.9GB (8GB approx)
[2018.11.24-20.15.18:820][  0]LogMemory: Platform Memory Stats for Windows
[2018.11.24-20.15.18:820][  0]LogMemory: Process Physical Memory: 101.58 MB used, 101.58 MB peak
[2018.11.24-20.15.18:820][  0]LogMemory: Process Virtual Memory: 90.61 MB used, 90.61 MB peak
[2018.11.24-20.15.18:820][  0]LogMemory: Physical Memory: 3948.79 MB used,  4168.41 MB free, 8117.20 MB total
[2018.11.24-20.15.18:820][  0]LogMemory: Virtual Memory: 4613.30 MB used,  4168.41 MB free, 134217728.00 MB total
[2018.11.24-20.15.18:928][  0]LogInit: Using OS detected language (en-US).
[2018.11.24-20.15.18:928][  0]LogInit: Using OS detected locale (en-US).
[2018.11.24-20.15.18:935][  0]LogTextLocalizationManager: No specific localization for 'en-US' exists, so the 'en' localization will be used.
[2018.11.24-20.15.19:945][  0]LogStreaming: Display: Took  1.017s to InitEngineTextLocalization.
[2018.11.24-20.15.19:946][  0]LogInit: Setting process to per monitor DPI aware
[2018.11.24-20.15.20:063][  0]LogSlate: New Slate User Created.  User Index 0, Is Virtual User: 0
[2018.11.24-20.15.20:063][  0]LogSlate: Slate User Registered.  User Index 0, Is Virtual User: 0
[2018.11.24-20.15.21:414][  0]LogHMD: Failed to initialize OpenVR with code 110
[2018.11.24-20.15.21:415][  0]LogD3D11RHI: D3D11 adapters:
[2018.11.24-20.15.21:525][  0]LogD3D11RHI:    0. 'Intel(R) HD Graphics 620' (Feature Level 11_0)
[2018.11.24-20.15.21:525][  0]LogD3D11RHI:       128/0/4058 MB DedicatedVideo/DedicatedSystem/SharedSystem, Outputs:1, VendorId:0x8086
[2018.11.24-20.15.21:535][  0]LogD3D11RHI:    1. 'Microsoft Basic Render Driver' (Feature Level 11_0)
[2018.11.24-20.15.21:535][  0]LogD3D11RHI:       0/0/4058 MB DedicatedVideo/DedicatedSystem/SharedSystem, Outputs:0, VendorId:0x1414
[2018.11.24-20.15.21:535][  0]LogD3D11RHI: Chosen D3D11 Adapter: 0
[2018.11.24-20.15.21:548][  0]LogD3D11RHI: Creating new Direct3DDevice
[2018.11.24-20.15.21:548][  0]LogD3D11RHI:     GPU DeviceId: 0x5916 (for the marketing name, search the web for "GPU Device Id")
[2018.11.24-20.15.21:549][  0]LogWindows: EnumDisplayDevices:
[2018.11.24-20.15.21:550][  0]LogWindows:    0. 'Intel(R) HD Graphics 620' (P:1 D:1)
[2018.11.24-20.15.21:551][  0]LogWindows:    1. 'Intel(R) HD Graphics 620' (P:0 D:0)
[2018.11.24-20.15.21:552][  0]LogWindows:    2. 'Intel(R) HD Graphics 620' (P:0 D:0)
[2018.11.24-20.15.21:553][  0]LogWindows: DebugString: FoundDriverCount:3 
[2018.11.24-20.15.21:553][  0]LogD3D11RHI:     Adapter Name: Intel(R) HD Graphics 620
[2018.11.24-20.15.21:553][  0]LogD3D11RHI:   Driver Version: 24.20.100.6136 (internal:24.20.100.6136, unified:24.20.100.6136)
[2018.11.24-20.15.21:553][  0]LogD3D11RHI:      Driver Date: 5-25-2018
[2018.11.24-20.15.21:553][  0]LogRHI: Texture pool is 1510 MB (70% of 2157 MB)
[2018.11.24-20.15.21:653][  0]LogD3D11RHI: Async texture creation enabled
[2018.11.24-20.15.21:684][  0]LogD3D11RHI: GPU Timing Frequency: 12.000048 (Debug: 2 0)
[2018.11.24-20.15.21:691][  0]LogShaderCompilers: Guid format shader working directory is -27 characters bigger than the processId version (../../../../../../Users/NIriz/OneDrive/Documents/Unreal Projects/NewWaldo/Intermediate/Shaders/WorkingDirectory/3224/).
[2018.11.24-20.15.21:691][  0]LogShaderCompilers: Cleaned the shader compiler working directory 'C:/Users/NIriz/AppData/Local/Temp/UnrealShaderWorkingDir/BD29616D4E94F2B4181A2799DD4B0F42/'.
[2018.11.24-20.15.23:177][  0]LogTemp: Display: Loaded TP AllDesktopTargetPlatform
[2018.11.24-20.15.23:226][  0]LogTemp: Display: Loaded TP MacClientTargetPlatform
[2018.11.24-20.15.23:280][  0]LogTemp: Display: Loaded TP MacNoEditorTargetPlatform
[2018.11.24-20.15.23:335][  0]LogTemp: Display: Loaded TP MacServerTargetPlatform
[2018.11.24-20.15.23:389][  0]LogTemp: Display: Loaded TP MacTargetPlatform
[2018.11.24-20.15.23:440][  0]LogTemp: Display: Loaded TP WindowsClientTargetPlatform
[2018.11.24-20.15.23:492][  0]LogTemp: Display: Loaded TP WindowsNoEditorTargetPlatform
[2018.11.24-20.15.23:541][  0]LogTemp: Display: Loaded TP WindowsServerTargetPlatform
[2018.11.24-20.15.23:565][  0]LogTemp: Display: Loaded TP WindowsTargetPlatform
[2018.11.24-20.15.23:777][  0]LogTemp: Display: Loaded TP AndroidTargetPlatform
[2018.11.24-20.15.23:777][  0]LogTemp: Display: Loaded TP AndroidTargetPlatform
[2018.11.24-20.15.23:777][  0]LogTemp: Display: Loaded TP AndroidTargetPlatform
[2018.11.24-20.15.23:777][  0]LogTemp: Display: Loaded TP AndroidTargetPlatform
[2018.11.24-20.15.23:777][  0]LogTemp: Display: Loaded TP AndroidTargetPlatform
[2018.11.24-20.15.23:777][  0]LogTemp: Display: Loaded TP AndroidTargetPlatform
[2018.11.24-20.15.23:777][  0]LogTemp: Display: Loaded TP AndroidTargetPlatform
[2018.11.24-20.15.23:777][  0]LogTemp: Display: Loaded TP AndroidTargetPlatform
[2018.11.24-20.15.23:777][  0]LogTemp: Display: Loaded TP AndroidTargetPlatform
[2018.11.24-20.15.23:777][  0]LogTemp: Display: Loaded TP AndroidTargetPlatform
[2018.11.24-20.15.23:777][  0]LogTemp: Display: Loaded TP AndroidTargetPlatform
[2018.11.24-20.15.23:778][  0]LogTemp: Display: Loaded TP AndroidTargetPlatform
[2018.11.24-20.15.23:778][  0]LogTemp: Display: Loaded TP AndroidTargetPlatform
[2018.11.24-20.15.23:778][  0]LogTemp: Display: Loaded TP AndroidTargetPlatform
[2018.11.24-20.15.23:778][  0]LogTemp: Display: Loaded TP AndroidTargetPlatform
[2018.11.24-20.15.23:778][  0]LogTemp: Display: Loaded TP AndroidTargetPlatform
[2018.11.24-20.15.23:778][  0]LogTemp: Display: Loaded TP AndroidTargetPlatform
[2018.11.24-20.15.23:778][  0]LogTemp: Display: Loaded TP AndroidTargetPlatform
[2018.11.24-20.15.23:782][  0]LogTemp: Display: Loaded TP HTML5TargetPlatform
[2018.11.24-20.15.23:889][  0]LogTemp: Display: Loaded TP IOSTargetPlatform
[2018.11.24-20.15.23:889][  0]LogTemp: Display: Loaded TP IOSTargetPlatform
[2018.11.24-20.15.23:942][  0]LogTemp: Display: Loaded TP TVOSTargetPlatform
[2018.11.24-20.15.23:942][  0]LogTemp: Display: Loaded TP TVOSTargetPlatform
[2018.11.24-20.15.23:970][  0]LogTemp: Display: Loaded TP LinuxClientTargetPlatform
[2018.11.24-20.15.24:003][  0]LogTemp: Display: Loaded TP LinuxNoEditorTargetPlatform
[2018.11.24-20.15.24:036][  0]LogTemp: Display: Loaded TP LinuxServerTargetPlatform
[2018.11.24-20.15.24:076][  0]LogTemp: Display: Loaded TP LinuxTargetPlatform
[2018.11.24-20.15.24:101][  0]LogTemp: Display: Loaded TP LuminTargetPlatform
[2018.11.24-20.15.24:101][  0]LogTargetPlatformManager: Display: Building Assets For Windows
[2018.11.24-20.15.24:313][  0]LogXGEController: Cleaning working directory: C:/Users/NIriz/AppData/Local/Temp/UnrealXGEWorkingDir/
[2018.11.24-20.15.24:315][  0]LogXGEController: Cannot use XGE Controller as Incredibuild is not installed on this machine.
[2018.11.24-20.15.24:315][  0]LogShaderCompilers: Cannot use XGE Shader Compiler as Incredibuild is not installed on this machine.
[2018.11.24-20.15.24:315][  0]LogShaderCompilers: Display: Using Local Shader Compiler.
[2018.11.24-20.15.26:657][  0]LogDerivedDataCache: Display: Max Cache Size: 512 MB
[2018.11.24-20.15.27:353][  0]LogDerivedDataCache: Loaded boot cache 0.70s 71MB C:/Users/NIriz/AppData/Local/UnrealEngine/4.20/DerivedDataCache/Boot.ddc.
[2018.11.24-20.15.27:354][  0]LogDerivedDataCache: Display: Loaded Boot cache: C:/Users/NIriz/AppData/Local/UnrealEngine/4.20/DerivedDataCache/Boot.ddc
[2018.11.24-20.15.27:355][  0]LogDerivedDataCache: FDerivedDataBackendGraph:  Pak pak cache file ../../../../../../Users/NIriz/OneDrive/Documents/Unreal Projects/NewWaldo/DerivedDataCache/DDC.ddp not found, will not use a pak cache.
[2018.11.24-20.15.27:355][  0]LogDerivedDataCache: Unable to find inner node Pak for hierarchical cache Hierarchy.
[2018.11.24-20.15.27:355][  0]LogDerivedDataCache: FDerivedDataBackendGraph:  CompressedPak pak cache file ../../../../../../Users/NIriz/OneDrive/Documents/Unreal Projects/NewWaldo/DerivedDataCache/Compressed.ddp not found, will not use a pak cache.
[2018.11.24-20.15.27:355][  0]LogDerivedDataCache: Unable to find inner node CompressedPak for hierarchical cache Hierarchy.
[2018.11.24-20.15.27:387][  0]LogDerivedDataCache: Display: Pak cache opened for reading ../../../Engine/DerivedDataCache/Compressed.ddp.
[2018.11.24-20.15.27:400][  0]LogDerivedDataCache: Using Local data cache path C:/Users/NIriz/AppData/Local/UnrealEngine/Common/DerivedDataCache: Writable
[2018.11.24-20.15.27:400][  0]LogDerivedDataCache: Shared data cache path not found in *engine.ini, will not use an Shared cache.
[2018.11.24-20.15.27:400][  0]LogDerivedDataCache: Unable to find inner node Shared for hierarchical cache Hierarchy.
[2018.11.24-20.15.27:531][  0]LogMaterial: Verifying Global Shaders for PCD3D_SM5
[2018.11.24-20.15.27:539][  0]LogSlate: Using FreeType 2.6.0
[2018.11.24-20.15.27:542][  0]LogSlate: SlateFontServices - WITH_FREETYPE: 1, WITH_HARFBUZZ: 1
[2018.11.24-20.15.27:689][  0]LogAssetRegistry: FAssetRegistry took 0.0298 seconds to start up
[2018.11.24-20.15.28:715][  0]LogInit: Selected Device Profile: [Windows]
[2018.11.24-20.15.29:123][  0]LogSimplygon: Simplygon DLL not present - disabling.
[2018.11.24-20.15.29:157][  0]LogMeshReduction: Using SimplygonSwarm for distributed automatic mesh merging
[2018.11.24-20.15.29:158][  0]LogMeshReduction: Using ProxyLODMeshReduction for automatic mesh merging
[2018.11.24-20.15.29:159][  0]LogMeshReduction: Using QuadricMeshReduction for automatic static mesh reduction
[2018.11.24-20.15.29:159][  0]LogMeshReduction: No automatic skeletal mesh reduction module available
[2018.11.24-20.15.29:215][  0]LogNetVersion: NewWaldo 1.0.0, NetCL: 4212847, EngineNetVer: 5, GameNetVer: 0 (Checksum: 3229626331)
[2018.11.24-20.15.30:681][  0]LogPackageLocalizationCache: Processed 11 localized package path(s) for 2 prioritized culture(s) in 0.255905 seconds
[2018.11.24-20.15.30:695][  0]LogUObjectArray: 38425 objects as part of root set at end of initial load.
[2018.11.24-20.15.30:695][  0]LogUObjectAllocator: 6690872 out of 0 bytes used by permanent object pool.
[2018.11.24-20.15.30:696][  0]LogUObjectArray: CloseDisregardForGC: 0/0 objects in disregard for GC pool
[2018.11.24-20.15.34:564][  0]LogTcpMessaging: Initializing TcpMessaging bridge
[2018.11.24-20.15.34:581][  0]LogUdpMessaging: Initializing bridge on interface 0.0.0.0:0 to multicast group 230.0.0.1:6666.
[2018.11.24-20.15.34:998][  0]SourceControl: Source control is disabled
[2018.11.24-20.15.36:184][  0]LogAndroidPermission: UAndroidPermissionCallbackProxy::GetInstance
[2018.11.24-20.15.36:357][  0]LogOcInput: OculusInput pre-init called
[2018.11.24-20.15.36:565][  0]LogEngine: Initializing Engine...
[2018.11.24-20.15.36:568][  0]LogHMD: Failed to initialize OpenVR with code 110
[2018.11.24-20.15.36:574][  0]LogStats: UGameplayTagsManager::ConstructGameplayTagTree: ImportINI prefixes -  0.000 s
[2018.11.24-20.15.36:574][  0]LogStats: UGameplayTagsManager::ConstructGameplayTagTree: Construct from data asset -  0.000 s
[2018.11.24-20.15.36:575][  0]LogStats: UGameplayTagsManager::ConstructGameplayTagTree: ImportINI -  0.000 s
[2018.11.24-20.15.36:575][  0]LogStats: UGameplayTagsManager::ConstructGameplayTagTree: GameplayTagTreeChangedEvent.Broadcast -  0.000 s
[2018.11.24-20.15.37:041][  0]LogInit: Initializing FReadOnlyCVARCache
[2018.11.24-20.15.37:120][  0]LogAIModule: Creating AISystem for world Untitled
[2018.11.24-20.15.37:152][  0]LogInit: XAudio2 using 'Headphones (Realtek High Definition Audio(SST))' : 2 channels at 48 kHz using 32 bits per sample (channel mask 0x3)
[2018.11.24-20.15.37:843][  0]LogInit: FAudioDevice initialized.
[2018.11.24-20.15.37:845][  0]LogNetVersion: Set ProjectVersion to 1.0.0.0. Version Checksum will be recalculated on next use.
[2018.11.24-20.15.37:944][  0]LogDerivedDataCache: Saved boot cache 0.10s 71MB C:/Users/NIriz/AppData/Local/UnrealEngine/4.20/DerivedDataCache/Boot.ddc.
[2018.11.24-20.15.37:945][  0]LogInit: Texture streaming: Enabled
[2018.11.24-20.15.37:987][  0]LogEngineSessionManager: EngineSessionManager initialized
[2018.11.24-20.15.37:988][  0]LogEngineSessionManager: EngineSessionManager sent abnormal shutdown report. Type=Crashed, SessionId={B4D280FF-4A0C-2291-105B-37BD7F9BE148}
[2018.11.24-20.15.38:016][  0]LogInit: Transaction tracking system initialized
[2018.11.24-20.15.38:103][  0]BlueprintLog: New page: Editor Load
[2018.11.24-20.15.38:392][  0]LocalizationService: Localization service is disabled
[2018.11.24-20.15.38:508][  0]LogLinker: Warning: Can't find file '/Game/FirstPersonBP/FirstPersonOverview'
[2018.11.24-20.15.38:508][  0]LogLinker: Warning: Can't find file '/Game/FirstPersonBP/FirstPersonOverview'
[2018.11.24-20.15.38:508][  0]LogUObjectGlobals: Warning: Failed to find object 'Class /Game/FirstPersonBP/FirstPersonOverview.FirstPersonOverview_C'
[2018.11.24-20.15.39:652][  0]LogCook: Display: Max memory allowance for cook 16384mb min free memory 0mb
[2018.11.24-20.15.39:652][  0]LogCook: Display: Mobile HDR setting 1
[2018.11.24-20.15.39:653][  0]LogGameplayTags: Display: UGameplayTagsManager::DoneAddingNativeTags. DelegateIsBound: 0
[2018.11.24-20.15.39:653][  0]LogStats: UGameplayTagsManager::ConstructGameplayTagTree: ImportINI prefixes -  0.000 s
[2018.11.24-20.15.39:653][  0]LogStats: UGameplayTagsManager::ConstructGameplayTagTree: Construct from data asset -  0.000 s
[2018.11.24-20.15.39:653][  0]LogStats: UGameplayTagsManager::ConstructGameplayTagTree: ImportINI -  0.000 s
[2018.11.24-20.15.39:653][  0]LogStats: UGameplayTagsManager::ConstructGameplayTagTree: GameplayTagTreeChangedEvent.Broadcast -  0.000 s
[2018.11.24-20.15.40:133][  0]LogFileCache: Scanning file cache for directory 'C:/Users/NIriz/OneDrive/Documents/Unreal Projects/NewWaldo/Content/' took 0.08s
[2018.11.24-20.15.40:133][  0]Cmd: MAP LOAD FILE="../../../../../../Users/NIriz/OneDrive/Documents/Unreal Projects/NewWaldo/Content/ThirdPersonBP/Maps/ThirdPersonExampleMap.umap" TEMPLATE=0 SHOWPROGRESS=1 FEATURELEVEL=3
[2018.11.24-20.15.40:134][  0]LogEditorServer: Warning: Can't find file '../../../../../../Users/NIriz/OneDrive/Documents/Unreal Projects/NewWaldo/Content/ThirdPersonBP/Maps/ThirdPersonExampleMap.umap'
[2018.11.24-20.15.40:135][  0]Cmd: MAP CHECKDEP NOCLEARLOG
[2018.11.24-20.15.40:366][  0]MapCheck: Map check complete: 0 Error(s), 0 Warning(s), took 231.003ms to complete.
[2018.11.24-20.15.40:366][  0]LogFileHelpers: Loading map 'ThirdPersonExampleMap' took 0.234
[2018.11.24-20.15.40:679][  0]LogSlate: Updating window title bar state: overlay mode, drag disabled, window buttons hidden, title bar hidden
[2018.11.24-20.15.40:713][  0]LogSlate: Updating window title bar state: overlay mode, drag disabled, window buttons hidden, title bar hidden
[2018.11.24-20.15.40:743][  0]LogSlate: Updating window title bar state: overlay mode, drag disabled, window buttons hidden, title bar hidden
[2018.11.24-20.15.40:772][  0]LogSlate: Updating window title bar state: overlay mode, drag disabled, window buttons hidden, title bar hidden
[2018.11.24-20.15.40:802][  0]LogCollectionManager: Loaded 0 collections in 0.007337 seconds
[2018.11.24-20.15.40:879][  0]LogFileCache: Scanning file cache for directory 'C:/Users/NIriz/OneDrive/Documents/Unreal Projects/NewWaldo/Saved/Collections/' took 0.01s
[2018.11.24-20.15.40:880][  0]LogFileCache: Scanning file cache for directory 'C:/Users/NIriz/OneDrive/Documents/Unreal Projects/NewWaldo/Content/Developers/NIriz/Collections/' took 0.01s
[2018.11.24-20.15.40:880][  0]LogFileCache: Scanning file cache for directory 'C:/Users/NIriz/OneDrive/Documents/Unreal Projects/NewWaldo/Content/Collections/' took 0.01s
[2018.11.24-20.15.40:880][  0]LogCollectionManager: Rebuilt the GUID cache for 0 collections in 0.000001 seconds
[2018.11.24-20.15.40:919][  0]LogContentBrowser: Native class hierarchy populated in 0.0369 seconds. Added 2572 classes and 603 folders.
[2018.11.24-20.15.40:961][  0]LogContentBrowser: Native class hierarchy updated for 'WidgetCarousel' in 0.0011 seconds. Added 0 classes and 0 folders.
[2018.11.24-20.15.41:465][  0]LogContentBrowser: Native class hierarchy updated for 'AddContentDialog' in 0.0006 seconds. Added 0 classes and 0 folders.
[2018.11.24-20.15.41:481][  0]LogContentBrowser: Native class hierarchy updated for 'SceneOutliner' in 0.0006 seconds. Added 1 classes and 2 folders.
[2018.11.24-20.15.41:683][  0]LogSlate: Took 0.000572 seconds to synchronously load lazily loaded font '../../../Engine/Content/Slate/Fonts/Roboto-Regular.ttf' (155K)
[2018.11.24-20.15.41:689][  0]LogSlate: Took 0.000560 seconds to synchronously load lazily loaded font '../../../Engine/Content/Slate/Fonts/Roboto-Bold.ttf' (160K)
[2018.11.24-20.15.41:715][  0]LogSlate: Took 0.008435 seconds to synchronously load lazily loaded font '../../../Engine/Content/Editor/Slate/Fonts/FontAwesome.ttf' (139K)
[2018.11.24-20.15.42:017][  0]LogRenderer: Reallocating scene render targets to support 796x444 Format 9 NumSamples 1 (Frame:1).
[2018.11.24-20.15.42:322][  0]LogContentBrowser: Native class hierarchy updated for 'HierarchicalLODOutliner' in 0.0006 seconds. Added 0 classes and 0 folders.
[2018.11.24-20.15.42:323][  0]LogLoad: (Engine Initialization) Total time: 33.24 seconds
[2018.11.24-20.15.42:323][  0]LogLoad: (Engine Initialization) Total Blueprint compile time: 0.00 seconds
[2018.11.24-20.15.42:347][  0]LogWindowsTextInputMethodSystem: Display: IME system now deactivated.
[2018.11.24-20.15.42:390][  0]LogContentStreaming: Texture pool size now 600 MB
[2018.11.24-20.15.43:647][ 11]LogSlate: Took 0.004152 seconds to synchronously load lazily loaded font '../../../Engine/Content/Slate/Fonts/Roboto-Light.ttf' (167K)
[2018.11.24-20.15.44:029][ 16]LogAssetRegistry: Asset discovery search completed in 16.3614 seconds
[2018.11.24-20.15.44:038][ 16]LogCollectionManager: Rebuilt the object cache for 0 collections in 0.000001 seconds (found 0 objects)
[2018.11.24-20.15.44:038][ 16]LogCollectionManager: Fixed up redirectors for 0 collections in 0.000256 seconds (updated 0 objects)
[2018.11.24-20.15.54:080][263]LogSlate: FSceneViewport::OnFocusLost() reason 2
[2018.11.24-20.16.01:387][464]LogAssetEditorManager: Opening Asset editor for Blueprint /Game/BluePrints/Spawning/NoSpawnVolume.NoSpawnVolume
[2018.11.24-20.16.03:550][464]LogContentBrowser: Native class hierarchy updated for 'BlueprintGraph' in 0.0015 seconds. Added 116 classes and 0 folders.
[2018.11.24-20.16.05:235][464]LogSlate: Took 0.002904 seconds to synchronously load lazily loaded font '../../../Engine/Content/Slate/Fonts/Roboto-BoldCondensed.ttf' (158K)
[2018.11.24-20.16.12:613][581]LogSlate: Took 0.001661 seconds to synchronously load lazily loaded font '../../../Engine/Content/Slate/Fonts/Roboto-Italic.ttf' (157K)
[2018.11.24-20.16.31:075][837]LogSlate: Window 'NoSpawnVolume' being destroyed
[2018.11.24-20.16.36:182][956]LogSlate: FSceneViewport::OnFocusLost() reason 0
[2018.11.24-20.16.43:484][ 72]LogLinker: Warning: Can't find file '/Game/Audio/leftwalk'
[2018.11.24-20.16.43:484][ 72]LogLinker: Warning: Can't find file for asset '/Game/Audio/leftwalk' while loading ../../../../../../Users/NIriz/OneDrive/Documents/Unreal Projects/NewWaldo/Content/Waldo/Animation/waldo_walk_Anim.uasset.
[2018.11.24-20.16.43:485][ 72]LoadErrors: Error: /Game/Waldo/Animation/waldo_walk_Anim : Can't find file for asset. /Game/Audio/leftwalk
[2018.11.24-20.16.43:485][ 72]LogLinker: Warning: Can't find file '/Game/Audio/rightwalk'
[2018.11.24-20.16.43:485][ 72]LogLinker: Warning: Can't find file for asset '/Game/Audio/rightwalk' while loading ../../../../../../Users/NIriz/OneDrive/Documents/Unreal Projects/NewWaldo/Content/Waldo/Animation/waldo_walk_Anim.uasset.
[2018.11.24-20.16.43:486][ 72]LoadErrors: Error: /Game/Waldo/Animation/waldo_walk_Anim : Can't find file for asset. /Game/Audio/rightwalk
[2018.11.24-20.16.43:487][ 72]LogLinker: Warning: Can't find file '/Game/Audio/leftwalk'
[2018.11.24-20.16.43:488][ 72]LogLinker: Warning: Can't find file for asset '/Game/Audio/leftwalk' while loading ../../../../../../Users/NIriz/OneDrive/Documents/Unreal Projects/NewWaldo/Content/Waldo/Animation/waldo_walk_Anim.uasset.
[2018.11.24-20.16.43:488][ 72]LogLinker: Warning: Can't find file '/Game/Audio/rightwalk'
[2018.11.24-20.16.43:488][ 72]LogLinker: Warning: Can't find file for asset '/Game/Audio/rightwalk' while loading ../../../../../../Users/NIriz/OneDrive/Documents/Unreal Projects/NewWaldo/Content/Waldo/Animation/waldo_walk_Anim.uasset.
[2018.11.24-20.16.47:017][ 72]LogLinker: Warning: Can't find file '/Game/Audio/rightwalk'
[2018.11.24-20.16.47:017][ 72]LoadErrors: Failed to load /Game/Audio/rightwalk.rightwalk Referenced by AnimNotify_PlaySound_0
[2018.11.24-20.16.47:018][ 72]LogLinker: Warning: Can't find file for asset '/Game/Audio/rightwalk' while loading NULL.
[2018.11.24-20.16.47:018][ 72]LogLinker: Warning: Can't find file '/Game/Audio/leftwalk'
[2018.11.24-20.16.47:019][ 72]LoadErrors: Failed to load /Game/Audio/leftwalk.leftwalk Referenced by AnimNotify_PlaySound_1
[2018.11.24-20.16.47:019][ 72]LogLinker: Warning: Can't find file for asset '/Game/Audio/leftwalk' while loading NULL.
[2018.11.24-20.16.50:564][ 72]LogAIModule: Creating AISystem for world world
[2018.11.24-20.16.50:883][ 72]LogAssetEditorManager: Opening Asset editor for World /Game/ThirdPersonBP/Maps/world.world
[2018.11.24-20.16.50:968][ 72]Cmd: MAP LOAD FILE="../../../../../../Users/NIriz/OneDrive/Documents/Unreal Projects/NewWaldo/Content/ThirdPersonBP/Maps/world.umap" TEMPLATE=0 SHOWPROGRESS=1 FEATURELEVEL=3
[2018.11.24-20.16.50:968][ 72]LightingResults: New page: Lighting Build
[2018.11.24-20.16.50:978][ 72]LogContentBrowser: Native class hierarchy updated for 'StatsViewer' in 0.0005 seconds. Added 5 classes and 0 folders.
[2018.11.24-20.16.50:980][ 72]LoadErrors: New page: Loading map: world.umap
[2018.11.24-20.16.50:981][ 72]MapCheck: New page: Map Check
[2018.11.24-20.16.50:981][ 72]LightingResults: New page: Lighting Build
[2018.11.24-20.16.52:083][ 72]LogEditorServer: Finished looking for orphan Actors (0.000 secs)
[2018.11.24-20.16.52:286][ 72]Cmd: MAP CHECKDEP NOCLEARLOG
[2018.11.24-20.16.52:749][ 72]MapCheck: Map check complete: 0 Error(s), 0 Warning(s), took 462.887ms to complete.
[2018.11.24-20.16.52:758][ 72]LogFileHelpers: Loading map 'world' took 1.792
[2018.11.24-20.17.24:627][450]LogEditorViewport: Clicking on Actor (LMB): NoSpawnVolume_C (NoSpawnVolume8)
[2018.11.24-20.17.33:607][571]LogSlate: FSceneViewport::OnFocusLost() reason 0
[2018.11.24-20.17.36:565][572]LogSavePackage: Moving '../../../../../../Users/NIriz/OneDrive/Documents/Unreal Projects/NewWaldo/Saved/worldB705C6CD49E12A2BFE249C83517B2B89.tmp' to '../../../../../../Users/NIriz/OneDrive/Documents/Unreal Projects/NewWaldo/Content/ThirdPersonBP/Maps/world.umap'
[2018.11.24-20.17.44:498][572]LogSavePackage: Moving '../../../../../../Users/NIriz/OneDrive/Documents/Unreal Projects/NewWaldo/Saved/world_BuiltData23CDE7E040594B8F3236DD94AC710AFE.tmp' to '../../../../../../Users/NIriz/OneDrive/Documents/Unreal Projects/NewWaldo/Content/ThirdPersonBP/Maps/world_BuiltData.uasset'
[2018.11.24-20.18.08:728][904]LogAudio: Warning: Current Audio Device with ID {0.0.0.00000000}.{c12a2a3d-5790-45ce-bc79-6fa25b4c22cd} was removed. Shutting down audio device.
[2018.11.24-20.18.08:901][904]LogInit: XAudio2 using 'Speakers (Realtek High Definition Audio(SST))' : 2 channels at 48 kHz using 32 bits per sample (channel mask 0x3)
[2018.11.24-20.18.10:201][917]LogInit: XAudio2 using 'Speakers (Realtek High Definition Audio(SST))' : 2 channels at 48 kHz using 32 bits per sample (channel mask 0x3)
[2018.11.24-20.18.39:044][349]LogSlate: FSceneViewport::OnFocusLost() reason 0
[2018.11.24-20.18.44:819][447]LogSlate: FSceneViewport::OnFocusLost() reason 0
[2018.11.24-20.19.03:986][776]LogD3D11RHI: Timed out while waiting for GPU to catch up. (0.5 s)
[2018.11.24-20.19.04:006][776]LogD3D11RHI: Error: Result failed 
 at D:\Build\++UE4\Sync\Engine\Source\Runtime\Windows\D3D11RHI\Private\D3D11Viewport.cpp:304 
 with error DXGI_ERROR_DEVICE_REMOVED DXGI_ERROR_DEVICE_HUNG
[2018.11.24-20.19.04:006][776]LogD3D11RHI: [Aftermath] GDynamicRHI=000001DF2A38C100, GDX11NVAfterMathEnabled=0, Result=0xFFFFFFFF, bDeviceActive=0
[2018.11.24-20.19.04:006][776]LogWindows: Windows GetLastError: The operation completed successfully. (0)
[2018.11.24-20.19.07:884][776]LogWindows: Windows GetLastError: The operation completed successfully. (0)
[2018.11.24-20.19.07:884][776]LogWindows: Error: === Critical error: ===
[2018.11.24-20.19.07:884][776]LogWindows: Error: 
[2018.11.24-20.19.07:884][776]LogWindows: Error: Fatal error: [File:D:\Build\++UE4\Sync\Engine\Source\Runtime\RenderCore\Private\RenderingThread.cpp] [Line: 826] 
[2018.11.24-20.19.07:884][776]LogWindows: Error: Rendering thread exception:
[2018.11.24-20.19.07:884][776]LogWindows: Error: Fatal error: [File:D:\Build\++UE4\Sync\Engine\Source\Runtime\Windows\D3D11RHI\Private\D3D11Util.cpp] [Line: 200] 
[2018.11.24-20.19.07:884][776]LogWindows: Error: Unreal Engine is exiting due to D3D device being lost. (Error: 0x887A0006 - 'HUNG')
[2018.11.24-20.19.07:884][776]LogWindows: Error: 
[2018.11.24-20.19.07:884][776]LogWindows: Error: 
[2018.11.24-20.19.07:884][776]LogWindows: Error: [Callstack] 0x00007ffc7d79a388 KERNELBASE.dll!UnknownFunction []
[2018.11.24-20.19.07:884][776]LogWindows: Error: [Callstack] 0x00007ffc5ca46850 UE4Editor-ApplicationCore.dll!UnknownFunction []
[2018.11.24-20.19.07:884][776]LogWindows: Error: [Callstack] 0x00007ffc3b1562ec UE4Editor-Core.dll!UnknownFunction []
[2018.11.24-20.19.07:884][776]LogWindows: Error: [Callstack] 0x00007ffc3b0e51cb UE4Editor-Core.dll!UnknownFunction []
[2018.11.24-20.19.07:884][776]LogWindows: Error: [Callstack] 0x00007ffc2a8eadea UE4Editor-D3D11RHI.dll!UnknownFunction []
[2018.11.24-20.19.07:884][776]LogWindows: Error: [Callstack] 0x00007ffc2a8ee6e4 UE4Editor-D3D11RHI.dll!UnknownFunction []
[2018.11.24-20.19.07:885][776]LogWindows: Error: [Callstack] 0x00007ffc2a8cd0aa UE4Editor-D3D11RHI.dll!UnknownFunction []
[2018.11.24-20.19.07:885][776]LogWindows: Error: [Callstack] 0x00007ffc2a8dab70 UE4Editor-D3D11RHI.dll!UnknownFunction []
[2018.11.24-20.19.07:885][776]LogWindows: Error: [Callstack] 0x00007ffc5bacb106 UE4Editor-RHI.dll!UnknownFunction []
[2018.11.24-20.19.07:885][776]LogWindows: Error: [Callstack] 0x00007ffc1a081b42 UE4Editor-SlateRHIRenderer.dll!UnknownFunction []
[2018.11.24-20.19.07:885][776]LogWindows: Error: [Callstack] 0x00007ffc1a087d0a UE4Editor-SlateRHIRenderer.dll!UnknownFunction []
[2018.11.24-20.19.07:885][776]LogWindows: Error: [Callstack] 0x00007ffc3af71f92 UE4Editor-Core.dll!UnknownFunction []
[2018.11.24-20.19.07:885][776]LogWindows: Error: [Callstack] 0x00007ffc3af72456 UE4Editor-Core.dll!UnknownFunction []
[2018.11.24-20.19.07:885][776]LogWindows: Error: [Callstack] 0x00007ffc6bb975f9 UE4Editor-RenderCore.dll!UnknownFunction []
[2018.11.24-20.19.07:885][776]LogWindows: Error: [Callstack] 0x00007ffc6bb98574 UE4Editor-RenderCore.dll!UnknownFunction []
[2018.11.24-20.19.07:885][776]LogWindows: Error: [Callstack] 0x00007ffc3b3b6b6c UE4Editor-Core.dll!UnknownFunction []
[2018.11.24-20.19.07:885][776]LogWindows: Error: [Callstack] 0x00007ffc3b3b17b7 UE4Editor-Core.dll!UnknownFunction []
[2018.11.24-20.19.07:885][776]LogWindows: Error: [Callstack] 0x00007ffc7dba3034 KERNEL32.DLL!UnknownFunction []
[2018.11.24-20.19.07:885][776]LogWindows: Error: [Callstack] 0x00007ffc805e1471 ntdll.dll!UnknownFunction []
[2018.11.24-20.19.07:885][776]LogWindows: Error: 
[2018.11.24-20.19.07:885][776]LogWindows: Error: 
[2018.11.24-20.19.07:885][776]LogWindows: Error: 
[2018.11.24-20.19.07:885][776]LogWindows: Error: 
[2018.11.24-20.19.07:918][776]LogExit: Executing StaticShutdownAfterError
[2018.11.24-20.19.07:932][776]LogWindows: FPlatformMisc::RequestExit(1)
[2018.11.24-20.19.07:938][776]Log file closed, 11/24/18 15:19:07
