Log file open, 11/29/18 13:17:56
LogWindows: Failed to load 'aqProf.dll' (GetLastError=126)
LogWindows: File 'aqProf.dll' does not exist
LogWindows: Failed to load 'VSPerf140.dll' (GetLastError=126)
LogWindows: File 'VSPerf140.dll' does not exist
LogWindows: Failed to load 'VtuneApi.dll' (GetLastError=126)
LogWindows: File 'VtuneApi.dll' does not exist
LogWindows: Failed to load 'VtuneApi32e.dll' (GetLastError=126)
LogWindows: File 'VtuneApi32e.dll' does not exist
LogInit: Display: Running engine for game: NewWaldo
LogPlatformFile: Not using cached read wrapper
LogTaskGraph: Started task graph with 5 named threads and 14 total threads with 3 sets of task threads.
LogStats: Stats thread started at 0.196194
LogD3D11RHI: Loaded GFSDK_Aftermath_Lib.x64.dll
LogICUInternationalization: Display: ICU TimeZone Detection - Raw Offset: -5:00, Platform Override: ''
LogPluginManager: Mounting plugin Paper2D
LogPluginManager: Mounting plugin AISupport
LogPluginManager: Mounting plugin LightPropagationVolume
LogPluginManager: Mounting plugin CLionSourceCodeAccess
LogPluginManager: Mounting plugin CodeLiteSourceCodeAccess
LogPluginManager: Mounting plugin GitSourceControl
LogPluginManager: Mounting plugin KDevelopSourceCodeAccess
LogPluginManager: Mounting plugin NullSourceCodeAccess
LogPluginManager: Mounting plugin PerforceSourceControl
LogPluginManager: Mounting plugin SubversionSourceControl
LogPluginManager: Mounting plugin UObjectPlugin
LogPluginManager: Mounting plugin VisualStudioCodeSourceCodeAccess
LogPluginManager: Mounting plugin VisualStudioSourceCodeAccess
LogPluginManager: Mounting plugin XCodeSourceCodeAccess
LogPluginManager: Mounting plugin AssetManagerEditor
LogPluginManager: Mounting plugin CryptoKeys
LogPluginManager: Mounting plugin DataValidation
LogPluginManager: Mounting plugin FacialAnimation
LogPluginManager: Mounting plugin GameplayTagsEditor
LogPluginManager: Mounting plugin MacGraphicsSwitching
LogPluginManager: Mounting plugin MeshEditor
LogPluginManager: Mounting plugin MobileLauncherProfileWizard
LogPluginManager: Mounting plugin PluginBrowser
LogPluginManager: Mounting plugin SpeedTreeImporter
LogPluginManager: Mounting plugin DatasmithContent
LogPluginManager: Mounting plugin AlembicImporter
LogPluginManager: Mounting plugin AppleImageUtils
LogPluginManager: Mounting plugin AppleVision
LogPluginManager: Mounting plugin BackChannel
LogPluginManager: Mounting plugin CharacterAI
LogPluginManager: Mounting plugin GeometryCache
LogPluginManager: Mounting plugin HTML5Networking
LogPluginManager: Mounting plugin ProxyLODPlugin
LogPluginManager: Mounting plugin MagicLeap
LogPluginManager: Mounting plugin MagicLeapEmulator
LogPluginManager: Mounting plugin MagicLeapMedia
LogPluginManager: Mounting plugin AndroidMedia
LogPluginManager: Mounting plugin AvfMedia
LogPluginManager: Mounting plugin ImgMedia
LogPluginManager: Mounting plugin LinearTimecode
LogPluginManager: Mounting plugin MediaCompositing
LogPluginManager: Mounting plugin MediaPlayerEditor
LogPluginManager: Mounting plugin WmfMedia
LogPluginManager: Mounting plugin TcpMessaging
LogPluginManager: Mounting plugin UdpMessaging
LogPluginManager: Mounting plugin ActorSequence
LogPluginManager: Mounting plugin LevelSequenceEditor
LogPluginManager: Mounting plugin MatineeToLevelSequence
LogPluginManager: Mounting plugin NetcodeUnitTest
LogPluginManager: Mounting plugin NUTUnrealEngine4
LogPluginManager: Mounting plugin OnlineSubsystemGooglePlay
LogPluginManager: Mounting plugin OnlineSubsystemIOS
LogPluginManager: Mounting plugin OnlineSubsystem
LogPluginManager: Mounting plugin OnlineSubsystemNull
LogPluginManager: Mounting plugin OnlineSubsystemUtils
LogPluginManager: Mounting plugin LauncherChunkInstaller
LogPluginManager: Mounting plugin AndroidDeviceProfileSelector
LogPluginManager: Mounting plugin AndroidMoviePlayer
LogPluginManager: Mounting plugin AndroidPermission
LogPluginManager: Mounting plugin AppleMoviePlayer
LogPluginManager: Mounting plugin ArchVisCharacter
LogPluginManager: Mounting plugin AudioCapture
LogPluginManager: Mounting plugin CableComponent
LogPluginManager: Mounting plugin CustomMeshComponent
LogPluginManager: Mounting plugin EditableMesh
LogPluginManager: Mounting plugin ExampleDeviceProfileSelector
LogPluginManager: Mounting plugin GoogleCloudMessaging
LogPluginManager: Mounting plugin ImmediatePhysics
LogPluginManager: Mounting plugin IOSDeviceProfileSelector
LogPluginManager: Mounting plugin LinuxDeviceProfileSelector
LogPluginManager: Mounting plugin LocationServicesBPLibrary
LogPluginManager: Mounting plugin MobilePatchingUtils
LogPluginManager: Mounting plugin OculusVR
LogPluginManager: Plugin shader directory ../../../Engine/Plugins/Runtime/Oculus/OculusVR/Shaders found
LogPluginManager: Mapping shader source directory ../../../Engine/Plugins/Runtime/Oculus/OculusVR/Shaders to virtual directory /Plugin/OculusVR
LogPluginManager: Mounting plugin PhysXVehicles
LogPluginManager: Mounting plugin ProceduralMeshComponent
LogPluginManager: Mounting plugin RuntimePhysXCooking
LogPluginManager: Mounting plugin SteamVR
LogPluginManager: Mounting plugin WindowsMoviePlayer
LogStreaming: Display: Took  0.107s to configure plugins.
LogInit: Using libcurl 7.55.1-DEV
LogInit:  - built for x86_64-pc-win32
LogInit:  - supports SSL with OpenSSL/1.0.2h
LogInit:  - supports HTTP deflate (compression) using libz 1.2.8
LogInit:  - other features:
LogInit:      CURL_VERSION_SSL
LogInit:      CURL_VERSION_LIBZ
LogInit:      CURL_VERSION_IPV6
LogInit:      CURL_VERSION_ASYNCHDNS
LogInit:      CURL_VERSION_LARGEFILE
LogInit:      CURL_VERSION_IDN
LogInit:  CurlRequestOptions (configurable via config and command line):
LogInit:  - bVerifyPeer = false  - Libcurl will NOT verify peer certificate
LogInit:  - bUseHttpProxy = false  - Libcurl will NOT use HTTP proxy
LogInit:  - bDontReuseConnections = false  - Libcurl will reuse connections
LogInit:  - CertBundlePath = nullptr  - Libcurl will use whatever was configured at build time.
LogInit:  - MaxHostConnections = 16  - Libcurl will limit the number of connections to a host
LogInit:  - LocalHostAddr = Default
LogInit:  - BufferSize = 65536
LogInit: WinSock: version 1.1 (2.2), MaxSocks=32767, MaxUdp=65467
LogInit: Build: ++UE4+Release-4.20-CL-4369336
LogInit: Engine Version: 4.20.3-4369336+++UE4+Release-4.20
LogInit: Compatible Engine Version: 4.20.0-4212847+++UE4+Release-4.20
LogInit: Net CL: 4212847
LogInit: OS: Windows 10 (), CPU: Intel(R) Core(TM) i5-7500 CPU @ 3.40GHz, GPU: Intel(R) HD Graphics 630
LogInit: Compiled (64-bit): Sep 17 2018 12:26:19
LogInit: Compiled with Visual C++: 19.13.26129.00
LogInit: Build Configuration: Development
LogInit: Branch Name: ++UE4+Release-4.20
LogInit: Command Line: 
LogInit: Base Directory: C:/Program Files/Epic Games/UE_4.20/Engine/Binaries/Win64/
LogInit: Installed Engine Build: 1
LogDevObjectVersion: Number of dev versions registered: 20
LogDevObjectVersion:   Dev-Blueprints (B0D832E4-1F89-4F0D-ACCF-7EB736FD4AA2): 10
LogDevObjectVersion:   Dev-Build (E1C64328-A22C-4D53-A36C-8E866417BD8C): 0
LogDevObjectVersion:   Dev-Core (375EC13C-06E4-48FB-B500-84F0262A717E): 2
LogDevObjectVersion:   Dev-Editor (E4B068ED-F494-42E9-A231-DA0B2E46BB41): 24
LogDevObjectVersion:   Dev-Framework (CFFC743F-43B0-4480-9391-14DF171D2073): 34
LogDevObjectVersion:   Dev-Mobile (B02B49B5-BB20-44E9-A304-32B752E40360): 2
LogDevObjectVersion:   Dev-Networking (A4E4105C-59A1-49B5-A7C5-40C4547EDFEE): 0
LogDevObjectVersion:   Dev-Online (39C831C9-5AE6-47DC-9A44-9C173E1C8E7C): 0
LogDevObjectVersion:   Dev-Physics (78F01B33-EBEA-4F98-B9B4-84EACCB95AA2): 0
LogDevObjectVersion:   Dev-Platform (6631380F-2D4D-43E0-8009-CF276956A95A): 0
LogDevObjectVersion:   Dev-Rendering (12F88B9F-8875-4AFC-A67C-D90C383ABD29): 26
LogDevObjectVersion:   Dev-Sequencer (7B5AE74C-D270-4C10-A958-57980B212A5A): 9
LogDevObjectVersion:   Dev-VR (D7296918-1DD6-4BDD-9DE2-64A83CC13884): 2
LogDevObjectVersion:   Dev-LoadTimes (C2A15278-BFE7-4AFE-6C17-90FF531DF755): 1
LogDevObjectVersion:   Private-Geometry (6EACA3D4-40EC-4CC1-B786-8BED09428FC5): 3
LogDevObjectVersion:   Dev-AnimPhys (29E575DD-E0A3-4627-9D10-D276232CDCEA): 17
LogDevObjectVersion:   Dev-ReflectionCapture (6B266CEC-1EC7-4B8F-A30B-E4D90942FC07): 1
LogDevObjectVersion:   Dev-Automation (0DF73D61-A23F-47EA-B727-89E90C41499A): 1
LogDevObjectVersion:   FortniteMain (601D1886-AC64-4F84-AA16-D3DE0DEAC7D6): 12
LogDevObjectVersion:   Dev-Enterprise (9DFFBCD6-494F-0158-E221-12823C92A888): 1
LogStreaming: Display: Took  0.009s to delete old logs.
LogInit: Presizing for max 8388607 objects, including 0 objects not considered by GC, pre-allocating 0 bytes for permanent pool.
LogInit: Object subsystem initialized
[2018.11.29-18.17.56:702][  0]LogInit: Selected Device Profile: [Windows]
[2018.11.29-18.17.56:702][  0]LogInit: Applying CVar settings loaded from the selected device profile: [Windows]
[2018.11.29-18.17.56:720][  0]LogHAL: Display: Platform has ~ 8 GB [8468369408 / 8589934592 / 8], which maps to Default [LargestMinGB=32, LargerMinGB=12, DefaultMinGB=8, SmallerMinGB=6, SmallestMinGB=0)
[2018.11.29-18.17.56:720][  0]LogInit: Setting Device Profile CVar: [[r.Vulkan.UseRealUBs:1]]
[2018.11.29-18.17.56:720][  0]LogInit: Going up to parent DeviceProfile []
[2018.11.29-18.17.56:721][  0]LogInit: Computer: DESKTOP-NEYSHA
[2018.11.29-18.17.56:721][  0]LogInit: User: Neysha
[2018.11.29-18.17.56:721][  0]LogInit: CPU Page size=4096, Cores=4
[2018.11.29-18.17.56:721][  0]LogInit: High frequency timer resolution =3.328122 MHz
[2018.11.29-18.17.56:721][  0]LogMemory: Memory total: Physical=7.9GB (8GB approx)
[2018.11.29-18.17.56:721][  0]LogMemory: Platform Memory Stats for Windows
[2018.11.29-18.17.56:721][  0]LogMemory: Process Physical Memory: 101.35 MB used, 101.35 MB peak
[2018.11.29-18.17.56:721][  0]LogMemory: Process Virtual Memory: 92.77 MB used, 92.77 MB peak
[2018.11.29-18.17.56:721][  0]LogMemory: Physical Memory: 5874.22 MB used,  2201.85 MB free, 8076.07 MB total
[2018.11.29-18.17.56:721][  0]LogMemory: Virtual Memory: 4633.48 MB used,  2201.85 MB free, 134217728.00 MB total
[2018.11.29-18.17.56:736][  0]LogInit: Using OS detected language (en-US).
[2018.11.29-18.17.56:736][  0]LogInit: Using OS detected locale (en-US).
[2018.11.29-18.17.56:737][  0]LogTextLocalizationManager: No specific localization for 'en-US' exists, so the 'en' localization will be used.
[2018.11.29-18.17.57:084][  0]LogStreaming: Display: Took  0.348s to InitEngineTextLocalization.
[2018.11.29-18.17.57:084][  0]LogInit: Setting process to per monitor DPI aware
[2018.11.29-18.17.57:111][  0]LogSlate: New Slate User Created.  User Index 0, Is Virtual User: 0
[2018.11.29-18.17.57:111][  0]LogSlate: Slate User Registered.  User Index 0, Is Virtual User: 0
[2018.11.29-18.17.57:429][  0]LogHMD: Failed to initialize OpenVR with code 110
[2018.11.29-18.17.57:429][  0]LogD3D11RHI: D3D11 adapters:
[2018.11.29-18.17.57:454][  0]LogD3D11RHI:    0. 'Intel(R) HD Graphics 630' (Feature Level 11_0)
[2018.11.29-18.17.57:454][  0]LogD3D11RHI:       128/0/4038 MB DedicatedVideo/DedicatedSystem/SharedSystem, Outputs:2, VendorId:0x8086
[2018.11.29-18.17.57:456][  0]LogD3D11RHI:    1. 'Microsoft Basic Render Driver' (Feature Level 11_0)
[2018.11.29-18.17.57:456][  0]LogD3D11RHI:       0/0/4038 MB DedicatedVideo/DedicatedSystem/SharedSystem, Outputs:0, VendorId:0x1414
[2018.11.29-18.17.57:456][  0]LogD3D11RHI: Chosen D3D11 Adapter: 0
[2018.11.29-18.17.57:462][  0]LogD3D11RHI: Creating new Direct3DDevice
[2018.11.29-18.17.57:462][  0]LogD3D11RHI:     GPU DeviceId: 0x5912 (for the marketing name, search the web for "GPU Device Id")
[2018.11.29-18.17.57:462][  0]LogWindows: EnumDisplayDevices:
[2018.11.29-18.17.57:462][  0]LogWindows:    0. 'Intel(R) HD Graphics 630' (P:1 D:1)
[2018.11.29-18.17.57:463][  0]LogWindows:    1. 'Intel(R) HD Graphics 630' (P:0 D:1)
[2018.11.29-18.17.57:463][  0]LogWindows:    2. 'Intel(R) HD Graphics 630' (P:0 D:0)
[2018.11.29-18.17.57:463][  0]LogWindows: DebugString: FoundDriverCount:3 
[2018.11.29-18.17.57:463][  0]LogD3D11RHI:     Adapter Name: Intel(R) HD Graphics 630
[2018.11.29-18.17.57:463][  0]LogD3D11RHI:   Driver Version: 23.20.16.4973 (internal:23.20.16.4973, unified:23.20.16.4973)
[2018.11.29-18.17.57:463][  0]LogD3D11RHI:      Driver Date: 2-28-2018
[2018.11.29-18.17.57:463][  0]LogRHI: Texture pool is 1502 MB (70% of 2147 MB)
[2018.11.29-18.17.57:488][  0]LogD3D11RHI: Async texture creation enabled
[2018.11.29-18.17.57:493][  0]LogD3D11RHI: GPU Timing Frequency: 12.000048 (Debug: 2 0)
[2018.11.29-18.17.57:494][  0]LogShaderCompilers: Guid format shader working directory is -10 characters bigger than the processId version (../../../../../../Users/Neysha/Documents/GitHub/NewWaldo/Intermediate/Shaders/WorkingDirectory/22188/).
[2018.11.29-18.17.57:494][  0]LogShaderCompilers: Cleaned the shader compiler working directory 'C:/Users/Neysha/AppData/Local/Temp/UnrealShaderWorkingDir/45B987C1499A24CA5DDC1C945E28F0B9/'.
[2018.11.29-18.17.57:759][  0]LogTemp: Display: Loaded TP AllDesktopTargetPlatform
[2018.11.29-18.17.57:771][  0]LogTemp: Display: Loaded TP MacClientTargetPlatform
[2018.11.29-18.17.57:783][  0]LogTemp: Display: Loaded TP MacNoEditorTargetPlatform
[2018.11.29-18.17.57:795][  0]LogTemp: Display: Loaded TP MacServerTargetPlatform
[2018.11.29-18.17.57:808][  0]LogTemp: Display: Loaded TP MacTargetPlatform
[2018.11.29-18.17.57:819][  0]LogTemp: Display: Loaded TP WindowsClientTargetPlatform
[2018.11.29-18.17.57:831][  0]LogTemp: Display: Loaded TP WindowsNoEditorTargetPlatform
[2018.11.29-18.17.57:843][  0]LogTemp: Display: Loaded TP WindowsServerTargetPlatform
[2018.11.29-18.17.57:849][  0]LogTemp: Display: Loaded TP WindowsTargetPlatform
[2018.11.29-18.17.57:923][  0]LogTemp: Display: Loaded TP AndroidTargetPlatform
[2018.11.29-18.17.57:923][  0]LogTemp: Display: Loaded TP AndroidTargetPlatform
[2018.11.29-18.17.57:923][  0]LogTemp: Display: Loaded TP AndroidTargetPlatform
[2018.11.29-18.17.57:923][  0]LogTemp: Display: Loaded TP AndroidTargetPlatform
[2018.11.29-18.17.57:923][  0]LogTemp: Display: Loaded TP AndroidTargetPlatform
[2018.11.29-18.17.57:923][  0]LogTemp: Display: Loaded TP AndroidTargetPlatform
[2018.11.29-18.17.57:923][  0]LogTemp: Display: Loaded TP AndroidTargetPlatform
[2018.11.29-18.17.57:923][  0]LogTemp: Display: Loaded TP AndroidTargetPlatform
[2018.11.29-18.17.57:923][  0]LogTemp: Display: Loaded TP AndroidTargetPlatform
[2018.11.29-18.17.57:923][  0]LogTemp: Display: Loaded TP AndroidTargetPlatform
[2018.11.29-18.17.57:923][  0]LogTemp: Display: Loaded TP AndroidTargetPlatform
[2018.11.29-18.17.57:924][  0]LogTemp: Display: Loaded TP AndroidTargetPlatform
[2018.11.29-18.17.57:924][  0]LogTemp: Display: Loaded TP AndroidTargetPlatform
[2018.11.29-18.17.57:924][  0]LogTemp: Display: Loaded TP AndroidTargetPlatform
[2018.11.29-18.17.57:924][  0]LogTemp: Display: Loaded TP AndroidTargetPlatform
[2018.11.29-18.17.57:924][  0]LogTemp: Display: Loaded TP AndroidTargetPlatform
[2018.11.29-18.17.57:924][  0]LogTemp: Display: Loaded TP AndroidTargetPlatform
[2018.11.29-18.17.57:924][  0]LogTemp: Display: Loaded TP AndroidTargetPlatform
[2018.11.29-18.17.57:925][  0]LogTemp: Display: Loaded TP HTML5TargetPlatform
[2018.11.29-18.17.57:998][  0]LogTemp: Display: Loaded TP IOSTargetPlatform
[2018.11.29-18.17.57:998][  0]LogTemp: Display: Loaded TP IOSTargetPlatform
[2018.11.29-18.17.58:030][  0]LogTemp: Display: Loaded TP TVOSTargetPlatform
[2018.11.29-18.17.58:030][  0]LogTemp: Display: Loaded TP TVOSTargetPlatform
[2018.11.29-18.17.58:041][  0]LogTemp: Display: Loaded TP LinuxClientTargetPlatform
[2018.11.29-18.17.58:052][  0]LogTemp: Display: Loaded TP LinuxNoEditorTargetPlatform
[2018.11.29-18.17.58:064][  0]LogTemp: Display: Loaded TP LinuxServerTargetPlatform
[2018.11.29-18.17.58:079][  0]LogTemp: Display: Loaded TP LinuxTargetPlatform
[2018.11.29-18.17.58:087][  0]LogTemp: Display: Loaded TP LuminTargetPlatform
[2018.11.29-18.17.58:087][  0]LogTargetPlatformManager: Display: Building Assets For Windows
[2018.11.29-18.17.58:139][  0]LogXGEController: Cannot use XGE Controller as Incredibuild is not installed on this machine.
[2018.11.29-18.17.58:140][  0]LogShaderCompilers: Cannot use XGE Shader Compiler as Incredibuild is not installed on this machine.
[2018.11.29-18.17.58:140][  0]LogShaderCompilers: Display: Using Local Shader Compiler.
[2018.11.29-18.17.58:877][  0]LogDerivedDataCache: Display: Max Cache Size: 512 MB
[2018.11.29-18.17.58:935][  0]LogDerivedDataCache: Loaded boot cache 0.06s 71MB C:/Users/Neysha/AppData/Local/UnrealEngine/4.20/DerivedDataCache/Boot.ddc.
[2018.11.29-18.17.58:936][  0]LogDerivedDataCache: Display: Loaded Boot cache: C:/Users/Neysha/AppData/Local/UnrealEngine/4.20/DerivedDataCache/Boot.ddc
[2018.11.29-18.17.58:936][  0]LogDerivedDataCache: FDerivedDataBackendGraph:  Pak pak cache file ../../../../../../Users/Neysha/Documents/GitHub/NewWaldo/DerivedDataCache/DDC.ddp not found, will not use a pak cache.
[2018.11.29-18.17.58:936][  0]LogDerivedDataCache: Unable to find inner node Pak for hierarchical cache Hierarchy.
[2018.11.29-18.17.58:936][  0]LogDerivedDataCache: FDerivedDataBackendGraph:  CompressedPak pak cache file ../../../../../../Users/Neysha/Documents/GitHub/NewWaldo/DerivedDataCache/Compressed.ddp not found, will not use a pak cache.
[2018.11.29-18.17.58:936][  0]LogDerivedDataCache: Unable to find inner node CompressedPak for hierarchical cache Hierarchy.
[2018.11.29-18.17.58:948][  0]LogDerivedDataCache: Display: Pak cache opened for reading ../../../Engine/DerivedDataCache/Compressed.ddp.
[2018.11.29-18.17.58:960][  0]LogDerivedDataCache: Using Local data cache path C:/Users/Neysha/AppData/Local/UnrealEngine/Common/DerivedDataCache: Writable
[2018.11.29-18.17.58:960][  0]LogDerivedDataCache: Shared data cache path not found in *engine.ini, will not use an Shared cache.
[2018.11.29-18.17.58:960][  0]LogDerivedDataCache: Unable to find inner node Shared for hierarchical cache Hierarchy.
[2018.11.29-18.17.58:977][  0]LogMaterial: Verifying Global Shaders for PCD3D_SM5
[2018.11.29-18.17.58:978][  0]LogSlate: Using FreeType 2.6.0
[2018.11.29-18.17.58:982][  0]LogSlate: SlateFontServices - WITH_FREETYPE: 1, WITH_HARFBUZZ: 1
[2018.11.29-18.17.59:080][  0]LogAssetRegistry: FAssetRegistry took 0.0262 seconds to start up
[2018.11.29-18.17.59:381][  0]LogInit: Selected Device Profile: [Windows]
[2018.11.29-18.17.59:502][  0]LogSimplygon: Simplygon DLL not present - disabling.
[2018.11.29-18.17.59:505][  0]LogMeshReduction: Using SimplygonSwarm for distributed automatic mesh merging
[2018.11.29-18.17.59:505][  0]LogMeshReduction: Using ProxyLODMeshReduction for automatic mesh merging
[2018.11.29-18.17.59:505][  0]LogMeshReduction: Using QuadricMeshReduction for automatic static mesh reduction
[2018.11.29-18.17.59:505][  0]LogMeshReduction: No automatic skeletal mesh reduction module available
[2018.11.29-18.17.59:526][  0]LogNetVersion: NewWaldo 1.0.0, NetCL: 4212847, EngineNetVer: 5, GameNetVer: 0 (Checksum: 3229626331)
[2018.11.29-18.18.00:108][  0]LogPackageLocalizationCache: Processed 11 localized package path(s) for 2 prioritized culture(s) in 0.107544 seconds
[2018.11.29-18.18.00:115][  0]LogUObjectArray: 38425 objects as part of root set at end of initial load.
[2018.11.29-18.18.00:115][  0]LogUObjectAllocator: 6690872 out of 0 bytes used by permanent object pool.
[2018.11.29-18.18.00:115][  0]LogUObjectArray: CloseDisregardForGC: 0/0 objects in disregard for GC pool
[2018.11.29-18.18.01:332][  0]LogTcpMessaging: Initializing TcpMessaging bridge
[2018.11.29-18.18.01:345][  0]LogUdpMessaging: Initializing bridge on interface 0.0.0.0:0 to multicast group 230.0.0.1:6666.
[2018.11.29-18.18.01:492][  0]SourceControl: Source control is disabled
[2018.11.29-18.18.03:923][  0]LogAndroidPermission: UAndroidPermissionCallbackProxy::GetInstance
[2018.11.29-18.18.04:023][  0]LogOcInput: OculusInput pre-init called
[2018.11.29-18.18.04:080][  0]LogEngine: Initializing Engine...
[2018.11.29-18.18.04:081][  0]LogHMD: Failed to initialize OpenVR with code 110
[2018.11.29-18.18.04:082][  0]LogStats: UGameplayTagsManager::ConstructGameplayTagTree: ImportINI prefixes -  0.000 s
[2018.11.29-18.18.04:082][  0]LogStats: UGameplayTagsManager::ConstructGameplayTagTree: Construct from data asset -  0.000 s
[2018.11.29-18.18.04:082][  0]LogStats: UGameplayTagsManager::ConstructGameplayTagTree: ImportINI -  0.000 s
[2018.11.29-18.18.04:082][  0]LogStats: UGameplayTagsManager::ConstructGameplayTagTree: GameplayTagTreeChangedEvent.Broadcast -  0.000 s
[2018.11.29-18.18.04:295][  0]LogInit: Initializing FReadOnlyCVARCache
[2018.11.29-18.18.04:310][  0]LogAIModule: Creating AISystem for world Untitled
[2018.11.29-18.18.04:491][  0]LogInit: XAudio2 using 'Speakers / Headphones (Realtek Audio)' : 2 channels at 48 kHz using 32 bits per sample (channel mask 0x3)
[2018.11.29-18.18.04:564][  0]LogInit: FAudioDevice initialized.
[2018.11.29-18.18.04:565][  0]LogNetVersion: Set ProjectVersion to 1.0.0.0. Version Checksum will be recalculated on next use.
[2018.11.29-18.18.04:655][  0]LogDerivedDataCache: Saved boot cache 0.09s 71MB C:/Users/Neysha/AppData/Local/UnrealEngine/4.20/DerivedDataCache/Boot.ddc.
[2018.11.29-18.18.04:663][  0]LogInit: Texture streaming: Enabled
[2018.11.29-18.18.04:684][  0]LogEngineSessionManager: EngineSessionManager initialized
[2018.11.29-18.18.04:697][  0]LogInit: Transaction tracking system initialized
[2018.11.29-18.18.04:717][  0]BlueprintLog: New page: Editor Load
[2018.11.29-18.18.04:781][  0]LocalizationService: Localization service is disabled
[2018.11.29-18.18.05:033][  0]LogCook: Display: Max memory allowance for cook 16384mb min free memory 0mb
[2018.11.29-18.18.05:033][  0]LogCook: Display: Mobile HDR setting 1
[2018.11.29-18.18.05:034][  0]LogGameplayTags: Display: UGameplayTagsManager::DoneAddingNativeTags. DelegateIsBound: 0
[2018.11.29-18.18.05:034][  0]LogStats: UGameplayTagsManager::ConstructGameplayTagTree: ImportINI prefixes -  0.000 s
[2018.11.29-18.18.05:034][  0]LogStats: UGameplayTagsManager::ConstructGameplayTagTree: Construct from data asset -  0.000 s
[2018.11.29-18.18.05:034][  0]LogStats: UGameplayTagsManager::ConstructGameplayTagTree: ImportINI -  0.000 s
[2018.11.29-18.18.05:034][  0]LogStats: UGameplayTagsManager::ConstructGameplayTagTree: GameplayTagTreeChangedEvent.Broadcast -  0.000 s
[2018.11.29-18.18.05:150][  0]LogFileCache: Scanning file cache for directory 'C:/Users/Neysha/Documents/GitHub/NewWaldo/Content/' took 0.02s
[2018.11.29-18.18.05:150][  0]Cmd: MAP LOAD FILE="../../../../../../Users/Neysha/Documents/GitHub/NewWaldo/Content/ThirdPersonBP/Maps/ThirdPersonExampleMap.umap" TEMPLATE=0 SHOWPROGRESS=1 FEATURELEVEL=3
[2018.11.29-18.18.05:150][  0]LogEditorServer: Warning: Can't find file '../../../../../../Users/Neysha/Documents/GitHub/NewWaldo/Content/ThirdPersonBP/Maps/ThirdPersonExampleMap.umap'
[2018.11.29-18.18.05:151][  0]Cmd: MAP CHECKDEP NOCLEARLOG
[2018.11.29-18.18.05:212][  0]MapCheck: Map check complete: 0 Error(s), 0 Warning(s), took 60.918ms to complete.
[2018.11.29-18.18.05:212][  0]LogFileHelpers: Loading map 'ThirdPersonExampleMap' took 0.062
[2018.11.29-18.18.05:453][  0]LogSlate: Updating window title bar state: overlay mode, drag disabled, window buttons hidden, title bar hidden
[2018.11.29-18.18.05:464][  0]LogSlate: Updating window title bar state: overlay mode, drag disabled, window buttons hidden, title bar hidden
[2018.11.29-18.18.05:471][  0]LogSlate: Updating window title bar state: overlay mode, drag disabled, window buttons hidden, title bar hidden
[2018.11.29-18.18.05:478][  0]LogSlate: Updating window title bar state: overlay mode, drag disabled, window buttons hidden, title bar hidden
[2018.11.29-18.18.05:495][  0]LogCollectionManager: Loaded 0 collections in 0.001096 seconds
[2018.11.29-18.18.05:563][  0]LogFileCache: Scanning file cache for directory 'C:/Users/Neysha/Documents/GitHub/NewWaldo/Saved/Collections/' took 0.01s
[2018.11.29-18.18.05:564][  0]LogFileCache: Scanning file cache for directory 'C:/Users/Neysha/Documents/GitHub/NewWaldo/Content/Developers/Neysha/Collections/' took 0.01s
[2018.11.29-18.18.05:564][  0]LogFileCache: Scanning file cache for directory 'C:/Users/Neysha/Documents/GitHub/NewWaldo/Content/Collections/' took 0.01s
[2018.11.29-18.18.05:564][  0]LogCollectionManager: Rebuilt the GUID cache for 0 collections in 0.000001 seconds
[2018.11.29-18.18.05:576][  0]LogContentBrowser: Native class hierarchy populated in 0.0096 seconds. Added 2572 classes and 603 folders.
[2018.11.29-18.18.05:595][  0]LogContentBrowser: Native class hierarchy updated for 'WidgetCarousel' in 0.0002 seconds. Added 0 classes and 0 folders.
[2018.11.29-18.18.05:761][  0]LogContentBrowser: Native class hierarchy updated for 'AddContentDialog' in 0.0002 seconds. Added 0 classes and 0 folders.
[2018.11.29-18.18.05:775][  0]LogContentBrowser: Native class hierarchy updated for 'SceneOutliner' in 0.0003 seconds. Added 1 classes and 2 folders.
[2018.11.29-18.18.05:878][  0]LogSlate: Took 0.009025 seconds to synchronously load lazily loaded font '../../../Engine/Content/Slate/Fonts/Roboto-Regular.ttf' (155K)
[2018.11.29-18.18.05:881][  0]LogSlate: Took 0.000395 seconds to synchronously load lazily loaded font '../../../Engine/Content/Slate/Fonts/Roboto-Bold.ttf' (160K)
[2018.11.29-18.18.05:895][  0]LogSlate: Took 0.006237 seconds to synchronously load lazily loaded font '../../../Engine/Content/Editor/Slate/Fonts/FontAwesome.ttf' (139K)
[2018.11.29-18.18.06:000][  0]LogRenderer: Reallocating scene render targets to support 1208x576 Format 10 NumSamples 1 (Frame:1).
[2018.11.29-18.18.06:478][  0]LogContentBrowser: Native class hierarchy updated for 'HierarchicalLODOutliner' in 0.0002 seconds. Added 0 classes and 0 folders.
[2018.11.29-18.18.06:478][  0]LogLoad: (Engine Initialization) Total time: 11.17 seconds
[2018.11.29-18.18.06:478][  0]LogLoad: (Engine Initialization) Total Blueprint compile time: 0.00 seconds
[2018.11.29-18.18.06:491][  0]LogWindowsTextInputMethodSystem: Display: IME system now deactivated.
[2018.11.29-18.18.06:516][  0]LogContentStreaming: Texture pool size now 1000 MB
[2018.11.29-18.18.06:553][  0]LogSlate: Took 0.005372 seconds to synchronously load lazily loaded font '../../../Engine/Content/Slate/Fonts/Roboto-Light.ttf' (167K)
[2018.11.29-18.18.06:620][  2]LogAssetRegistry: Asset discovery search completed in 7.5626 seconds
[2018.11.29-18.18.06:622][  2]LogCollectionManager: Rebuilt the object cache for 0 collections in 0.000000 seconds (found 0 objects)
[2018.11.29-18.18.06:622][  2]LogCollectionManager: Fixed up redirectors for 0 collections in 0.000068 seconds (updated 0 objects)
[2018.11.29-18.18.17:737][338]LogSlate: FSceneViewport::OnFocusLost() reason 0
[2018.11.29-18.18.17:803][340]LogTemp: Repeating last play command: Selected Viewport
[2018.11.29-18.18.17:839][340]LogPlayLevel: PlayLevel: No blueprints needed recompiling
[2018.11.29-18.18.17:863][340]PIE: New page: PIE session: Untitled_0 (Nov 29, 2018, 8:18:17 AM)
[2018.11.29-18.18.17:863][340]LogPlayLevel: Creating play world package: /Temp/UEDPIE_0_Untitled_0
[2018.11.29-18.18.17:865][340]LogPlayLevel: PIE: StaticDuplicateObject took: (0.002243s)
[2018.11.29-18.18.17:866][340]LogAIModule: Creating AISystem for world Untitled
[2018.11.29-18.18.17:866][340]LogPlayLevel: PIE: World Init took: (0.001129s)
[2018.11.29-18.18.17:867][340]LogPlayLevel: PIE: Created PIE world by copying editor world from /Temp/Untitled_0.Untitled to /Temp/UEDPIE_0_Untitled_0.Untitled (0.003729s)
[2018.11.29-18.18.17:891][340]LogInit: XAudio2 using 'Speakers / Headphones (Realtek Audio)' : 2 channels at 48 kHz using 32 bits per sample (channel mask 0x3)
[2018.11.29-18.18.17:955][340]LogInit: FAudioDevice initialized.
[2018.11.29-18.18.18:334][340]LogLoad: Game class is 'ThirdPersonGameMode_C'
[2018.11.29-18.18.18:345][340]LogWorld: Bringing World /Temp/UEDPIE_0_Untitled_0.Untitled up for play (max tick rate 0) at 2018.11.29-13.18.18
[2018.11.29-18.18.18:347][340]LogWorld: Bringing up level for play took: 0.002482
[2018.11.29-18.18.18:384][340]LogContentBrowser: Native class hierarchy updated for 'MovieSceneCapture' in 0.0003 seconds. Added 10 classes and 0 folders.
[2018.11.29-18.18.18:421][340]PIE: Play in editor start time for /Temp/UEDPIE_0_Untitled_0 1.134
[2018.11.29-18.18.19:863][386]LogSlate: Updating window title bar state: overlay mode, drag disabled, window buttons hidden, title bar hidden
[2018.11.29-18.18.19:907][386]LogPlayLevel: Display: Shutting down PIE online subsystems
[2018.11.29-18.18.19:931][386]LogSlate: Updating window title bar state: overlay mode, drag disabled, window buttons hidden, title bar hidden
[2018.11.29-18.18.19:962][388]LogPlayLevel: Display: Destroying online subsystem :Context_1
[2018.11.29-18.18.29:121][669]LogSlate: Took 0.000226 seconds to synchronously load lazily loaded font '../../../Engine/Content/Slate/Fonts/Roboto-Light.ttf' (167K)
[2018.11.29-18.18.29:144][669]LogAssetEditorManager: Opening Asset editor for Blueprint /Game/BluePrints/Items/Bino.Bino
[2018.11.29-18.18.29:628][669]LogContentBrowser: Native class hierarchy updated for 'BlueprintGraph' in 0.0006 seconds. Added 116 classes and 0 folders.
[2018.11.29-18.18.30:500][669]LogSlate: Took 0.002352 seconds to synchronously load lazily loaded font '../../../Engine/Content/Slate/Fonts/Roboto-BoldCondensed.ttf' (158K)
[2018.11.29-18.18.30:970][670]LogSlate: Took 0.003423 seconds to synchronously load lazily loaded font '../../../Engine/Content/Slate/Fonts/Roboto-Italic.ttf' (157K)
[2018.11.29-18.18.39:248][531]LogRenderer: Reallocating scene render targets to support 1208x900 Format 10 NumSamples 1 (Frame:1).
[2018.11.29-18.18.46:200][662]LogAssetEditorManager: Opening Asset editor for Blueprint /Game/BluePrints/Items/Bone.Bone
[2018.11.29-18.18.50:718][  8]BlueprintLog: New page: Compile Bone
[2018.11.29-18.18.51:722][ 59]Cmd: OBJ SAVEPACKAGE PACKAGE="/Game/BluePrints/Items/Bone" FILE="../../../../../../Users/Neysha/Documents/GitHub/NewWaldo/Content/BluePrints/Items/Bone.uasset" SILENT=true
[2018.11.29-18.18.51:754][ 59]LogSavePackage: Moving '../../../../../../Users/Neysha/Documents/GitHub/NewWaldo/Saved/Bone86451BCF4D213F99BFBB7A8256AEFB71.tmp' to '../../../../../../Users/Neysha/Documents/GitHub/NewWaldo/Content/BluePrints/Items/Bone.uasset'
[2018.11.29-18.18.55:218][153]BlueprintLog: New page: Compile Bino
[2018.11.29-18.18.57:512][193]Cmd: OBJ SAVEPACKAGE PACKAGE="/Game/BluePrints/Items/Bino" FILE="../../../../../../Users/Neysha/Documents/GitHub/NewWaldo/Content/BluePrints/Items/Bino.uasset" SILENT=true
[2018.11.29-18.18.57:536][193]LogSavePackage: Moving '../../../../../../Users/Neysha/Documents/GitHub/NewWaldo/Saved/Bino759DF5D044EE745B9C064C92BC61F914.tmp' to '../../../../../../Users/Neysha/Documents/GitHub/NewWaldo/Content/BluePrints/Items/Bino.uasset'
[2018.11.29-18.19.00:213][237]LogAssetEditorManager: Opening Asset editor for Blueprint /Game/BluePrints/Items/Camera.Camera
[2018.11.29-18.19.04:639][579]BlueprintLog: New page: Compile Camera
[2018.11.29-18.19.05:316][598]Cmd: OBJ SAVEPACKAGE PACKAGE="/Game/BluePrints/Items/Camera" FILE="../../../../../../Users/Neysha/Documents/GitHub/NewWaldo/Content/BluePrints/Items/Camera.uasset" SILENT=true
[2018.11.29-18.19.05:340][598]LogSavePackage: Moving '../../../../../../Users/Neysha/Documents/GitHub/NewWaldo/Saved/Camera68AA503F446EDE51E3CB618E580D558F.tmp' to '../../../../../../Users/Neysha/Documents/GitHub/NewWaldo/Content/BluePrints/Items/Camera.uasset'
[2018.11.29-18.19.12:405][932]LogLinker: Warning: Can't find file '/Game/Audio/leftwalk'
[2018.11.29-18.19.12:405][932]LogLinker: Warning: Can't find file for asset '/Game/Audio/leftwalk' while loading ../../../../../../Users/Neysha/Documents/GitHub/NewWaldo/Content/Waldo/Animation/waldo_walk_Anim.uasset.
[2018.11.29-18.19.12:405][932]LoadErrors: Error: /Game/Waldo/Animation/waldo_walk_Anim : Can't find file for asset. /Game/Audio/leftwalk
[2018.11.29-18.19.12:405][932]LogLinker: Warning: Can't find file '/Game/Audio/rightwalk'
[2018.11.29-18.19.12:405][932]LogLinker: Warning: Can't find file for asset '/Game/Audio/rightwalk' while loading ../../../../../../Users/Neysha/Documents/GitHub/NewWaldo/Content/Waldo/Animation/waldo_walk_Anim.uasset.
[2018.11.29-18.19.12:405][932]LoadErrors: Error: /Game/Waldo/Animation/waldo_walk_Anim : Can't find file for asset. /Game/Audio/rightwalk
[2018.11.29-18.19.12:406][932]LogLinker: Warning: Can't find file '/Game/Audio/leftwalk'
[2018.11.29-18.19.12:406][932]LogLinker: Warning: Can't find file for asset '/Game/Audio/leftwalk' while loading ../../../../../../Users/Neysha/Documents/GitHub/NewWaldo/Content/Waldo/Animation/waldo_walk_Anim.uasset.
[2018.11.29-18.19.12:406][932]LogLinker: Warning: Can't find file '/Game/Audio/rightwalk'
[2018.11.29-18.19.12:406][932]LogLinker: Warning: Can't find file for asset '/Game/Audio/rightwalk' while loading ../../../../../../Users/Neysha/Documents/GitHub/NewWaldo/Content/Waldo/Animation/waldo_walk_Anim.uasset.
[2018.11.29-18.19.13:618][932]LogLinker: Warning: Can't find file '/Game/Audio/rightwalk'
[2018.11.29-18.19.13:618][932]LoadErrors: Failed to load /Game/Audio/rightwalk.rightwalk Referenced by AnimNotify_PlaySound_0
[2018.11.29-18.19.13:618][932]LogLinker: Warning: Can't find file for asset '/Game/Audio/rightwalk' while loading NULL.
[2018.11.29-18.19.13:618][932]LogLinker: Warning: Can't find file '/Game/Audio/leftwalk'
[2018.11.29-18.19.13:619][932]LoadErrors: Failed to load /Game/Audio/leftwalk.leftwalk Referenced by AnimNotify_PlaySound_1
[2018.11.29-18.19.13:619][932]LogLinker: Warning: Can't find file for asset '/Game/Audio/leftwalk' while loading NULL.
[2018.11.29-18.19.14:385][932]LogStaticMesh: Building static mesh SM_Fence_B_Door...
[2018.11.29-18.19.14:437][932]LogStaticMesh: Built static mesh [0.05s] /Game/AmusementPropsPack/Meshes/Fence/SM_Fence_B_Door.SM_Fence_B_Door
[2018.11.29-18.19.14:476][932]LogStaticMesh: Building static mesh HorrorCircusTentWhite...
[2018.11.29-18.19.14:687][932]LogStaticMesh: Built static mesh [0.21s] /Game/HorrorCircus/Meshes/HorrorCircusTentWhite.HorrorCircusTentWhite
[2018.11.29-18.19.15:959][932]LogAudioDerivedData: Display: Building compressed audio format OGG hash OGG wave pekaboo...
[2018.11.29-18.19.15:959][932]LogTemp: Couldn't find amount to resample to.
[2018.11.29-18.19.16:039][932]LogAudioDerivedData: Display: Building compressed audio format OGG hash OGG wave iSeeYou...
[2018.11.29-18.19.16:039][932]LogTemp: Couldn't find amount to resample to.
[2018.11.29-18.19.16:120][932]LogAudioDerivedData: Display: Building compressed audio format OGG hash OGG wave running_8...
[2018.11.29-18.19.16:120][932]LogTemp: Couldn't find amount to resample to.
[2018.11.29-18.19.16:584][932]LogAIModule: Creating AISystem for world world
[2018.11.29-18.19.16:735][932]LogAssetEditorManager: Opening Asset editor for World /Game/ThirdPersonBP/Maps/world.world
[2018.11.29-18.19.16:787][932]Cmd: MAP LOAD FILE="../../../../../../Users/Neysha/Documents/GitHub/NewWaldo/Content/ThirdPersonBP/Maps/world.umap" TEMPLATE=0 SHOWPROGRESS=1 FEATURELEVEL=3
[2018.11.29-18.19.16:787][932]LightingResults: New page: Lighting Build
[2018.11.29-18.19.16:792][932]LogContentBrowser: Native class hierarchy updated for 'StatsViewer' in 0.0005 seconds. Added 5 classes and 0 folders.
[2018.11.29-18.19.16:794][932]LoadErrors: New page: Loading map: world.umap
[2018.11.29-18.19.16:795][932]MapCheck: New page: Map Check
[2018.11.29-18.19.16:795][932]LightingResults: New page: Lighting Build
[2018.11.29-18.19.17:062][932]LogEditorServer: Finished looking for orphan Actors (0.000 secs)
[2018.11.29-18.19.17:178][932]Cmd: MAP CHECKDEP NOCLEARLOG
[2018.11.29-18.19.17:414][932]MapCheck: Map check complete: 0 Error(s), 0 Warning(s), took 235.478ms to complete.
[2018.11.29-18.19.17:416][932]LogFileHelpers: Loading map 'world' took 0.632
[2018.11.29-18.19.24:009][995]LogTemp: Repeating last play command: Selected Viewport
[2018.11.29-18.19.24:058][995]LogBlueprintUserMessages: Early PlayInEditor Detection: Level '/Game/ThirdPersonBP/Maps/world.world:PersistentLevel' has LevelScriptBlueprint '/Game/ThirdPersonBP/Maps/world.world:PersistentLevel.world' with GeneratedClass '/Game/ThirdPersonBP/Maps/world.world_C' with ClassGeneratedBy '/Game/ThirdPersonBP/Maps/world.world:PersistentLevel.world'
[2018.11.29-18.19.24:060][995]LogPlayLevel: PlayLevel: No blueprints needed recompiling
[2018.11.29-18.19.24:060][995]PIE: New page: PIE session: world (Nov 29, 2018, 8:19:24 AM)
[2018.11.29-18.19.24:061][995]LogPlayLevel: Creating play world package: /Game/ThirdPersonBP/Maps/UEDPIE_0_world
[2018.11.29-18.19.24:295][995]LogPlayLevel: PIE: StaticDuplicateObject took: (0.234116s)
[2018.11.29-18.19.24:296][995]LogAIModule: Creating AISystem for world world
[2018.11.29-18.19.24:296][995]LogPlayLevel: PIE: World Init took: (0.001284s)
[2018.11.29-18.19.24:296][995]LogPlayLevel: PIE: Created PIE world by copying editor world from /Game/ThirdPersonBP/Maps/world.world to /Game/ThirdPersonBP/Maps/UEDPIE_0_world.world (0.236458s)
[2018.11.29-18.19.24:345][995]LogInit: XAudio2 using 'Speakers / Headphones (Realtek Audio)' : 2 channels at 48 kHz using 32 bits per sample (channel mask 0x3)
[2018.11.29-18.19.24:455][995]LogInit: FAudioDevice initialized.
[2018.11.29-18.19.24:504][995]LogLoad: Game class is 'ThirdPersonGameMode_C'
[2018.11.29-18.19.24:544][995]LogWorld: Bringing World /Game/ThirdPersonBP/Maps/UEDPIE_0_world.world up for play (max tick rate 0) at 2018.11.29-13.19.24
[2018.11.29-18.19.24:572][995]LogWorld: Bringing up level for play took: 0.063490
[2018.11.29-18.19.24:626][995]PIE: Play in editor start time for /Game/ThirdPersonBP/Maps/UEDPIE_0_world 1.34
[2018.11.29-18.19.24:626][995]LogBlueprintUserMessages: Late PlayInEditor Detection: Level '/Game/ThirdPersonBP/Maps/world.world:PersistentLevel' has LevelScriptBlueprint '/Game/ThirdPersonBP/Maps/world.world:PersistentLevel.world' with GeneratedClass '/Game/ThirdPersonBP/Maps/world.world_C' with ClassGeneratedBy '/Game/ThirdPersonBP/Maps/world.world:PersistentLevel.world'
[2018.11.29-18.19.33:515][ 81]LogBlueprintUserMessages: Early EndPlayMap Detection: Level '/Game/ThirdPersonBP/Maps/world.world:PersistentLevel' has LevelScriptBlueprint '/Game/ThirdPersonBP/Maps/world.world:PersistentLevel.world' with GeneratedClass '/Game/ThirdPersonBP/Maps/world.world_C' with ClassGeneratedBy '/Game/ThirdPersonBP/Maps/world.world:PersistentLevel.world'
[2018.11.29-18.19.33:517][ 81]LogSlate: Updating window title bar state: overlay mode, drag disabled, window buttons hidden, title bar hidden
[2018.11.29-18.19.33:654][ 81]LogPlayLevel: Display: Shutting down PIE online subsystems
[2018.11.29-18.19.33:655][ 81]LogBlueprintUserMessages: Late EndPlayMap Detection: Level '/Game/ThirdPersonBP/Maps/world.world:PersistentLevel' has LevelScriptBlueprint '/Game/ThirdPersonBP/Maps/world.world:PersistentLevel.world' with GeneratedClass '/Game/ThirdPersonBP/Maps/world.world_C' with ClassGeneratedBy '/Game/ThirdPersonBP/Maps/world.world:PersistentLevel.world'
[2018.11.29-18.19.33:718][ 81]LogSlate: Updating window title bar state: overlay mode, drag disabled, window buttons hidden, title bar hidden
[2018.11.29-18.19.33:762][ 82]LogPlayLevel: Display: Destroying online subsystem :Context_9
[2018.11.29-18.19.37:825][118]LogSlate: FSceneViewport::OnFocusLost() reason 0
[2018.11.29-18.19.50:675][348]LogAssetEditorManager: Opening Asset editor for Blueprint /Game/BluePrints/Items/Diploma.Diploma
[2018.11.29-18.20.01:242][968]BlueprintLog: New page: Compile Diploma
[2018.11.29-18.20.02:132][990]Cmd: OBJ SAVEPACKAGE PACKAGE="/Game/BluePrints/Items/Diploma" FILE="../../../../../../Users/Neysha/Documents/GitHub/NewWaldo/Content/BluePrints/Items/Diploma.uasset" SILENT=true
[2018.11.29-18.20.02:167][990]LogSavePackage: Moving '../../../../../../Users/Neysha/Documents/GitHub/NewWaldo/Saved/Diploma35FCAEB3469ECC6641C270908A5DD0C6.tmp' to '../../../../../../Users/Neysha/Documents/GitHub/NewWaldo/Content/BluePrints/Items/Diploma.uasset'
[2018.11.29-18.20.03:633][  9]LogAssetEditorManager: Opening Asset editor for Blueprint /Game/BluePrints/Items/Key.Key
[2018.11.29-18.20.06:922][226]BlueprintLog: New page: Compile Key
[2018.11.29-18.20.07:769][258]Cmd: OBJ SAVEPACKAGE PACKAGE="/Game/BluePrints/Items/Key" FILE="../../../../../../Users/Neysha/Documents/GitHub/NewWaldo/Content/BluePrints/Items/Key.uasset" SILENT=true
[2018.11.29-18.20.07:793][258]LogSavePackage: Moving '../../../../../../Users/Neysha/Documents/GitHub/NewWaldo/Saved/Key498661E945712A201E488AB853ED04DA.tmp' to '../../../../../../Users/Neysha/Documents/GitHub/NewWaldo/Content/BluePrints/Items/Key.uasset'
[2018.11.29-18.20.10:269][480]LogActorComponent: UnregisterComponent: (/Engine/Transient.EditorFloorComp) Not registered. Aborting.
[2018.11.29-18.20.11:240][578]LogActorComponent: UnregisterComponent: (/Engine/Transient.EditorFloorComp) Not registered. Aborting.
[2018.11.29-18.20.11:878][643]LogActorComponent: UnregisterComponent: (/Engine/Transient.EditorFloorComp) Not registered. Aborting.
[2018.11.29-18.20.13:273][674]LogActorComponent: UnregisterComponent: (/Engine/Transient.EditorFloorComp) Not registered. Aborting.
[2018.11.29-18.20.15:397][695]LogTemp: Repeating last play command: Selected Viewport
[2018.11.29-18.20.15:427][695]LogBlueprintUserMessages: Early PlayInEditor Detection: Level '/Game/ThirdPersonBP/Maps/world.world:PersistentLevel' has LevelScriptBlueprint '/Game/ThirdPersonBP/Maps/world.world:PersistentLevel.world' with GeneratedClass '/Game/ThirdPersonBP/Maps/world.world_C' with ClassGeneratedBy '/Game/ThirdPersonBP/Maps/world.world:PersistentLevel.world'
[2018.11.29-18.20.15:427][695]LogPlayLevel: PlayLevel: No blueprints needed recompiling
[2018.11.29-18.20.15:428][695]PIE: New page: PIE session: world (Nov 29, 2018, 8:20:15 AM)
[2018.11.29-18.20.15:428][695]LogPlayLevel: Creating play world package: /Game/ThirdPersonBP/Maps/UEDPIE_0_world
[2018.11.29-18.20.15:611][695]LogPlayLevel: PIE: StaticDuplicateObject took: (0.183332s)
[2018.11.29-18.20.15:613][695]LogAIModule: Creating AISystem for world world
[2018.11.29-18.20.15:614][695]LogPlayLevel: PIE: World Init took: (0.003133s)
[2018.11.29-18.20.15:615][695]LogPlayLevel: PIE: Created PIE world by copying editor world from /Game/ThirdPersonBP/Maps/world.world to /Game/ThirdPersonBP/Maps/UEDPIE_0_world.world (0.187059s)
[2018.11.29-18.20.15:691][695]LogInit: XAudio2 using 'Speakers / Headphones (Realtek Audio)' : 2 channels at 48 kHz using 32 bits per sample (channel mask 0x3)
[2018.11.29-18.20.15:784][695]LogInit: FAudioDevice initialized.
[2018.11.29-18.20.15:824][695]LogLoad: Game class is 'ThirdPersonGameMode_C'
[2018.11.29-18.20.15:848][695]LogWorld: Bringing World /Game/ThirdPersonBP/Maps/UEDPIE_0_world.world up for play (max tick rate 0) at 2018.11.29-13.20.15
[2018.11.29-18.20.15:853][695]LogWorld: Bringing up level for play took: 0.028693
[2018.11.29-18.20.15:874][695]PIE: Play in editor start time for /Game/ThirdPersonBP/Maps/UEDPIE_0_world 0.588
[2018.11.29-18.20.15:874][695]LogBlueprintUserMessages: Late PlayInEditor Detection: Level '/Game/ThirdPersonBP/Maps/world.world:PersistentLevel' has LevelScriptBlueprint '/Game/ThirdPersonBP/Maps/world.world:PersistentLevel.world' with GeneratedClass '/Game/ThirdPersonBP/Maps/world.world_C' with ClassGeneratedBy '/Game/ThirdPersonBP/Maps/world.world:PersistentLevel.world'
[2018.11.29-18.20.35:122][907]LogBlueprintUserMessages: Early EndPlayMap Detection: Level '/Game/ThirdPersonBP/Maps/world.world:PersistentLevel' has LevelScriptBlueprint '/Game/ThirdPersonBP/Maps/world.world:PersistentLevel.world' with GeneratedClass '/Game/ThirdPersonBP/Maps/world.world_C' with ClassGeneratedBy '/Game/ThirdPersonBP/Maps/world.world:PersistentLevel.world'
[2018.11.29-18.20.35:123][907]LogSlate: Updating window title bar state: overlay mode, drag disabled, window buttons hidden, title bar hidden
[2018.11.29-18.20.35:234][907]LogPlayLevel: Display: Shutting down PIE online subsystems
[2018.11.29-18.20.35:234][907]LogBlueprintUserMessages: Late EndPlayMap Detection: Level '/Game/ThirdPersonBP/Maps/world.world:PersistentLevel' has LevelScriptBlueprint '/Game/ThirdPersonBP/Maps/world.world:PersistentLevel.world' with GeneratedClass '/Game/ThirdPersonBP/Maps/world.world_C' with ClassGeneratedBy '/Game/ThirdPersonBP/Maps/world.world:PersistentLevel.world'
[2018.11.29-18.20.35:288][907]LogSlate: Updating window title bar state: overlay mode, drag disabled, window buttons hidden, title bar hidden
[2018.11.29-18.20.35:341][908]LogPlayLevel: Display: Destroying online subsystem :Context_18
[2018.11.29-18.20.36:522][918]LogSlate: FSceneViewport::OnFocusLost() reason 0
[2018.11.29-18.20.36:870][920]LogAssetEditorManager: Opening Asset editor for Blueprint /Game/BluePrints/Items/Diploma.Diploma
[2018.11.29-18.21.01:175][849]SourceControl: fatal: C:/Program Files/Epic Games/UE_4.20/Engine/Content: 'C:/Program Files/Epic Games/UE_4.20/Engine/Content' is outside repository
[2018.11.29-18.21.13:470][849]LogSlate: Window 'Submit Files' being destroyed
[2018.11.29-18.21.14:501][849]LogSourceControl: commit successful: [master f6d2ef3] Removed the glow
[2018.11.29-18.21.14:656][849]SourceControl: [master f6d2ef3] Removed the glow
[2018.11.29-18.21.14:656][849]SourceControl:  5 files changed, 0 insertions(+), 0 deletions(-)
[2018.11.29-18.21.14:656][849]SourceControl:  rewrite Content/BluePrints/Items/Bino.uasset (81%)
[2018.11.29-18.21.14:656][849]SourceControl:  rewrite Content/BluePrints/Items/Bone.uasset (81%)
[2018.11.29-18.21.14:656][849]SourceControl:  rewrite Content/BluePrints/Items/Camera.uasset (79%)
[2018.11.29-18.21.14:656][849]SourceControl:  rewrite Content/BluePrints/Items/Diploma.uasset (81%)
[2018.11.29-18.21.14:656][849]SourceControl:  rewrite Content/BluePrints/Items/Key.uasset (80%)
[2018.11.29-18.21.14:664][849]SourceControl: Commited [master f6d2ef3] Removed the glow.
[2018.11.29-18.21.33:630][133]LogAssetEditorManager: Opening Asset editor for Blueprint /Game/BluePrints/Items/Bino.Bino
[2018.11.29-18.21.52:030][902]LogSlate: FSceneViewport::OnFocusLost() reason 0
[2018.11.29-18.21.52:075][903]BlueprintLog: New page: Compile Bino
[2018.11.29-18.21.53:081][914]Cmd: OBJ SAVEPACKAGE PACKAGE="/Game/BluePrints/Items/Bino" FILE="../../../../../../Users/Neysha/Documents/GitHub/NewWaldo/Content/BluePrints/Items/Bino.uasset" SILENT=true
[2018.11.29-18.21.53:108][914]LogSavePackage: Moving '../../../../../../Users/Neysha/Documents/GitHub/NewWaldo/Saved/BinoD6AFF03646B871E179B2DA930876D6C1.tmp' to '../../../../../../Users/Neysha/Documents/GitHub/NewWaldo/Content/BluePrints/Items/Bino.uasset'
[2018.11.29-18.21.57:682][969]LogAssetEditorManager: Opening Asset editor for Blueprint /Game/BluePrints/Items/Bone.Bone
[2018.11.29-18.22.00:050][139]BlueprintLog: New page: Compile Bone
[2018.11.29-18.22.05:853][253]LogSlate: FSceneViewport::OnFocusLost() reason 0
[2018.11.29-18.22.05:945][255]BlueprintLog: New page: Compile Bone
[2018.11.29-18.22.06:986][267]Cmd: OBJ SAVEPACKAGE PACKAGE="/Game/BluePrints/Items/Bone" FILE="../../../../../../Users/Neysha/Documents/GitHub/NewWaldo/Content/BluePrints/Items/Bone.uasset" SILENT=true
[2018.11.29-18.22.07:012][267]LogSavePackage: Moving '../../../../../../Users/Neysha/Documents/GitHub/NewWaldo/Saved/Bone42FD0CFF468FACF1FF672BBEE151C7EE.tmp' to '../../../../../../Users/Neysha/Documents/GitHub/NewWaldo/Content/BluePrints/Items/Bone.uasset'
[2018.11.29-18.22.08:845][286]LogAssetEditorManager: Opening Asset editor for Blueprint /Game/BluePrints/Items/Diploma.Diploma
[2018.11.29-18.22.20:161][817]LogSlate: FSceneViewport::OnFocusLost() reason 0
[2018.11.29-18.22.20:870][832]BlueprintLog: New page: Compile Diploma
[2018.11.29-18.22.21:798][841]Cmd: OBJ SAVEPACKAGE PACKAGE="/Game/BluePrints/Items/Diploma" FILE="../../../../../../Users/Neysha/Documents/GitHub/NewWaldo/Content/BluePrints/Items/Diploma.uasset" SILENT=true
[2018.11.29-18.22.21:829][841]LogSavePackage: Moving '../../../../../../Users/Neysha/Documents/GitHub/NewWaldo/Saved/Diploma3CA8128346CD7EF8CFFD64A480DEA45C.tmp' to '../../../../../../Users/Neysha/Documents/GitHub/NewWaldo/Content/BluePrints/Items/Diploma.uasset'
[2018.11.29-18.22.23:757][861]LogAssetEditorManager: Opening Asset editor for Blueprint /Game/BluePrints/Items/Key.Key
[2018.11.29-18.22.32:826][116]LogSlate: FSceneViewport::OnFocusLost() reason 0
[2018.11.29-18.22.32:871][117]BlueprintLog: New page: Compile Key
[2018.11.29-18.22.33:729][125]Cmd: OBJ SAVEPACKAGE PACKAGE="/Game/BluePrints/Items/Key" FILE="../../../../../../Users/Neysha/Documents/GitHub/NewWaldo/Content/BluePrints/Items/Key.uasset" SILENT=true
[2018.11.29-18.22.33:754][125]LogSavePackage: Moving '../../../../../../Users/Neysha/Documents/GitHub/NewWaldo/Saved/Key1081FD6B4B395D3D026852AFD799CD5F.tmp' to '../../../../../../Users/Neysha/Documents/GitHub/NewWaldo/Content/BluePrints/Items/Key.uasset'
[2018.11.29-18.22.35:465][144]LogAssetEditorManager: Opening Asset editor for Blueprint /Game/BluePrints/Items/Camera.Camera
[2018.11.29-18.22.42:543][398]LogSlate: FSceneViewport::OnFocusLost() reason 0
[2018.11.29-18.22.42:634][400]BlueprintLog: New page: Compile Camera
[2018.11.29-18.22.43:554][409]Cmd: OBJ SAVEPACKAGE PACKAGE="/Game/BluePrints/Items/Camera" FILE="../../../../../../Users/Neysha/Documents/GitHub/NewWaldo/Content/BluePrints/Items/Camera.uasset" SILENT=true
[2018.11.29-18.22.43:591][409]LogSavePackage: Moving '../../../../../../Users/Neysha/Documents/GitHub/NewWaldo/Saved/Camera7344C4214CB4B5189F26489728A2F98D.tmp' to '../../../../../../Users/Neysha/Documents/GitHub/NewWaldo/Content/BluePrints/Items/Camera.uasset'
[2018.11.29-18.22.45:228][430]LogTemp: Repeating last play command: Selected Viewport
[2018.11.29-18.22.45:328][430]LogBlueprintUserMessages: Early PlayInEditor Detection: Level '/Game/ThirdPersonBP/Maps/world.world:PersistentLevel' has LevelScriptBlueprint '/Game/ThirdPersonBP/Maps/world.world:PersistentLevel.world' with GeneratedClass '/Game/ThirdPersonBP/Maps/world.world_C' with ClassGeneratedBy '/Game/ThirdPersonBP/Maps/world.world:PersistentLevel.world'
[2018.11.29-18.22.45:328][430]LogPlayLevel: PlayLevel: No blueprints needed recompiling
[2018.11.29-18.22.45:331][430]PIE: New page: PIE session: world (Nov 29, 2018, 8:22:45 AM)
[2018.11.29-18.22.45:331][430]LogPlayLevel: Creating play world package: /Game/ThirdPersonBP/Maps/UEDPIE_0_world
[2018.11.29-18.22.45:481][430]LogPlayLevel: PIE: StaticDuplicateObject took: (0.148593s)
[2018.11.29-18.22.45:482][430]LogAIModule: Creating AISystem for world world
[2018.11.29-18.22.45:483][430]LogPlayLevel: PIE: World Init took: (0.001321s)
[2018.11.29-18.22.45:483][430]LogPlayLevel: PIE: Created PIE world by copying editor world from /Game/ThirdPersonBP/Maps/world.world to /Game/ThirdPersonBP/Maps/UEDPIE_0_world.world (0.150520s)
[2018.11.29-18.22.45:541][430]LogInit: XAudio2 using 'Speakers / Headphones (Realtek Audio)' : 2 channels at 48 kHz using 32 bits per sample (channel mask 0x3)
[2018.11.29-18.22.45:636][430]LogInit: FAudioDevice initialized.
[2018.11.29-18.22.45:686][430]LogLoad: Game class is 'ThirdPersonGameMode_C'
[2018.11.29-18.22.45:729][430]LogWorld: Bringing World /Game/ThirdPersonBP/Maps/UEDPIE_0_world.world up for play (max tick rate 0) at 2018.11.29-13.22.45
[2018.11.29-18.22.45:738][430]LogWorld: Bringing up level for play took: 0.049332
[2018.11.29-18.22.45:762][430]PIE: Play in editor start time for /Game/ThirdPersonBP/Maps/UEDPIE_0_world 0.475
[2018.11.29-18.22.45:762][430]LogBlueprintUserMessages: Late PlayInEditor Detection: Level '/Game/ThirdPersonBP/Maps/world.world:PersistentLevel' has LevelScriptBlueprint '/Game/ThirdPersonBP/Maps/world.world:PersistentLevel.world' with GeneratedClass '/Game/ThirdPersonBP/Maps/world.world_C' with ClassGeneratedBy '/Game/ThirdPersonBP/Maps/world.world:PersistentLevel.world'
[2018.11.29-18.24.29:576][581]LogBlueprintUserMessages: Early EndPlayMap Detection: Level '/Game/ThirdPersonBP/Maps/world.world:PersistentLevel' has LevelScriptBlueprint '/Game/ThirdPersonBP/Maps/world.world:PersistentLevel.world' with GeneratedClass '/Game/ThirdPersonBP/Maps/world.world_C' with ClassGeneratedBy '/Game/ThirdPersonBP/Maps/world.world:PersistentLevel.world'
[2018.11.29-18.24.29:577][581]LogSlate: Updating window title bar state: overlay mode, drag disabled, window buttons hidden, title bar hidden
[2018.11.29-18.24.29:705][581]LogPlayLevel: Display: Shutting down PIE online subsystems
[2018.11.29-18.24.29:705][581]LogBlueprintUserMessages: Late EndPlayMap Detection: Level '/Game/ThirdPersonBP/Maps/world.world:PersistentLevel' has LevelScriptBlueprint '/Game/ThirdPersonBP/Maps/world.world:PersistentLevel.world' with GeneratedClass '/Game/ThirdPersonBP/Maps/world.world_C' with ClassGeneratedBy '/Game/ThirdPersonBP/Maps/world.world:PersistentLevel.world'
[2018.11.29-18.24.29:772][581]LogSlate: Updating window title bar state: overlay mode, drag disabled, window buttons hidden, title bar hidden
[2018.11.29-18.24.29:853][582]LogPlayLevel: Display: Destroying online subsystem :Context_25
[2018.11.29-18.25.11:547][984]Cmd: SELECT NONE
[2018.11.29-18.25.19:212][ 58]LogSlate: FSceneViewport::OnFocusLost() reason 2
[2018.11.29-18.25.23:308][ 97]SourceControl: fatal: C:/Program Files/Epic Games/UE_4.20/Engine/Content: 'C:/Program Files/Epic Games/UE_4.20/Engine/Content' is outside repository
[2018.11.29-18.25.23:693][ 97]LogSlate: FSceneViewport::OnFocusLost() reason 2
[2018.11.29-18.25.40:232][ 97]LogSlate: Window 'Submit Files' being destroyed
[2018.11.29-18.25.40:247][ 97]LogSlate: FSceneViewport::OnFocusLost() reason 2
[2018.11.29-18.25.40:491][ 97]LogSlate: FSceneViewport::OnFocusLost() reason 2
[2018.11.29-18.25.41:164][ 97]LogSourceControl: commit successful: [master c3b300b] Lowered Items closer to the floor
[2018.11.29-18.25.41:317][ 97]SourceControl: [master c3b300b] Lowered Items closer to the floor
[2018.11.29-18.25.41:317][ 97]SourceControl:  5 files changed, 0 insertions(+), 0 deletions(-)
[2018.11.29-18.25.41:325][ 97]SourceControl: Commited [master c3b300b] Lowered Items closer to the floor.
[2018.11.29-18.26.18:186][330]LogSlate: FSceneViewport::OnFocusLost() reason 0
[2018.11.29-18.26.42:963][619]LogEditorViewport: Clicking on Actor (LMB): Woman3_AI_C (Woman3_AI)
[2018.11.29-18.26.46:142][653]LogEditorViewport: Clicking on Actor (LMB): Woman1_AI_C (Woman1_AI)
[2018.11.29-18.26.48:443][682]LogEditorViewport: Clicking on Actor (LMB): Woman1_AI_C (Woman1_AI)
[2018.11.29-18.26.50:372][706]LogEditorViewport: Clicking on Actor (LMB): NavMeshBoundsVolume (NavMeshBoundsVolume)
[2018.11.29-18.26.51:873][727]LogEditorViewport: Clicking on Actor (LMB): NavMeshBoundsVolume (NavMeshBoundsVolume)
[2018.11.29-18.26.53:511][756]LogEditorViewport: Clicking on Actor (LMB): Woman3_AI_C (Woman3_AI)
[2018.11.29-18.27.07:869][963]LogSlate: FSceneViewport::OnFocusLost() reason 0
[2018.11.29-18.27.09:171][964]LogSavePackage: Moving '../../../../../../Users/Neysha/Documents/GitHub/NewWaldo/Saved/world050AC7144722BA95FD25D9B069B428F6.tmp' to '../../../../../../Users/Neysha/Documents/GitHub/NewWaldo/Content/ThirdPersonBP/Maps/world.umap'
[2018.11.29-18.27.09:400][964]Cmd: OBJ SAVEPACKAGE PACKAGE="/Game/ThirdPersonBP/Maps/world_BuiltData" FILE="../../../../../../Users/Neysha/Documents/GitHub/NewWaldo/Content/ThirdPersonBP/Maps/world_BuiltData.uasset" SILENT=true
[2018.11.29-18.27.11:330][964]LogSavePackage: Moving '../../../../../../Users/Neysha/Documents/GitHub/NewWaldo/Saved/world_BuiltDataD89AB03741423F71D201169FFA744B04.tmp' to '../../../../../../Users/Neysha/Documents/GitHub/NewWaldo/Content/ThirdPersonBP/Maps/world_BuiltData.uasset'
[2018.11.29-18.27.16:448][ 27]LogTemp: Repeating last play command: Selected Viewport
[2018.11.29-18.27.16:513][ 27]LogBlueprintUserMessages: Early PlayInEditor Detection: Level '/Game/ThirdPersonBP/Maps/world.world:PersistentLevel' has LevelScriptBlueprint '/Game/ThirdPersonBP/Maps/world.world:PersistentLevel.world' with GeneratedClass '/Game/ThirdPersonBP/Maps/world.world_C' with ClassGeneratedBy '/Game/ThirdPersonBP/Maps/world.world:PersistentLevel.world'
[2018.11.29-18.27.16:513][ 27]LogPlayLevel: PlayLevel: No blueprints needed recompiling
[2018.11.29-18.27.16:516][ 27]PIE: New page: PIE session: world (Nov 29, 2018, 8:27:16 AM)
[2018.11.29-18.27.16:516][ 27]LogPlayLevel: Creating play world package: /Game/ThirdPersonBP/Maps/UEDPIE_0_world
[2018.11.29-18.27.16:709][ 27]LogPlayLevel: PIE: StaticDuplicateObject took: (0.192011s)
[2018.11.29-18.27.16:712][ 27]LogAIModule: Creating AISystem for world world
[2018.11.29-18.27.16:712][ 27]LogPlayLevel: PIE: World Init took: (0.002623s)
[2018.11.29-18.27.16:712][ 27]LogPlayLevel: PIE: Created PIE world by copying editor world from /Game/ThirdPersonBP/Maps/world.world to /Game/ThirdPersonBP/Maps/UEDPIE_0_world.world (0.195288s)
[2018.11.29-18.27.16:779][ 27]LogInit: XAudio2 using 'Speakers / Headphones (Realtek Audio)' : 2 channels at 48 kHz using 32 bits per sample (channel mask 0x3)
[2018.11.29-18.27.16:851][ 27]LogInit: FAudioDevice initialized.
[2018.11.29-18.27.16:886][ 27]LogLoad: Game class is 'ThirdPersonGameMode_C'
[2018.11.29-18.27.16:910][ 27]LogWorld: Bringing World /Game/ThirdPersonBP/Maps/UEDPIE_0_world.world up for play (max tick rate 0) at 2018.11.29-13.27.16
[2018.11.29-18.27.16:916][ 27]LogWorld: Bringing up level for play took: 0.028509
[2018.11.29-18.27.16:938][ 27]PIE: Play in editor start time for /Game/ThirdPersonBP/Maps/UEDPIE_0_world -0.348
[2018.11.29-18.27.16:938][ 27]LogBlueprintUserMessages: Late PlayInEditor Detection: Level '/Game/ThirdPersonBP/Maps/world.world:PersistentLevel' has LevelScriptBlueprint '/Game/ThirdPersonBP/Maps/world.world:PersistentLevel.world' with GeneratedClass '/Game/ThirdPersonBP/Maps/world.world_C' with ClassGeneratedBy '/Game/ThirdPersonBP/Maps/world.world:PersistentLevel.world'
[2018.11.29-18.27.32:183][180]LogBlueprintUserMessages: Early EndPlayMap Detection: Level '/Game/ThirdPersonBP/Maps/world.world:PersistentLevel' has LevelScriptBlueprint '/Game/ThirdPersonBP/Maps/world.world:PersistentLevel.world' with GeneratedClass '/Game/ThirdPersonBP/Maps/world.world_C' with ClassGeneratedBy '/Game/ThirdPersonBP/Maps/world.world:PersistentLevel.world'
[2018.11.29-18.27.32:184][180]LogSlate: Updating window title bar state: overlay mode, drag disabled, window buttons hidden, title bar hidden
[2018.11.29-18.27.32:317][180]LogPlayLevel: Display: Shutting down PIE online subsystems
[2018.11.29-18.27.32:317][180]LogBlueprintUserMessages: Late EndPlayMap Detection: Level '/Game/ThirdPersonBP/Maps/world.world:PersistentLevel' has LevelScriptBlueprint '/Game/ThirdPersonBP/Maps/world.world:PersistentLevel.world' with GeneratedClass '/Game/ThirdPersonBP/Maps/world.world_C' with ClassGeneratedBy '/Game/ThirdPersonBP/Maps/world.world:PersistentLevel.world'
[2018.11.29-18.27.32:381][180]LogSlate: Updating window title bar state: overlay mode, drag disabled, window buttons hidden, title bar hidden
[2018.11.29-18.27.32:405][181]LogPlayLevel: Display: Destroying online subsystem :Context_27
[2018.11.29-18.27.34:534][199]LogSlate: FSceneViewport::OnFocusLost() reason 0
[2018.11.29-18.27.40:516][243]LogAssetEditorManager: Opening Asset editor for Blueprint /Game/People/Woman5_AI.Woman5_AI
[2018.11.29-18.28.30:519][635]LogEditorViewport: Clicking on Actor (LMB): Landscape (Landscape)
[2018.11.29-18.28.31:550][644]LogEditorViewport: Clicking on Actor (LMB): Landscape (Landscape)
[2018.11.29-18.28.32:731][655]LogEditorViewport: Clicking on Actor (LMB): Landscape (Landscape)
[2018.11.29-18.28.33:155][658]LogEditorViewport: Clicking on Actor (double click): Landscape (Landscape)
[2018.11.29-18.28.33:937][667]LogEditorViewport: Clicking on Actor (LMB): Landscape (Landscape)
[2018.11.29-18.28.36:576][687]LogSlate: FSceneViewport::OnFocusLost() reason 0
[2018.11.29-18.28.36:945][688]LogAssetEditorManager: Opening Asset editor for Blueprint /Game/People/Cop1_AI.Cop1_AI
[2018.11.29-18.28.54:311][263]LogActorComponent: UnregisterComponent: (/Engine/Transient.EditorFloorComp) Not registered. Aborting.
[2018.11.29-18.29.04:974][397]LogEditorViewport: Clicking on Actor (LMB): SpawnVolume_C (ItemSpawnerBox)
[2018.11.29-18.29.07:521][431]LogSlate: FSceneViewport::OnFocusLost() reason 0
[2018.11.29-18.29.12:794][442]LogD3D11RHI: Timed out while waiting for GPU to catch up. (0.5 s)
[2018.11.29-18.29.12:854][442]LogD3D11RHI: Error: Result failed 
 at D:\Build\++UE4\Sync\Engine\Source\Runtime\Windows\D3D11RHI\Private\D3D11Viewport.cpp:304 
 with error DXGI_ERROR_DEVICE_REMOVED DXGI_ERROR_DEVICE_HUNG
[2018.11.29-18.29.12:854][442]LogD3D11RHI: [Aftermath] GDynamicRHI=0000027C71E42080, GDX11NVAfterMathEnabled=0, Result=0xFFFFFFFF, bDeviceActive=0
[2018.11.29-18.29.12:854][442]LogWindows: Windows GetLastError: The operation completed successfully. (0)
[2018.11.29-18.29.15:256][442]LogWindows: Windows GetLastError: The operation completed successfully. (0)
[2018.11.29-18.29.15:284][442]LogWindows: Error: === Critical error: ===
[2018.11.29-18.29.15:284][442]LogWindows: Error: 
[2018.11.29-18.29.15:284][442]LogWindows: Error: Fatal error: [File:D:\Build\++UE4\Sync\Engine\Source\Runtime\RenderCore\Private\RenderingThread.cpp] [Line: 826] 
[2018.11.29-18.29.15:284][442]LogWindows: Error: Rendering thread exception:
[2018.11.29-18.29.15:284][442]LogWindows: Error: Fatal error: [File:D:\Build\++UE4\Sync\Engine\Source\Runtime\Windows\D3D11RHI\Private\D3D11Util.cpp] [Line: 200] 
[2018.11.29-18.29.15:284][442]LogWindows: Error: Unreal Engine is exiting due to D3D device being lost. (Error: 0x887A0006 - 'HUNG')
[2018.11.29-18.29.15:284][442]LogWindows: Error: 
[2018.11.29-18.29.15:284][442]LogWindows: Error: 
[2018.11.29-18.29.15:284][442]LogWindows: Error: [Callstack] 0x00007ffd033da388 KERNELBASE.dll!UnknownFunction []
[2018.11.29-18.29.15:284][442]LogWindows: Error: [Callstack] 0x00007ffcd06b6850 UE4Editor-ApplicationCore.dll!UnknownFunction []
[2018.11.29-18.29.15:284][442]LogWindows: Error: [Callstack] 0x00007ffc889062fc UE4Editor-Core.dll!UnknownFunction []
[2018.11.29-18.29.15:284][442]LogWindows: Error: [Callstack] 0x00007ffc888951db UE4Editor-Core.dll!UnknownFunction []
[2018.11.29-18.29.15:284][442]LogWindows: Error: [Callstack] 0x00007ffc6c51adea UE4Editor-D3D11RHI.dll!UnknownFunction []
[2018.11.29-18.29.15:284][442]LogWindows: Error: [Callstack] 0x00007ffc6c51e6e4 UE4Editor-D3D11RHI.dll!UnknownFunction []
[2018.11.29-18.29.15:284][442]LogWindows: Error: [Callstack] 0x00007ffc6c4fd0aa UE4Editor-D3D11RHI.dll!UnknownFunction []
[2018.11.29-18.29.15:284][442]LogWindows: Error: [Callstack] 0x00007ffc6c50ab70 UE4Editor-D3D11RHI.dll!UnknownFunction []
[2018.11.29-18.29.15:284][442]LogWindows: Error: [Callstack] 0x00007ffcb8aab106 UE4Editor-RHI.dll!UnknownFunction []
[2018.11.29-18.29.15:284][442]LogWindows: Error: [Callstack] 0x00007ffc6c2b1b42 UE4Editor-SlateRHIRenderer.dll!UnknownFunction []
[2018.11.29-18.29.15:284][442]LogWindows: Error: [Callstack] 0x00007ffc6c2b7d0a UE4Editor-SlateRHIRenderer.dll!UnknownFunction []
[2018.11.29-18.29.15:284][442]LogWindows: Error: [Callstack] 0x00007ffc88721f92 UE4Editor-Core.dll!UnknownFunction []
[2018.11.29-18.29.15:284][442]LogWindows: Error: [Callstack] 0x00007ffc88722456 UE4Editor-Core.dll!UnknownFunction []
[2018.11.29-18.29.15:284][442]LogWindows: Error: [Callstack] 0x00007ffcd74675f9 UE4Editor-RenderCore.dll!UnknownFunction []
[2018.11.29-18.29.15:284][442]LogWindows: Error: [Callstack] 0x00007ffcd7468574 UE4Editor-RenderCore.dll!UnknownFunction []
[2018.11.29-18.29.15:284][442]LogWindows: Error: [Callstack] 0x00007ffc88b66b7c UE4Editor-Core.dll!UnknownFunction []
[2018.11.29-18.29.15:284][442]LogWindows: Error: [Callstack] 0x00007ffc88b617c7 UE4Editor-Core.dll!UnknownFunction []
[2018.11.29-18.29.15:284][442]LogWindows: Error: [Callstack] 0x00007ffd05da3034 KERNEL32.DLL!UnknownFunction []
[2018.11.29-18.29.15:284][442]LogWindows: Error: [Callstack] 0x00007ffd065b1461 ntdll.dll!UnknownFunction []
[2018.11.29-18.29.15:284][442]LogWindows: Error: 
[2018.11.29-18.29.15:284][442]LogWindows: Error: 
[2018.11.29-18.29.15:284][442]LogWindows: Error: 
[2018.11.29-18.29.15:284][442]LogWindows: Error: 
[2018.11.29-18.29.15:353][442]LogExit: Executing StaticShutdownAfterError
[2018.11.29-18.29.15:501][442]LogWindows: FPlatformMisc::RequestExit(1)
[2018.11.29-18.29.15:517][442]Log file closed, 11/29/18 13:29:15
