Log file open, 11/08/18 19:54:28
LogWindows: Failed to load 'aqProf.dll' (GetLastError=126)
LogWindows: File 'aqProf.dll' does not exist
LogWindows: Failed to load 'VSPerf140.dll' (GetLastError=126)
LogWindows: File 'VSPerf140.dll' does not exist
LogWindows: Failed to load 'VtuneApi.dll' (GetLastError=126)
LogWindows: File 'VtuneApi.dll' does not exist
LogWindows: Failed to load 'VtuneApi32e.dll' (GetLastError=126)
LogWindows: File 'VtuneApi32e.dll' does not exist
LogInit: Display: Running engine for game: NewWaldo
LogPlatformFile: Not using cached read wrapper
LogTaskGraph: Started task graph with 5 named threads and 11 total threads with 3 sets of task threads.
LogStats: Stats thread started at 0.364702
LogD3D11RHI: Loaded GFSDK_Aftermath_Lib.x64.dll
LogICUInternationalization: Display: ICU TimeZone Detection - Raw Offset: -5:00, Platform Override: ''
LogPluginManager: Mounting plugin Paper2D
LogPluginManager: Mounting plugin AISupport
LogPluginManager: Mounting plugin LightPropagationVolume
LogPluginManager: Mounting plugin CLionSourceCodeAccess
LogPluginManager: Mounting plugin CodeLiteSourceCodeAccess
LogPluginManager: Mounting plugin GitSourceControl
LogPluginManager: Mounting plugin KDevelopSourceCodeAccess
LogPluginManager: Mounting plugin NullSourceCodeAccess
LogPluginManager: Mounting plugin PerforceSourceControl
LogPluginManager: Mounting plugin SubversionSourceControl
LogPluginManager: Mounting plugin UObjectPlugin
LogPluginManager: Mounting plugin VisualStudioCodeSourceCodeAccess
LogPluginManager: Mounting plugin VisualStudioSourceCodeAccess
LogPluginManager: Mounting plugin XCodeSourceCodeAccess
LogPluginManager: Mounting plugin AssetManagerEditor
LogPluginManager: Mounting plugin CryptoKeys
LogPluginManager: Mounting plugin DataValidation
LogPluginManager: Mounting plugin FacialAnimation
LogPluginManager: Mounting plugin GameplayTagsEditor
LogPluginManager: Mounting plugin MacGraphicsSwitching
LogPluginManager: Mounting plugin MeshEditor
LogPluginManager: Mounting plugin MobileLauncherProfileWizard
LogPluginManager: Mounting plugin PluginBrowser
LogPluginManager: Mounting plugin SpeedTreeImporter
LogPluginManager: Mounting plugin DatasmithContent
LogPluginManager: Mounting plugin AlembicImporter
LogPluginManager: Mounting plugin AppleImageUtils
LogPluginManager: Mounting plugin AppleVision
LogPluginManager: Mounting plugin BackChannel
LogPluginManager: Mounting plugin CharacterAI
LogPluginManager: Mounting plugin GeometryCache
LogPluginManager: Mounting plugin HTML5Networking
LogPluginManager: Mounting plugin ProxyLODPlugin
LogPluginManager: Mounting plugin MagicLeap
LogPluginManager: Mounting plugin MagicLeapEmulator
LogPluginManager: Mounting plugin MagicLeapMedia
LogPluginManager: Mounting plugin AndroidMedia
LogPluginManager: Mounting plugin AvfMedia
LogPluginManager: Mounting plugin ImgMedia
LogPluginManager: Mounting plugin LinearTimecode
LogPluginManager: Mounting plugin MediaCompositing
LogPluginManager: Mounting plugin MediaPlayerEditor
LogPluginManager: Mounting plugin WmfMedia
LogPluginManager: Mounting plugin TcpMessaging
LogPluginManager: Mounting plugin UdpMessaging
LogPluginManager: Mounting plugin ActorSequence
LogPluginManager: Mounting plugin LevelSequenceEditor
LogPluginManager: Mounting plugin MatineeToLevelSequence
LogPluginManager: Mounting plugin NetcodeUnitTest
LogPluginManager: Mounting plugin NUTUnrealEngine4
LogPluginManager: Mounting plugin OnlineSubsystemGooglePlay
LogPluginManager: Mounting plugin OnlineSubsystemIOS
LogPluginManager: Mounting plugin OnlineSubsystem
LogPluginManager: Mounting plugin OnlineSubsystemNull
LogPluginManager: Mounting plugin OnlineSubsystemUtils
LogPluginManager: Mounting plugin LauncherChunkInstaller
LogPluginManager: Mounting plugin AndroidDeviceProfileSelector
LogPluginManager: Mounting plugin AndroidMoviePlayer
LogPluginManager: Mounting plugin AndroidPermission
LogPluginManager: Mounting plugin AppleMoviePlayer
LogPluginManager: Mounting plugin ArchVisCharacter
LogPluginManager: Mounting plugin AudioCapture
LogPluginManager: Mounting plugin CableComponent
LogPluginManager: Mounting plugin CustomMeshComponent
LogPluginManager: Mounting plugin EditableMesh
LogPluginManager: Mounting plugin ExampleDeviceProfileSelector
LogPluginManager: Mounting plugin GoogleCloudMessaging
LogPluginManager: Mounting plugin ImmediatePhysics
LogPluginManager: Mounting plugin IOSDeviceProfileSelector
LogPluginManager: Mounting plugin LinuxDeviceProfileSelector
LogPluginManager: Mounting plugin LocationServicesBPLibrary
LogPluginManager: Mounting plugin MobilePatchingUtils
LogPluginManager: Mounting plugin OculusVR
LogPluginManager: Plugin shader directory ../../../Engine/Plugins/Runtime/Oculus/OculusVR/Shaders found
LogPluginManager: Mapping shader source directory ../../../Engine/Plugins/Runtime/Oculus/OculusVR/Shaders to virtual directory /Plugin/OculusVR
LogPluginManager: Mounting plugin PhysXVehicles
LogPluginManager: Mounting plugin ProceduralMeshComponent
LogPluginManager: Mounting plugin RuntimePhysXCooking
LogPluginManager: Mounting plugin SteamVR
LogPluginManager: Mounting plugin WindowsMoviePlayer
LogStreaming: Display: Took  0.475s to configure plugins.
LogInit: Using libcurl 7.55.1-DEV
LogInit:  - built for x86_64-pc-win32
LogInit:  - supports SSL with OpenSSL/1.0.2h
LogInit:  - supports HTTP deflate (compression) using libz 1.2.8
LogInit:  - other features:
LogInit:      CURL_VERSION_SSL
LogInit:      CURL_VERSION_LIBZ
LogInit:      CURL_VERSION_IPV6
LogInit:      CURL_VERSION_ASYNCHDNS
LogInit:      CURL_VERSION_LARGEFILE
LogInit:      CURL_VERSION_IDN
LogInit:  CurlRequestOptions (configurable via config and command line):
LogInit:  - bVerifyPeer = false  - Libcurl will NOT verify peer certificate
LogInit:  - bUseHttpProxy = false  - Libcurl will NOT use HTTP proxy
LogInit:  - bDontReuseConnections = false  - Libcurl will reuse connections
LogInit:  - CertBundlePath = nullptr  - Libcurl will use whatever was configured at build time.
LogInit:  - MaxHostConnections = 16  - Libcurl will limit the number of connections to a host
LogInit:  - LocalHostAddr = Default
LogInit:  - BufferSize = 65536
LogInit: WinSock: version 1.1 (2.2), MaxSocks=32767, MaxUdp=65467
LogInit: Build: ++UE4+Release-4.20-CL-4302132
LogInit: Engine Version: 4.20.2-4302132+++UE4+Release-4.20
LogInit: Compatible Engine Version: 4.20.0-4212847+++UE4+Release-4.20
LogInit: Net CL: 4212847
LogInit: OS: Windows 10 (), CPU: Intel(R) Core(TM) i5-7300U CPU @ 2.60GHz, GPU: Intel(R) HD Graphics 620
LogInit: Compiled (64-bit): Aug 21 2018 02:06:06
LogInit: Compiled with Visual C++: 19.13.26129.00
LogInit: Build Configuration: Development
LogInit: Branch Name: ++UE4+Release-4.20
LogInit: Command Line: 
LogInit: Base Directory: C:/Program Files/Epic Games/UE_4.20/Engine/Binaries/Win64/
LogInit: Installed Engine Build: 1
LogDevObjectVersion: Number of dev versions registered: 20
LogDevObjectVersion:   Dev-Blueprints (B0D832E4-1F89-4F0D-ACCF-7EB736FD4AA2): 10
LogDevObjectVersion:   Dev-Build (E1C64328-A22C-4D53-A36C-8E866417BD8C): 0
LogDevObjectVersion:   Dev-Core (375EC13C-06E4-48FB-B500-84F0262A717E): 2
LogDevObjectVersion:   Dev-Editor (E4B068ED-F494-42E9-A231-DA0B2E46BB41): 24
LogDevObjectVersion:   Dev-Framework (CFFC743F-43B0-4480-9391-14DF171D2073): 34
LogDevObjectVersion:   Dev-Mobile (B02B49B5-BB20-44E9-A304-32B752E40360): 2
LogDevObjectVersion:   Dev-Networking (A4E4105C-59A1-49B5-A7C5-40C4547EDFEE): 0
LogDevObjectVersion:   Dev-Online (39C831C9-5AE6-47DC-9A44-9C173E1C8E7C): 0
LogDevObjectVersion:   Dev-Physics (78F01B33-EBEA-4F98-B9B4-84EACCB95AA2): 0
LogDevObjectVersion:   Dev-Platform (6631380F-2D4D-43E0-8009-CF276956A95A): 0
LogDevObjectVersion:   Dev-Rendering (12F88B9F-8875-4AFC-A67C-D90C383ABD29): 26
LogDevObjectVersion:   Dev-Sequencer (7B5AE74C-D270-4C10-A958-57980B212A5A): 9
LogDevObjectVersion:   Dev-VR (D7296918-1DD6-4BDD-9DE2-64A83CC13884): 2
LogDevObjectVersion:   Dev-LoadTimes (C2A15278-BFE7-4AFE-6C17-90FF531DF755): 1
LogDevObjectVersion:   Private-Geometry (6EACA3D4-40EC-4CC1-B786-8BED09428FC5): 3
LogDevObjectVersion:   Dev-AnimPhys (29E575DD-E0A3-4627-9D10-D276232CDCEA): 17
LogDevObjectVersion:   Dev-ReflectionCapture (6B266CEC-1EC7-4B8F-A30B-E4D90942FC07): 1
LogDevObjectVersion:   Dev-Automation (0DF73D61-A23F-47EA-B727-89E90C41499A): 1
LogDevObjectVersion:   FortniteMain (601D1886-AC64-4F84-AA16-D3DE0DEAC7D6): 12
LogDevObjectVersion:   Dev-Enterprise (9DFFBCD6-494F-0158-E221-12823C92A888): 1
LogStreaming: Display: Took  0.028s to delete old logs.
LogInit: Presizing for max 8388607 objects, including 0 objects not considered by GC, pre-allocating 0 bytes for permanent pool.
LogInit: Object subsystem initialized
[2018.11.09-00.54.30:003][  0]LogInit: Selected Device Profile: [Windows]
[2018.11.09-00.54.30:003][  0]LogInit: Applying CVar settings loaded from the selected device profile: [Windows]
[2018.11.09-00.54.30:073][  0]LogHAL: Display: Platform has ~ 8 GB [8511496192 / 8589934592 / 8], which maps to Default [LargestMinGB=32, LargerMinGB=12, DefaultMinGB=8, SmallerMinGB=6, SmallestMinGB=0)
[2018.11.09-00.54.30:073][  0]LogInit: Setting Device Profile CVar: [[r.Vulkan.UseRealUBs:1]]
[2018.11.09-00.54.30:074][  0]LogInit: Going up to parent DeviceProfile []
[2018.11.09-00.54.30:076][  0]LogInit: Computer: DESKTOP-2JCFOSA
[2018.11.09-00.54.30:076][  0]LogInit: User: NIriz
[2018.11.09-00.54.30:076][  0]LogInit: CPU Page size=4096, Cores=2
[2018.11.09-00.54.30:076][  0]LogInit: High frequency timer resolution =2.648438 MHz
[2018.11.09-00.54.30:078][  0]LogMemory: Memory total: Physical=7.9GB (8GB approx)
[2018.11.09-00.54.30:079][  0]LogMemory: Platform Memory Stats for Windows
[2018.11.09-00.54.30:079][  0]LogMemory: Process Physical Memory: 100.69 MB used, 100.69 MB peak
[2018.11.09-00.54.30:079][  0]LogMemory: Process Virtual Memory: 92.18 MB used, 92.18 MB peak
[2018.11.09-00.54.30:079][  0]LogMemory: Physical Memory: 6141.55 MB used,  1975.64 MB free, 8117.20 MB total
[2018.11.09-00.54.30:080][  0]LogMemory: Virtual Memory: 4614.87 MB used,  1975.64 MB free, 134217728.00 MB total
[2018.11.09-00.54.30:182][  0]LogInit: Using OS detected language (en-US).
[2018.11.09-00.54.30:182][  0]LogInit: Using OS detected locale (en-US).
[2018.11.09-00.54.30:191][  0]LogTextLocalizationManager: No specific localization for 'en-US' exists, so the 'en' localization will be used.
[2018.11.09-00.54.32:323][  0]LogStreaming: Display: Took  2.141s to InitEngineTextLocalization.
[2018.11.09-00.54.32:324][  0]LogInit: Setting process to per monitor DPI aware
[2018.11.09-00.54.32:448][  0]LogSlate: New Slate User Created.  User Index 0, Is Virtual User: 0
[2018.11.09-00.54.32:449][  0]LogSlate: Slate User Registered.  User Index 0, Is Virtual User: 0
[2018.11.09-00.54.34:450][  0]LogHMD: Failed to initialize OpenVR with code 110
[2018.11.09-00.54.34:450][  0]LogD3D11RHI: D3D11 adapters:
[2018.11.09-00.54.34:647][  0]LogD3D11RHI:    0. 'Intel(R) HD Graphics 620' (Feature Level 11_0)
[2018.11.09-00.54.34:647][  0]LogD3D11RHI:       128/0/4058 MB DedicatedVideo/DedicatedSystem/SharedSystem, Outputs:1, VendorId:0x8086
[2018.11.09-00.54.34:660][  0]LogD3D11RHI:    1. 'Microsoft Basic Render Driver' (Feature Level 11_0)
[2018.11.09-00.54.34:660][  0]LogD3D11RHI:       0/0/4058 MB DedicatedVideo/DedicatedSystem/SharedSystem, Outputs:0, VendorId:0x1414
[2018.11.09-00.54.34:660][  0]LogD3D11RHI: Chosen D3D11 Adapter: 0
[2018.11.09-00.54.34:695][  0]LogD3D11RHI: Creating new Direct3DDevice
[2018.11.09-00.54.34:695][  0]LogD3D11RHI:     GPU DeviceId: 0x5916 (for the marketing name, search the web for "GPU Device Id")
[2018.11.09-00.54.34:695][  0]LogWindows: EnumDisplayDevices:
[2018.11.09-00.54.34:698][  0]LogWindows:    0. 'Intel(R) HD Graphics 620' (P:1 D:1)
[2018.11.09-00.54.34:700][  0]LogWindows:    1. 'Intel(R) HD Graphics 620' (P:0 D:0)
[2018.11.09-00.54.34:701][  0]LogWindows:    2. 'Intel(R) HD Graphics 620' (P:0 D:0)
[2018.11.09-00.54.34:703][  0]LogWindows: DebugString: FoundDriverCount:3 
[2018.11.09-00.54.34:705][  0]LogD3D11RHI:     Adapter Name: Intel(R) HD Graphics 620
[2018.11.09-00.54.34:705][  0]LogD3D11RHI:   Driver Version: 24.20.100.6136 (internal:24.20.100.6136, unified:24.20.100.6136)
[2018.11.09-00.54.34:706][  0]LogD3D11RHI:      Driver Date: 5-25-2018
[2018.11.09-00.54.34:706][  0]LogRHI: Texture pool is 1510 MB (70% of 2157 MB)
[2018.11.09-00.54.34:876][  0]LogD3D11RHI: Async texture creation enabled
[2018.11.09-00.54.34:929][  0]LogD3D11RHI: GPU Timing Frequency: 12.000048 (Debug: 2 0)
[2018.11.09-00.54.34:935][  0]LogShaderCompilers: Guid format shader working directory is -27 characters bigger than the processId version (../../../../../../Users/NIriz/OneDrive/Documents/Unreal Projects/NewWaldo/Intermediate/Shaders/WorkingDirectory/3244/).
[2018.11.09-00.54.34:936][  0]LogShaderCompilers: Cleaned the shader compiler working directory 'C:/Users/NIriz/AppData/Local/Temp/UnrealShaderWorkingDir/99768D7B433A3901A9FAFB8175E93415/'.
[2018.11.09-00.54.38:195][  0]LogTemp: Display: Loaded TP AllDesktopTargetPlatform
[2018.11.09-00.54.38:292][  0]LogTemp: Display: Loaded TP MacClientTargetPlatform
[2018.11.09-00.54.38:402][  0]LogTemp: Display: Loaded TP MacNoEditorTargetPlatform
[2018.11.09-00.54.38:506][  0]LogTemp: Display: Loaded TP MacServerTargetPlatform
[2018.11.09-00.54.38:617][  0]LogTemp: Display: Loaded TP MacTargetPlatform
[2018.11.09-00.54.38:721][  0]LogTemp: Display: Loaded TP WindowsClientTargetPlatform
[2018.11.09-00.54.38:824][  0]LogTemp: Display: Loaded TP WindowsNoEditorTargetPlatform
[2018.11.09-00.54.38:926][  0]LogTemp: Display: Loaded TP WindowsServerTargetPlatform
[2018.11.09-00.54.38:967][  0]LogTemp: Display: Loaded TP WindowsTargetPlatform
[2018.11.09-00.54.39:607][  0]LogTemp: Display: Loaded TP AndroidTargetPlatform
[2018.11.09-00.54.39:607][  0]LogTemp: Display: Loaded TP AndroidTargetPlatform
[2018.11.09-00.54.39:607][  0]LogTemp: Display: Loaded TP AndroidTargetPlatform
[2018.11.09-00.54.39:607][  0]LogTemp: Display: Loaded TP AndroidTargetPlatform
[2018.11.09-00.54.39:608][  0]LogTemp: Display: Loaded TP AndroidTargetPlatform
[2018.11.09-00.54.39:608][  0]LogTemp: Display: Loaded TP AndroidTargetPlatform
[2018.11.09-00.54.39:608][  0]LogTemp: Display: Loaded TP AndroidTargetPlatform
[2018.11.09-00.54.39:608][  0]LogTemp: Display: Loaded TP AndroidTargetPlatform
[2018.11.09-00.54.39:608][  0]LogTemp: Display: Loaded TP AndroidTargetPlatform
[2018.11.09-00.54.39:608][  0]LogTemp: Display: Loaded TP AndroidTargetPlatform
[2018.11.09-00.54.39:608][  0]LogTemp: Display: Loaded TP AndroidTargetPlatform
[2018.11.09-00.54.39:608][  0]LogTemp: Display: Loaded TP AndroidTargetPlatform
[2018.11.09-00.54.39:608][  0]LogTemp: Display: Loaded TP AndroidTargetPlatform
[2018.11.09-00.54.39:608][  0]LogTemp: Display: Loaded TP AndroidTargetPlatform
[2018.11.09-00.54.39:608][  0]LogTemp: Display: Loaded TP AndroidTargetPlatform
[2018.11.09-00.54.39:608][  0]LogTemp: Display: Loaded TP AndroidTargetPlatform
[2018.11.09-00.54.39:608][  0]LogTemp: Display: Loaded TP AndroidTargetPlatform
[2018.11.09-00.54.39:609][  0]LogTemp: Display: Loaded TP AndroidTargetPlatform
[2018.11.09-00.54.39:618][  0]LogTemp: Display: Loaded TP HTML5TargetPlatform
[2018.11.09-00.54.39:892][  0]LogTemp: Display: Loaded TP IOSTargetPlatform
[2018.11.09-00.54.39:892][  0]LogTemp: Display: Loaded TP IOSTargetPlatform
[2018.11.09-00.54.39:999][  0]LogTemp: Display: Loaded TP TVOSTargetPlatform
[2018.11.09-00.54.39:999][  0]LogTemp: Display: Loaded TP TVOSTargetPlatform
[2018.11.09-00.54.40:048][  0]LogTemp: Display: Loaded TP LinuxClientTargetPlatform
[2018.11.09-00.54.40:090][  0]LogTemp: Display: Loaded TP LinuxNoEditorTargetPlatform
[2018.11.09-00.54.40:136][  0]LogTemp: Display: Loaded TP LinuxServerTargetPlatform
[2018.11.09-00.54.40:182][  0]LogTemp: Display: Loaded TP LinuxTargetPlatform
[2018.11.09-00.54.40:215][  0]LogTemp: Display: Loaded TP LuminTargetPlatform
[2018.11.09-00.54.40:215][  0]LogTargetPlatformManager: Display: Building Assets For Windows
[2018.11.09-00.54.40:396][  0]LogXGEController: Cannot use XGE Controller as Incredibuild is not installed on this machine.
[2018.11.09-00.54.40:397][  0]LogShaderCompilers: Cannot use XGE Shader Compiler as Incredibuild is not installed on this machine.
[2018.11.09-00.54.40:397][  0]LogShaderCompilers: Display: Using Local Shader Compiler.
[2018.11.09-00.54.42:394][  0]LogDerivedDataCache: Display: Max Cache Size: 512 MB
[2018.11.09-00.54.42:517][  0]LogDerivedDataCache: Loaded boot cache 0.12s 71MB C:/Users/NIriz/AppData/Local/UnrealEngine/4.20/DerivedDataCache/Boot.ddc.
[2018.11.09-00.54.42:520][  0]LogDerivedDataCache: Display: Loaded Boot cache: C:/Users/NIriz/AppData/Local/UnrealEngine/4.20/DerivedDataCache/Boot.ddc
[2018.11.09-00.54.42:520][  0]LogDerivedDataCache: FDerivedDataBackendGraph:  Pak pak cache file ../../../../../../Users/NIriz/OneDrive/Documents/Unreal Projects/NewWaldo/DerivedDataCache/DDC.ddp not found, will not use a pak cache.
[2018.11.09-00.54.42:520][  0]LogDerivedDataCache: Unable to find inner node Pak for hierarchical cache Hierarchy.
[2018.11.09-00.54.42:520][  0]LogDerivedDataCache: FDerivedDataBackendGraph:  CompressedPak pak cache file ../../../../../../Users/NIriz/OneDrive/Documents/Unreal Projects/NewWaldo/DerivedDataCache/Compressed.ddp not found, will not use a pak cache.
[2018.11.09-00.54.42:520][  0]LogDerivedDataCache: Unable to find inner node CompressedPak for hierarchical cache Hierarchy.
[2018.11.09-00.54.42:547][  0]LogDerivedDataCache: Display: Pak cache opened for reading ../../../Engine/DerivedDataCache/Compressed.ddp.
[2018.11.09-00.54.42:561][  0]LogDerivedDataCache: Using Local data cache path C:/Users/NIriz/AppData/Local/UnrealEngine/Common/DerivedDataCache: Writable
[2018.11.09-00.54.42:561][  0]LogDerivedDataCache: Shared data cache path not found in *engine.ini, will not use an Shared cache.
[2018.11.09-00.54.42:561][  0]LogDerivedDataCache: Unable to find inner node Shared for hierarchical cache Hierarchy.
[2018.11.09-00.54.42:610][  0]LogMaterial: Verifying Global Shaders for PCD3D_SM5
[2018.11.09-00.54.42:613][  0]LogSlate: Using FreeType 2.6.0
[2018.11.09-00.54.42:614][  0]LogSlate: SlateFontServices - WITH_FREETYPE: 1, WITH_HARFBUZZ: 1
[2018.11.09-00.54.42:775][  0]LogAssetRegistry: FAssetRegistry took 0.0344 seconds to start up
[2018.11.09-00.54.43:729][  0]LogInit: Selected Device Profile: [Windows]
[2018.11.09-00.54.44:060][  0]LogSimplygon: Simplygon DLL not present - disabling.
[2018.11.09-00.54.44:070][  0]LogMeshReduction: Using SimplygonSwarm for distributed automatic mesh merging
[2018.11.09-00.54.44:071][  0]LogMeshReduction: Using ProxyLODMeshReduction for automatic mesh merging
[2018.11.09-00.54.44:071][  0]LogMeshReduction: Using QuadricMeshReduction for automatic static mesh reduction
[2018.11.09-00.54.44:071][  0]LogMeshReduction: No automatic skeletal mesh reduction module available
[2018.11.09-00.54.44:123][  0]LogNetVersion: NewWaldo 1.0.0, NetCL: 4212847, EngineNetVer: 5, GameNetVer: 0 (Checksum: 3229626331)
[2018.11.09-00.54.45:551][  0]LogPackageLocalizationCache: Processed 11 localized package path(s) for 2 prioritized culture(s) in 0.275842 seconds
[2018.11.09-00.54.45:565][  0]LogUObjectArray: 38425 objects as part of root set at end of initial load.
[2018.11.09-00.54.45:566][  0]LogUObjectAllocator: 6690872 out of 0 bytes used by permanent object pool.
[2018.11.09-00.54.45:566][  0]LogUObjectArray: CloseDisregardForGC: 0/0 objects in disregard for GC pool
[2018.11.09-00.54.47:757][  0]LogTcpMessaging: Initializing TcpMessaging bridge
[2018.11.09-00.54.47:820][  0]LogUdpMessaging: Initializing bridge on interface 0.0.0.0:0 to multicast group 230.0.0.1:6666.
[2018.11.09-00.54.48:158][  0]SourceControl: Source control is disabled
[2018.11.09-00.54.49:551][  0]LogAndroidPermission: UAndroidPermissionCallbackProxy::GetInstance
[2018.11.09-00.54.49:715][  0]LogOcInput: OculusInput pre-init called
[2018.11.09-00.54.49:840][  0]LogEngine: Initializing Engine...
[2018.11.09-00.54.49:842][  0]LogHMD: Failed to initialize OpenVR with code 110
[2018.11.09-00.54.49:845][  0]LogStats: UGameplayTagsManager::ConstructGameplayTagTree: ImportINI prefixes -  0.000 s
[2018.11.09-00.54.49:845][  0]LogStats: UGameplayTagsManager::ConstructGameplayTagTree: Construct from data asset -  0.000 s
[2018.11.09-00.54.49:845][  0]LogStats: UGameplayTagsManager::ConstructGameplayTagTree: ImportINI -  0.000 s
[2018.11.09-00.54.49:846][  0]LogStats: UGameplayTagsManager::ConstructGameplayTagTree: GameplayTagTreeChangedEvent.Broadcast -  0.000 s
[2018.11.09-00.54.50:434][  0]LogInit: Initializing FReadOnlyCVARCache
[2018.11.09-00.54.50:509][  0]LogAIModule: Creating AISystem for world Untitled
[2018.11.09-00.54.50:890][  0]LogInit: XAudio2 using 'Speakers (Realtek High Definition Audio(SST))' : 2 channels at 48 kHz using 32 bits per sample (channel mask 0x3)
[2018.11.09-00.54.51:117][  0]LogInit: FAudioDevice initialized.
[2018.11.09-00.54.51:118][  0]LogNetVersion: Set ProjectVersion to 1.0.0.0. Version Checksum will be recalculated on next use.
[2018.11.09-00.54.51:458][  0]LogDerivedDataCache: Saved boot cache 0.34s 71MB C:/Users/NIriz/AppData/Local/UnrealEngine/4.20/DerivedDataCache/Boot.ddc.
[2018.11.09-00.54.51:460][  0]LogInit: Texture streaming: Enabled
[2018.11.09-00.54.52:689][  0]LogEngineSessionManager: EngineSessionManager initialized
[2018.11.09-00.54.52:794][  0]LogInit: Transaction tracking system initialized
[2018.11.09-00.54.53:020][  0]BlueprintLog: New page: Editor Load
[2018.11.09-00.54.53:786][  0]LocalizationService: Localization service is disabled
[2018.11.09-00.54.54:211][  0]LogLinker: Warning: Can't find file '/Game/FirstPersonBP/FirstPersonOverview'
[2018.11.09-00.54.54:213][  0]LogLinker: Warning: Can't find file '/Game/FirstPersonBP/FirstPersonOverview'
[2018.11.09-00.54.54:214][  0]LogUObjectGlobals: Warning: Failed to find object 'Class /Game/FirstPersonBP/FirstPersonOverview.FirstPersonOverview_C'
[2018.11.09-00.55.00:108][  0]LogCook: Display: Max memory allowance for cook 16384mb min free memory 0mb
[2018.11.09-00.55.00:109][  0]LogCook: Display: Mobile HDR setting 1
[2018.11.09-00.55.00:111][  0]LogGameplayTags: Display: UGameplayTagsManager::DoneAddingNativeTags. DelegateIsBound: 0
[2018.11.09-00.55.00:112][  0]LogStats: UGameplayTagsManager::ConstructGameplayTagTree: ImportINI prefixes -  0.000 s
[2018.11.09-00.55.00:112][  0]LogStats: UGameplayTagsManager::ConstructGameplayTagTree: Construct from data asset -  0.000 s
[2018.11.09-00.55.00:113][  0]LogStats: UGameplayTagsManager::ConstructGameplayTagTree: ImportINI -  0.000 s
[2018.11.09-00.55.00:113][  0]LogStats: UGameplayTagsManager::ConstructGameplayTagTree: GameplayTagTreeChangedEvent.Broadcast -  0.000 s
[2018.11.09-00.55.00:668][  0]LogFileCache: Scanning file cache for directory 'C:/Users/NIriz/OneDrive/Documents/Unreal Projects/NewWaldo/Content/' took 0.24s
[2018.11.09-00.55.01:166][  0]Cmd: MAP LOAD FILE="../../../../../../Users/NIriz/OneDrive/Documents/Unreal Projects/NewWaldo/Content/ThirdPersonBP/Maps/ThirdPersonExampleMap.umap" TEMPLATE=0 SHOWPROGRESS=1 FEATURELEVEL=3
[2018.11.09-00.55.01:168][  0]LogEditorServer: Warning: Can't find file '../../../../../../Users/NIriz/OneDrive/Documents/Unreal Projects/NewWaldo/Content/ThirdPersonBP/Maps/ThirdPersonExampleMap.umap'
[2018.11.09-00.55.01:168][  0]Cmd: MAP CHECKDEP NOCLEARLOG
[2018.11.09-00.55.01:875][  0]MapCheck: Map check complete: 0 Error(s), 0 Warning(s), took 705.32ms to complete.
[2018.11.09-00.55.01:875][  0]LogFileHelpers: Loading map 'ThirdPersonExampleMap' took 0.708
[2018.11.09-00.55.02:599][  0]LogSlate: Updating window title bar state: overlay mode, drag disabled, window buttons hidden, title bar hidden
[2018.11.09-00.55.02:656][  0]LogSlate: Updating window title bar state: overlay mode, drag disabled, window buttons hidden, title bar hidden
[2018.11.09-00.55.02:734][  0]LogSlate: Updating window title bar state: overlay mode, drag disabled, window buttons hidden, title bar hidden
[2018.11.09-00.55.02:789][  0]LogSlate: Updating window title bar state: overlay mode, drag disabled, window buttons hidden, title bar hidden
[2018.11.09-00.55.02:882][  0]LogCollectionManager: Loaded 0 collections in 0.014242 seconds
[2018.11.09-00.55.03:046][  0]LogFileCache: Scanning file cache for directory 'C:/Users/NIriz/OneDrive/Documents/Unreal Projects/NewWaldo/Saved/Collections/' took 0.05s
[2018.11.09-00.55.03:046][  0]LogFileCache: Scanning file cache for directory 'C:/Users/NIriz/OneDrive/Documents/Unreal Projects/NewWaldo/Content/Developers/NIriz/Collections/' took 0.04s
[2018.11.09-00.55.03:046][  0]LogFileCache: Scanning file cache for directory 'C:/Users/NIriz/OneDrive/Documents/Unreal Projects/NewWaldo/Content/Collections/' took 0.02s
[2018.11.09-00.55.03:046][  0]LogCollectionManager: Rebuilt the GUID cache for 0 collections in 0.000001 seconds
[2018.11.09-00.55.03:123][  0]LogContentBrowser: Native class hierarchy populated in 0.0756 seconds. Added 2572 classes and 603 folders.
[2018.11.09-00.55.03:195][  0]LogContentBrowser: Native class hierarchy updated for 'WidgetCarousel' in 0.0010 seconds. Added 0 classes and 0 folders.
[2018.11.09-00.55.04:008][  0]LogContentBrowser: Native class hierarchy updated for 'AddContentDialog' in 0.0010 seconds. Added 0 classes and 0 folders.
[2018.11.09-00.55.04:034][  0]LogContentBrowser: Native class hierarchy updated for 'SceneOutliner' in 0.0011 seconds. Added 1 classes and 2 folders.
[2018.11.09-00.55.04:635][  0]LogSlate: Took 0.120770 seconds to synchronously load lazily loaded font '../../../Engine/Content/Slate/Fonts/Roboto-Regular.ttf' (155K)
[2018.11.09-00.55.04:649][  0]LogSlate: Took 0.003801 seconds to synchronously load lazily loaded font '../../../Engine/Content/Slate/Fonts/Roboto-Bold.ttf' (160K)
[2018.11.09-00.55.04:839][  0]LogSlate: Took 0.148168 seconds to synchronously load lazily loaded font '../../../Engine/Content/Editor/Slate/Fonts/FontAwesome.ttf' (139K)
[2018.11.09-00.55.05:632][  0]LogRenderer: Reallocating scene render targets to support 800x444 Format 9 NumSamples 1 (Frame:1).
[2018.11.09-00.55.07:085][  0]LogContentBrowser: Native class hierarchy updated for 'HierarchicalLODOutliner' in 0.0023 seconds. Added 0 classes and 0 folders.
[2018.11.09-00.55.07:085][  0]LogLoad: (Engine Initialization) Total time: 42.33 seconds
[2018.11.09-00.55.07:086][  0]LogLoad: (Engine Initialization) Total Blueprint compile time: 0.00 seconds
[2018.11.09-00.55.11:255][  0]LogContentStreaming: Texture pool size now 600 MB
[2018.11.09-00.55.17:785][  2]LogD3D11RHI: Timed out while waiting for GPU to catch up. (0.5 s)
[2018.11.09-00.55.19:958][ 11]LogD3D11RHI: Timed out while waiting for GPU to catch up. (0.5 s)
[2018.11.09-00.55.20:254][ 16]LogAssetRegistry: Asset discovery search completed in 37.5032 seconds
[2018.11.09-00.55.20:261][ 16]LogCollectionManager: Rebuilt the object cache for 0 collections in 0.000001 seconds (found 0 objects)
[2018.11.09-00.55.20:262][ 16]LogCollectionManager: Fixed up redirectors for 0 collections in 0.000171 seconds (updated 0 objects)
[2018.11.09-00.56.49:741][223]LogD3D11RHI: Timed out while waiting for GPU to catch up. (0.5 s)
[2018.11.09-00.57.02:551][334]LogSlate: FSceneViewport::OnFocusLost() reason 0
[2018.11.09-00.57.09:859][559]LogSlate: Took 0.017853 seconds to synchronously load lazily loaded font '../../../Engine/Content/Slate/Fonts/Roboto-Light.ttf' (167K)
[2018.11.09-00.57.17:752][559]LogAIModule: Creating AISystem for world world
[2018.11.09-00.57.17:940][559]LogAssetEditorManager: Opening Asset editor for World /Game/ThirdPersonBP/Maps/world.world
[2018.11.09-00.57.18:002][559]Cmd: MAP LOAD FILE="../../../../../../Users/NIriz/OneDrive/Documents/Unreal Projects/NewWaldo/Content/ThirdPersonBP/Maps/world.umap" TEMPLATE=0 SHOWPROGRESS=1 FEATURELEVEL=3
[2018.11.09-00.57.18:002][559]LightingResults: New page: Lighting Build
[2018.11.09-00.57.18:009][559]LogContentBrowser: Native class hierarchy updated for 'StatsViewer' in 0.0006 seconds. Added 5 classes and 0 folders.
[2018.11.09-00.57.18:010][559]LoadErrors: New page: Loading map: world.umap
[2018.11.09-00.57.18:011][559]MapCheck: New page: Map Check
[2018.11.09-00.57.18:011][559]LightingResults: New page: Lighting Build
[2018.11.09-00.57.19:364][559]LogEditorServer: Finished looking for orphan Actors (0.000 secs)
[2018.11.09-00.57.19:590][559]Cmd: MAP CHECKDEP NOCLEARLOG
[2018.11.09-00.57.20:152][559]MapCheck: Map check complete: 0 Error(s), 0 Warning(s), took 561.269ms to complete.
[2018.11.09-00.57.20:156][559]LogFileHelpers: Loading map 'world' took 2.157
[2018.11.09-00.57.49:262][ 26]LogSlate: FSceneViewport::OnFocusLost() reason 0
[2018.11.09-00.57.55:400][ 47]LogD3D11RHI: Timed out while waiting for GPU to catch up. (0.5 s)
[2018.11.09-00.57.55:442][ 47]LogD3D11RHI: Error: Result failed 
 at D:\Build\++UE4\Sync\Engine\Source\Runtime\Windows\D3D11RHI\Private\D3D11Viewport.cpp:304 
 with error DXGI_ERROR_DEVICE_REMOVED DXGI_ERROR_DEVICE_HUNG
[2018.11.09-00.57.55:442][ 47]LogD3D11RHI: [Aftermath] GDynamicRHI=0000021769E6E180, GDX11NVAfterMathEnabled=0, Result=0xFFFFFFFF, bDeviceActive=0
[2018.11.09-00.57.55:442][ 47]LogWindows: Windows GetLastError: The operation completed successfully. (0)
[2018.11.09-00.57.58:719][ 47]LogWindows: Windows GetLastError: The operation completed successfully. (0)
[2018.11.09-00.57.58:729][ 47]LogWindows: Error: === Critical error: ===
[2018.11.09-00.57.58:729][ 47]LogWindows: Error: 
[2018.11.09-00.57.58:729][ 47]LogWindows: Error: Fatal error: [File:D:\Build\++UE4\Sync\Engine\Source\Runtime\RenderCore\Private\RenderingThread.cpp] [Line: 826] 
[2018.11.09-00.57.58:729][ 47]LogWindows: Error: Rendering thread exception:
[2018.11.09-00.57.58:729][ 47]LogWindows: Error: Fatal error: [File:D:\Build\++UE4\Sync\Engine\Source\Runtime\Windows\D3D11RHI\Private\D3D11Util.cpp] [Line: 200] 
[2018.11.09-00.57.58:729][ 47]LogWindows: Error: Unreal Engine is exiting due to D3D device being lost. (Error: 0x887A0006 - 'HUNG')
[2018.11.09-00.57.58:729][ 47]LogWindows: Error: 
[2018.11.09-00.57.58:730][ 47]LogWindows: Error: 
[2018.11.09-00.57.58:730][ 47]LogWindows: Error: [Callstack] 0x00007ffe2716a388 KERNELBASE.dll!UnknownFunction []
[2018.11.09-00.57.58:730][ 47]LogWindows: Error: [Callstack] 0x00007ffe0ff46850 UE4Editor-ApplicationCore.dll!UnknownFunction []
[2018.11.09-00.57.58:730][ 47]LogWindows: Error: [Callstack] 0x00007ffdeeb562ec UE4Editor-Core.dll!UnknownFunction []
[2018.11.09-00.57.58:730][ 47]LogWindows: Error: [Callstack] 0x00007ffdeeae51cb UE4Editor-Core.dll!UnknownFunction []
[2018.11.09-00.57.58:730][ 47]LogWindows: Error: [Callstack] 0x00007ffdf2b7adea UE4Editor-D3D11RHI.dll!UnknownFunction []
[2018.11.09-00.57.58:730][ 47]LogWindows: Error: [Callstack] 0x00007ffdf2b7e6e4 UE4Editor-D3D11RHI.dll!UnknownFunction []
[2018.11.09-00.57.58:730][ 47]LogWindows: Error: [Callstack] 0x00007ffdf2b5d0aa UE4Editor-D3D11RHI.dll!UnknownFunction []
[2018.11.09-00.57.58:730][ 47]LogWindows: Error: [Callstack] 0x00007ffdf2b6ab70 UE4Editor-D3D11RHI.dll!UnknownFunction []
[2018.11.09-00.57.58:730][ 47]LogWindows: Error: [Callstack] 0x00007ffe14d1b106 UE4Editor-RHI.dll!UnknownFunction []
[2018.11.09-00.57.58:730][ 47]LogWindows: Error: [Callstack] 0x00007ffdf2911b42 UE4Editor-SlateRHIRenderer.dll!UnknownFunction []
[2018.11.09-00.57.58:730][ 47]LogWindows: Error: [Callstack] 0x00007ffdf2917d0a UE4Editor-SlateRHIRenderer.dll!UnknownFunction []
[2018.11.09-00.57.58:730][ 47]LogWindows: Error: [Callstack] 0x00007ffdee971f92 UE4Editor-Core.dll!UnknownFunction []
[2018.11.09-00.57.58:730][ 47]LogWindows: Error: [Callstack] 0x00007ffdee972456 UE4Editor-Core.dll!UnknownFunction []
[2018.11.09-00.57.58:730][ 47]LogWindows: Error: [Callstack] 0x00007ffe14e775f9 UE4Editor-RenderCore.dll!UnknownFunction []
[2018.11.09-00.57.58:730][ 47]LogWindows: Error: [Callstack] 0x00007ffe14e78574 UE4Editor-RenderCore.dll!UnknownFunction []
[2018.11.09-00.57.58:730][ 47]LogWindows: Error: [Callstack] 0x00007ffdeedb6b6c UE4Editor-Core.dll!UnknownFunction []
[2018.11.09-00.57.58:730][ 47]LogWindows: Error: [Callstack] 0x00007ffdeedb17b7 UE4Editor-Core.dll!UnknownFunction []
[2018.11.09-00.57.58:730][ 47]LogWindows: Error: [Callstack] 0x00007ffe29783034 KERNEL32.DLL!UnknownFunction []
[2018.11.09-00.57.58:730][ 47]LogWindows: Error: [Callstack] 0x00007ffe2ab31461 ntdll.dll!UnknownFunction []
[2018.11.09-00.57.58:730][ 47]LogWindows: Error: 
[2018.11.09-00.57.58:730][ 47]LogWindows: Error: 
[2018.11.09-00.57.58:730][ 47]LogWindows: Error: 
[2018.11.09-00.57.58:730][ 47]LogWindows: Error: 
[2018.11.09-00.57.58:754][ 47]LogExit: Executing StaticShutdownAfterError
[2018.11.09-00.57.58:768][ 47]LogWindows: FPlatformMisc::RequestExit(1)
[2018.11.09-00.57.58:778][ 47]Log file closed, 11/08/18 19:57:58
