Log file open, 11/20/18 23:03:54
LogWindows: Failed to load 'aqProf.dll' (GetLastError=126)
LogWindows: File 'aqProf.dll' does not exist
LogWindows: Failed to load 'VSPerf140.dll' (GetLastError=126)
LogWindows: File 'VSPerf140.dll' does not exist
LogWindows: Failed to load 'VtuneApi.dll' (GetLastError=126)
LogWindows: File 'VtuneApi.dll' does not exist
LogWindows: Failed to load 'VtuneApi32e.dll' (GetLastError=126)
LogWindows: File 'VtuneApi32e.dll' does not exist
LogInit: Display: Running engine for game: NewWaldo
LogPlatformFile: Not using cached read wrapper
LogTaskGraph: Started task graph with 5 named threads and 11 total threads with 3 sets of task threads.
LogStats: Stats thread started at 0.207857
LogD3D11RHI: Loaded GFSDK_Aftermath_Lib.x64.dll
LogICUInternationalization: Display: ICU TimeZone Detection - Raw Offset: -5:00, Platform Override: ''
LogPluginManager: Mounting plugin Paper2D
LogPluginManager: Mounting plugin AISupport
LogPluginManager: Mounting plugin LightPropagationVolume
LogPluginManager: Mounting plugin CLionSourceCodeAccess
LogPluginManager: Mounting plugin CodeLiteSourceCodeAccess
LogPluginManager: Mounting plugin GitSourceControl
LogPluginManager: Mounting plugin KDevelopSourceCodeAccess
LogPluginManager: Mounting plugin NullSourceCodeAccess
LogPluginManager: Mounting plugin PerforceSourceControl
LogPluginManager: Mounting plugin SubversionSourceControl
LogPluginManager: Mounting plugin UObjectPlugin
LogPluginManager: Mounting plugin VisualStudioCodeSourceCodeAccess
LogPluginManager: Mounting plugin VisualStudioSourceCodeAccess
LogPluginManager: Mounting plugin XCodeSourceCodeAccess
LogPluginManager: Mounting plugin AssetManagerEditor
LogPluginManager: Mounting plugin CryptoKeys
LogPluginManager: Mounting plugin DataValidation
LogPluginManager: Mounting plugin FacialAnimation
LogPluginManager: Mounting plugin GameplayTagsEditor
LogPluginManager: Mounting plugin MacGraphicsSwitching
LogPluginManager: Mounting plugin MeshEditor
LogPluginManager: Mounting plugin MobileLauncherProfileWizard
LogPluginManager: Mounting plugin PluginBrowser
LogPluginManager: Mounting plugin SpeedTreeImporter
LogPluginManager: Mounting plugin DatasmithContent
LogPluginManager: Mounting plugin AlembicImporter
LogPluginManager: Mounting plugin AppleImageUtils
LogPluginManager: Mounting plugin AppleVision
LogPluginManager: Mounting plugin BackChannel
LogPluginManager: Mounting plugin CharacterAI
LogPluginManager: Mounting plugin GeometryCache
LogPluginManager: Mounting plugin HTML5Networking
LogPluginManager: Mounting plugin ProxyLODPlugin
LogPluginManager: Mounting plugin MagicLeap
LogPluginManager: Mounting plugin MagicLeapEmulator
LogPluginManager: Mounting plugin MagicLeapMedia
LogPluginManager: Mounting plugin AndroidMedia
LogPluginManager: Mounting plugin AvfMedia
LogPluginManager: Mounting plugin ImgMedia
LogPluginManager: Mounting plugin LinearTimecode
LogPluginManager: Mounting plugin MediaCompositing
LogPluginManager: Mounting plugin MediaPlayerEditor
LogPluginManager: Mounting plugin WmfMedia
LogPluginManager: Mounting plugin TcpMessaging
LogPluginManager: Mounting plugin UdpMessaging
LogPluginManager: Mounting plugin ActorSequence
LogPluginManager: Mounting plugin LevelSequenceEditor
LogPluginManager: Mounting plugin MatineeToLevelSequence
LogPluginManager: Mounting plugin NetcodeUnitTest
LogPluginManager: Mounting plugin NUTUnrealEngine4
LogPluginManager: Mounting plugin OnlineSubsystemGooglePlay
LogPluginManager: Mounting plugin OnlineSubsystemIOS
LogPluginManager: Mounting plugin OnlineSubsystem
LogPluginManager: Mounting plugin OnlineSubsystemNull
LogPluginManager: Mounting plugin OnlineSubsystemUtils
LogPluginManager: Mounting plugin LauncherChunkInstaller
LogPluginManager: Mounting plugin AndroidDeviceProfileSelector
LogPluginManager: Mounting plugin AndroidMoviePlayer
LogPluginManager: Mounting plugin AndroidPermission
LogPluginManager: Mounting plugin AppleMoviePlayer
LogPluginManager: Mounting plugin ArchVisCharacter
LogPluginManager: Mounting plugin AudioCapture
LogPluginManager: Mounting plugin CableComponent
LogPluginManager: Mounting plugin CustomMeshComponent
LogPluginManager: Mounting plugin EditableMesh
LogPluginManager: Mounting plugin ExampleDeviceProfileSelector
LogPluginManager: Mounting plugin GoogleCloudMessaging
LogPluginManager: Mounting plugin ImmediatePhysics
LogPluginManager: Mounting plugin IOSDeviceProfileSelector
LogPluginManager: Mounting plugin LinuxDeviceProfileSelector
LogPluginManager: Mounting plugin LocationServicesBPLibrary
LogPluginManager: Mounting plugin MobilePatchingUtils
LogPluginManager: Mounting plugin OculusVR
LogPluginManager: Plugin shader directory ../../../Engine/Plugins/Runtime/Oculus/OculusVR/Shaders found
LogPluginManager: Mapping shader source directory ../../../Engine/Plugins/Runtime/Oculus/OculusVR/Shaders to virtual directory /Plugin/OculusVR
LogPluginManager: Mounting plugin PhysXVehicles
LogPluginManager: Mounting plugin ProceduralMeshComponent
LogPluginManager: Mounting plugin RuntimePhysXCooking
LogPluginManager: Mounting plugin SteamVR
LogPluginManager: Mounting plugin WindowsMoviePlayer
LogStreaming: Display: Took  0.354s to configure plugins.
LogInit: Using libcurl 7.55.1-DEV
LogInit:  - built for x86_64-pc-win32
LogInit:  - supports SSL with OpenSSL/1.0.2h
LogInit:  - supports HTTP deflate (compression) using libz 1.2.8
LogInit:  - other features:
LogInit:      CURL_VERSION_SSL
LogInit:      CURL_VERSION_LIBZ
LogInit:      CURL_VERSION_IPV6
LogInit:      CURL_VERSION_ASYNCHDNS
LogInit:      CURL_VERSION_LARGEFILE
LogInit:      CURL_VERSION_IDN
LogInit:  CurlRequestOptions (configurable via config and command line):
LogInit:  - bVerifyPeer = false  - Libcurl will NOT verify peer certificate
LogInit:  - bUseHttpProxy = false  - Libcurl will NOT use HTTP proxy
LogInit:  - bDontReuseConnections = false  - Libcurl will reuse connections
LogInit:  - CertBundlePath = nullptr  - Libcurl will use whatever was configured at build time.
LogInit:  - MaxHostConnections = 16  - Libcurl will limit the number of connections to a host
LogInit:  - LocalHostAddr = Default
LogInit:  - BufferSize = 65536
LogInit: WinSock: version 1.1 (2.2), MaxSocks=32767, MaxUdp=65467
LogInit: Build: ++UE4+Release-4.20-CL-4302132
LogInit: Engine Version: 4.20.2-4302132+++UE4+Release-4.20
LogInit: Compatible Engine Version: 4.20.0-4212847+++UE4+Release-4.20
LogInit: Net CL: 4212847
LogInit: OS: Windows 10 (), CPU: Intel(R) Core(TM) i5-7300U CPU @ 2.60GHz, GPU: Intel(R) HD Graphics 620
LogInit: Compiled (64-bit): Aug 21 2018 02:06:06
LogInit: Compiled with Visual C++: 19.13.26129.00
LogInit: Build Configuration: Development
LogInit: Branch Name: ++UE4+Release-4.20
LogInit: Command Line: 
LogInit: Base Directory: C:/Program Files/Epic Games/UE_4.20/Engine/Binaries/Win64/
LogInit: Installed Engine Build: 1
LogDevObjectVersion: Number of dev versions registered: 20
LogDevObjectVersion:   Dev-Blueprints (B0D832E4-1F89-4F0D-ACCF-7EB736FD4AA2): 10
LogDevObjectVersion:   Dev-Build (E1C64328-A22C-4D53-A36C-8E866417BD8C): 0
LogDevObjectVersion:   Dev-Core (375EC13C-06E4-48FB-B500-84F0262A717E): 2
LogDevObjectVersion:   Dev-Editor (E4B068ED-F494-42E9-A231-DA0B2E46BB41): 24
LogDevObjectVersion:   Dev-Framework (CFFC743F-43B0-4480-9391-14DF171D2073): 34
LogDevObjectVersion:   Dev-Mobile (B02B49B5-BB20-44E9-A304-32B752E40360): 2
LogDevObjectVersion:   Dev-Networking (A4E4105C-59A1-49B5-A7C5-40C4547EDFEE): 0
LogDevObjectVersion:   Dev-Online (39C831C9-5AE6-47DC-9A44-9C173E1C8E7C): 0
LogDevObjectVersion:   Dev-Physics (78F01B33-EBEA-4F98-B9B4-84EACCB95AA2): 0
LogDevObjectVersion:   Dev-Platform (6631380F-2D4D-43E0-8009-CF276956A95A): 0
LogDevObjectVersion:   Dev-Rendering (12F88B9F-8875-4AFC-A67C-D90C383ABD29): 26
LogDevObjectVersion:   Dev-Sequencer (7B5AE74C-D270-4C10-A958-57980B212A5A): 9
LogDevObjectVersion:   Dev-VR (D7296918-1DD6-4BDD-9DE2-64A83CC13884): 2
LogDevObjectVersion:   Dev-LoadTimes (C2A15278-BFE7-4AFE-6C17-90FF531DF755): 1
LogDevObjectVersion:   Private-Geometry (6EACA3D4-40EC-4CC1-B786-8BED09428FC5): 3
LogDevObjectVersion:   Dev-AnimPhys (29E575DD-E0A3-4627-9D10-D276232CDCEA): 17
LogDevObjectVersion:   Dev-ReflectionCapture (6B266CEC-1EC7-4B8F-A30B-E4D90942FC07): 1
LogDevObjectVersion:   Dev-Automation (0DF73D61-A23F-47EA-B727-89E90C41499A): 1
LogDevObjectVersion:   FortniteMain (601D1886-AC64-4F84-AA16-D3DE0DEAC7D6): 12
LogDevObjectVersion:   Dev-Enterprise (9DFFBCD6-494F-0158-E221-12823C92A888): 1
LogStreaming: Display: Took  0.009s to delete old logs.
LogInit: Presizing for max 8388607 objects, including 0 objects not considered by GC, pre-allocating 0 bytes for permanent pool.
LogInit: Object subsystem initialized
[2018.11.21-04.03.54:973][  0]LogInit: Selected Device Profile: [Windows]
[2018.11.21-04.03.54:973][  0]LogInit: Applying CVar settings loaded from the selected device profile: [Windows]
[2018.11.21-04.03.54:990][  0]LogHAL: Display: Platform has ~ 8 GB [8511496192 / 8589934592 / 8], which maps to Default [LargestMinGB=32, LargerMinGB=12, DefaultMinGB=8, SmallerMinGB=6, SmallestMinGB=0)
[2018.11.21-04.03.54:990][  0]LogInit: Setting Device Profile CVar: [[r.Vulkan.UseRealUBs:1]]
[2018.11.21-04.03.54:990][  0]LogInit: Going up to parent DeviceProfile []
[2018.11.21-04.03.54:991][  0]LogInit: Computer: DESKTOP-2JCFOSA
[2018.11.21-04.03.54:991][  0]LogInit: User: NIriz
[2018.11.21-04.03.54:991][  0]LogInit: CPU Page size=4096, Cores=2
[2018.11.21-04.03.54:991][  0]LogInit: High frequency timer resolution =2.648436 MHz
[2018.11.21-04.03.54:992][  0]LogMemory: Memory total: Physical=7.9GB (8GB approx)
[2018.11.21-04.03.54:992][  0]LogMemory: Platform Memory Stats for Windows
[2018.11.21-04.03.54:992][  0]LogMemory: Process Physical Memory: 101.42 MB used, 101.42 MB peak
[2018.11.21-04.03.54:992][  0]LogMemory: Process Virtual Memory: 92.21 MB used, 92.21 MB peak
[2018.11.21-04.03.54:992][  0]LogMemory: Physical Memory: 3778.32 MB used,  4338.88 MB free, 8117.20 MB total
[2018.11.21-04.03.54:992][  0]LogMemory: Virtual Memory: 4614.87 MB used,  4338.88 MB free, 134217728.00 MB total
[2018.11.21-04.03.55:017][  0]LogInit: Using OS detected language (en-US).
[2018.11.21-04.03.55:017][  0]LogInit: Using OS detected locale (en-US).
[2018.11.21-04.03.55:018][  0]LogTextLocalizationManager: No specific localization for 'en-US' exists, so the 'en' localization will be used.
[2018.11.21-04.03.55:481][  0]LogStreaming: Display: Took  0.465s to InitEngineTextLocalization.
[2018.11.21-04.03.55:482][  0]LogInit: Setting process to per monitor DPI aware
[2018.11.21-04.03.55:523][  0]LogSlate: New Slate User Created.  User Index 0, Is Virtual User: 0
[2018.11.21-04.03.55:523][  0]LogSlate: Slate User Registered.  User Index 0, Is Virtual User: 0
[2018.11.21-04.03.55:948][  0]LogHMD: Failed to initialize OpenVR with code 110
[2018.11.21-04.03.55:948][  0]LogD3D11RHI: D3D11 adapters:
[2018.11.21-04.03.56:014][  0]LogD3D11RHI:    0. 'Intel(R) HD Graphics 620' (Feature Level 11_0)
[2018.11.21-04.03.56:014][  0]LogD3D11RHI:       128/0/4058 MB DedicatedVideo/DedicatedSystem/SharedSystem, Outputs:1, VendorId:0x8086
[2018.11.21-04.03.56:017][  0]LogD3D11RHI:    1. 'Microsoft Basic Render Driver' (Feature Level 11_0)
[2018.11.21-04.03.56:017][  0]LogD3D11RHI:       0/0/4058 MB DedicatedVideo/DedicatedSystem/SharedSystem, Outputs:0, VendorId:0x1414
[2018.11.21-04.03.56:017][  0]LogD3D11RHI: Chosen D3D11 Adapter: 0
[2018.11.21-04.03.56:025][  0]LogD3D11RHI: Creating new Direct3DDevice
[2018.11.21-04.03.56:026][  0]LogD3D11RHI:     GPU DeviceId: 0x5916 (for the marketing name, search the web for "GPU Device Id")
[2018.11.21-04.03.56:026][  0]LogWindows: EnumDisplayDevices:
[2018.11.21-04.03.56:026][  0]LogWindows:    0. 'Intel(R) HD Graphics 620' (P:1 D:1)
[2018.11.21-04.03.56:026][  0]LogWindows:    1. 'Intel(R) HD Graphics 620' (P:0 D:0)
[2018.11.21-04.03.56:027][  0]LogWindows:    2. 'Intel(R) HD Graphics 620' (P:0 D:0)
[2018.11.21-04.03.56:027][  0]LogWindows: DebugString: FoundDriverCount:3 
[2018.11.21-04.03.56:028][  0]LogD3D11RHI:     Adapter Name: Intel(R) HD Graphics 620
[2018.11.21-04.03.56:028][  0]LogD3D11RHI:   Driver Version: 24.20.100.6136 (internal:24.20.100.6136, unified:24.20.100.6136)
[2018.11.21-04.03.56:028][  0]LogD3D11RHI:      Driver Date: 5-25-2018
[2018.11.21-04.03.56:028][  0]LogRHI: Texture pool is 1510 MB (70% of 2157 MB)
[2018.11.21-04.03.56:080][  0]LogD3D11RHI: Async texture creation enabled
[2018.11.21-04.03.56:091][  0]LogD3D11RHI: GPU Timing Frequency: 12.000048 (Debug: 2 0)
[2018.11.21-04.03.56:093][  0]LogShaderCompilers: Guid format shader working directory is -27 characters bigger than the processId version (../../../../../../Users/NIriz/OneDrive/Documents/Unreal Projects/NewWaldo/Intermediate/Shaders/WorkingDirectory/7124/).
[2018.11.21-04.03.56:093][  0]LogShaderCompilers: Cleaned the shader compiler working directory 'C:/Users/NIriz/AppData/Local/Temp/UnrealShaderWorkingDir/7E353C144EA67E8EC2A4FCBC0E975025/'.
[2018.11.21-04.03.56:568][  0]LogTemp: Display: Loaded TP AllDesktopTargetPlatform
[2018.11.21-04.03.56:587][  0]LogTemp: Display: Loaded TP MacClientTargetPlatform
[2018.11.21-04.03.56:607][  0]LogTemp: Display: Loaded TP MacNoEditorTargetPlatform
[2018.11.21-04.03.56:638][  0]LogTemp: Display: Loaded TP MacServerTargetPlatform
[2018.11.21-04.03.56:670][  0]LogTemp: Display: Loaded TP MacTargetPlatform
[2018.11.21-04.03.56:694][  0]LogTemp: Display: Loaded TP WindowsClientTargetPlatform
[2018.11.21-04.03.56:738][  0]LogTemp: Display: Loaded TP WindowsNoEditorTargetPlatform
[2018.11.21-04.03.56:767][  0]LogTemp: Display: Loaded TP WindowsServerTargetPlatform
[2018.11.21-04.03.56:779][  0]LogTemp: Display: Loaded TP WindowsTargetPlatform
[2018.11.21-04.03.56:946][  0]LogTemp: Display: Loaded TP AndroidTargetPlatform
[2018.11.21-04.03.56:946][  0]LogTemp: Display: Loaded TP AndroidTargetPlatform
[2018.11.21-04.03.56:946][  0]LogTemp: Display: Loaded TP AndroidTargetPlatform
[2018.11.21-04.03.56:946][  0]LogTemp: Display: Loaded TP AndroidTargetPlatform
[2018.11.21-04.03.56:946][  0]LogTemp: Display: Loaded TP AndroidTargetPlatform
[2018.11.21-04.03.56:946][  0]LogTemp: Display: Loaded TP AndroidTargetPlatform
[2018.11.21-04.03.56:946][  0]LogTemp: Display: Loaded TP AndroidTargetPlatform
[2018.11.21-04.03.56:946][  0]LogTemp: Display: Loaded TP AndroidTargetPlatform
[2018.11.21-04.03.56:946][  0]LogTemp: Display: Loaded TP AndroidTargetPlatform
[2018.11.21-04.03.56:946][  0]LogTemp: Display: Loaded TP AndroidTargetPlatform
[2018.11.21-04.03.56:946][  0]LogTemp: Display: Loaded TP AndroidTargetPlatform
[2018.11.21-04.03.56:946][  0]LogTemp: Display: Loaded TP AndroidTargetPlatform
[2018.11.21-04.03.56:946][  0]LogTemp: Display: Loaded TP AndroidTargetPlatform
[2018.11.21-04.03.56:946][  0]LogTemp: Display: Loaded TP AndroidTargetPlatform
[2018.11.21-04.03.56:946][  0]LogTemp: Display: Loaded TP AndroidTargetPlatform
[2018.11.21-04.03.56:946][  0]LogTemp: Display: Loaded TP AndroidTargetPlatform
[2018.11.21-04.03.56:946][  0]LogTemp: Display: Loaded TP AndroidTargetPlatform
[2018.11.21-04.03.56:946][  0]LogTemp: Display: Loaded TP AndroidTargetPlatform
[2018.11.21-04.03.56:949][  0]LogTemp: Display: Loaded TP HTML5TargetPlatform
[2018.11.21-04.03.57:071][  0]LogTemp: Display: Loaded TP IOSTargetPlatform
[2018.11.21-04.03.57:071][  0]LogTemp: Display: Loaded TP IOSTargetPlatform
[2018.11.21-04.03.57:121][  0]LogTemp: Display: Loaded TP TVOSTargetPlatform
[2018.11.21-04.03.57:121][  0]LogTemp: Display: Loaded TP TVOSTargetPlatform
[2018.11.21-04.03.57:142][  0]LogTemp: Display: Loaded TP LinuxClientTargetPlatform
[2018.11.21-04.03.57:161][  0]LogTemp: Display: Loaded TP LinuxNoEditorTargetPlatform
[2018.11.21-04.03.57:186][  0]LogTemp: Display: Loaded TP LinuxServerTargetPlatform
[2018.11.21-04.03.57:210][  0]LogTemp: Display: Loaded TP LinuxTargetPlatform
[2018.11.21-04.03.57:232][  0]LogTemp: Display: Loaded TP LuminTargetPlatform
[2018.11.21-04.03.57:232][  0]LogTargetPlatformManager: Display: Building Assets For Windows
[2018.11.21-04.03.57:352][  0]LogXGEController: Cannot use XGE Controller as Incredibuild is not installed on this machine.
[2018.11.21-04.03.57:352][  0]LogShaderCompilers: Cannot use XGE Shader Compiler as Incredibuild is not installed on this machine.
[2018.11.21-04.03.57:352][  0]LogShaderCompilers: Display: Using Local Shader Compiler.
[2018.11.21-04.03.58:836][  0]LogDerivedDataCache: Display: Max Cache Size: 512 MB
[2018.11.21-04.03.58:920][  0]LogDerivedDataCache: Loaded boot cache 0.08s 71MB C:/Users/NIriz/AppData/Local/UnrealEngine/4.20/DerivedDataCache/Boot.ddc.
[2018.11.21-04.03.58:921][  0]LogDerivedDataCache: Display: Loaded Boot cache: C:/Users/NIriz/AppData/Local/UnrealEngine/4.20/DerivedDataCache/Boot.ddc
[2018.11.21-04.03.58:921][  0]LogDerivedDataCache: FDerivedDataBackendGraph:  Pak pak cache file ../../../../../../Users/NIriz/OneDrive/Documents/Unreal Projects/NewWaldo/DerivedDataCache/DDC.ddp not found, will not use a pak cache.
[2018.11.21-04.03.58:921][  0]LogDerivedDataCache: Unable to find inner node Pak for hierarchical cache Hierarchy.
[2018.11.21-04.03.58:921][  0]LogDerivedDataCache: FDerivedDataBackendGraph:  CompressedPak pak cache file ../../../../../../Users/NIriz/OneDrive/Documents/Unreal Projects/NewWaldo/DerivedDataCache/Compressed.ddp not found, will not use a pak cache.
[2018.11.21-04.03.58:921][  0]LogDerivedDataCache: Unable to find inner node CompressedPak for hierarchical cache Hierarchy.
[2018.11.21-04.03.58:949][  0]LogDerivedDataCache: Display: Pak cache opened for reading ../../../Engine/DerivedDataCache/Compressed.ddp.
[2018.11.21-04.03.58:962][  0]LogDerivedDataCache: Using Local data cache path C:/Users/NIriz/AppData/Local/UnrealEngine/Common/DerivedDataCache: Writable
[2018.11.21-04.03.58:962][  0]LogDerivedDataCache: Shared data cache path not found in *engine.ini, will not use an Shared cache.
[2018.11.21-04.03.58:962][  0]LogDerivedDataCache: Unable to find inner node Shared for hierarchical cache Hierarchy.
[2018.11.21-04.03.58:997][  0]LogMaterial: Verifying Global Shaders for PCD3D_SM5
[2018.11.21-04.03.59:000][  0]LogSlate: Using FreeType 2.6.0
[2018.11.21-04.03.59:001][  0]LogSlate: SlateFontServices - WITH_FREETYPE: 1, WITH_HARFBUZZ: 1
[2018.11.21-04.03.59:134][  0]LogAssetRegistry: FAssetRegistry took 0.0298 seconds to start up
[2018.11.21-04.03.59:755][  0]LogInit: Selected Device Profile: [Windows]
[2018.11.21-04.04.00:047][  0]LogSimplygon: Simplygon DLL not present - disabling.
[2018.11.21-04.04.00:053][  0]LogMeshReduction: Using SimplygonSwarm for distributed automatic mesh merging
[2018.11.21-04.04.00:053][  0]LogMeshReduction: Using ProxyLODMeshReduction for automatic mesh merging
[2018.11.21-04.04.00:054][  0]LogMeshReduction: Using QuadricMeshReduction for automatic static mesh reduction
[2018.11.21-04.04.00:054][  0]LogMeshReduction: No automatic skeletal mesh reduction module available
[2018.11.21-04.04.00:075][  0]LogNetVersion: NewWaldo 1.0.0, NetCL: 4212847, EngineNetVer: 5, GameNetVer: 0 (Checksum: 3229626331)
[2018.11.21-04.04.01:024][  0]LogPackageLocalizationCache: Processed 11 localized package path(s) for 2 prioritized culture(s) in 0.214572 seconds
[2018.11.21-04.04.01:036][  0]LogUObjectArray: 38425 objects as part of root set at end of initial load.
[2018.11.21-04.04.01:036][  0]LogUObjectAllocator: 6690872 out of 0 bytes used by permanent object pool.
[2018.11.21-04.04.01:036][  0]LogUObjectArray: CloseDisregardForGC: 0/0 objects in disregard for GC pool
[2018.11.21-04.04.02:910][  0]LogTcpMessaging: Initializing TcpMessaging bridge
[2018.11.21-04.04.02:923][  0]LogUdpMessaging: Initializing bridge on interface 0.0.0.0:0 to multicast group 230.0.0.1:6666.
[2018.11.21-04.04.03:152][  0]SourceControl: Source control is disabled
[2018.11.21-04.04.04:455][  0]LogAndroidPermission: UAndroidPermissionCallbackProxy::GetInstance
[2018.11.21-04.04.04:569][  0]LogOcInput: OculusInput pre-init called
[2018.11.21-04.04.04:663][  0]LogEngine: Initializing Engine...
[2018.11.21-04.04.04:665][  0]LogHMD: Failed to initialize OpenVR with code 110
[2018.11.21-04.04.04:667][  0]LogStats: UGameplayTagsManager::ConstructGameplayTagTree: ImportINI prefixes -  0.000 s
[2018.11.21-04.04.04:667][  0]LogStats: UGameplayTagsManager::ConstructGameplayTagTree: Construct from data asset -  0.000 s
[2018.11.21-04.04.04:668][  0]LogStats: UGameplayTagsManager::ConstructGameplayTagTree: ImportINI -  0.000 s
[2018.11.21-04.04.04:668][  0]LogStats: UGameplayTagsManager::ConstructGameplayTagTree: GameplayTagTreeChangedEvent.Broadcast -  0.000 s
[2018.11.21-04.04.05:043][  0]LogInit: Initializing FReadOnlyCVARCache
[2018.11.21-04.04.05:070][  0]LogAIModule: Creating AISystem for world Untitled
[2018.11.21-04.04.05:353][  0]LogInit: XAudio2 using 'Speakers (Realtek High Definition Audio(SST))' : 2 channels at 48 kHz using 32 bits per sample (channel mask 0x3)
[2018.11.21-04.04.05:637][  0]LogInit: FAudioDevice initialized.
[2018.11.21-04.04.05:637][  0]LogNetVersion: Set ProjectVersion to 1.0.0.0. Version Checksum will be recalculated on next use.
[2018.11.21-04.04.05:810][  0]LogDerivedDataCache: Saved boot cache 0.17s 71MB C:/Users/NIriz/AppData/Local/UnrealEngine/4.20/DerivedDataCache/Boot.ddc.
[2018.11.21-04.04.05:826][  0]LogInit: Texture streaming: Enabled
[2018.11.21-04.04.05:863][  0]LogEngineSessionManager: EngineSessionManager initialized
[2018.11.21-04.04.05:889][  0]LogInit: Transaction tracking system initialized
[2018.11.21-04.04.05:933][  0]BlueprintLog: New page: Editor Load
[2018.11.21-04.04.06:093][  0]LocalizationService: Localization service is disabled
[2018.11.21-04.04.06:194][  0]LogLinker: Warning: Can't find file '/Game/FirstPersonBP/FirstPersonOverview'
[2018.11.21-04.04.06:194][  0]LogLinker: Warning: Can't find file '/Game/FirstPersonBP/FirstPersonOverview'
[2018.11.21-04.04.06:194][  0]LogUObjectGlobals: Warning: Failed to find object 'Class /Game/FirstPersonBP/FirstPersonOverview.FirstPersonOverview_C'
[2018.11.21-04.04.06:995][  0]LogCook: Display: Max memory allowance for cook 16384mb min free memory 0mb
[2018.11.21-04.04.06:995][  0]LogCook: Display: Mobile HDR setting 1
[2018.11.21-04.04.06:995][  0]LogGameplayTags: Display: UGameplayTagsManager::DoneAddingNativeTags. DelegateIsBound: 0
[2018.11.21-04.04.06:995][  0]LogStats: UGameplayTagsManager::ConstructGameplayTagTree: ImportINI prefixes -  0.000 s
[2018.11.21-04.04.06:995][  0]LogStats: UGameplayTagsManager::ConstructGameplayTagTree: Construct from data asset -  0.000 s
[2018.11.21-04.04.06:996][  0]LogStats: UGameplayTagsManager::ConstructGameplayTagTree: ImportINI -  0.000 s
[2018.11.21-04.04.06:996][  0]LogStats: UGameplayTagsManager::ConstructGameplayTagTree: GameplayTagTreeChangedEvent.Broadcast -  0.000 s
[2018.11.21-04.04.07:339][  0]LogFileCache: Scanning file cache for directory 'C:/Users/NIriz/OneDrive/Documents/Unreal Projects/NewWaldo/Content/' took 0.07s
[2018.11.21-04.04.07:401][  0]LogWindowsTextInputMethodSystem: Display: IME system now deactivated.
[2018.11.21-04.04.07:404][  0]LogSlate: Took 0.000331 seconds to synchronously load lazily loaded font '../../../Engine/Content/Slate/Fonts/Roboto-Regular.ttf' (155K)
[2018.11.21-04.04.18:181][  0]LogSlate: Window 'Restore Packages' being destroyed
[2018.11.21-04.04.18:182][  0]LogWindowsTextInputMethodSystem: Display: IME system now deactivated.
[2018.11.21-04.04.18:184][  0]LogWindowsTextInputMethodSystem: Display: IME system now deactivated.
[2018.11.21-04.04.18:242][  0]Cmd: MAP LOAD FILE="../../../../../../Users/NIriz/OneDrive/Documents/Unreal Projects/NewWaldo/Content/ThirdPersonBP/Maps/ThirdPersonExampleMap.umap" TEMPLATE=0 SHOWPROGRESS=1 FEATURELEVEL=3
[2018.11.21-04.04.18:243][  0]LogEditorServer: Warning: Can't find file '../../../../../../Users/NIriz/OneDrive/Documents/Unreal Projects/NewWaldo/Content/ThirdPersonBP/Maps/ThirdPersonExampleMap.umap'
[2018.11.21-04.04.18:243][  0]Cmd: MAP CHECKDEP NOCLEARLOG
[2018.11.21-04.04.18:409][  0]MapCheck: Map check complete: 0 Error(s), 0 Warning(s), took 165.01ms to complete.
[2018.11.21-04.04.18:409][  0]LogFileHelpers: Loading map 'ThirdPersonExampleMap' took 0.167
[2018.11.21-04.04.18:508][  0]LogSlate: Updating window title bar state: overlay mode, drag disabled, window buttons hidden, title bar hidden
[2018.11.21-04.04.18:527][  0]LogSlate: Updating window title bar state: overlay mode, drag disabled, window buttons hidden, title bar hidden
[2018.11.21-04.04.18:543][  0]LogSlate: Updating window title bar state: overlay mode, drag disabled, window buttons hidden, title bar hidden
[2018.11.21-04.04.18:559][  0]LogSlate: Updating window title bar state: overlay mode, drag disabled, window buttons hidden, title bar hidden
[2018.11.21-04.04.18:577][  0]LogCollectionManager: Loaded 0 collections in 0.002649 seconds
[2018.11.21-04.04.18:649][  0]LogFileCache: Scanning file cache for directory 'C:/Users/NIriz/OneDrive/Documents/Unreal Projects/NewWaldo/Saved/Collections/' took 0.01s
[2018.11.21-04.04.18:649][  0]LogFileCache: Scanning file cache for directory 'C:/Users/NIriz/OneDrive/Documents/Unreal Projects/NewWaldo/Content/Developers/NIriz/Collections/' took 0.01s
[2018.11.21-04.04.18:649][  0]LogFileCache: Scanning file cache for directory 'C:/Users/NIriz/OneDrive/Documents/Unreal Projects/NewWaldo/Content/Collections/' took 0.01s
[2018.11.21-04.04.18:649][  0]LogCollectionManager: Rebuilt the GUID cache for 0 collections in 0.000001 seconds
[2018.11.21-04.04.18:670][  0]LogContentBrowser: Native class hierarchy populated in 0.0193 seconds. Added 2572 classes and 603 folders.
[2018.11.21-04.04.18:693][  0]LogContentBrowser: Native class hierarchy updated for 'WidgetCarousel' in 0.0003 seconds. Added 0 classes and 0 folders.
[2018.11.21-04.04.18:951][  0]LogContentBrowser: Native class hierarchy updated for 'AddContentDialog' in 0.0005 seconds. Added 0 classes and 0 folders.
[2018.11.21-04.04.18:969][  0]LogContentBrowser: Native class hierarchy updated for 'SceneOutliner' in 0.0005 seconds. Added 1 classes and 2 folders.
[2018.11.21-04.04.19:141][  0]LogSlate: Took 0.000320 seconds to synchronously load lazily loaded font '../../../Engine/Content/Slate/Fonts/Roboto-Bold.ttf' (160K)
[2018.11.21-04.04.19:154][  0]LogSlate: Took 0.001568 seconds to synchronously load lazily loaded font '../../../Engine/Content/Editor/Slate/Fonts/FontAwesome.ttf' (139K)
[2018.11.21-04.04.19:263][  0]LogRenderer: Reallocating scene render targets to support 796x444 Format 9 NumSamples 1 (Frame:1).
[2018.11.21-04.04.19:750][  0]LogContentBrowser: Native class hierarchy updated for 'HierarchicalLODOutliner' in 0.0005 seconds. Added 0 classes and 0 folders.
[2018.11.21-04.04.19:750][  0]LogLoad: (Engine Initialization) Total time: 28.11 seconds
[2018.11.21-04.04.19:750][  0]LogLoad: (Engine Initialization) Total Blueprint compile time: 0.00 seconds
[2018.11.21-04.04.19:894][  0]LogContentStreaming: Texture pool size now 600 MB
[2018.11.21-04.04.20:553][  6]LogAssetRegistry: Asset discovery search completed in 21.4410 seconds
[2018.11.21-04.04.20:558][  6]LogCollectionManager: Rebuilt the object cache for 0 collections in 0.000000 seconds (found 0 objects)
[2018.11.21-04.04.20:558][  6]LogCollectionManager: Fixed up redirectors for 0 collections in 0.000148 seconds (updated 0 objects)
[2018.11.21-04.04.20:910][ 14]LogSlate: Took 0.002382 seconds to synchronously load lazily loaded font '../../../Engine/Content/Slate/Fonts/Roboto-Light.ttf' (167K)
[2018.11.21-04.04.22:649][ 93]LogSlate: FSceneViewport::OnFocusLost() reason 0
[2018.11.21-04.04.31:222][396]LogLinker: Warning: Can't find file '/Game/Audio/leftwalk'
[2018.11.21-04.04.31:222][396]LogLinker: Warning: Can't find file for asset '/Game/Audio/leftwalk' while loading ../../../../../../Users/NIriz/OneDrive/Documents/Unreal Projects/NewWaldo/Content/Waldo/Animation/waldo_walk_Anim.uasset.
[2018.11.21-04.04.31:222][396]LoadErrors: Error: /Game/Waldo/Animation/waldo_walk_Anim : Can't find file for asset. /Game/Audio/leftwalk
[2018.11.21-04.04.31:222][396]LogLinker: Warning: Can't find file '/Game/Audio/rightwalk'
[2018.11.21-04.04.31:223][396]LogLinker: Warning: Can't find file for asset '/Game/Audio/rightwalk' while loading ../../../../../../Users/NIriz/OneDrive/Documents/Unreal Projects/NewWaldo/Content/Waldo/Animation/waldo_walk_Anim.uasset.
[2018.11.21-04.04.31:223][396]LoadErrors: Error: /Game/Waldo/Animation/waldo_walk_Anim : Can't find file for asset. /Game/Audio/rightwalk
[2018.11.21-04.04.31:224][396]LogLinker: Warning: Can't find file '/Game/Audio/leftwalk'
[2018.11.21-04.04.31:224][396]LogLinker: Warning: Can't find file for asset '/Game/Audio/leftwalk' while loading ../../../../../../Users/NIriz/OneDrive/Documents/Unreal Projects/NewWaldo/Content/Waldo/Animation/waldo_walk_Anim.uasset.
[2018.11.21-04.04.31:224][396]LogLinker: Warning: Can't find file '/Game/Audio/rightwalk'
[2018.11.21-04.04.31:224][396]LogLinker: Warning: Can't find file for asset '/Game/Audio/rightwalk' while loading ../../../../../../Users/NIriz/OneDrive/Documents/Unreal Projects/NewWaldo/Content/Waldo/Animation/waldo_walk_Anim.uasset.
[2018.11.21-04.04.33:785][396]LogLinker: Warning: Can't find file '/Game/Audio/rightwalk'
[2018.11.21-04.04.33:785][396]LoadErrors: Failed to load /Game/Audio/rightwalk.rightwalk Referenced by AnimNotify_PlaySound_0
[2018.11.21-04.04.33:785][396]LogLinker: Warning: Can't find file for asset '/Game/Audio/rightwalk' while loading NULL.
[2018.11.21-04.04.33:786][396]LogLinker: Warning: Can't find file '/Game/Audio/leftwalk'
[2018.11.21-04.04.33:787][396]LoadErrors: Failed to load /Game/Audio/leftwalk.leftwalk Referenced by AnimNotify_PlaySound_1
[2018.11.21-04.04.33:787][396]LogLinker: Warning: Can't find file for asset '/Game/Audio/leftwalk' while loading NULL.
[2018.11.21-04.04.34:947][396]LogAudioDerivedData: Display: Building compressed audio format OGG hash OGG wave running_8...
[2018.11.21-04.04.34:947][396]LogTemp: Couldn't find amount to resample to.
[2018.11.21-04.04.37:486][396]LogAIModule: Creating AISystem for world world
[2018.11.21-04.04.37:680][396]LogAssetEditorManager: Opening Asset editor for World /Game/ThirdPersonBP/Maps/world.world
[2018.11.21-04.04.37:736][396]Cmd: MAP LOAD FILE="../../../../../../Users/NIriz/OneDrive/Documents/Unreal Projects/NewWaldo/Content/ThirdPersonBP/Maps/world.umap" TEMPLATE=0 SHOWPROGRESS=1 FEATURELEVEL=3
[2018.11.21-04.04.37:736][396]LightingResults: New page: Lighting Build
[2018.11.21-04.04.37:740][396]LogContentBrowser: Native class hierarchy updated for 'StatsViewer' in 0.0004 seconds. Added 5 classes and 0 folders.
[2018.11.21-04.04.37:741][396]LoadErrors: New page: Loading map: world.umap
[2018.11.21-04.04.37:741][396]MapCheck: New page: Map Check
[2018.11.21-04.04.37:741][396]LightingResults: New page: Lighting Build
[2018.11.21-04.04.38:537][396]LogEditorServer: Finished looking for orphan Actors (0.000 secs)
[2018.11.21-04.04.38:692][396]Cmd: MAP CHECKDEP NOCLEARLOG
[2018.11.21-04.04.39:060][396]MapCheck: Map check complete: 0 Error(s), 0 Warning(s), took 366.782ms to complete.
[2018.11.21-04.04.39:064][396]LogFileHelpers: Loading map 'world' took 1.329
[2018.11.21-04.04.55:655][703]LogTemp: Repeating last play command: Selected Viewport
[2018.11.21-04.04.55:775][703]LogBlueprintUserMessages: Early PlayInEditor Detection: Level '/Game/ThirdPersonBP/Maps/world.world:PersistentLevel' has LevelScriptBlueprint '/Game/ThirdPersonBP/Maps/world.world:PersistentLevel.world' with GeneratedClass '/Game/ThirdPersonBP/Maps/world.world_C' with ClassGeneratedBy '/Game/ThirdPersonBP/Maps/world.world:PersistentLevel.world'
[2018.11.21-04.04.55:777][703]LogPlayLevel: PlayLevel: No blueprints needed recompiling
[2018.11.21-04.04.55:796][703]PIE: New page: PIE session: world (Nov 20, 2018, 6:04:55 PM)
[2018.11.21-04.04.55:796][703]LogPlayLevel: Creating play world package: /Game/ThirdPersonBP/Maps/UEDPIE_0_world
[2018.11.21-04.04.56:072][703]LogPlayLevel: PIE: StaticDuplicateObject took: (0.275441s)
[2018.11.21-04.04.56:074][703]LogAIModule: Creating AISystem for world world
[2018.11.21-04.04.56:074][703]LogPlayLevel: PIE: World Init took: (0.001595s)
[2018.11.21-04.04.56:075][703]LogPlayLevel: PIE: Created PIE world by copying editor world from /Game/ThirdPersonBP/Maps/world.world to /Game/ThirdPersonBP/Maps/UEDPIE_0_world.world (0.278109s)
[2018.11.21-04.04.56:128][703]LogInit: XAudio2 using 'Speakers (Realtek High Definition Audio(SST))' : 2 channels at 48 kHz using 32 bits per sample (channel mask 0x3)
[2018.11.21-04.04.56:162][703]LogInit: FAudioDevice initialized.
[2018.11.21-04.04.56:223][703]LogLoad: Game class is 'ThirdPersonGameMode_C'
[2018.11.21-04.04.56:294][703]LogWorld: Bringing World /Game/ThirdPersonBP/Maps/UEDPIE_0_world.world up for play (max tick rate 0) at 2018.11.20-23.04.56
[2018.11.21-04.04.56:332][703]LogWorld: Bringing up level for play took: 0.101221
[2018.11.21-04.04.56:365][703]LogContentBrowser: Native class hierarchy updated for 'MovieSceneCapture' in 0.0005 seconds. Added 10 classes and 0 folders.
[2018.11.21-04.04.56:381][703]LogSpawn: Warning: SpawnActor failed because of collision at the spawn location [X=8368.977 Y=3840.170 Z=178.000] for [Key_C]
[2018.11.21-04.04.56:404][703]PIE: Play in editor start time for /Game/ThirdPersonBP/Maps/UEDPIE_0_world 1.404
[2018.11.21-04.04.56:405][703]LogBlueprintUserMessages: Late PlayInEditor Detection: Level '/Game/ThirdPersonBP/Maps/world.world:PersistentLevel' has LevelScriptBlueprint '/Game/ThirdPersonBP/Maps/world.world:PersistentLevel.world' with GeneratedClass '/Game/ThirdPersonBP/Maps/world.world_C' with ClassGeneratedBy '/Game/ThirdPersonBP/Maps/world.world:PersistentLevel.world'
[2018.11.21-04.06.33:991][  7]LogBlueprintUserMessages: Early EndPlayMap Detection: Level '/Game/ThirdPersonBP/Maps/world.world:PersistentLevel' has LevelScriptBlueprint '/Game/ThirdPersonBP/Maps/world.world:PersistentLevel.world' with GeneratedClass '/Game/ThirdPersonBP/Maps/world.world_C' with ClassGeneratedBy '/Game/ThirdPersonBP/Maps/world.world:PersistentLevel.world'
[2018.11.21-04.06.34:000][  7]LogSlate: Updating window title bar state: overlay mode, drag disabled, window buttons hidden, title bar hidden
[2018.11.21-04.06.34:180][  7]LogPlayLevel: Display: Shutting down PIE online subsystems
[2018.11.21-04.06.34:180][  7]LogBlueprintUserMessages: Late EndPlayMap Detection: Level '/Game/ThirdPersonBP/Maps/world.world:PersistentLevel' has LevelScriptBlueprint '/Game/ThirdPersonBP/Maps/world.world:PersistentLevel.world' with GeneratedClass '/Game/ThirdPersonBP/Maps/world.world_C' with ClassGeneratedBy '/Game/ThirdPersonBP/Maps/world.world:PersistentLevel.world'
[2018.11.21-04.06.34:232][  7]LogSlate: Updating window title bar state: overlay mode, drag disabled, window buttons hidden, title bar hidden
[2018.11.21-04.06.34:405][  8]LogPlayLevel: Display: Destroying online subsystem :Context_1
[2018.11.21-04.06.36:850][ 41]LogSlate: FSceneViewport::OnFocusLost() reason 2
[2018.11.21-04.14.02:680][403]LogSlate: FSceneViewport::OnFocusLost() reason 0
[2018.11.21-04.14.39:981][956]LogAssetEditorManager: Opening Asset editor for Blueprint /Game/People/Woman5_AI.Woman5_AI
[2018.11.21-04.14.41:243][956]LogContentBrowser: Native class hierarchy updated for 'BlueprintGraph' in 0.0018 seconds. Added 116 classes and 0 folders.
[2018.11.21-04.14.43:019][956]LogSlate: Took 0.008059 seconds to synchronously load lazily loaded font '../../../Engine/Content/Slate/Fonts/Roboto-BoldCondensed.ttf' (158K)
[2018.11.21-04.14.43:358][957]LogSlate: Took 0.006722 seconds to synchronously load lazily loaded font '../../../Engine/Content/Slate/Fonts/Roboto-Italic.ttf' (157K)
[2018.11.21-04.14.44:886][  8]LogRenderer: Reallocating scene render targets to support 796x580 Format 9 NumSamples 1 (Frame:1).
[2018.11.21-04.15.08:765][770]LogSlate: FSceneViewport::OnFocusLost() reason 0
[2018.11.21-04.15.17:953][ 75]LogSlate: FSceneViewport::OnFocusLost() reason 2
[2018.11.21-04.16.24:876][ 71]LogSlate: FSceneViewport::OnFocusLost() reason 2
[2018.11.21-04.16.36:771][442]BlueprintLog: New page: Compile Woman5_AI
[2018.11.21-04.16.37:990][456]LogSlate: FSceneViewport::OnFocusLost() reason 2
[2018.11.21-04.16.38:027][456]Cmd: OBJ SAVEPACKAGE PACKAGE="/Game/People/Woman5_AI" FILE="../../../../../../Users/NIriz/OneDrive/Documents/Unreal Projects/NewWaldo/Content/People/Woman5_AI.uasset" SILENT=true
[2018.11.21-04.16.38:138][456]LogSavePackage: Moving '../../../../../../Users/NIriz/OneDrive/Documents/Unreal Projects/NewWaldo/Saved/Woman5_AI8576CC4145672A33822002B16AE13961.tmp' to '../../../../../../Users/NIriz/OneDrive/Documents/Unreal Projects/NewWaldo/Content/People/Woman5_AI.uasset'
[2018.11.21-04.16.38:914][483]LogSlate: FSceneViewport::OnFocusLost() reason 0
[2018.11.21-04.16.40:624][505]LogAssetEditorManager: Opening Asset editor for Blueprint /Game/People/Woman3_AI.Woman3_AI
[2018.11.21-04.16.59:163][ 68]LogSlate: FSceneViewport::OnFocusLost() reason 0
[2018.11.21-04.17.07:363][340]LogSlate: FSceneViewport::OnFocusLost() reason 2
[2018.11.21-04.17.10:116][419]LogSlate: FSceneViewport::OnFocusLost() reason 2
[2018.11.21-04.17.18:420][670]BlueprintLog: New page: Compile Woman3_AI
[2018.11.21-04.17.19:511][681]LogSlate: FSceneViewport::OnFocusLost() reason 2
[2018.11.21-04.17.19:545][681]Cmd: OBJ SAVEPACKAGE PACKAGE="/Game/People/Woman3_AI" FILE="../../../../../../Users/NIriz/OneDrive/Documents/Unreal Projects/NewWaldo/Content/People/Woman3_AI.uasset" SILENT=true
[2018.11.21-04.17.19:658][681]LogSavePackage: Moving '../../../../../../Users/NIriz/OneDrive/Documents/Unreal Projects/NewWaldo/Saved/Woman3_AI4DF4B6DC49EADCA21F63B0A79EEC9867.tmp' to '../../../../../../Users/NIriz/OneDrive/Documents/Unreal Projects/NewWaldo/Content/People/Woman3_AI.uasset'
[2018.11.21-04.17.20:888][722]LogSlate: FSceneViewport::OnFocusLost() reason 0
[2018.11.21-04.17.23:309][749]LogAssetEditorManager: Opening Asset editor for Blueprint /Game/People/Woman2_AI.Woman2_AI
[2018.11.21-04.17.46:614][486]LogSlate: FSceneViewport::OnFocusLost() reason 2
[2018.11.21-04.17.51:769][639]LogSlate: FSceneViewport::OnFocusLost() reason 0
[2018.11.21-04.17.51:799][640]BlueprintLog: New page: Compile Woman2_AI
[2018.11.21-04.17.52:779][653]LogSlate: FSceneViewport::OnFocusLost() reason 2
[2018.11.21-04.17.52:808][653]Cmd: OBJ SAVEPACKAGE PACKAGE="/Game/People/Woman2_AI" FILE="../../../../../../Users/NIriz/OneDrive/Documents/Unreal Projects/NewWaldo/Content/People/Woman2_AI.uasset" SILENT=true
[2018.11.21-04.17.52:881][653]LogSavePackage: Moving '../../../../../../Users/NIriz/OneDrive/Documents/Unreal Projects/NewWaldo/Saved/Woman2_AI5771BDF34AFF3F9A33ACBA9651A01DB2.tmp' to '../../../../../../Users/NIriz/OneDrive/Documents/Unreal Projects/NewWaldo/Content/People/Woman2_AI.uasset'
[2018.11.21-04.17.53:342][669]LogSlate: FSceneViewport::OnFocusLost() reason 0
[2018.11.21-04.17.53:534][671]LogRenderer: Reallocating scene render targets to support 1516x1156 Format 9 NumSamples 1 (Frame:864).
[2018.11.21-04.17.55:144][693]LogActorComponent: UnregisterComponent: (/Engine/Transient.EditorFloorComp) Not registered. Aborting.
[2018.11.21-04.17.55:941][704]LogActorComponent: UnregisterComponent: (/Engine/Transient.EditorFloorComp) Not registered. Aborting.
[2018.11.21-04.17.57:439][721]LogAssetEditorManager: Opening Asset editor for Blueprint /Game/People/Woman1_AI.Woman1_AI
[2018.11.21-04.18.13:651][165]LogSlate: FSceneViewport::OnFocusLost() reason 0
[2018.11.21-04.18.18:207][285]LogSlate: FSceneViewport::OnFocusLost() reason 0
[2018.11.21-04.18.18:278][287]BlueprintLog: New page: Compile Woman1_AI
[2018.11.21-04.18.19:468][294]Cmd: OBJ SAVEPACKAGE PACKAGE="/Game/People/Woman1_AI" FILE="../../../../../../Users/NIriz/OneDrive/Documents/Unreal Projects/NewWaldo/Content/People/Woman1_AI.uasset" SILENT=true
[2018.11.21-04.18.19:599][294]LogSavePackage: Moving '../../../../../../Users/NIriz/OneDrive/Documents/Unreal Projects/NewWaldo/Saved/Woman1_AIACF7FE1844714BA222946A8AE54C17AD.tmp' to '../../../../../../Users/NIriz/OneDrive/Documents/Unreal Projects/NewWaldo/Content/People/Woman1_AI.uasset'
[2018.11.21-04.18.29:449][425]LogAssetEditorManager: Opening Asset editor for Blueprint /Game/People/Man4_AI.Man4_AI
[2018.11.21-04.18.49:566][935]LogSlate: FSceneViewport::OnFocusLost() reason 2
[2018.11.21-04.18.53:585][ 25]LogSlate: FSceneViewport::OnFocusLost() reason 0
[2018.11.21-04.18.53:653][ 27]BlueprintLog: New page: Compile Man4_AI
[2018.11.21-04.18.54:724][ 32]LogSlate: FSceneViewport::OnFocusLost() reason 2
[2018.11.21-04.18.54:754][ 32]Cmd: OBJ SAVEPACKAGE PACKAGE="/Game/People/Man4_AI" FILE="../../../../../../Users/NIriz/OneDrive/Documents/Unreal Projects/NewWaldo/Content/People/Man4_AI.uasset" SILENT=true
[2018.11.21-04.18.54:868][ 32]LogSavePackage: Moving '../../../../../../Users/NIriz/OneDrive/Documents/Unreal Projects/NewWaldo/Saved/Man4_AI6EC6F4C446049AABEF17E2A0238C0466.tmp' to '../../../../../../Users/NIriz/OneDrive/Documents/Unreal Projects/NewWaldo/Content/People/Man4_AI.uasset'
[2018.11.21-04.18.55:718][ 55]LogSlate: FSceneViewport::OnFocusLost() reason 0
[2018.11.21-04.18.57:653][ 78]LogAssetEditorManager: Opening Asset editor for Blueprint /Game/People/Man2_AI.Man2_AI
[2018.11.21-04.19.18:193][590]LogSlate: FSceneViewport::OnFocusLost() reason 2
[2018.11.21-04.19.20:843][645]LogSlate: FSceneViewport::OnFocusLost() reason 2
[2018.11.21-04.19.25:221][745]LogSlate: FSceneViewport::OnFocusLost() reason 0
[2018.11.21-04.19.25:289][747]BlueprintLog: New page: Compile Man2_AI
[2018.11.21-04.19.26:703][760]LogSlate: FSceneViewport::OnFocusLost() reason 2
[2018.11.21-04.19.26:733][760]Cmd: OBJ SAVEPACKAGE PACKAGE="/Game/People/Man2_AI" FILE="../../../../../../Users/NIriz/OneDrive/Documents/Unreal Projects/NewWaldo/Content/People/Man2_AI.uasset" SILENT=true
[2018.11.21-04.19.26:839][760]LogSavePackage: Moving '../../../../../../Users/NIriz/OneDrive/Documents/Unreal Projects/NewWaldo/Saved/Man2_AID704187B4060854E81A109AFD1A81EE4.tmp' to '../../../../../../Users/NIriz/OneDrive/Documents/Unreal Projects/NewWaldo/Content/People/Man2_AI.uasset'
[2018.11.21-04.19.28:728][809]LogSlate: FSceneViewport::OnFocusLost() reason 0
[2018.11.21-04.19.29:476][818]LogActorComponent: UnregisterComponent: (/Engine/Transient.EditorFloorComp) Not registered. Aborting.
[2018.11.21-04.19.30:198][828]LogActorComponent: UnregisterComponent: (/Engine/Transient.EditorFloorComp) Not registered. Aborting.
[2018.11.21-04.19.33:497][843]LogSavePackage: Moving '../../../../../../Users/NIriz/OneDrive/Documents/Unreal Projects/NewWaldo/Saved/worldD20124644864166F84557B9F7BA3E5B8.tmp' to '../../../../../../Users/NIriz/OneDrive/Documents/Unreal Projects/NewWaldo/Content/ThirdPersonBP/Maps/world.umap'
[2018.11.21-04.19.38:630][843]LogSavePackage: Moving '../../../../../../Users/NIriz/OneDrive/Documents/Unreal Projects/NewWaldo/Saved/world_BuiltData4F51191F47DEBEEAC64FC6984A9060F1.tmp' to '../../../../../../Users/NIriz/OneDrive/Documents/Unreal Projects/NewWaldo/Content/ThirdPersonBP/Maps/world_BuiltData.uasset'
[2018.11.21-04.19.42:281][886]LogAssetEditorManager: Opening Asset editor for Blueprint /Game/People/Man1_AI1.Man1_AI1
[2018.11.21-04.19.56:080][175]LogSlate: FSceneViewport::OnFocusLost() reason 0
[2018.11.21-04.20.01:735][324]LogSlate: FSceneViewport::OnFocusLost() reason 2
[2018.11.21-04.20.05:618][415]LogSlate: FSceneViewport::OnFocusLost() reason 0
[2018.11.21-04.20.05:653][416]BlueprintLog: New page: Compile Man1_AI1
[2018.11.21-04.20.06:944][427]LogSlate: FSceneViewport::OnFocusLost() reason 2
[2018.11.21-04.20.06:972][427]Cmd: OBJ SAVEPACKAGE PACKAGE="/Game/People/Man1_AI1" FILE="../../../../../../Users/NIriz/OneDrive/Documents/Unreal Projects/NewWaldo/Content/People/Man1_AI1.uasset" SILENT=true
[2018.11.21-04.20.07:074][427]LogSavePackage: Moving '../../../../../../Users/NIriz/OneDrive/Documents/Unreal Projects/NewWaldo/Saved/Man1_AI1E93C5D9E47BEF6CC040F7C8AEBF557EF.tmp' to '../../../../../../Users/NIriz/OneDrive/Documents/Unreal Projects/NewWaldo/Content/People/Man1_AI1.uasset'
[2018.11.21-04.20.07:410][437]LogSlate: FSceneViewport::OnFocusLost() reason 0
[2018.11.21-04.20.09:160][457]LogAssetEditorManager: Opening Asset editor for Blueprint /Game/People/Cop2_AI.Cop2_AI
[2018.11.21-04.20.44:104][629]LogClass: Warning: In asset 'None', there is an enum property of type 'ECanBeCharacterBase' with an invalid value of ''
[2018.11.21-04.20.44:104][629]LogClass: Warning: In asset 'None', there is an enum property of type 'ECanBeCharacterBase' with an invalid value of ''
[2018.11.21-04.20.44:104][629]LogClass: Warning: In asset 'None', there is an enum property of type 'ECanBeCharacterBase' with an invalid value of ''
[2018.11.21-04.20.44:104][629]LogClass: Warning: In asset 'None', there is an enum property of type 'ECanBeCharacterBase' with an invalid value of ''
[2018.11.21-04.20.44:104][629]LogClass: Warning: In asset 'None', there is an enum property of type 'ECanBeCharacterBase' with an invalid value of ''
[2018.11.21-04.20.44:104][629]LogClass: Warning: In asset 'None', there is an enum property of type 'ECanBeCharacterBase' with an invalid value of ''
[2018.11.21-04.20.44:981][656]LogClass: Warning: In asset 'None', there is an enum property of type 'ECanBeCharacterBase' with an invalid value of ''
[2018.11.21-04.20.44:982][656]LogClass: Warning: In asset 'None', there is an enum property of type 'ECanBeCharacterBase' with an invalid value of ''
[2018.11.21-04.20.44:982][656]LogClass: Warning: In asset 'None', there is an enum property of type 'ECanBeCharacterBase' with an invalid value of ''
[2018.11.21-04.20.44:982][656]LogClass: Warning: In asset 'None', there is an enum property of type 'ECanBeCharacterBase' with an invalid value of ''
[2018.11.21-04.20.44:982][656]LogClass: Warning: In asset 'None', there is an enum property of type 'ECanBeCharacterBase' with an invalid value of ''
[2018.11.21-04.20.44:982][656]LogClass: Warning: In asset 'None', there is an enum property of type 'ECanBeCharacterBase' with an invalid value of ''
[2018.11.21-04.20.46:237][697]LogClass: Warning: In asset 'None', there is an enum property of type 'ECanBeCharacterBase' with an invalid value of ''
[2018.11.21-04.20.46:237][697]LogClass: Warning: In asset 'None', there is an enum property of type 'ECanBeCharacterBase' with an invalid value of ''
[2018.11.21-04.20.46:238][697]LogClass: Warning: In asset 'None', there is an enum property of type 'ECanBeCharacterBase' with an invalid value of ''
[2018.11.21-04.20.46:238][697]LogClass: Warning: In asset 'None', there is an enum property of type 'ECanBeCharacterBase' with an invalid value of ''
[2018.11.21-04.20.46:238][697]LogClass: Warning: In asset 'None', there is an enum property of type 'ECanBeCharacterBase' with an invalid value of ''
[2018.11.21-04.20.46:238][697]LogClass: Warning: In asset 'None', there is an enum property of type 'ECanBeCharacterBase' with an invalid value of ''
[2018.11.21-04.20.59:065][114]LogClass: Warning: In asset 'None', there is an enum property of type 'ECollisionEnabled' with an invalid value of ''
[2018.11.21-04.20.59:065][114]LogClass: Warning: In asset 'None', there is an enum property of type 'ECollisionEnabled' with an invalid value of ''
[2018.11.21-04.20.59:066][114]LogClass: Warning: In asset 'None', there is an enum property of type 'ECollisionEnabled' with an invalid value of ''
[2018.11.21-04.20.59:066][114]LogClass: Warning: In asset 'None', there is an enum property of type 'ECollisionEnabled' with an invalid value of ''
[2018.11.21-04.20.59:066][114]LogClass: Warning: In asset 'None', there is an enum property of type 'ECollisionEnabled' with an invalid value of ''
[2018.11.21-04.20.59:066][114]LogClass: Warning: In asset 'None', there is an enum property of type 'ECollisionEnabled' with an invalid value of ''
[2018.11.21-04.20.59:082][114]LogClass: Warning: In asset 'None', there is an enum property of type 'ECollisionChannel' with an invalid value of ''
[2018.11.21-04.20.59:082][114]LogClass: Warning: In asset 'None', there is an enum property of type 'ECollisionChannel' with an invalid value of ''
[2018.11.21-04.20.59:082][114]LogClass: Warning: In asset 'None', there is an enum property of type 'ECollisionChannel' with an invalid value of ''
[2018.11.21-04.20.59:082][114]LogClass: Warning: In asset 'None', there is an enum property of type 'ECollisionChannel' with an invalid value of ''
[2018.11.21-04.20.59:082][114]LogClass: Warning: In asset 'None', there is an enum property of type 'ECollisionChannel' with an invalid value of ''
[2018.11.21-04.20.59:083][114]LogClass: Warning: In asset 'None', there is an enum property of type 'ECollisionChannel' with an invalid value of ''
[2018.11.21-04.21.19:077][674]LogSlate: FSceneViewport::OnFocusLost() reason 0
[2018.11.21-04.21.19:148][676]BlueprintLog: New page: Compile Cop2_AI
[2018.11.21-04.21.20:781][692]Cmd: OBJ SAVEPACKAGE PACKAGE="/Game/People/Cop2_AI" FILE="../../../../../../Users/NIriz/OneDrive/Documents/Unreal Projects/NewWaldo/Content/People/Cop2_AI.uasset" SILENT=true
[2018.11.21-04.21.20:913][692]LogSavePackage: Moving '../../../../../../Users/NIriz/OneDrive/Documents/Unreal Projects/NewWaldo/Saved/Cop2_AIEBA2F88048E2A716B6CE99809B7A13C5.tmp' to '../../../../../../Users/NIriz/OneDrive/Documents/Unreal Projects/NewWaldo/Content/People/Cop2_AI.uasset'
[2018.11.21-04.21.25:724][759]LogAssetEditorManager: Opening Asset editor for Blueprint /Game/People/Cop1_AI.Cop1_AI
[2018.11.21-04.21.40:380][100]LogSlate: FSceneViewport::OnFocusLost() reason 0
[2018.11.21-04.21.45:003][215]LogSlate: FSceneViewport::OnFocusLost() reason 0
[2018.11.21-04.21.51:750][381]LogSlate: FSceneViewport::OnFocusLost() reason 2
[2018.11.21-04.21.57:314][495]LogSlate: FSceneViewport::OnFocusLost() reason 0
[2018.11.21-04.21.57:354][496]BlueprintLog: New page: Compile Cop1_AI
[2018.11.21-04.21.59:118][507]LogSlate: FSceneViewport::OnFocusLost() reason 2
[2018.11.21-04.21.59:180][507]Cmd: OBJ SAVEPACKAGE PACKAGE="/Game/People/Cop1_AI" FILE="../../../../../../Users/NIriz/OneDrive/Documents/Unreal Projects/NewWaldo/Content/People/Cop1_AI.uasset" SILENT=true
[2018.11.21-04.21.59:383][507]LogSavePackage: Moving '../../../../../../Users/NIriz/OneDrive/Documents/Unreal Projects/NewWaldo/Saved/Cop1_AI1DB29A4F484C44FFEDFDD0AB0C43976E.tmp' to '../../../../../../Users/NIriz/OneDrive/Documents/Unreal Projects/NewWaldo/Content/People/Cop1_AI.uasset'
[2018.11.21-04.22.00:277][531]LogSlate: FSceneViewport::OnFocusLost() reason 0
[2018.11.21-04.22.01:117][540]LogActorComponent: UnregisterComponent: (/Engine/Transient.EditorFloorComp) Not registered. Aborting.
[2018.11.21-04.22.01:932][550]LogActorComponent: UnregisterComponent: (/Engine/Transient.EditorFloorComp) Not registered. Aborting.
[2018.11.21-04.22.09:670][596]LogSavePackage: Moving '../../../../../../Users/NIriz/OneDrive/Documents/Unreal Projects/NewWaldo/Saved/worldDC310C6F4794101A9760E28F09D41855.tmp' to '../../../../../../Users/NIriz/OneDrive/Documents/Unreal Projects/NewWaldo/Content/ThirdPersonBP/Maps/world.umap'
[2018.11.21-04.22.09:750][596]LogFileHelpers: Saving map 'world' took 3.492
[2018.11.21-04.22.18:166][706]SourceControl: fatal: C:/Program Files/Epic Games/UE_4.20/Engine/Content: 'C:/Program Files/Epic Games/UE_4.20/Engine/Content' is outside repository
[2018.11.21-04.22.28:959][706]LogSlate: Window 'Submit Files' being destroyed
[2018.11.21-04.22.46:196][706]LogSourceControl: commit successful: [master 3bb07b4] collision boxes
[2018.11.21-04.22.46:936][706]SourceControl: [master 3bb07b4] collision boxes
[2018.11.21-04.22.46:936][706]SourceControl:  13 files changed, 0 insertions(+), 0 deletions(-)
[2018.11.21-04.22.46:936][706]SourceControl:  create mode 100644 Content/Audio/430708__juandamb__running.uasset
[2018.11.21-04.22.46:936][706]SourceControl:  create mode 100644 Content/Audio/running_8.uasset
[2018.11.21-04.22.46:936][706]SourceControl:  rewrite Content/People/Cop1_AI.uasset (83%)
[2018.11.21-04.22.46:936][706]SourceControl:  rewrite Content/People/Cop2_AI.uasset (83%)
[2018.11.21-04.22.46:936][706]SourceControl:  rewrite Content/People/Man1_AI1.uasset (83%)
[2018.11.21-04.22.46:936][706]SourceControl:  rewrite Content/People/Man2_AI.uasset (83%)
[2018.11.21-04.22.46:936][706]SourceControl:  rewrite Content/People/Man4_AI.uasset (83%)
[2018.11.21-04.22.46:937][706]SourceControl:  rewrite Content/People/Woman1_AI.uasset (83%)
[2018.11.21-04.22.46:937][706]SourceControl:  rewrite Content/People/Woman2_AI.uasset (85%)
[2018.11.21-04.22.46:937][706]SourceControl:  rewrite Content/People/Woman3_AI.uasset (83%)
[2018.11.21-04.22.46:937][706]SourceControl:  rewrite Content/People/Woman5_AI.uasset (82%)
[2018.11.21-04.22.46:953][706]SourceControl: Commited [master 3bb07b4] collision boxes.
[2018.11.21-04.23.53:521][513]LogAssetEditorManager: Opening Asset editor for Blueprint /Game/BluePrints/door.door
[2018.11.21-04.24.11:815][972]LogSlate: FSceneViewport::OnFocusLost() reason 2
[2018.11.21-04.24.14:497][ 33]LogSlate: FSceneViewport::OnFocusLost() reason 0
[2018.11.21-04.24.25:246][282]LogSlate: FSceneViewport::OnFocusLost() reason 0
[2018.11.21-04.24.25:289][283]BlueprintLog: New page: Compile door
[2018.11.21-04.25.09:012][214]BlueprintLog: New page: Compile door
[2018.11.21-04.25.10:843][229]Cmd: OBJ SAVEPACKAGE PACKAGE="/Game/BluePrints/door" FILE="../../../../../../Users/NIriz/OneDrive/Documents/Unreal Projects/NewWaldo/Content/BluePrints/door.uasset" SILENT=true
[2018.11.21-04.25.10:995][229]LogSavePackage: Moving '../../../../../../Users/NIriz/OneDrive/Documents/Unreal Projects/NewWaldo/Saved/doorDAF1953B4751A06B039B01AA176B1300.tmp' to '../../../../../../Users/NIriz/OneDrive/Documents/Unreal Projects/NewWaldo/Content/BluePrints/door.uasset'
[2018.11.21-04.25.19:050][324]LogEditorViewport: Clicking on Actor (LMB): Landscape (Landscape)
[2018.11.21-04.25.22:072][355]LogSlate: FSceneViewport::OnFocusLost() reason 0
[2018.11.21-04.25.31:933][451]LogAssetEditorManager: Opening Asset editor for Blueprint /Game/People/Cop1_AI.Cop1_AI
[2018.11.21-04.25.44:462][778]LogClass: Warning: In asset 'None', there is an enum property of type 'ECollisionEnabled' with an invalid value of ''
[2018.11.21-04.25.44:462][778]LogClass: Warning: In asset 'None', there is an enum property of type 'ECollisionEnabled' with an invalid value of ''
[2018.11.21-04.25.44:462][778]LogClass: Warning: In asset 'None', there is an enum property of type 'ECollisionEnabled' with an invalid value of ''
[2018.11.21-04.25.44:462][778]LogClass: Warning: In asset 'None', there is an enum property of type 'ECollisionEnabled' with an invalid value of ''
[2018.11.21-04.25.44:462][778]LogClass: Warning: In asset 'None', there is an enum property of type 'ECollisionEnabled' with an invalid value of ''
[2018.11.21-04.25.44:481][778]LogClass: Warning: In asset 'None', there is an enum property of type 'ECollisionChannel' with an invalid value of ''
[2018.11.21-04.25.44:481][778]LogClass: Warning: In asset 'None', there is an enum property of type 'ECollisionChannel' with an invalid value of ''
[2018.11.21-04.25.44:481][778]LogClass: Warning: In asset 'None', there is an enum property of type 'ECollisionChannel' with an invalid value of ''
[2018.11.21-04.25.44:481][778]LogClass: Warning: In asset 'None', there is an enum property of type 'ECollisionChannel' with an invalid value of ''
[2018.11.21-04.25.44:481][778]LogClass: Warning: In asset 'None', there is an enum property of type 'ECollisionChannel' with an invalid value of ''
[2018.11.21-04.25.56:928][166]BlueprintLog: New page: Compile Cop1_AI
[2018.11.21-04.25.58:666][183]Cmd: OBJ SAVEPACKAGE PACKAGE="/Game/People/Cop1_AI" FILE="../../../../../../Users/NIriz/OneDrive/Documents/Unreal Projects/NewWaldo/Content/People/Cop1_AI.uasset" SILENT=true
[2018.11.21-04.25.58:846][183]LogSavePackage: Moving '../../../../../../Users/NIriz/OneDrive/Documents/Unreal Projects/NewWaldo/Saved/Cop1_AIAA97F10744E2BC10DE63029059BCF561.tmp' to '../../../../../../Users/NIriz/OneDrive/Documents/Unreal Projects/NewWaldo/Content/People/Cop1_AI.uasset'
[2018.11.21-04.26.17:885][347]LogSlate: Window 'Delete Assets' being destroyed
[2018.11.21-04.26.20:953][347]SourceControl: rm 'Content/ThirdPersonBP/Blueprints/Waldo_Test.uasset'
[2018.11.21-04.26.26:033][394]LogAssetEditorManager: Opening Asset editor for Blueprint /Game/Waldo/Waldo_AI.Waldo_AI
[2018.11.21-04.26.49:942][845]LogSlate: FSceneViewport::OnFocusLost() reason 0
[2018.11.21-04.27.00:550][ 58]LogSlate: FSceneViewport::OnFocusLost() reason 0
[2018.11.21-04.27.15:896][247]LogAssetEditorManager: Opening Asset editor for Blueprint /Game/ThirdPersonBP/Blueprints/ThirdPersonCharacter.ThirdPersonCharacter
[2018.11.21-04.27.35:685][605]LogSlate: FSceneViewport::OnFocusLost() reason 0
[2018.11.21-04.28.19:202][427]LogSlate: FSceneViewport::OnFocusLost() reason 0
[2018.11.21-04.28.50:836][ 52]BlueprintLog: New page: Compile Waldo_AI
[2018.11.21-04.28.53:357][ 76]Cmd: OBJ SAVEPACKAGE PACKAGE="/Game/Waldo/Waldo_AI" FILE="../../../../../../Users/NIriz/OneDrive/Documents/Unreal Projects/NewWaldo/Content/Waldo/Waldo_AI.uasset" SILENT=true
[2018.11.21-04.28.53:578][ 76]LogSavePackage: Moving '../../../../../../Users/NIriz/OneDrive/Documents/Unreal Projects/NewWaldo/Saved/Waldo_AI60CA53BE4A1339D649EEF282961A8703.tmp' to '../../../../../../Users/NIriz/OneDrive/Documents/Unreal Projects/NewWaldo/Content/Waldo/Waldo_AI.uasset'
[2018.11.21-04.28.58:703][147]LogActorComponent: UnregisterComponent: (/Engine/Transient.EditorFloorComp) Not registered. Aborting.
[2018.11.21-04.29.00:162][159]LogTemp: Repeating last play command: Selected Viewport
[2018.11.21-04.29.00:601][159]LogBlueprintUserMessages: Early PlayInEditor Detection: Level '/Game/ThirdPersonBP/Maps/world.world:PersistentLevel' has LevelScriptBlueprint '/Game/ThirdPersonBP/Maps/world.world:PersistentLevel.world' with GeneratedClass '/Game/ThirdPersonBP/Maps/world.world_C' with ClassGeneratedBy '/Game/ThirdPersonBP/Maps/world.world:PersistentLevel.world'
[2018.11.21-04.29.00:604][159]LogPlayLevel: PlayLevel: No blueprints needed recompiling
[2018.11.21-04.29.00:612][159]PIE: New page: PIE session: world (Nov 20, 2018, 6:29:00 PM)
[2018.11.21-04.29.00:614][159]LogPlayLevel: Creating play world package: /Game/ThirdPersonBP/Maps/UEDPIE_0_world
[2018.11.21-04.29.01:167][159]LogPlayLevel: PIE: StaticDuplicateObject took: (0.553418s)
[2018.11.21-04.29.01:172][159]LogAIModule: Creating AISystem for world world
[2018.11.21-04.29.01:179][159]LogPlayLevel: PIE: World Init took: (0.011417s)
[2018.11.21-04.29.01:180][159]LogPlayLevel: PIE: Created PIE world by copying editor world from /Game/ThirdPersonBP/Maps/world.world to /Game/ThirdPersonBP/Maps/UEDPIE_0_world.world (0.567131s)
[2018.11.21-04.29.01:329][159]LogInit: XAudio2 using 'Speakers (Realtek High Definition Audio(SST))' : 2 channels at 48 kHz using 32 bits per sample (channel mask 0x3)
[2018.11.21-04.29.01:400][159]LogInit: FAudioDevice initialized.
[2018.11.21-04.29.01:455][159]LogLoad: Game class is 'ThirdPersonGameMode_C'
[2018.11.21-04.29.01:631][159]LogWorld: Bringing World /Game/ThirdPersonBP/Maps/UEDPIE_0_world.world up for play (max tick rate 60) at 2018.11.20-23.29.01
[2018.11.21-04.29.01:660][159]LogWorld: Bringing up level for play took: 0.198112
[2018.11.21-04.29.01:733][159]PIE: Play in editor start time for /Game/ThirdPersonBP/Maps/UEDPIE_0_world 0.732
[2018.11.21-04.29.01:733][159]LogBlueprintUserMessages: Late PlayInEditor Detection: Level '/Game/ThirdPersonBP/Maps/world.world:PersistentLevel' has LevelScriptBlueprint '/Game/ThirdPersonBP/Maps/world.world:PersistentLevel.world' with GeneratedClass '/Game/ThirdPersonBP/Maps/world.world_C' with ClassGeneratedBy '/Game/ThirdPersonBP/Maps/world.world:PersistentLevel.world'
[2018.11.21-04.29.45:501][773]LogBlueprintUserMessages: Early EndPlayMap Detection: Level '/Game/ThirdPersonBP/Maps/world.world:PersistentLevel' has LevelScriptBlueprint '/Game/ThirdPersonBP/Maps/world.world:PersistentLevel.world' with GeneratedClass '/Game/ThirdPersonBP/Maps/world.world_C' with ClassGeneratedBy '/Game/ThirdPersonBP/Maps/world.world:PersistentLevel.world'
[2018.11.21-04.29.45:506][773]LogSlate: Updating window title bar state: overlay mode, drag disabled, window buttons hidden, title bar hidden
[2018.11.21-04.29.45:641][773]LogPlayLevel: Display: Shutting down PIE online subsystems
[2018.11.21-04.29.45:642][773]LogBlueprintUserMessages: Late EndPlayMap Detection: Level '/Game/ThirdPersonBP/Maps/world.world:PersistentLevel' has LevelScriptBlueprint '/Game/ThirdPersonBP/Maps/world.world:PersistentLevel.world' with GeneratedClass '/Game/ThirdPersonBP/Maps/world.world_C' with ClassGeneratedBy '/Game/ThirdPersonBP/Maps/world.world:PersistentLevel.world'
[2018.11.21-04.29.45:773][773]LogSlate: Updating window title bar state: overlay mode, drag disabled, window buttons hidden, title bar hidden
[2018.11.21-04.29.46:044][774]LogPlayLevel: Display: Destroying online subsystem :Context_35
[2018.11.21-04.29.48:260][793]Cmd: SELECT NONE
[2018.11.21-04.30.03:701][947]LogSlate: FSceneViewport::OnFocusLost() reason 0
[2018.11.21-04.30.08:246][988]LogAssetEditorManager: Opening Asset editor for Blueprint /Game/Waldo/Waldo_AI.Waldo_AI
[2018.11.21-04.31.17:921][936]BlueprintLog: New page: Compile Waldo_AI
[2018.11.21-04.31.19:753][955]Cmd: OBJ SAVEPACKAGE PACKAGE="/Game/Waldo/Waldo_AI" FILE="../../../../../../Users/NIriz/OneDrive/Documents/Unreal Projects/NewWaldo/Content/Waldo/Waldo_AI.uasset" SILENT=true
[2018.11.21-04.31.19:949][955]LogSavePackage: Moving '../../../../../../Users/NIriz/OneDrive/Documents/Unreal Projects/NewWaldo/Saved/Waldo_AID77E028B4FF7DC1DD2631195E5F3E1DE.tmp' to '../../../../../../Users/NIriz/OneDrive/Documents/Unreal Projects/NewWaldo/Content/Waldo/Waldo_AI.uasset'
[2018.11.21-04.32.56:151][895]LogSavePackage: Moving '../../../../../../Users/NIriz/OneDrive/Documents/Unreal Projects/NewWaldo/Saved/world_Auto158418C0B452AFE48CB162B9C44E932A2.tmp' to '../../../../../../Users/NIriz/OneDrive/Documents/Unreal Projects/NewWaldo/Saved/Autosaves/Game/ThirdPersonBP/Maps/world_Auto1.umap'
[2018.11.21-04.32.56:207][895]LogFileHelpers: Editor autosave (incl. sublevels) for '/Game/ThirdPersonBP/Maps/world' took 3.944
[2018.11.21-04.32.56:207][895]LogFileHelpers: Editor autosave (incl. sublevels) for all levels took 3.944
[2018.11.21-04.32.56:313][895]OBJ SavePackage: Generating thumbnails for [0] asset(s) in package [/Game/Waldo/Waldo_AI] ([1] browsable assets)...
[2018.11.21-04.32.56:313][895]OBJ SavePackage: Finished generating thumbnails for package [/Game/Waldo/Waldo_AI]
[2018.11.21-04.32.56:567][895]LogSavePackage: Moving '../../../../../../Users/NIriz/OneDrive/Documents/Unreal Projects/NewWaldo/Saved/Waldo_AI_Auto1A558B00B4E6A528292D7CD9CC2068131.tmp' to '../../../../../../Users/NIriz/OneDrive/Documents/Unreal Projects/NewWaldo/Saved/Autosaves/Game/Waldo/Waldo_AI_Auto1.uasset'
[2018.11.21-04.32.56:577][895]LogFileHelpers: Auto-saving content packages took 0.276
[2018.11.21-04.39.05:259][ 61]LogSavePackage: Moving '../../../../../../Users/NIriz/OneDrive/Documents/Unreal Projects/NewWaldo/Saved/worldC87F43514C85EEBC5B32A9B9962C7F21.tmp' to '../../../../../../Users/NIriz/OneDrive/Documents/Unreal Projects/NewWaldo/Content/ThirdPersonBP/Maps/world.umap'
[2018.11.21-04.39.05:760][ 61]LogFileHelpers: Saving map 'world' took 4.721
[2018.11.21-04.39.05:770][ 61]Cmd: OBJ SAVEPACKAGE PACKAGE="/Game/Waldo/Waldo_AI" FILE="../../../../../../Users/NIriz/OneDrive/Documents/Unreal Projects/NewWaldo/Content/Waldo/Waldo_AI.uasset" SILENT=true
[2018.11.21-04.39.06:389][ 61]LogSavePackage: Moving '../../../../../../Users/NIriz/OneDrive/Documents/Unreal Projects/NewWaldo/Saved/Waldo_AI7E3AF9A9417DD4FEA3F709826DBBD76A.tmp' to '../../../../../../Users/NIriz/OneDrive/Documents/Unreal Projects/NewWaldo/Content/Waldo/Waldo_AI.uasset'
[2018.11.21-04.39.35:624][369]SourceControl: fatal: C:/Program Files/Epic Games/UE_4.20/Engine/Content: 'C:/Program Files/Epic Games/UE_4.20/Engine/Content' is outside repository
[2018.11.21-04.39.49:260][369]LogSlate: Window 'Submit Files' being destroyed
[2018.11.21-04.39.59:035][369]LogSourceControl: commit successful: [master 926f8b9] testing
[2018.11.21-04.39.59:897][369]SourceControl: [master 926f8b9] testing
[2018.11.21-04.39.59:897][369]SourceControl:  5 files changed, 0 insertions(+), 0 deletions(-)
[2018.11.21-04.39.59:897][369]SourceControl:  rewrite Content/BluePrints/door.uasset (75%)
[2018.11.21-04.39.59:897][369]SourceControl:  delete mode 100644 Content/ThirdPersonBP/Blueprints/Waldo_Test.uasset
[2018.11.21-04.39.59:897][369]SourceControl:  rewrite Content/Waldo/Waldo_AI.uasset (84%)
[2018.11.21-04.39.59:908][369]SourceControl: Commited [master 926f8b9] testing.
[2018.11.21-04.40.42:650][758]SourceControl: fatal: C:/Program Files/Epic Games/UE_4.20/Engine/Content: 'C:/Program Files/Epic Games/UE_4.20/Engine/Content' is outside repository
[2018.11.21-04.40.43:958][758]EditorErrors: Warning: No assets to check in!
