Log file open, 11/24/18 15:27:04
LogWindows: Failed to load 'aqProf.dll' (GetLastError=126)
LogWindows: File 'aqProf.dll' does not exist
LogWindows: Failed to load 'VSPerf140.dll' (GetLastError=126)
LogWindows: File 'VSPerf140.dll' does not exist
LogWindows: Failed to load 'VtuneApi.dll' (GetLastError=126)
LogWindows: File 'VtuneApi.dll' does not exist
LogWindows: Failed to load 'VtuneApi32e.dll' (GetLastError=126)
LogWindows: File 'VtuneApi32e.dll' does not exist
LogInit: Display: Running engine for game: NewWaldo
LogPlatformFile: Not using cached read wrapper
LogTaskGraph: Started task graph with 5 named threads and 11 total threads with 3 sets of task threads.
LogStats: Stats thread started at 1.113627
LogD3D11RHI: Loaded GFSDK_Aftermath_Lib.x64.dll
LogICUInternationalization: Display: ICU TimeZone Detection - Raw Offset: -5:00, Platform Override: ''
LogPluginManager: Mounting plugin Paper2D
LogPluginManager: Mounting plugin AISupport
LogPluginManager: Mounting plugin LightPropagationVolume
LogPluginManager: Mounting plugin CLionSourceCodeAccess
LogPluginManager: Mounting plugin CodeLiteSourceCodeAccess
LogPluginManager: Mounting plugin GitSourceControl
LogPluginManager: Mounting plugin KDevelopSourceCodeAccess
LogPluginManager: Mounting plugin NullSourceCodeAccess
LogPluginManager: Mounting plugin PerforceSourceControl
LogPluginManager: Mounting plugin SubversionSourceControl
LogPluginManager: Mounting plugin UObjectPlugin
LogPluginManager: Mounting plugin VisualStudioCodeSourceCodeAccess
LogPluginManager: Mounting plugin VisualStudioSourceCodeAccess
LogPluginManager: Mounting plugin XCodeSourceCodeAccess
LogPluginManager: Mounting plugin AssetManagerEditor
LogPluginManager: Mounting plugin CryptoKeys
LogPluginManager: Mounting plugin DataValidation
LogPluginManager: Mounting plugin FacialAnimation
LogPluginManager: Mounting plugin GameplayTagsEditor
LogPluginManager: Mounting plugin MacGraphicsSwitching
LogPluginManager: Mounting plugin MeshEditor
LogPluginManager: Mounting plugin MobileLauncherProfileWizard
LogPluginManager: Mounting plugin PluginBrowser
LogPluginManager: Mounting plugin SpeedTreeImporter
LogPluginManager: Mounting plugin DatasmithContent
LogPluginManager: Mounting plugin AlembicImporter
LogPluginManager: Mounting plugin AppleImageUtils
LogPluginManager: Mounting plugin AppleVision
LogPluginManager: Mounting plugin BackChannel
LogPluginManager: Mounting plugin CharacterAI
LogPluginManager: Mounting plugin GeometryCache
LogPluginManager: Mounting plugin HTML5Networking
LogPluginManager: Mounting plugin ProxyLODPlugin
LogPluginManager: Mounting plugin MagicLeap
LogPluginManager: Mounting plugin MagicLeapEmulator
LogPluginManager: Mounting plugin MagicLeapMedia
LogPluginManager: Mounting plugin AndroidMedia
LogPluginManager: Mounting plugin AvfMedia
LogPluginManager: Mounting plugin ImgMedia
LogPluginManager: Mounting plugin LinearTimecode
LogPluginManager: Mounting plugin MediaCompositing
LogPluginManager: Mounting plugin MediaPlayerEditor
LogPluginManager: Mounting plugin WmfMedia
LogPluginManager: Mounting plugin TcpMessaging
LogPluginManager: Mounting plugin UdpMessaging
LogPluginManager: Mounting plugin ActorSequence
LogPluginManager: Mounting plugin LevelSequenceEditor
LogPluginManager: Mounting plugin MatineeToLevelSequence
LogPluginManager: Mounting plugin NetcodeUnitTest
LogPluginManager: Mounting plugin NUTUnrealEngine4
LogPluginManager: Mounting plugin OnlineSubsystemGooglePlay
LogPluginManager: Mounting plugin OnlineSubsystemIOS
LogPluginManager: Mounting plugin OnlineSubsystem
LogPluginManager: Mounting plugin OnlineSubsystemNull
LogPluginManager: Mounting plugin OnlineSubsystemUtils
LogPluginManager: Mounting plugin LauncherChunkInstaller
LogPluginManager: Mounting plugin AndroidDeviceProfileSelector
LogPluginManager: Mounting plugin AndroidMoviePlayer
LogPluginManager: Mounting plugin AndroidPermission
LogPluginManager: Mounting plugin AppleMoviePlayer
LogPluginManager: Mounting plugin ArchVisCharacter
LogPluginManager: Mounting plugin AudioCapture
LogPluginManager: Mounting plugin CableComponent
LogPluginManager: Mounting plugin CustomMeshComponent
LogPluginManager: Mounting plugin EditableMesh
LogPluginManager: Mounting plugin ExampleDeviceProfileSelector
LogPluginManager: Mounting plugin GoogleCloudMessaging
LogPluginManager: Mounting plugin ImmediatePhysics
LogPluginManager: Mounting plugin IOSDeviceProfileSelector
LogPluginManager: Mounting plugin LinuxDeviceProfileSelector
LogPluginManager: Mounting plugin LocationServicesBPLibrary
LogPluginManager: Mounting plugin MobilePatchingUtils
LogPluginManager: Mounting plugin OculusVR
LogPluginManager: Plugin shader directory ../../../Engine/Plugins/Runtime/Oculus/OculusVR/Shaders found
LogPluginManager: Mapping shader source directory ../../../Engine/Plugins/Runtime/Oculus/OculusVR/Shaders to virtual directory /Plugin/OculusVR
LogPluginManager: Mounting plugin PhysXVehicles
LogPluginManager: Mounting plugin ProceduralMeshComponent
LogPluginManager: Mounting plugin RuntimePhysXCooking
LogPluginManager: Mounting plugin SteamVR
LogPluginManager: Mounting plugin WindowsMoviePlayer
LogStreaming: Display: Took  0.463s to configure plugins.
LogInit: Using libcurl 7.55.1-DEV
LogInit:  - built for x86_64-pc-win32
LogInit:  - supports SSL with OpenSSL/1.0.2h
LogInit:  - supports HTTP deflate (compression) using libz 1.2.8
LogInit:  - other features:
LogInit:      CURL_VERSION_SSL
LogInit:      CURL_VERSION_LIBZ
LogInit:      CURL_VERSION_IPV6
LogInit:      CURL_VERSION_ASYNCHDNS
LogInit:      CURL_VERSION_LARGEFILE
LogInit:      CURL_VERSION_IDN
LogInit:  CurlRequestOptions (configurable via config and command line):
LogInit:  - bVerifyPeer = false  - Libcurl will NOT verify peer certificate
LogInit:  - bUseHttpProxy = false  - Libcurl will NOT use HTTP proxy
LogInit:  - bDontReuseConnections = false  - Libcurl will reuse connections
LogInit:  - CertBundlePath = nullptr  - Libcurl will use whatever was configured at build time.
LogInit:  - MaxHostConnections = 16  - Libcurl will limit the number of connections to a host
LogInit:  - LocalHostAddr = Default
LogInit:  - BufferSize = 65536
LogInit: WinSock: version 1.1 (2.2), MaxSocks=32767, MaxUdp=65467
LogInit: Build: ++UE4+Release-4.20-CL-4302132
LogInit: Engine Version: 4.20.2-4302132+++UE4+Release-4.20
LogInit: Compatible Engine Version: 4.20.0-4212847+++UE4+Release-4.20
LogInit: Net CL: 4212847
LogInit: OS: Windows 10 (), CPU: Intel(R) Core(TM) i5-7300U CPU @ 2.60GHz, GPU: Intel(R) HD Graphics 620
LogInit: Compiled (64-bit): Aug 21 2018 02:06:06
LogInit: Compiled with Visual C++: 19.13.26129.00
LogInit: Build Configuration: Development
LogInit: Branch Name: ++UE4+Release-4.20
LogInit: Command Line: 
LogInit: Base Directory: C:/Program Files/Epic Games/UE_4.20/Engine/Binaries/Win64/
LogInit: Installed Engine Build: 1
LogDevObjectVersion: Number of dev versions registered: 20
LogDevObjectVersion:   Dev-Blueprints (B0D832E4-1F89-4F0D-ACCF-7EB736FD4AA2): 10
LogDevObjectVersion:   Dev-Build (E1C64328-A22C-4D53-A36C-8E866417BD8C): 0
LogDevObjectVersion:   Dev-Core (375EC13C-06E4-48FB-B500-84F0262A717E): 2
LogDevObjectVersion:   Dev-Editor (E4B068ED-F494-42E9-A231-DA0B2E46BB41): 24
LogDevObjectVersion:   Dev-Framework (CFFC743F-43B0-4480-9391-14DF171D2073): 34
LogDevObjectVersion:   Dev-Mobile (B02B49B5-BB20-44E9-A304-32B752E40360): 2
LogDevObjectVersion:   Dev-Networking (A4E4105C-59A1-49B5-A7C5-40C4547EDFEE): 0
LogDevObjectVersion:   Dev-Online (39C831C9-5AE6-47DC-9A44-9C173E1C8E7C): 0
LogDevObjectVersion:   Dev-Physics (78F01B33-EBEA-4F98-B9B4-84EACCB95AA2): 0
LogDevObjectVersion:   Dev-Platform (6631380F-2D4D-43E0-8009-CF276956A95A): 0
LogDevObjectVersion:   Dev-Rendering (12F88B9F-8875-4AFC-A67C-D90C383ABD29): 26
LogDevObjectVersion:   Dev-Sequencer (7B5AE74C-D270-4C10-A958-57980B212A5A): 9
LogDevObjectVersion:   Dev-VR (D7296918-1DD6-4BDD-9DE2-64A83CC13884): 2
LogDevObjectVersion:   Dev-LoadTimes (C2A15278-BFE7-4AFE-6C17-90FF531DF755): 1
LogDevObjectVersion:   Private-Geometry (6EACA3D4-40EC-4CC1-B786-8BED09428FC5): 3
LogDevObjectVersion:   Dev-AnimPhys (29E575DD-E0A3-4627-9D10-D276232CDCEA): 17
LogDevObjectVersion:   Dev-ReflectionCapture (6B266CEC-1EC7-4B8F-A30B-E4D90942FC07): 1
LogDevObjectVersion:   Dev-Automation (0DF73D61-A23F-47EA-B727-89E90C41499A): 1
LogDevObjectVersion:   FortniteMain (601D1886-AC64-4F84-AA16-D3DE0DEAC7D6): 12
LogDevObjectVersion:   Dev-Enterprise (9DFFBCD6-494F-0158-E221-12823C92A888): 1
LogStreaming: Display: Took  0.026s to delete old logs.
LogInit: Presizing for max 8388607 objects, including 0 objects not considered by GC, pre-allocating 0 bytes for permanent pool.
LogInit: Object subsystem initialized
[2018.11.24-20.27.05:287][  0]LogInit: Selected Device Profile: [Windows]
[2018.11.24-20.27.05:287][  0]LogInit: Applying CVar settings loaded from the selected device profile: [Windows]
[2018.11.24-20.27.05:324][  0]LogHAL: Display: Platform has ~ 8 GB [8511496192 / 8589934592 / 8], which maps to Default [LargestMinGB=32, LargerMinGB=12, DefaultMinGB=8, SmallerMinGB=6, SmallestMinGB=0)
[2018.11.24-20.27.05:324][  0]LogInit: Setting Device Profile CVar: [[r.Vulkan.UseRealUBs:1]]
[2018.11.24-20.27.05:324][  0]LogInit: Going up to parent DeviceProfile []
[2018.11.24-20.27.05:328][  0]LogInit: Computer: DESKTOP-2JCFOSA
[2018.11.24-20.27.05:328][  0]LogInit: User: NIriz
[2018.11.24-20.27.05:328][  0]LogInit: CPU Page size=4096, Cores=2
[2018.11.24-20.27.05:328][  0]LogInit: High frequency timer resolution =2.648436 MHz
[2018.11.24-20.27.05:329][  0]LogMemory: Memory total: Physical=7.9GB (8GB approx)
[2018.11.24-20.27.05:329][  0]LogMemory: Platform Memory Stats for Windows
[2018.11.24-20.27.05:329][  0]LogMemory: Process Physical Memory: 101.20 MB used, 101.20 MB peak
[2018.11.24-20.27.05:330][  0]LogMemory: Process Virtual Memory: 92.17 MB used, 92.17 MB peak
[2018.11.24-20.27.05:330][  0]LogMemory: Physical Memory: 4274.04 MB used,  3843.15 MB free, 8117.20 MB total
[2018.11.24-20.27.05:330][  0]LogMemory: Virtual Memory: 4614.87 MB used,  3843.15 MB free, 134217728.00 MB total
[2018.11.24-20.27.05:394][  0]LogInit: Using OS detected language (en-US).
[2018.11.24-20.27.05:394][  0]LogInit: Using OS detected locale (en-US).
[2018.11.24-20.27.05:399][  0]LogTextLocalizationManager: No specific localization for 'en-US' exists, so the 'en' localization will be used.
[2018.11.24-20.27.06:486][  0]LogStreaming: Display: Took  1.092s to InitEngineTextLocalization.
[2018.11.24-20.27.06:486][  0]LogInit: Setting process to per monitor DPI aware
[2018.11.24-20.27.06:570][  0]LogSlate: New Slate User Created.  User Index 0, Is Virtual User: 0
[2018.11.24-20.27.06:570][  0]LogSlate: Slate User Registered.  User Index 0, Is Virtual User: 0
[2018.11.24-20.27.07:908][  0]LogHMD: Failed to initialize OpenVR with code 110
[2018.11.24-20.27.07:908][  0]LogD3D11RHI: D3D11 adapters:
[2018.11.24-20.27.08:037][  0]LogD3D11RHI:    0. 'Intel(R) HD Graphics 620' (Feature Level 11_0)
[2018.11.24-20.27.08:037][  0]LogD3D11RHI:       128/0/4058 MB DedicatedVideo/DedicatedSystem/SharedSystem, Outputs:1, VendorId:0x8086
[2018.11.24-20.27.08:048][  0]LogD3D11RHI:    1. 'Microsoft Basic Render Driver' (Feature Level 11_0)
[2018.11.24-20.27.08:048][  0]LogD3D11RHI:       0/0/4058 MB DedicatedVideo/DedicatedSystem/SharedSystem, Outputs:0, VendorId:0x1414
[2018.11.24-20.27.08:048][  0]LogD3D11RHI: Chosen D3D11 Adapter: 0
[2018.11.24-20.27.08:063][  0]LogD3D11RHI: Creating new Direct3DDevice
[2018.11.24-20.27.08:064][  0]LogD3D11RHI:     GPU DeviceId: 0x5916 (for the marketing name, search the web for "GPU Device Id")
[2018.11.24-20.27.08:064][  0]LogWindows: EnumDisplayDevices:
[2018.11.24-20.27.08:064][  0]LogWindows:    0. 'Intel(R) HD Graphics 620' (P:1 D:1)
[2018.11.24-20.27.08:065][  0]LogWindows:    1. 'Intel(R) HD Graphics 620' (P:0 D:0)
[2018.11.24-20.27.08:067][  0]LogWindows:    2. 'Intel(R) HD Graphics 620' (P:0 D:0)
[2018.11.24-20.27.08:068][  0]LogWindows: DebugString: FoundDriverCount:3 
[2018.11.24-20.27.08:068][  0]LogD3D11RHI:     Adapter Name: Intel(R) HD Graphics 620
[2018.11.24-20.27.08:068][  0]LogD3D11RHI:   Driver Version: 24.20.100.6136 (internal:24.20.100.6136, unified:24.20.100.6136)
[2018.11.24-20.27.08:068][  0]LogD3D11RHI:      Driver Date: 5-25-2018
[2018.11.24-20.27.08:068][  0]LogRHI: Texture pool is 1510 MB (70% of 2157 MB)
[2018.11.24-20.27.08:184][  0]LogD3D11RHI: Async texture creation enabled
[2018.11.24-20.27.08:203][  0]LogD3D11RHI: GPU Timing Frequency: 12.000048 (Debug: 2 0)
[2018.11.24-20.27.08:214][  0]LogShaderCompilers: Guid format shader working directory is -28 characters bigger than the processId version (../../../../../../Users/NIriz/OneDrive/Documents/Unreal Projects/NewWaldo/Intermediate/Shaders/WorkingDirectory/17084/).
[2018.11.24-20.27.08:215][  0]LogShaderCompilers: Cleaned the shader compiler working directory 'C:/Users/NIriz/AppData/Local/Temp/UnrealShaderWorkingDir/1FDD91814191D5C1CF769F93473830DC/'.
[2018.11.24-20.27.09:434][  0]LogTemp: Display: Loaded TP AllDesktopTargetPlatform
[2018.11.24-20.27.09:487][  0]LogTemp: Display: Loaded TP MacClientTargetPlatform
[2018.11.24-20.27.09:539][  0]LogTemp: Display: Loaded TP MacNoEditorTargetPlatform
[2018.11.24-20.27.09:595][  0]LogTemp: Display: Loaded TP MacServerTargetPlatform
[2018.11.24-20.27.09:650][  0]LogTemp: Display: Loaded TP MacTargetPlatform
[2018.11.24-20.27.09:704][  0]LogTemp: Display: Loaded TP WindowsClientTargetPlatform
[2018.11.24-20.27.09:757][  0]LogTemp: Display: Loaded TP WindowsNoEditorTargetPlatform
[2018.11.24-20.27.09:811][  0]LogTemp: Display: Loaded TP WindowsServerTargetPlatform
[2018.11.24-20.27.09:837][  0]LogTemp: Display: Loaded TP WindowsTargetPlatform
[2018.11.24-20.27.10:158][  0]LogTemp: Display: Loaded TP AndroidTargetPlatform
[2018.11.24-20.27.10:158][  0]LogTemp: Display: Loaded TP AndroidTargetPlatform
[2018.11.24-20.27.10:159][  0]LogTemp: Display: Loaded TP AndroidTargetPlatform
[2018.11.24-20.27.10:159][  0]LogTemp: Display: Loaded TP AndroidTargetPlatform
[2018.11.24-20.27.10:159][  0]LogTemp: Display: Loaded TP AndroidTargetPlatform
[2018.11.24-20.27.10:159][  0]LogTemp: Display: Loaded TP AndroidTargetPlatform
[2018.11.24-20.27.10:159][  0]LogTemp: Display: Loaded TP AndroidTargetPlatform
[2018.11.24-20.27.10:159][  0]LogTemp: Display: Loaded TP AndroidTargetPlatform
[2018.11.24-20.27.10:159][  0]LogTemp: Display: Loaded TP AndroidTargetPlatform
[2018.11.24-20.27.10:159][  0]LogTemp: Display: Loaded TP AndroidTargetPlatform
[2018.11.24-20.27.10:159][  0]LogTemp: Display: Loaded TP AndroidTargetPlatform
[2018.11.24-20.27.10:159][  0]LogTemp: Display: Loaded TP AndroidTargetPlatform
[2018.11.24-20.27.10:159][  0]LogTemp: Display: Loaded TP AndroidTargetPlatform
[2018.11.24-20.27.10:159][  0]LogTemp: Display: Loaded TP AndroidTargetPlatform
[2018.11.24-20.27.10:159][  0]LogTemp: Display: Loaded TP AndroidTargetPlatform
[2018.11.24-20.27.10:159][  0]LogTemp: Display: Loaded TP AndroidTargetPlatform
[2018.11.24-20.27.10:159][  0]LogTemp: Display: Loaded TP AndroidTargetPlatform
[2018.11.24-20.27.10:159][  0]LogTemp: Display: Loaded TP AndroidTargetPlatform
[2018.11.24-20.27.10:166][  0]LogTemp: Display: Loaded TP HTML5TargetPlatform
[2018.11.24-20.27.10:322][  0]LogTemp: Display: Loaded TP IOSTargetPlatform
[2018.11.24-20.27.10:322][  0]LogTemp: Display: Loaded TP IOSTargetPlatform
[2018.11.24-20.27.10:420][  0]LogTemp: Display: Loaded TP TVOSTargetPlatform
[2018.11.24-20.27.10:420][  0]LogTemp: Display: Loaded TP TVOSTargetPlatform
[2018.11.24-20.27.10:472][  0]LogTemp: Display: Loaded TP LinuxClientTargetPlatform
[2018.11.24-20.27.10:530][  0]LogTemp: Display: Loaded TP LinuxNoEditorTargetPlatform
[2018.11.24-20.27.10:580][  0]LogTemp: Display: Loaded TP LinuxServerTargetPlatform
[2018.11.24-20.27.10:634][  0]LogTemp: Display: Loaded TP LinuxTargetPlatform
[2018.11.24-20.27.10:671][  0]LogTemp: Display: Loaded TP LuminTargetPlatform
[2018.11.24-20.27.10:671][  0]LogTargetPlatformManager: Display: Building Assets For Windows
[2018.11.24-20.27.10:924][  0]LogXGEController: Cannot use XGE Controller as Incredibuild is not installed on this machine.
[2018.11.24-20.27.10:924][  0]LogShaderCompilers: Cannot use XGE Shader Compiler as Incredibuild is not installed on this machine.
[2018.11.24-20.27.10:924][  0]LogShaderCompilers: Display: Using Local Shader Compiler.
[2018.11.24-20.27.13:982][  0]LogDerivedDataCache: Display: Max Cache Size: 512 MB
[2018.11.24-20.27.14:144][  0]LogDerivedDataCache: Loaded boot cache 0.16s 71MB C:/Users/NIriz/AppData/Local/UnrealEngine/4.20/DerivedDataCache/Boot.ddc.
[2018.11.24-20.27.14:147][  0]LogDerivedDataCache: Display: Loaded Boot cache: C:/Users/NIriz/AppData/Local/UnrealEngine/4.20/DerivedDataCache/Boot.ddc
[2018.11.24-20.27.14:147][  0]LogDerivedDataCache: FDerivedDataBackendGraph:  Pak pak cache file ../../../../../../Users/NIriz/OneDrive/Documents/Unreal Projects/NewWaldo/DerivedDataCache/DDC.ddp not found, will not use a pak cache.
[2018.11.24-20.27.14:148][  0]LogDerivedDataCache: Unable to find inner node Pak for hierarchical cache Hierarchy.
[2018.11.24-20.27.14:148][  0]LogDerivedDataCache: FDerivedDataBackendGraph:  CompressedPak pak cache file ../../../../../../Users/NIriz/OneDrive/Documents/Unreal Projects/NewWaldo/DerivedDataCache/Compressed.ddp not found, will not use a pak cache.
[2018.11.24-20.27.14:148][  0]LogDerivedDataCache: Unable to find inner node CompressedPak for hierarchical cache Hierarchy.
[2018.11.24-20.27.14:193][  0]LogDerivedDataCache: Display: Pak cache opened for reading ../../../Engine/DerivedDataCache/Compressed.ddp.
[2018.11.24-20.27.14:208][  0]LogDerivedDataCache: Using Local data cache path C:/Users/NIriz/AppData/Local/UnrealEngine/Common/DerivedDataCache: Writable
[2018.11.24-20.27.14:208][  0]LogDerivedDataCache: Shared data cache path not found in *engine.ini, will not use an Shared cache.
[2018.11.24-20.27.14:208][  0]LogDerivedDataCache: Unable to find inner node Shared for hierarchical cache Hierarchy.
[2018.11.24-20.27.14:271][  0]LogMaterial: Verifying Global Shaders for PCD3D_SM5
[2018.11.24-20.27.14:277][  0]LogSlate: Using FreeType 2.6.0
[2018.11.24-20.27.14:279][  0]LogSlate: SlateFontServices - WITH_FREETYPE: 1, WITH_HARFBUZZ: 1
[2018.11.24-20.27.14:515][  0]LogAssetRegistry: FAssetRegistry took 0.0387 seconds to start up
[2018.11.24-20.27.18:151][  0]LogInit: Selected Device Profile: [Windows]
[2018.11.24-20.27.19:831][  0]LogSimplygon: Simplygon DLL not present - disabling.
[2018.11.24-20.27.19:883][  0]LogMeshReduction: Using SimplygonSwarm for distributed automatic mesh merging
[2018.11.24-20.27.19:883][  0]LogMeshReduction: Using ProxyLODMeshReduction for automatic mesh merging
[2018.11.24-20.27.19:883][  0]LogMeshReduction: Using QuadricMeshReduction for automatic static mesh reduction
[2018.11.24-20.27.19:883][  0]LogMeshReduction: No automatic skeletal mesh reduction module available
[2018.11.24-20.27.20:035][  0]LogNetVersion: NewWaldo 1.0.0, NetCL: 4212847, EngineNetVer: 5, GameNetVer: 0 (Checksum: 3229626331)
[2018.11.24-20.27.24:319][  0]LogPackageLocalizationCache: Processed 11 localized package path(s) for 2 prioritized culture(s) in 0.724685 seconds
[2018.11.24-20.27.24:353][  0]LogUObjectArray: 38425 objects as part of root set at end of initial load.
[2018.11.24-20.27.24:354][  0]LogUObjectAllocator: 6690872 out of 0 bytes used by permanent object pool.
[2018.11.24-20.27.24:354][  0]LogUObjectArray: CloseDisregardForGC: 0/0 objects in disregard for GC pool
[2018.11.24-20.27.31:312][  0]LogTcpMessaging: Initializing TcpMessaging bridge
[2018.11.24-20.27.31:331][  0]LogUdpMessaging: Initializing bridge on interface 0.0.0.0:0 to multicast group 230.0.0.1:6666.
[2018.11.24-20.27.31:801][  0]SourceControl: Source control is disabled
[2018.11.24-20.27.33:548][  0]LogAndroidPermission: UAndroidPermissionCallbackProxy::GetInstance
[2018.11.24-20.27.33:747][  0]LogOcInput: OculusInput pre-init called
[2018.11.24-20.27.33:970][  0]LogEngine: Initializing Engine...
[2018.11.24-20.27.33:975][  0]LogHMD: Failed to initialize OpenVR with code 110
[2018.11.24-20.27.33:981][  0]LogStats: UGameplayTagsManager::ConstructGameplayTagTree: ImportINI prefixes -  0.000 s
[2018.11.24-20.27.33:981][  0]LogStats: UGameplayTagsManager::ConstructGameplayTagTree: Construct from data asset -  0.000 s
[2018.11.24-20.27.33:981][  0]LogStats: UGameplayTagsManager::ConstructGameplayTagTree: ImportINI -  0.000 s
[2018.11.24-20.27.33:981][  0]LogStats: UGameplayTagsManager::ConstructGameplayTagTree: GameplayTagTreeChangedEvent.Broadcast -  0.000 s
[2018.11.24-20.27.34:794][  0]LogInit: Initializing FReadOnlyCVARCache
[2018.11.24-20.27.34:839][  0]LogAIModule: Creating AISystem for world Untitled
[2018.11.24-20.27.34:992][  0]LogInit: XAudio2 using 'Speakers (Realtek High Definition Audio(SST))' : 2 channels at 48 kHz using 32 bits per sample (channel mask 0x3)
[2018.11.24-20.27.35:056][  0]LogInit: FAudioDevice initialized.
[2018.11.24-20.27.35:056][  0]LogNetVersion: Set ProjectVersion to 1.0.0.0. Version Checksum will be recalculated on next use.
[2018.11.24-20.27.35:188][  0]LogDerivedDataCache: Saved boot cache 0.13s 71MB C:/Users/NIriz/AppData/Local/UnrealEngine/4.20/DerivedDataCache/Boot.ddc.
[2018.11.24-20.27.35:189][  0]LogInit: Texture streaming: Enabled
[2018.11.24-20.27.35:261][  0]LogEngineSessionManager: EngineSessionManager initialized
[2018.11.24-20.27.35:261][  0]LogEngineSessionManager: EngineSessionManager sent abnormal shutdown report. Type=Crashed, SessionId={CE6EE0B4-46E3-4670-2596-7AA794025214}
[2018.11.24-20.27.35:316][  0]LogInit: Transaction tracking system initialized
[2018.11.24-20.27.35:422][  0]BlueprintLog: New page: Editor Load
[2018.11.24-20.27.35:709][  0]LocalizationService: Localization service is disabled
[2018.11.24-20.27.35:829][  0]LogLinker: Warning: Can't find file '/Game/FirstPersonBP/FirstPersonOverview'
[2018.11.24-20.27.35:830][  0]LogLinker: Warning: Can't find file '/Game/FirstPersonBP/FirstPersonOverview'
[2018.11.24-20.27.35:830][  0]LogUObjectGlobals: Warning: Failed to find object 'Class /Game/FirstPersonBP/FirstPersonOverview.FirstPersonOverview_C'
[2018.11.24-20.27.37:298][  0]LogCook: Display: Max memory allowance for cook 16384mb min free memory 0mb
[2018.11.24-20.27.37:299][  0]LogCook: Display: Mobile HDR setting 1
[2018.11.24-20.27.37:299][  0]LogGameplayTags: Display: UGameplayTagsManager::DoneAddingNativeTags. DelegateIsBound: 0
[2018.11.24-20.27.37:299][  0]LogStats: UGameplayTagsManager::ConstructGameplayTagTree: ImportINI prefixes -  0.000 s
[2018.11.24-20.27.37:299][  0]LogStats: UGameplayTagsManager::ConstructGameplayTagTree: Construct from data asset -  0.000 s
[2018.11.24-20.27.37:299][  0]LogStats: UGameplayTagsManager::ConstructGameplayTagTree: ImportINI -  0.000 s
[2018.11.24-20.27.37:299][  0]LogStats: UGameplayTagsManager::ConstructGameplayTagTree: GameplayTagTreeChangedEvent.Broadcast -  0.000 s
[2018.11.24-20.27.37:684][  0]LogFileCache: Scanning file cache for directory 'C:/Users/NIriz/OneDrive/Documents/Unreal Projects/NewWaldo/Content/' took 0.09s
[2018.11.24-20.27.37:684][  0]Cmd: MAP LOAD FILE="../../../../../../Users/NIriz/OneDrive/Documents/Unreal Projects/NewWaldo/Content/ThirdPersonBP/Maps/ThirdPersonExampleMap.umap" TEMPLATE=0 SHOWPROGRESS=1 FEATURELEVEL=3
[2018.11.24-20.27.37:685][  0]LogEditorServer: Warning: Can't find file '../../../../../../Users/NIriz/OneDrive/Documents/Unreal Projects/NewWaldo/Content/ThirdPersonBP/Maps/ThirdPersonExampleMap.umap'
[2018.11.24-20.27.37:685][  0]Cmd: MAP CHECKDEP NOCLEARLOG
[2018.11.24-20.27.37:947][  0]MapCheck: Map check complete: 0 Error(s), 0 Warning(s), took 262.163ms to complete.
[2018.11.24-20.27.37:947][  0]LogFileHelpers: Loading map 'ThirdPersonExampleMap' took 0.264
[2018.11.24-20.27.38:188][  0]LogSlate: Updating window title bar state: overlay mode, drag disabled, window buttons hidden, title bar hidden
[2018.11.24-20.27.38:218][  0]LogSlate: Updating window title bar state: overlay mode, drag disabled, window buttons hidden, title bar hidden
[2018.11.24-20.27.38:246][  0]LogSlate: Updating window title bar state: overlay mode, drag disabled, window buttons hidden, title bar hidden
[2018.11.24-20.27.38:275][  0]LogSlate: Updating window title bar state: overlay mode, drag disabled, window buttons hidden, title bar hidden
[2018.11.24-20.27.38:298][  0]LogCollectionManager: Loaded 0 collections in 0.006663 seconds
[2018.11.24-20.27.38:388][  0]LogFileCache: Scanning file cache for directory 'C:/Users/NIriz/OneDrive/Documents/Unreal Projects/NewWaldo/Saved/Collections/' took 0.02s
[2018.11.24-20.27.38:388][  0]LogFileCache: Scanning file cache for directory 'C:/Users/NIriz/OneDrive/Documents/Unreal Projects/NewWaldo/Content/Developers/NIriz/Collections/' took 0.03s
[2018.11.24-20.27.38:388][  0]LogFileCache: Scanning file cache for directory 'C:/Users/NIriz/OneDrive/Documents/Unreal Projects/NewWaldo/Content/Collections/' took 0.02s
[2018.11.24-20.27.38:388][  0]LogCollectionManager: Rebuilt the GUID cache for 0 collections in 0.000001 seconds
[2018.11.24-20.27.38:427][  0]LogContentBrowser: Native class hierarchy populated in 0.0385 seconds. Added 2572 classes and 603 folders.
[2018.11.24-20.27.38:461][  0]LogContentBrowser: Native class hierarchy updated for 'WidgetCarousel' in 0.0007 seconds. Added 0 classes and 0 folders.
[2018.11.24-20.27.38:677][  0]LogContentBrowser: Native class hierarchy updated for 'AddContentDialog' in 0.0007 seconds. Added 0 classes and 0 folders.
[2018.11.24-20.27.38:690][  0]LogContentBrowser: Native class hierarchy updated for 'SceneOutliner' in 0.0007 seconds. Added 1 classes and 2 folders.
[2018.11.24-20.27.38:878][  0]LogSlate: Took 0.000520 seconds to synchronously load lazily loaded font '../../../Engine/Content/Slate/Fonts/Roboto-Regular.ttf' (155K)
[2018.11.24-20.27.38:883][  0]LogSlate: Took 0.000480 seconds to synchronously load lazily loaded font '../../../Engine/Content/Slate/Fonts/Roboto-Bold.ttf' (160K)
[2018.11.24-20.27.38:903][  0]LogSlate: Took 0.000602 seconds to synchronously load lazily loaded font '../../../Engine/Content/Editor/Slate/Fonts/FontAwesome.ttf' (139K)
[2018.11.24-20.27.39:171][  0]LogRenderer: Reallocating scene render targets to support 796x444 Format 9 NumSamples 1 (Frame:1).
[2018.11.24-20.27.39:621][  0]LogContentBrowser: Native class hierarchy updated for 'HierarchicalLODOutliner' in 0.0010 seconds. Added 0 classes and 0 folders.
[2018.11.24-20.27.39:622][  0]LogLoad: (Engine Initialization) Total time: 51.84 seconds
[2018.11.24-20.27.39:622][  0]LogLoad: (Engine Initialization) Total Blueprint compile time: 0.00 seconds
[2018.11.24-20.27.39:691][  0]LogContentStreaming: Texture pool size now 600 MB
[2018.11.24-20.27.41:353][ 19]LogAssetRegistry: Asset discovery search completed in 26.8610 seconds
[2018.11.24-20.27.41:365][ 19]LogCollectionManager: Rebuilt the object cache for 0 collections in 0.000001 seconds (found 0 objects)
[2018.11.24-20.27.41:365][ 19]LogCollectionManager: Fixed up redirectors for 0 collections in 0.000282 seconds (updated 0 objects)
[2018.11.24-20.27.45:107][109]LogSlate: FSceneViewport::OnFocusLost() reason 0
[2018.11.24-20.27.50:179][235]LogSlate: Took 0.001356 seconds to synchronously load lazily loaded font '../../../Engine/Content/Slate/Fonts/Roboto-Light.ttf' (167K)
[2018.11.24-20.27.52:485][235]LogLinker: Warning: Can't find file '/Game/Audio/leftwalk'
[2018.11.24-20.27.52:486][235]LogLinker: Warning: Can't find file for asset '/Game/Audio/leftwalk' while loading ../../../../../../Users/NIriz/OneDrive/Documents/Unreal Projects/NewWaldo/Content/Waldo/Animation/waldo_walk_Anim.uasset.
[2018.11.24-20.27.52:486][235]LoadErrors: Error: /Game/Waldo/Animation/waldo_walk_Anim : Can't find file for asset. /Game/Audio/leftwalk
[2018.11.24-20.27.52:486][235]LogLinker: Warning: Can't find file '/Game/Audio/rightwalk'
[2018.11.24-20.27.52:487][235]LogLinker: Warning: Can't find file for asset '/Game/Audio/rightwalk' while loading ../../../../../../Users/NIriz/OneDrive/Documents/Unreal Projects/NewWaldo/Content/Waldo/Animation/waldo_walk_Anim.uasset.
[2018.11.24-20.27.52:487][235]LoadErrors: Error: /Game/Waldo/Animation/waldo_walk_Anim : Can't find file for asset. /Game/Audio/rightwalk
[2018.11.24-20.27.52:489][235]LogLinker: Warning: Can't find file '/Game/Audio/leftwalk'
[2018.11.24-20.27.52:490][235]LogLinker: Warning: Can't find file for asset '/Game/Audio/leftwalk' while loading ../../../../../../Users/NIriz/OneDrive/Documents/Unreal Projects/NewWaldo/Content/Waldo/Animation/waldo_walk_Anim.uasset.
[2018.11.24-20.27.52:490][235]LogLinker: Warning: Can't find file '/Game/Audio/rightwalk'
[2018.11.24-20.27.52:491][235]LogLinker: Warning: Can't find file for asset '/Game/Audio/rightwalk' while loading ../../../../../../Users/NIriz/OneDrive/Documents/Unreal Projects/NewWaldo/Content/Waldo/Animation/waldo_walk_Anim.uasset.
[2018.11.24-20.27.55:671][235]LogLinker: Warning: Can't find file '/Game/Audio/rightwalk'
[2018.11.24-20.27.55:671][235]LoadErrors: Failed to load /Game/Audio/rightwalk.rightwalk Referenced by AnimNotify_PlaySound_0
[2018.11.24-20.27.55:671][235]LogLinker: Warning: Can't find file for asset '/Game/Audio/rightwalk' while loading NULL.
[2018.11.24-20.27.55:672][235]LogLinker: Warning: Can't find file '/Game/Audio/leftwalk'
[2018.11.24-20.27.55:672][235]LoadErrors: Failed to load /Game/Audio/leftwalk.leftwalk Referenced by AnimNotify_PlaySound_1
[2018.11.24-20.27.55:673][235]LogLinker: Warning: Can't find file for asset '/Game/Audio/leftwalk' while loading NULL.
[2018.11.24-20.27.59:120][235]LogAIModule: Creating AISystem for world world
[2018.11.24-20.27.59:475][235]LogAssetEditorManager: Opening Asset editor for World /Game/ThirdPersonBP/Maps/world.world
[2018.11.24-20.27.59:562][235]Cmd: MAP LOAD FILE="../../../../../../Users/NIriz/OneDrive/Documents/Unreal Projects/NewWaldo/Content/ThirdPersonBP/Maps/world.umap" TEMPLATE=0 SHOWPROGRESS=1 FEATURELEVEL=3
[2018.11.24-20.27.59:563][235]LightingResults: New page: Lighting Build
[2018.11.24-20.27.59:572][235]LogContentBrowser: Native class hierarchy updated for 'StatsViewer' in 0.0008 seconds. Added 5 classes and 0 folders.
[2018.11.24-20.27.59:574][235]LoadErrors: New page: Loading map: world.umap
[2018.11.24-20.27.59:575][235]MapCheck: New page: Map Check
[2018.11.24-20.27.59:576][235]LightingResults: New page: Lighting Build
[2018.11.24-20.28.00:706][235]LogEditorServer: Finished looking for orphan Actors (0.000 secs)
[2018.11.24-20.28.00:960][235]Cmd: MAP CHECKDEP NOCLEARLOG
[2018.11.24-20.28.01:653][235]MapCheck: Map check complete: 0 Error(s), 0 Warning(s), took 693.049ms to complete.
[2018.11.24-20.28.01:658][235]LogFileHelpers: Loading map 'world' took 2.099
[2018.11.24-20.28.10:139][331]LogEditorViewport: Clicking on Actor (LMB): StaticMeshActor (clownHat)
[2018.11.24-20.28.12:195][338]LogEditorViewport: Clicking on Actor (LMB): NoSpawnVolume_C (NoSpawnVolume9)
[2018.11.24-20.28.14:504][383]LogSlate: FSceneViewport::OnFocusLost() reason 0
[2018.11.24-20.28.18:399][449]LogSlate: FSceneViewport::OnFocusLost() reason 0
[2018.11.24-20.28.22:778][525]LogSlate: FSceneViewport::OnFocusLost() reason 0
[2018.11.24-20.28.27:167][602]LogSlate: FSceneViewport::OnFocusLost() reason 0
[2018.11.24-20.28.30:288][603]LogSavePackage: Moving '../../../../../../Users/NIriz/OneDrive/Documents/Unreal Projects/NewWaldo/Saved/worldD8C865F54ADAF53440F57B9EDC5172B7.tmp' to '../../../../../../Users/NIriz/OneDrive/Documents/Unreal Projects/NewWaldo/Content/ThirdPersonBP/Maps/world.umap'
[2018.11.24-20.28.36:500][603]LogSavePackage: Moving '../../../../../../Users/NIriz/OneDrive/Documents/Unreal Projects/NewWaldo/Saved/world_BuiltData2361B8C14A2DC2304AC3559F770DCECA.tmp' to '../../../../../../Users/NIriz/OneDrive/Documents/Unreal Projects/NewWaldo/Content/ThirdPersonBP/Maps/world_BuiltData.uasset'
[2018.11.24-20.28.43:669][734]LogEditorViewport: Clicking on Actor (LMB): NoSpawnVolume_C (NoSpawnVolume6)
[2018.11.24-20.28.47:687][806]LogSlate: FSceneViewport::OnFocusLost() reason 0
[2018.11.24-20.28.53:795][921]LogSlate: FSceneViewport::OnFocusLost() reason 0
[2018.11.24-20.28.56:854][923]LogSavePackage: Moving '../../../../../../Users/NIriz/OneDrive/Documents/Unreal Projects/NewWaldo/Saved/world4747AEA740D75C37875EFBAF48DAA0B4.tmp' to '../../../../../../Users/NIriz/OneDrive/Documents/Unreal Projects/NewWaldo/Content/ThirdPersonBP/Maps/world.umap'
[2018.11.24-20.29.03:204][923]LogSavePackage: Moving '../../../../../../Users/NIriz/OneDrive/Documents/Unreal Projects/NewWaldo/Saved/world_BuiltData50A14EC242D1DE7C252A18A30EBB49F0.tmp' to '../../../../../../Users/NIriz/OneDrive/Documents/Unreal Projects/NewWaldo/Content/ThirdPersonBP/Maps/world_BuiltData.uasset'
[2018.11.24-20.29.21:194][221]LogSlate: FSceneViewport::OnFocusLost() reason 2
[2018.11.24-20.29.24:201][290]Cmd: DELETE
[2018.11.24-20.29.24:201][290]Cmd: ACTOR DELETE
[2018.11.24-20.29.24:304][290]LogEditorActor: Deleted Actor: NoSpawnVolume_C
[2018.11.24-20.29.24:403][290]LogEditorActor: Deleted 1 Actors (0.182 secs)
[2018.11.24-20.29.25:447][314]LogSlate: FSceneViewport::OnFocusLost() reason 0
[2018.11.24-20.29.34:397][492]LogSlate: FSceneViewport::OnFocusLost() reason 2
[2018.11.24-20.29.46:564][661]LogSlate: FSceneViewport::OnFocusLost() reason 0
[2018.11.24-20.29.58:772][822]LogSlate: FSceneViewport::OnFocusLost() reason 0
[2018.11.24-20.30.03:878][888]LogSlate: FSceneViewport::OnFocusLost() reason 0
[2018.11.24-20.30.08:071][944]LogSlate: FSceneViewport::OnFocusLost() reason 0
[2018.11.24-20.30.28:459][200]LogEditorViewport: Clicking on Actor (LMB): StaticMeshActor (HorrorCircusTentWhite)
[2018.11.24-20.30.30:708][225]LogEditorViewport: Clicking on Actor (LMB): NoSpawnVolume_C (NoSpawnVolume8)
[2018.11.24-20.30.34:188][271]LogEditorViewport: Clicking on Actor (LMB): NoSpawnVolume_C (NoSpawnVolume9)
[2018.11.24-20.30.50:642][470]LogEditorViewport: Clicking on Actor (LMB): StaticMeshActor (CircusVagon2)
[2018.11.24-20.30.52:377][490]LogEditorViewport: Clicking on Actor (LMB): BP_Sky_Sphere_C (SkySphereBlueprint6)
[2018.11.24-20.30.54:528][516]LogEditorViewport: Clicking on Actor (LMB): BP_Sky_Sphere_C (SkySphereBlueprint6)
[2018.11.24-20.30.56:622][539]LogEditorViewport: Clicking on Actor (LMB): NoSpawnVolume_C (NoSpawnVolume10)
[2018.11.24-20.30.58:166][559]LogSlate: FSceneViewport::OnFocusLost() reason 0
[2018.11.24-20.31.06:108][665]LogSlate: FSceneViewport::OnFocusLost() reason 2
[2018.11.24-20.31.17:132][896]LogSlate: FSceneViewport::OnFocusLost() reason 0
[2018.11.24-20.31.17:749][898]LogSlate: FSceneViewport::OnFocusLost() reason 2
[2018.11.24-20.31.20:040][898]LogSavePackage: Moving '../../../../../../Users/NIriz/OneDrive/Documents/Unreal Projects/NewWaldo/Saved/world372E30AB4CD2CAAB77C75DA493CD524E.tmp' to '../../../../../../Users/NIriz/OneDrive/Documents/Unreal Projects/NewWaldo/Content/ThirdPersonBP/Maps/world.umap'
[2018.11.24-20.31.20:043][898]LogFileManager: Warning: DeleteFile was unable to delete '../../../../../../Users/NIriz/OneDrive/Documents/Unreal Projects/NewWaldo/Content/ThirdPersonBP/Maps/world.umap', retrying in .5s...
[2018.11.24-20.31.20:549][898]LogFileManager: Warning: DeleteFile recovered during retry!
[2018.11.24-20.31.26:961][898]LogSavePackage: Moving '../../../../../../Users/NIriz/OneDrive/Documents/Unreal Projects/NewWaldo/Saved/world_BuiltDataA4952C92432F90CBD469F5BFC5D6397E.tmp' to '../../../../../../Users/NIriz/OneDrive/Documents/Unreal Projects/NewWaldo/Content/ThirdPersonBP/Maps/world_BuiltData.uasset'
[2018.11.24-20.31.37:228][ 46]LogSlate: FSceneViewport::OnFocusLost() reason 2
[2018.11.24-20.31.42:684][160]LogSlate: FSceneViewport::OnFocusLost() reason 0
[2018.11.24-20.31.52:870][313]LogSlate: FSceneViewport::OnFocusLost() reason 0
[2018.11.24-20.31.57:394][366]LogSlate: FSceneViewport::OnFocusLost() reason 2
[2018.11.24-20.32.20:613][837]LogSlate: FSceneViewport::OnFocusLost() reason 0
[2018.11.24-20.32.25:597][934]LogSlate: FSceneViewport::OnFocusLost() reason 0
[2018.11.24-20.32.27:609][964]LogSlate: FSceneViewport::OnFocusLost() reason 2
[2018.11.24-20.32.29:851][964]LogSavePackage: Moving '../../../../../../Users/NIriz/OneDrive/Documents/Unreal Projects/NewWaldo/Saved/world2F8055DD43FB6AD32F5B6E8A56905624.tmp' to '../../../../../../Users/NIriz/OneDrive/Documents/Unreal Projects/NewWaldo/Content/ThirdPersonBP/Maps/world.umap'
[2018.11.24-20.32.36:309][964]LogSavePackage: Moving '../../../../../../Users/NIriz/OneDrive/Documents/Unreal Projects/NewWaldo/Saved/world_BuiltData8C45D8854ED9FB120645649DB1D406D6.tmp' to '../../../../../../Users/NIriz/OneDrive/Documents/Unreal Projects/NewWaldo/Content/ThirdPersonBP/Maps/world_BuiltData.uasset'
[2018.11.24-20.32.42:807][ 62]LogSlate: FSceneViewport::OnFocusLost() reason 2
[2018.11.24-20.32.51:133][228]LogSlate: FSceneViewport::OnFocusLost() reason 2
[2018.11.24-20.32.58:742][320]LogSlate: FSceneViewport::OnFocusLost() reason 2
[2018.11.24-20.33.00:516][361]LogSlate: FSceneViewport::OnFocusLost() reason 0
[2018.11.24-20.33.01:057][362]LogSlate: FSceneViewport::OnFocusLost() reason 2
[2018.11.24-20.33.03:297][362]LogSavePackage: Moving '../../../../../../Users/NIriz/OneDrive/Documents/Unreal Projects/NewWaldo/Saved/world3219550E47813BBDF2105EA9D00BA642.tmp' to '../../../../../../Users/NIriz/OneDrive/Documents/Unreal Projects/NewWaldo/Content/ThirdPersonBP/Maps/world.umap'
[2018.11.24-20.33.09:281][362]LogSavePackage: Moving '../../../../../../Users/NIriz/OneDrive/Documents/Unreal Projects/NewWaldo/Saved/world_BuiltDataCD59C9584B134196667FF1BF92F0BF4E.tmp' to '../../../../../../Users/NIriz/OneDrive/Documents/Unreal Projects/NewWaldo/Content/ThirdPersonBP/Maps/world_BuiltData.uasset'
[2018.11.24-20.33.27:593][587]LogSlate: FSceneViewport::OnFocusLost() reason 0
[2018.11.24-20.33.37:018][789]LogSlate: FSceneViewport::OnFocusLost() reason 2
[2018.11.24-20.33.47:566][910]LogSlate: FSceneViewport::OnFocusLost() reason 0
[2018.11.24-20.33.50:969][951]LogSlate: FSceneViewport::OnFocusLost() reason 0
[2018.11.24-20.33.55:476][  7]LogSlate: FSceneViewport::OnFocusLost() reason 0
[2018.11.24-20.34.02:169][ 91]LogSlate: FSceneViewport::OnFocusLost() reason 0
[2018.11.24-20.34.10:461][197]LogSlate: FSceneViewport::OnFocusLost() reason 0
[2018.11.24-20.34.22:121][348]LogSlate: FSceneViewport::OnFocusLost() reason 0
[2018.11.24-20.34.26:650][404]LogSlate: FSceneViewport::OnFocusLost() reason 0
[2018.11.24-20.34.31:917][468]LogEditorViewport: Clicking on Actor (LMB): BP_Sky_Sphere_C (SkySphereBlueprint6)
[2018.11.24-20.34.32:192][469]LogSlate: FSceneViewport::OnFocusLost() reason 2
[2018.11.24-20.34.35:537][536]LogSlate: FSceneViewport::OnFocusLost() reason 0
[2018.11.24-20.34.39:554][604]LogEditorViewport: Clicking on Actor (LMB): NoSpawnVolume_C (NoSpawnVolume11)
[2018.11.24-20.34.44:206][687]LogSlate: FSceneViewport::OnFocusLost() reason 0
[2018.11.24-20.34.44:694][688]LogSlate: FSceneViewport::OnFocusLost() reason 2
[2018.11.24-20.34.47:162][688]LogSavePackage: Moving '../../../../../../Users/NIriz/OneDrive/Documents/Unreal Projects/NewWaldo/Saved/world27C305EE49786461748E6DB5D3EDA4B3.tmp' to '../../../../../../Users/NIriz/OneDrive/Documents/Unreal Projects/NewWaldo/Content/ThirdPersonBP/Maps/world.umap'
[2018.11.24-20.34.53:616][688]LogSavePackage: Moving '../../../../../../Users/NIriz/OneDrive/Documents/Unreal Projects/NewWaldo/Saved/world_BuiltDataEED90417476EB8CBDA6FBB87313A872D.tmp' to '../../../../../../Users/NIriz/OneDrive/Documents/Unreal Projects/NewWaldo/Content/ThirdPersonBP/Maps/world_BuiltData.uasset'
[2018.11.24-20.35.00:136][785]LogSlate: FSceneViewport::OnFocusLost() reason 2
[2018.11.24-20.35.01:312][805]LogSlate: FSceneViewport::OnFocusLost() reason 2
[2018.11.24-20.35.11:519][919]LogD3D11RHI: Timed out while waiting for GPU to catch up. (0.5 s)
[2018.11.24-20.35.11:523][919]LogSlate: FSceneViewport::OnFocusLost() reason 0
[2018.11.24-20.35.11:549][919]LogD3D11RHI: Error: Result failed 
 at D:\Build\++UE4\Sync\Engine\Source\Runtime\Windows\D3D11RHI\Private\D3D11Viewport.cpp:304 
 with error DXGI_ERROR_DEVICE_REMOVED DXGI_ERROR_DEVICE_HUNG
[2018.11.24-20.35.11:550][919]LogD3D11RHI: [Aftermath] GDynamicRHI=00000142FD3B00C0, GDX11NVAfterMathEnabled=0, Result=0xFFFFFFFF, bDeviceActive=0
[2018.11.24-20.35.11:550][919]LogWindows: Windows GetLastError: The operation completed successfully. (0)
[2018.11.24-20.35.15:561][919]LogWindows: Windows GetLastError: The operation completed successfully. (0)
[2018.11.24-20.35.15:569][919]LogWindows: Error: === Critical error: ===
[2018.11.24-20.35.15:569][919]LogWindows: Error: 
[2018.11.24-20.35.15:569][919]LogWindows: Error: Fatal error: [File:D:\Build\++UE4\Sync\Engine\Source\Runtime\RenderCore\Private\RenderingThread.cpp] [Line: 826] 
[2018.11.24-20.35.15:570][919]LogWindows: Error: Rendering thread exception:
[2018.11.24-20.35.15:570][919]LogWindows: Error: Fatal error: [File:D:\Build\++UE4\Sync\Engine\Source\Runtime\Windows\D3D11RHI\Private\D3D11Util.cpp] [Line: 200] 
[2018.11.24-20.35.15:570][919]LogWindows: Error: Unreal Engine is exiting due to D3D device being lost. (Error: 0x887A0006 - 'HUNG')
[2018.11.24-20.35.15:570][919]LogWindows: Error: 
[2018.11.24-20.35.15:570][919]LogWindows: Error: 
[2018.11.24-20.35.15:570][919]LogWindows: Error: [Callstack] 0x00007ffc7d79a388 KERNELBASE.dll!UnknownFunction []
[2018.11.24-20.35.15:570][919]LogWindows: Error: [Callstack] 0x00007ffc5ca46850 UE4Editor-ApplicationCore.dll!UnknownFunction []
[2018.11.24-20.35.15:570][919]LogWindows: Error: [Callstack] 0x00007ffc3b1562ec UE4Editor-Core.dll!UnknownFunction []
[2018.11.24-20.35.15:570][919]LogWindows: Error: [Callstack] 0x00007ffc3b0e51cb UE4Editor-Core.dll!UnknownFunction []
[2018.11.24-20.35.15:570][919]LogWindows: Error: [Callstack] 0x00007ffc2a8eadea UE4Editor-D3D11RHI.dll!UnknownFunction []
[2018.11.24-20.35.15:570][919]LogWindows: Error: [Callstack] 0x00007ffc2a8ee6e4 UE4Editor-D3D11RHI.dll!UnknownFunction []
[2018.11.24-20.35.15:570][919]LogWindows: Error: [Callstack] 0x00007ffc2a8cd0aa UE4Editor-D3D11RHI.dll!UnknownFunction []
[2018.11.24-20.35.15:570][919]LogWindows: Error: [Callstack] 0x00007ffc2a8dab70 UE4Editor-D3D11RHI.dll!UnknownFunction []
[2018.11.24-20.35.15:570][919]LogWindows: Error: [Callstack] 0x00007ffc5bacb106 UE4Editor-RHI.dll!UnknownFunction []
[2018.11.24-20.35.15:570][919]LogWindows: Error: [Callstack] 0x00007ffc1a081b42 UE4Editor-SlateRHIRenderer.dll!UnknownFunction []
[2018.11.24-20.35.15:570][919]LogWindows: Error: [Callstack] 0x00007ffc1a087d0a UE4Editor-SlateRHIRenderer.dll!UnknownFunction []
[2018.11.24-20.35.15:570][919]LogWindows: Error: [Callstack] 0x00007ffc3af71f92 UE4Editor-Core.dll!UnknownFunction []
[2018.11.24-20.35.15:570][919]LogWindows: Error: [Callstack] 0x00007ffc3af72456 UE4Editor-Core.dll!UnknownFunction []
[2018.11.24-20.35.15:571][919]LogWindows: Error: [Callstack] 0x00007ffc6bb975f9 UE4Editor-RenderCore.dll!UnknownFunction []
[2018.11.24-20.35.15:571][919]LogWindows: Error: [Callstack] 0x00007ffc6bb98574 UE4Editor-RenderCore.dll!UnknownFunction []
[2018.11.24-20.35.15:571][919]LogWindows: Error: [Callstack] 0x00007ffc3b3b6b6c UE4Editor-Core.dll!UnknownFunction []
[2018.11.24-20.35.15:571][919]LogWindows: Error: [Callstack] 0x00007ffc3b3b17b7 UE4Editor-Core.dll!UnknownFunction []
[2018.11.24-20.35.15:571][919]LogWindows: Error: [Callstack] 0x00007ffc7dba3034 KERNEL32.DLL!UnknownFunction []
[2018.11.24-20.35.15:571][919]LogWindows: Error: [Callstack] 0x00007ffc805e1471 ntdll.dll!UnknownFunction []
[2018.11.24-20.35.15:571][919]LogWindows: Error: 
[2018.11.24-20.35.15:571][919]LogWindows: Error: 
[2018.11.24-20.35.15:571][919]LogWindows: Error: 
[2018.11.24-20.35.15:571][919]LogWindows: Error: 
[2018.11.24-20.35.15:601][919]LogExit: Executing StaticShutdownAfterError
[2018.11.24-20.35.15:616][919]LogWindows: FPlatformMisc::RequestExit(1)
[2018.11.24-20.35.15:627][919]Log file closed, 11/24/18 15:35:15
