Log file open, 10/13/18 18:12:09
LogWindows: Failed to load 'aqProf.dll' (GetLastError=126)
LogWindows: File 'aqProf.dll' does not exist
LogWindows: Failed to load 'VSPerf140.dll' (GetLastError=126)
LogWindows: File 'VSPerf140.dll' does not exist
LogWindows: Failed to load 'VtuneApi.dll' (GetLastError=126)
LogWindows: File 'VtuneApi.dll' does not exist
LogWindows: Failed to load 'VtuneApi32e.dll' (GetLastError=126)
LogWindows: File 'VtuneApi32e.dll' does not exist
LogInit: Display: Running engine for game: NewWaldo
LogPlatformFile: Not using cached read wrapper
LogTaskGraph: Started task graph with 5 named threads and 11 total threads with 3 sets of task threads.
LogStats: Stats thread started at 0.349920
LogD3D11RHI: Loaded GFSDK_Aftermath_Lib.x64.dll
LogICUInternationalization: Display: ICU TimeZone Detection - Raw Offset: -5:00, Platform Override: ''
LogPluginManager: Mounting plugin Paper2D
LogPluginManager: Mounting plugin AISupport
LogPluginManager: Mounting plugin LightPropagationVolume
LogPluginManager: Mounting plugin CLionSourceCodeAccess
LogPluginManager: Mounting plugin CodeLiteSourceCodeAccess
LogPluginManager: Mounting plugin GitSourceControl
LogPluginManager: Mounting plugin KDevelopSourceCodeAccess
LogPluginManager: Mounting plugin NullSourceCodeAccess
LogPluginManager: Mounting plugin PerforceSourceControl
LogPluginManager: Mounting plugin SubversionSourceControl
LogPluginManager: Mounting plugin UObjectPlugin
LogPluginManager: Mounting plugin VisualStudioCodeSourceCodeAccess
LogPluginManager: Mounting plugin VisualStudioSourceCodeAccess
LogPluginManager: Mounting plugin XCodeSourceCodeAccess
LogPluginManager: Mounting plugin AssetManagerEditor
LogPluginManager: Mounting plugin CryptoKeys
LogPluginManager: Mounting plugin DataValidation
LogPluginManager: Mounting plugin FacialAnimation
LogPluginManager: Mounting plugin GameplayTagsEditor
LogPluginManager: Mounting plugin MacGraphicsSwitching
LogPluginManager: Mounting plugin MeshEditor
LogPluginManager: Mounting plugin MobileLauncherProfileWizard
LogPluginManager: Mounting plugin PluginBrowser
LogPluginManager: Mounting plugin SpeedTreeImporter
LogPluginManager: Mounting plugin DatasmithContent
LogPluginManager: Mounting plugin AlembicImporter
LogPluginManager: Mounting plugin AppleImageUtils
LogPluginManager: Mounting plugin AppleVision
LogPluginManager: Mounting plugin BackChannel
LogPluginManager: Mounting plugin CharacterAI
LogPluginManager: Mounting plugin GeometryCache
LogPluginManager: Mounting plugin HTML5Networking
LogPluginManager: Mounting plugin ProxyLODPlugin
LogPluginManager: Mounting plugin MagicLeap
LogPluginManager: Mounting plugin MagicLeapEmulator
LogPluginManager: Mounting plugin MagicLeapMedia
LogPluginManager: Mounting plugin AndroidMedia
LogPluginManager: Mounting plugin AvfMedia
LogPluginManager: Mounting plugin ImgMedia
LogPluginManager: Mounting plugin LinearTimecode
LogPluginManager: Mounting plugin MediaCompositing
LogPluginManager: Mounting plugin MediaPlayerEditor
LogPluginManager: Mounting plugin WmfMedia
LogPluginManager: Mounting plugin TcpMessaging
LogPluginManager: Mounting plugin UdpMessaging
LogPluginManager: Mounting plugin ActorSequence
LogPluginManager: Mounting plugin LevelSequenceEditor
LogPluginManager: Mounting plugin MatineeToLevelSequence
LogPluginManager: Mounting plugin NetcodeUnitTest
LogPluginManager: Mounting plugin NUTUnrealEngine4
LogPluginManager: Mounting plugin OnlineSubsystemGooglePlay
LogPluginManager: Mounting plugin OnlineSubsystemIOS
LogPluginManager: Mounting plugin OnlineSubsystem
LogPluginManager: Mounting plugin OnlineSubsystemNull
LogPluginManager: Mounting plugin OnlineSubsystemUtils
LogPluginManager: Mounting plugin LauncherChunkInstaller
LogPluginManager: Mounting plugin AndroidDeviceProfileSelector
LogPluginManager: Mounting plugin AndroidMoviePlayer
LogPluginManager: Mounting plugin AndroidPermission
LogPluginManager: Mounting plugin AppleMoviePlayer
LogPluginManager: Mounting plugin ArchVisCharacter
LogPluginManager: Mounting plugin AudioCapture
LogPluginManager: Mounting plugin CableComponent
LogPluginManager: Mounting plugin CustomMeshComponent
LogPluginManager: Mounting plugin EditableMesh
LogPluginManager: Mounting plugin ExampleDeviceProfileSelector
LogPluginManager: Mounting plugin GoogleCloudMessaging
LogPluginManager: Mounting plugin ImmediatePhysics
LogPluginManager: Mounting plugin IOSDeviceProfileSelector
LogPluginManager: Mounting plugin LinuxDeviceProfileSelector
LogPluginManager: Mounting plugin LocationServicesBPLibrary
LogPluginManager: Mounting plugin MobilePatchingUtils
LogPluginManager: Mounting plugin OculusVR
LogPluginManager: Plugin shader directory ../../../Engine/Plugins/Runtime/Oculus/OculusVR/Shaders found
LogPluginManager: Mapping shader source directory ../../../Engine/Plugins/Runtime/Oculus/OculusVR/Shaders to virtual directory /Plugin/OculusVR
LogPluginManager: Mounting plugin PhysXVehicles
LogPluginManager: Mounting plugin ProceduralMeshComponent
LogPluginManager: Mounting plugin RuntimePhysXCooking
LogPluginManager: Mounting plugin SteamVR
LogPluginManager: Mounting plugin WindowsMoviePlayer
LogStreaming: Display: Took  0.546s to configure plugins.
LogInit: Using libcurl 7.55.1-DEV
LogInit:  - built for x86_64-pc-win32
LogInit:  - supports SSL with OpenSSL/1.0.2h
LogInit:  - supports HTTP deflate (compression) using libz 1.2.8
LogInit:  - other features:
LogInit:      CURL_VERSION_SSL
LogInit:      CURL_VERSION_LIBZ
LogInit:      CURL_VERSION_IPV6
LogInit:      CURL_VERSION_ASYNCHDNS
LogInit:      CURL_VERSION_LARGEFILE
LogInit:      CURL_VERSION_IDN
LogInit:  CurlRequestOptions (configurable via config and command line):
LogInit:  - bVerifyPeer = false  - Libcurl will NOT verify peer certificate
LogInit:  - bUseHttpProxy = false  - Libcurl will NOT use HTTP proxy
LogInit:  - bDontReuseConnections = false  - Libcurl will reuse connections
LogInit:  - CertBundlePath = nullptr  - Libcurl will use whatever was configured at build time.
LogInit:  - MaxHostConnections = 16  - Libcurl will limit the number of connections to a host
LogInit:  - LocalHostAddr = Default
LogInit:  - BufferSize = 65536
LogInit: WinSock: version 1.1 (2.2), MaxSocks=32767, MaxUdp=65467
LogInit: Build: ++UE4+Release-4.20-CL-4302132
LogInit: Engine Version: 4.20.2-4302132+++UE4+Release-4.20
LogInit: Compatible Engine Version: 4.20.0-4212847+++UE4+Release-4.20
LogInit: Net CL: 4212847
LogInit: OS: Windows 10 (), CPU: Intel(R) Core(TM) i5-7300U CPU @ 2.60GHz, GPU: Intel(R) HD Graphics 620
LogInit: Compiled (64-bit): Aug 21 2018 02:06:06
LogInit: Compiled with Visual C++: 19.13.26129.00
LogInit: Build Configuration: Development
LogInit: Branch Name: ++UE4+Release-4.20
LogInit: Command Line: 
LogInit: Base Directory: C:/Program Files/Epic Games/UE_4.20/Engine/Binaries/Win64/
LogInit: Installed Engine Build: 1
LogDevObjectVersion: Number of dev versions registered: 20
LogDevObjectVersion:   Dev-Blueprints (B0D832E4-1F89-4F0D-ACCF-7EB736FD4AA2): 10
LogDevObjectVersion:   Dev-Build (E1C64328-A22C-4D53-A36C-8E866417BD8C): 0
LogDevObjectVersion:   Dev-Core (375EC13C-06E4-48FB-B500-84F0262A717E): 2
LogDevObjectVersion:   Dev-Editor (E4B068ED-F494-42E9-A231-DA0B2E46BB41): 24
LogDevObjectVersion:   Dev-Framework (CFFC743F-43B0-4480-9391-14DF171D2073): 34
LogDevObjectVersion:   Dev-Mobile (B02B49B5-BB20-44E9-A304-32B752E40360): 2
LogDevObjectVersion:   Dev-Networking (A4E4105C-59A1-49B5-A7C5-40C4547EDFEE): 0
LogDevObjectVersion:   Dev-Online (39C831C9-5AE6-47DC-9A44-9C173E1C8E7C): 0
LogDevObjectVersion:   Dev-Physics (78F01B33-EBEA-4F98-B9B4-84EACCB95AA2): 0
LogDevObjectVersion:   Dev-Platform (6631380F-2D4D-43E0-8009-CF276956A95A): 0
LogDevObjectVersion:   Dev-Rendering (12F88B9F-8875-4AFC-A67C-D90C383ABD29): 26
LogDevObjectVersion:   Dev-Sequencer (7B5AE74C-D270-4C10-A958-57980B212A5A): 9
LogDevObjectVersion:   Dev-VR (D7296918-1DD6-4BDD-9DE2-64A83CC13884): 2
LogDevObjectVersion:   Dev-LoadTimes (C2A15278-BFE7-4AFE-6C17-90FF531DF755): 1
LogDevObjectVersion:   Private-Geometry (6EACA3D4-40EC-4CC1-B786-8BED09428FC5): 3
LogDevObjectVersion:   Dev-AnimPhys (29E575DD-E0A3-4627-9D10-D276232CDCEA): 17
LogDevObjectVersion:   Dev-ReflectionCapture (6B266CEC-1EC7-4B8F-A30B-E4D90942FC07): 1
LogDevObjectVersion:   Dev-Automation (0DF73D61-A23F-47EA-B727-89E90C41499A): 1
LogDevObjectVersion:   FortniteMain (601D1886-AC64-4F84-AA16-D3DE0DEAC7D6): 12
LogDevObjectVersion:   Dev-Enterprise (9DFFBCD6-494F-0158-E221-12823C92A888): 1
LogStreaming: Display: Took  0.006s to delete old logs.
LogInit: Presizing for max 8388607 objects, including 0 objects not considered by GC, pre-allocating 0 bytes for permanent pool.
LogInit: Object subsystem initialized
[2018.10.13-22.12.10:938][  0]LogInit: Selected Device Profile: [Windows]
[2018.10.13-22.12.10:938][  0]LogInit: Applying CVar settings loaded from the selected device profile: [Windows]
[2018.10.13-22.12.10:957][  0]LogHAL: Display: Platform has ~ 8 GB [8511496192 / 8589934592 / 8], which maps to Default [LargestMinGB=32, LargerMinGB=12, DefaultMinGB=8, SmallerMinGB=6, SmallestMinGB=0)
[2018.10.13-22.12.10:957][  0]LogInit: Setting Device Profile CVar: [[r.Vulkan.UseRealUBs:1]]
[2018.10.13-22.12.10:957][  0]LogInit: Going up to parent DeviceProfile []
[2018.10.13-22.12.10:958][  0]LogInit: Computer: DESKTOP-2JCFOSA
[2018.10.13-22.12.10:958][  0]LogInit: User: NIriz
[2018.10.13-22.12.10:958][  0]LogInit: CPU Page size=4096, Cores=2
[2018.10.13-22.12.10:958][  0]LogInit: High frequency timer resolution =2.648436 MHz
[2018.10.13-22.12.10:958][  0]LogMemory: Memory total: Physical=7.9GB (8GB approx)
[2018.10.13-22.12.10:958][  0]LogMemory: Platform Memory Stats for Windows
[2018.10.13-22.12.10:958][  0]LogMemory: Process Physical Memory: 100.13 MB used, 100.13 MB peak
[2018.10.13-22.12.10:958][  0]LogMemory: Process Virtual Memory: 84.38 MB used, 84.38 MB peak
[2018.10.13-22.12.10:959][  0]LogMemory: Physical Memory: 5194.13 MB used,  2923.06 MB free, 8117.20 MB total
[2018.10.13-22.12.10:959][  0]LogMemory: Virtual Memory: 4606.96 MB used,  2923.06 MB free, 134217728.00 MB total
[2018.10.13-22.12.11:389][  0]LogInit: Using OS detected language (en-US).
[2018.10.13-22.12.11:389][  0]LogInit: Using OS detected locale (en-US).
[2018.10.13-22.12.11:391][  0]LogTextLocalizationManager: No specific localization for 'en-US' exists, so the 'en' localization will be used.
[2018.10.13-22.12.11:913][  0]LogStreaming: Display: Took  0.525s to InitEngineTextLocalization.
[2018.10.13-22.12.11:913][  0]LogInit: Setting process to per monitor DPI aware
[2018.10.13-22.12.12:097][  0]LogSlate: New Slate User Created.  User Index 0, Is Virtual User: 0
[2018.10.13-22.12.12:097][  0]LogSlate: Slate User Registered.  User Index 0, Is Virtual User: 0
[2018.10.13-22.12.12:575][  0]LogHMD: Failed to initialize OpenVR with code 110
[2018.10.13-22.12.12:575][  0]LogD3D11RHI: D3D11 adapters:
[2018.10.13-22.12.12:746][  0]LogD3D11RHI:    0. 'Intel(R) HD Graphics 620' (Feature Level 11_0)
[2018.10.13-22.12.12:747][  0]LogD3D11RHI:       128/0/4058 MB DedicatedVideo/DedicatedSystem/SharedSystem, Outputs:1, VendorId:0x8086
[2018.10.13-22.12.12:752][  0]LogD3D11RHI:    1. 'Microsoft Basic Render Driver' (Feature Level 11_0)
[2018.10.13-22.12.12:752][  0]LogD3D11RHI:       0/0/4058 MB DedicatedVideo/DedicatedSystem/SharedSystem, Outputs:0, VendorId:0x1414
[2018.10.13-22.12.12:752][  0]LogD3D11RHI: Chosen D3D11 Adapter: 0
[2018.10.13-22.12.12:760][  0]LogD3D11RHI: Creating new Direct3DDevice
[2018.10.13-22.12.12:760][  0]LogD3D11RHI:     GPU DeviceId: 0x5916 (for the marketing name, search the web for "GPU Device Id")
[2018.10.13-22.12.12:760][  0]LogWindows: EnumDisplayDevices:
[2018.10.13-22.12.12:760][  0]LogWindows:    0. 'Intel(R) HD Graphics 620' (P:1 D:1)
[2018.10.13-22.12.12:761][  0]LogWindows:    1. 'Intel(R) HD Graphics 620' (P:0 D:0)
[2018.10.13-22.12.12:762][  0]LogWindows:    2. 'Intel(R) HD Graphics 620' (P:0 D:0)
[2018.10.13-22.12.12:763][  0]LogWindows: DebugString: FoundDriverCount:3 
[2018.10.13-22.12.12:763][  0]LogD3D11RHI:     Adapter Name: Intel(R) HD Graphics 620
[2018.10.13-22.12.12:763][  0]LogD3D11RHI:   Driver Version: 24.20.100.6136 (internal:24.20.100.6136, unified:24.20.100.6136)
[2018.10.13-22.12.12:763][  0]LogD3D11RHI:      Driver Date: 5-25-2018
[2018.10.13-22.12.12:763][  0]LogRHI: Texture pool is 1510 MB (70% of 2157 MB)
[2018.10.13-22.12.12:786][  0]LogD3D11RHI: Async texture creation enabled
[2018.10.13-22.12.12:796][  0]LogD3D11RHI: GPU Timing Frequency: 12.000048 (Debug: 2 0)
[2018.10.13-22.12.12:797][  0]LogShaderCompilers: Guid format shader working directory is -28 characters bigger than the processId version (../../../../../../Users/NIriz/OneDrive/Documents/Unreal Projects/NewWaldo/Intermediate/Shaders/WorkingDirectory/14384/).
[2018.10.13-22.12.12:798][  0]LogShaderCompilers: Cleaned the shader compiler working directory 'C:/Users/NIriz/AppData/Local/Temp/UnrealShaderWorkingDir/6957743B45194498DD439481711E6777/'.
[2018.10.13-22.12.14:348][  0]LogTemp: Display: Loaded TP AllDesktopTargetPlatform
[2018.10.13-22.12.14:399][  0]LogTemp: Display: Loaded TP MacClientTargetPlatform
[2018.10.13-22.12.14:446][  0]LogTemp: Display: Loaded TP MacNoEditorTargetPlatform
[2018.10.13-22.12.14:491][  0]LogTemp: Display: Loaded TP MacServerTargetPlatform
[2018.10.13-22.12.14:543][  0]LogTemp: Display: Loaded TP MacTargetPlatform
[2018.10.13-22.12.14:595][  0]LogTemp: Display: Loaded TP WindowsClientTargetPlatform
[2018.10.13-22.12.14:646][  0]LogTemp: Display: Loaded TP WindowsNoEditorTargetPlatform
[2018.10.13-22.12.14:695][  0]LogTemp: Display: Loaded TP WindowsServerTargetPlatform
[2018.10.13-22.12.14:730][  0]LogTemp: Display: Loaded TP WindowsTargetPlatform
[2018.10.13-22.12.14:862][  0]LogTemp: Display: Loaded TP AndroidTargetPlatform
[2018.10.13-22.12.14:862][  0]LogTemp: Display: Loaded TP AndroidTargetPlatform
[2018.10.13-22.12.14:862][  0]LogTemp: Display: Loaded TP AndroidTargetPlatform
[2018.10.13-22.12.14:862][  0]LogTemp: Display: Loaded TP AndroidTargetPlatform
[2018.10.13-22.12.14:862][  0]LogTemp: Display: Loaded TP AndroidTargetPlatform
[2018.10.13-22.12.14:862][  0]LogTemp: Display: Loaded TP AndroidTargetPlatform
[2018.10.13-22.12.14:862][  0]LogTemp: Display: Loaded TP AndroidTargetPlatform
[2018.10.13-22.12.14:862][  0]LogTemp: Display: Loaded TP AndroidTargetPlatform
[2018.10.13-22.12.14:862][  0]LogTemp: Display: Loaded TP AndroidTargetPlatform
[2018.10.13-22.12.14:862][  0]LogTemp: Display: Loaded TP AndroidTargetPlatform
[2018.10.13-22.12.14:862][  0]LogTemp: Display: Loaded TP AndroidTargetPlatform
[2018.10.13-22.12.14:862][  0]LogTemp: Display: Loaded TP AndroidTargetPlatform
[2018.10.13-22.12.14:862][  0]LogTemp: Display: Loaded TP AndroidTargetPlatform
[2018.10.13-22.12.14:862][  0]LogTemp: Display: Loaded TP AndroidTargetPlatform
[2018.10.13-22.12.14:862][  0]LogTemp: Display: Loaded TP AndroidTargetPlatform
[2018.10.13-22.12.14:862][  0]LogTemp: Display: Loaded TP AndroidTargetPlatform
[2018.10.13-22.12.14:862][  0]LogTemp: Display: Loaded TP AndroidTargetPlatform
[2018.10.13-22.12.14:862][  0]LogTemp: Display: Loaded TP AndroidTargetPlatform
[2018.10.13-22.12.14:883][  0]LogTemp: Display: Loaded TP HTML5TargetPlatform
[2018.10.13-22.12.15:018][  0]LogTemp: Display: Loaded TP IOSTargetPlatform
[2018.10.13-22.12.15:018][  0]LogTemp: Display: Loaded TP IOSTargetPlatform
[2018.10.13-22.12.15:070][  0]LogTemp: Display: Loaded TP TVOSTargetPlatform
[2018.10.13-22.12.15:070][  0]LogTemp: Display: Loaded TP TVOSTargetPlatform
[2018.10.13-22.12.15:108][  0]LogTemp: Display: Loaded TP LinuxClientTargetPlatform
[2018.10.13-22.12.15:139][  0]LogTemp: Display: Loaded TP LinuxNoEditorTargetPlatform
[2018.10.13-22.12.15:166][  0]LogTemp: Display: Loaded TP LinuxServerTargetPlatform
[2018.10.13-22.12.15:198][  0]LogTemp: Display: Loaded TP LinuxTargetPlatform
[2018.10.13-22.12.15:226][  0]LogTemp: Display: Loaded TP LuminTargetPlatform
[2018.10.13-22.12.15:226][  0]LogTargetPlatformManager: Display: Building Assets For Windows
[2018.10.13-22.12.15:802][  0]LogXGEController: Cleaning working directory: C:/Users/NIriz/AppData/Local/Temp/UnrealXGEWorkingDir/
[2018.10.13-22.12.15:803][  0]LogXGEController: Cannot use XGE Controller as Incredibuild is not installed on this machine.
[2018.10.13-22.12.15:803][  0]LogShaderCompilers: Cannot use XGE Shader Compiler as Incredibuild is not installed on this machine.
[2018.10.13-22.12.15:803][  0]LogShaderCompilers: Display: Using Local Shader Compiler.
[2018.10.13-22.12.17:065][  0]LogDerivedDataCache: Display: Max Cache Size: 512 MB
[2018.10.13-22.12.17:131][  0]LogDerivedDataCache: Loaded boot cache 0.07s 71MB C:/Users/NIriz/AppData/Local/UnrealEngine/4.20/DerivedDataCache/Boot.ddc.
[2018.10.13-22.12.17:132][  0]LogDerivedDataCache: Display: Loaded Boot cache: C:/Users/NIriz/AppData/Local/UnrealEngine/4.20/DerivedDataCache/Boot.ddc
[2018.10.13-22.12.17:132][  0]LogDerivedDataCache: FDerivedDataBackendGraph:  Pak pak cache file ../../../../../../Users/NIriz/OneDrive/Documents/Unreal Projects/NewWaldo/DerivedDataCache/DDC.ddp not found, will not use a pak cache.
[2018.10.13-22.12.17:132][  0]LogDerivedDataCache: Unable to find inner node Pak for hierarchical cache Hierarchy.
[2018.10.13-22.12.17:132][  0]LogDerivedDataCache: FDerivedDataBackendGraph:  CompressedPak pak cache file ../../../../../../Users/NIriz/OneDrive/Documents/Unreal Projects/NewWaldo/DerivedDataCache/Compressed.ddp not found, will not use a pak cache.
[2018.10.13-22.12.17:132][  0]LogDerivedDataCache: Unable to find inner node CompressedPak for hierarchical cache Hierarchy.
[2018.10.13-22.12.17:150][  0]LogDerivedDataCache: Display: Pak cache opened for reading ../../../Engine/DerivedDataCache/Compressed.ddp.
[2018.10.13-22.12.17:164][  0]LogDerivedDataCache: Using Local data cache path C:/Users/NIriz/AppData/Local/UnrealEngine/Common/DerivedDataCache: Writable
[2018.10.13-22.12.17:164][  0]LogDerivedDataCache: Shared data cache path not found in *engine.ini, will not use an Shared cache.
[2018.10.13-22.12.17:164][  0]LogDerivedDataCache: Unable to find inner node Shared for hierarchical cache Hierarchy.
[2018.10.13-22.12.17:183][  0]LogMaterial: Verifying Global Shaders for PCD3D_SM5
[2018.10.13-22.12.17:184][  0]LogSlate: Using FreeType 2.6.0
[2018.10.13-22.12.17:185][  0]LogSlate: SlateFontServices - WITH_FREETYPE: 1, WITH_HARFBUZZ: 1
[2018.10.13-22.12.17:283][  0]LogAssetRegistry: FAssetRegistry took 0.0273 seconds to start up
[2018.10.13-22.12.17:901][  0]LogInit: Selected Device Profile: [Windows]
[2018.10.13-22.12.18:342][  0]LogSimplygon: Simplygon DLL not present - disabling.
[2018.10.13-22.12.18:420][  0]LogMeshReduction: Using SimplygonSwarm for distributed automatic mesh merging
[2018.10.13-22.12.18:420][  0]LogMeshReduction: Using ProxyLODMeshReduction for automatic mesh merging
[2018.10.13-22.12.18:420][  0]LogMeshReduction: Using QuadricMeshReduction for automatic static mesh reduction
[2018.10.13-22.12.18:420][  0]LogMeshReduction: No automatic skeletal mesh reduction module available
[2018.10.13-22.12.18:450][  0]LogNetVersion: NewWaldo 1.0.0, NetCL: 4212847, EngineNetVer: 5, GameNetVer: 0 (Checksum: 3229626331)
[2018.10.13-22.12.19:664][  0]LogPackageLocalizationCache: Processed 11 localized package path(s) for 2 prioritized culture(s) in 0.435092 seconds
[2018.10.13-22.12.19:677][  0]LogUObjectArray: 38425 objects as part of root set at end of initial load.
[2018.10.13-22.12.19:677][  0]LogUObjectAllocator: 6690864 out of 0 bytes used by permanent object pool.
[2018.10.13-22.12.19:677][  0]LogUObjectArray: CloseDisregardForGC: 0/0 objects in disregard for GC pool
[2018.10.13-22.12.21:949][  0]LogTcpMessaging: Initializing TcpMessaging bridge
[2018.10.13-22.12.21:993][  0]LogUdpMessaging: Initializing bridge on interface 0.0.0.0:0 to multicast group 230.0.0.1:6666.
[2018.10.13-22.12.22:528][  0]SourceControl: Source control is disabled
[2018.10.13-22.12.25:321][  0]LogAndroidPermission: UAndroidPermissionCallbackProxy::GetInstance
[2018.10.13-22.12.25:538][  0]LogOcInput: OculusInput pre-init called
[2018.10.13-22.12.25:708][  0]LogEngine: Initializing Engine...
[2018.10.13-22.12.25:710][  0]LogHMD: Failed to initialize OpenVR with code 110
[2018.10.13-22.12.25:712][  0]LogStats: UGameplayTagsManager::ConstructGameplayTagTree: ImportINI prefixes -  0.000 s
[2018.10.13-22.12.25:712][  0]LogStats: UGameplayTagsManager::ConstructGameplayTagTree: Construct from data asset -  0.000 s
[2018.10.13-22.12.25:712][  0]LogStats: UGameplayTagsManager::ConstructGameplayTagTree: ImportINI -  0.000 s
[2018.10.13-22.12.25:712][  0]LogStats: UGameplayTagsManager::ConstructGameplayTagTree: GameplayTagTreeChangedEvent.Broadcast -  0.000 s
[2018.10.13-22.12.25:992][  0]LogInit: Initializing FReadOnlyCVARCache
[2018.10.13-22.12.26:033][  0]LogAIModule: Creating AISystem for world Untitled
[2018.10.13-22.12.26:255][  0]LogInit: XAudio2 using 'Speakers (Realtek High Definition Audio(SST))' : 2 channels at 48 kHz using 32 bits per sample (channel mask 0x3)
[2018.10.13-22.12.26:541][  0]LogInit: FAudioDevice initialized.
[2018.10.13-22.12.26:541][  0]LogNetVersion: Set ProjectVersion to 1.0.0.0. Version Checksum will be recalculated on next use.
[2018.10.13-22.12.26:638][  0]LogDerivedDataCache: Saved boot cache 0.10s 71MB C:/Users/NIriz/AppData/Local/UnrealEngine/4.20/DerivedDataCache/Boot.ddc.
[2018.10.13-22.12.26:651][  0]LogInit: Texture streaming: Enabled
[2018.10.13-22.12.26:753][  0]LogEngineSessionManager: EngineSessionManager initialized
[2018.10.13-22.12.26:788][  0]LogInit: Transaction tracking system initialized
[2018.10.13-22.12.26:908][  0]BlueprintLog: New page: Editor Load
[2018.10.13-22.12.27:622][  0]LocalizationService: Localization service is disabled
[2018.10.13-22.12.27:922][  0]LogLinker: Warning: Can't find file '/Game/FirstPersonBP/FirstPersonOverview'
[2018.10.13-22.12.27:922][  0]LogLinker: Warning: Can't find file '/Game/FirstPersonBP/FirstPersonOverview'
[2018.10.13-22.12.27:923][  0]LogUObjectGlobals: Warning: Failed to find object 'Class /Game/FirstPersonBP/FirstPersonOverview.FirstPersonOverview_C'
[2018.10.13-22.12.28:770][  0]LogCook: Display: Max memory allowance for cook 16384mb min free memory 0mb
[2018.10.13-22.12.28:770][  0]LogCook: Display: Mobile HDR setting 1
[2018.10.13-22.12.28:770][  0]LogGameplayTags: Display: UGameplayTagsManager::DoneAddingNativeTags. DelegateIsBound: 0
[2018.10.13-22.12.28:770][  0]LogStats: UGameplayTagsManager::ConstructGameplayTagTree: ImportINI prefixes -  0.000 s
[2018.10.13-22.12.28:770][  0]LogStats: UGameplayTagsManager::ConstructGameplayTagTree: Construct from data asset -  0.000 s
[2018.10.13-22.12.28:771][  0]LogStats: UGameplayTagsManager::ConstructGameplayTagTree: ImportINI -  0.000 s
[2018.10.13-22.12.28:771][  0]LogStats: UGameplayTagsManager::ConstructGameplayTagTree: GameplayTagTreeChangedEvent.Broadcast -  0.000 s
[2018.10.13-22.12.29:869][  0]LogFileCache: Scanning file cache for directory 'C:/Users/NIriz/OneDrive/Documents/Unreal Projects/NewWaldo/Content/' took 0.94s
[2018.10.13-22.12.29:869][  0]Cmd: MAP LOAD FILE="../../../../../../Users/NIriz/OneDrive/Documents/Unreal Projects/NewWaldo/Content/ThirdPersonBP/Maps/ThirdPersonExampleMap.umap" TEMPLATE=0 SHOWPROGRESS=1 FEATURELEVEL=3
[2018.10.13-22.12.29:869][  0]LogEditorServer: Warning: Can't find file '../../../../../../Users/NIriz/OneDrive/Documents/Unreal Projects/NewWaldo/Content/ThirdPersonBP/Maps/ThirdPersonExampleMap.umap'
[2018.10.13-22.12.29:869][  0]Cmd: MAP CHECKDEP NOCLEARLOG
[2018.10.13-22.12.30:102][  0]MapCheck: Map check complete: 0 Error(s), 0 Warning(s), took 232.318ms to complete.
[2018.10.13-22.12.30:103][  0]LogFileHelpers: Loading map 'ThirdPersonExampleMap' took 0.233
[2018.10.13-22.12.30:257][  0]LogSlate: Updating window title bar state: overlay mode, drag disabled, window buttons hidden, title bar hidden
[2018.10.13-22.12.30:275][  0]LogSlate: Updating window title bar state: overlay mode, drag disabled, window buttons hidden, title bar hidden
[2018.10.13-22.12.30:292][  0]LogSlate: Updating window title bar state: overlay mode, drag disabled, window buttons hidden, title bar hidden
[2018.10.13-22.12.30:307][  0]LogSlate: Updating window title bar state: overlay mode, drag disabled, window buttons hidden, title bar hidden
[2018.10.13-22.12.30:361][  0]LogCollectionManager: Loaded 0 collections in 0.016083 seconds
[2018.10.13-22.12.30:426][  0]LogFileCache: Scanning file cache for directory 'C:/Users/NIriz/OneDrive/Documents/Unreal Projects/NewWaldo/Saved/Collections/' took 0.02s
[2018.10.13-22.12.30:427][  0]LogFileCache: Scanning file cache for directory 'C:/Users/NIriz/OneDrive/Documents/Unreal Projects/NewWaldo/Content/Developers/NIriz/Collections/' took 0.01s
[2018.10.13-22.12.30:427][  0]LogFileCache: Scanning file cache for directory 'C:/Users/NIriz/OneDrive/Documents/Unreal Projects/NewWaldo/Content/Collections/' took 0.01s
[2018.10.13-22.12.30:427][  0]LogCollectionManager: Rebuilt the GUID cache for 0 collections in 0.000001 seconds
[2018.10.13-22.12.30:447][  0]LogContentBrowser: Native class hierarchy populated in 0.0195 seconds. Added 2572 classes and 603 folders.
[2018.10.13-22.12.30:467][  0]LogContentBrowser: Native class hierarchy updated for 'WidgetCarousel' in 0.0004 seconds. Added 0 classes and 0 folders.
[2018.10.13-22.12.30:801][  0]LogContentBrowser: Native class hierarchy updated for 'AddContentDialog' in 0.0005 seconds. Added 0 classes and 0 folders.
[2018.10.13-22.12.30:851][  0]LogContentBrowser: Native class hierarchy updated for 'SceneOutliner' in 0.0004 seconds. Added 1 classes and 2 folders.
[2018.10.13-22.12.31:016][  0]LogSlate: Took 0.000404 seconds to synchronously load lazily loaded font '../../../Engine/Content/Slate/Fonts/Roboto-Regular.ttf' (155K)
[2018.10.13-22.12.31:020][  0]LogSlate: Took 0.000404 seconds to synchronously load lazily loaded font '../../../Engine/Content/Slate/Fonts/Roboto-Bold.ttf' (160K)
[2018.10.13-22.12.31:041][  0]LogSlate: Took 0.008003 seconds to synchronously load lazily loaded font '../../../Engine/Content/Editor/Slate/Fonts/FontAwesome.ttf' (139K)
[2018.10.13-22.12.31:237][  0]LogRenderer: Reallocating scene render targets to support 920x468 Format 9 NumSamples 1 (Frame:1).
[2018.10.13-22.12.32:564][  0]LogContentBrowser: Native class hierarchy updated for 'HierarchicalLODOutliner' in 0.0005 seconds. Added 0 classes and 0 folders.
[2018.10.13-22.12.32:564][  0]LogLoad: (Engine Initialization) Total time: 26.40 seconds
[2018.10.13-22.12.32:564][  0]LogLoad: (Engine Initialization) Total Blueprint compile time: 0.00 seconds
[2018.10.13-22.12.32:631][  0]LogContentStreaming: Texture pool size now 600 MB
[2018.10.13-22.12.33:368][  6]LogAssetRegistry: Asset discovery search completed in 16.1083 seconds
[2018.10.13-22.12.33:371][  6]LogCollectionManager: Rebuilt the object cache for 0 collections in 0.000000 seconds (found 0 objects)
[2018.10.13-22.12.33:371][  6]LogCollectionManager: Fixed up redirectors for 0 collections in 0.000091 seconds (updated 0 objects)
[2018.10.13-22.13.00:153][ 81]LogSlate: FSceneViewport::OnFocusLost() reason 0
[2018.10.13-22.13.02:676][178]LogTemp: Repeating last play command: Selected Viewport
[2018.10.13-22.13.02:724][178]LogPlayLevel: PlayLevel: No blueprints needed recompiling
[2018.10.13-22.13.02:740][178]PIE: New page: PIE session: Untitled_0 (Oct 13, 2018, 2:13:02 PM)
[2018.10.13-22.13.02:741][178]LogPlayLevel: Creating play world package: /Temp/UEDPIE_0_Untitled_0
[2018.10.13-22.13.02:745][178]LogPlayLevel: PIE: StaticDuplicateObject took: (0.004324s)
[2018.10.13-22.13.02:755][178]LogAIModule: Creating AISystem for world Untitled
[2018.10.13-22.13.02:756][178]LogPlayLevel: PIE: World Init took: (0.010260s)
[2018.10.13-22.13.02:756][178]LogPlayLevel: PIE: Created PIE world by copying editor world from /Temp/Untitled_0.Untitled to /Temp/UEDPIE_0_Untitled_0.Untitled (0.015124s)
[2018.10.13-22.13.02:845][178]LogInit: XAudio2 using 'Speakers (Realtek High Definition Audio(SST))' : 2 channels at 48 kHz using 32 bits per sample (channel mask 0x3)
[2018.10.13-22.13.02:934][178]LogInit: FAudioDevice initialized.
[2018.10.13-22.13.03:608][178]LogTexture: Display: Building textures: diploma2 (BGRA8, 201X201)
[2018.10.13-22.13.03:608][178]LogTexture: Display: Building textures: sign2 (BGRA8, 900X306)
[2018.10.13-22.13.03:608][178]LogTexture: Display: Building textures: key2 (BGRA8, 201X200)
[2018.10.13-22.13.03:608][178]LogTexture: Display: Building textures: camera2 (BGRA8, 228X209)
[2018.10.13-22.13.03:608][178]LogTexture: Display: Building textures: bino2 (BGRA8, 238X201)
[2018.10.13-22.13.03:608][178]LogTexture: Display: Building textures: bone2 (BGRA8, 201X201)
[2018.10.13-22.13.03:608][178]LogLoad: Game class is 'ThirdPersonGameMode_C'
[2018.10.13-22.13.03:612][178]LogWorld: Bringing World /Temp/UEDPIE_0_Untitled_0.Untitled up for play (max tick rate 60) at 2018.10.13-18.13.03
[2018.10.13-22.13.03:614][178]LogWorld: Bringing up level for play took: 0.002130
[2018.10.13-22.13.03:647][178]LogContentBrowser: Native class hierarchy updated for 'MovieSceneCapture' in 0.0005 seconds. Added 10 classes and 0 folders.
[2018.10.13-22.13.03:674][178]PIE: Play in editor start time for /Temp/UEDPIE_0_Untitled_0 0.675
[2018.10.13-22.13.05:438][230]LogSlate: Updating window title bar state: overlay mode, drag disabled, window buttons hidden, title bar hidden
[2018.10.13-22.13.05:487][230]LogPlayLevel: Display: Shutting down PIE online subsystems
[2018.10.13-22.13.05:530][230]LogSlate: Updating window title bar state: overlay mode, drag disabled, window buttons hidden, title bar hidden
[2018.10.13-22.13.05:552][231]LogPlayLevel: Display: Destroying online subsystem :Context_1
[2018.10.13-22.13.12:742][478]LogSlate: Took 0.045186 seconds to synchronously load lazily loaded font '../../../Engine/Content/Slate/Fonts/Roboto-Light.ttf' (167K)
[2018.10.13-22.13.13:040][478]LogAIModule: Creating AISystem for world MainMenu
[2018.10.13-22.13.13:048][478]LogAssetEditorManager: Opening Asset editor for World /Game/ThirdPersonBP/Maps/MainMenu.MainMenu
[2018.10.13-22.13.13:091][478]Cmd: MAP LOAD FILE="../../../../../../Users/NIriz/OneDrive/Documents/Unreal Projects/NewWaldo/Content/ThirdPersonBP/Maps/MainMenu.umap" TEMPLATE=0 SHOWPROGRESS=1 FEATURELEVEL=3
[2018.10.13-22.13.13:092][478]LightingResults: New page: Lighting Build
[2018.10.13-22.13.13:099][478]LogContentBrowser: Native class hierarchy updated for 'StatsViewer' in 0.0005 seconds. Added 5 classes and 0 folders.
[2018.10.13-22.13.13:101][478]LoadErrors: New page: Loading map: MainMenu.umap
[2018.10.13-22.13.13:102][478]MapCheck: New page: Map Check
[2018.10.13-22.13.13:102][478]LightingResults: New page: Lighting Build
[2018.10.13-22.13.13:286][478]LogEditorServer: Finished looking for orphan Actors (0.000 secs)
[2018.10.13-22.13.13:385][478]Cmd: MAP CHECKDEP NOCLEARLOG
[2018.10.13-22.13.13:691][478]MapCheck: Map check complete: 0 Error(s), 0 Warning(s), took 305.611ms to complete.
[2018.10.13-22.13.13:694][478]LogFileHelpers: Loading map 'MainMenu' took 0.603
[2018.10.13-22.13.16:563][581]LogTemp: Repeating last play command: Selected Viewport
[2018.10.13-22.13.16:615][581]LogBlueprintUserMessages: Early PlayInEditor Detection: Level '/Game/ThirdPersonBP/Maps/MainMenu.MainMenu:PersistentLevel' has LevelScriptBlueprint '/Game/ThirdPersonBP/Maps/MainMenu.MainMenu:PersistentLevel.MainMenu' with GeneratedClass '/Game/ThirdPersonBP/Maps/MainMenu.MainMenu_C' with ClassGeneratedBy '/Game/ThirdPersonBP/Maps/MainMenu.MainMenu:PersistentLevel.MainMenu'
[2018.10.13-22.13.16:615][581]LogPlayLevel: PlayLevel: No blueprints needed recompiling
[2018.10.13-22.13.16:615][581]PIE: New page: PIE session: MainMenu (Oct 13, 2018, 2:13:16 PM)
[2018.10.13-22.13.16:616][581]LogPlayLevel: Creating play world package: /Game/ThirdPersonBP/Maps/UEDPIE_0_MainMenu
[2018.10.13-22.13.16:639][581]LogPlayLevel: PIE: StaticDuplicateObject took: (0.023624s)
[2018.10.13-22.13.16:641][581]LogAIModule: Creating AISystem for world MainMenu
[2018.10.13-22.13.16:641][581]LogPlayLevel: PIE: World Init took: (0.001757s)
[2018.10.13-22.13.16:641][581]LogPlayLevel: PIE: Created PIE world by copying editor world from /Game/ThirdPersonBP/Maps/MainMenu.MainMenu to /Game/ThirdPersonBP/Maps/UEDPIE_0_MainMenu.MainMenu (0.025760s)
[2018.10.13-22.13.16:741][581]LogInit: XAudio2 using 'Speakers (Realtek High Definition Audio(SST))' : 2 channels at 48 kHz using 32 bits per sample (channel mask 0x3)
[2018.10.13-22.13.16:885][581]LogInit: FAudioDevice initialized.
[2018.10.13-22.13.16:925][581]LogLoad: Game class is 'ThirdPersonGameMode_C'
[2018.10.13-22.13.16:927][581]LogWorld: Bringing World /Game/ThirdPersonBP/Maps/UEDPIE_0_MainMenu.MainMenu up for play (max tick rate 60) at 2018.10.13-18.13.16
[2018.10.13-22.13.16:927][581]LogWorld: Bringing up level for play took: 0.000818
[2018.10.13-22.13.16:949][581]PIE: Play in editor start time for /Game/ThirdPersonBP/Maps/UEDPIE_0_MainMenu -0.05
[2018.10.13-22.13.16:949][581]LogBlueprintUserMessages: Late PlayInEditor Detection: Level '/Game/ThirdPersonBP/Maps/MainMenu.MainMenu:PersistentLevel' has LevelScriptBlueprint '/Game/ThirdPersonBP/Maps/MainMenu.MainMenu:PersistentLevel.MainMenu' with GeneratedClass '/Game/ThirdPersonBP/Maps/MainMenu.MainMenu_C' with ClassGeneratedBy '/Game/ThirdPersonBP/Maps/MainMenu.MainMenu:PersistentLevel.MainMenu'
[2018.10.13-22.13.24:746][885]LogNet: Browse: /Game/ThirdPersonBP/Maps/world
[2018.10.13-22.13.24:747][885]LogLoad: LoadMap: /Game/ThirdPersonBP/Maps/world
[2018.10.13-22.13.34:648][885]LogAIModule: Creating AISystem for world world
[2018.10.13-22.13.34:649][885]LogLoad: Game class is 'ThirdPersonGameMode_C'
[2018.10.13-22.13.34:691][885]LogWorld: Bringing World /Game/ThirdPersonBP/Maps/UEDPIE_0_world.world up for play (max tick rate 60) at 2018.10.13-18.13.34
[2018.10.13-22.13.34:696][885]LogWorld: Bringing up level for play took: 0.045655
[2018.10.13-22.13.34:703][885]LogLoad: Took 9.956595 seconds to LoadMap(/Game/ThirdPersonBP/Maps/world)
[2018.10.13-22.13.46:647][201]LogBlueprintUserMessages: Early EndPlayMap Detection: Level '/Game/ThirdPersonBP/Maps/MainMenu.MainMenu:PersistentLevel' has LevelScriptBlueprint '/Game/ThirdPersonBP/Maps/MainMenu.MainMenu:PersistentLevel.MainMenu' with GeneratedClass '/Game/ThirdPersonBP/Maps/MainMenu.MainMenu_C' with ClassGeneratedBy '/Game/ThirdPersonBP/Maps/MainMenu.MainMenu:PersistentLevel.MainMenu'
[2018.10.13-22.13.46:668][201]LogSlate: Updating window title bar state: overlay mode, drag disabled, window buttons hidden, title bar hidden
[2018.10.13-22.13.46:737][201]LogPlayLevel: Display: Shutting down PIE online subsystems
[2018.10.13-22.13.46:738][201]LogBlueprintUserMessages: Late EndPlayMap Detection: Level '/Game/ThirdPersonBP/Maps/MainMenu.MainMenu:PersistentLevel' has LevelScriptBlueprint '/Game/ThirdPersonBP/Maps/MainMenu.MainMenu:PersistentLevel.MainMenu' with GeneratedClass '/Game/ThirdPersonBP/Maps/MainMenu.MainMenu_C' with ClassGeneratedBy '/Game/ThirdPersonBP/Maps/MainMenu.MainMenu:PersistentLevel.MainMenu'
[2018.10.13-22.13.46:785][201]LogSlate: Updating window title bar state: overlay mode, drag disabled, window buttons hidden, title bar hidden
[2018.10.13-22.13.46:849][202]LogPlayLevel: Display: Destroying online subsystem :Context_2
[2018.10.13-22.14.08:277][442]LogSlate: FSceneViewport::OnFocusLost() reason 2
[2018.10.13-22.14.12:804][587]LogAssetEditorManager: Opening Asset editor for Blueprint /Game/ThirdPersonBP/Blueprints/WaldoHUD.WaldoHUD
[2018.10.13-22.14.14:170][587]LogContentBrowser: Native class hierarchy updated for 'BlueprintGraph' in 0.0015 seconds. Added 116 classes and 0 folders.
[2018.10.13-22.14.15:926][587]LogSlate: Took 0.003365 seconds to synchronously load lazily loaded font '../../../Engine/Content/Slate/Fonts/Roboto-BoldCondensed.ttf' (158K)
[2018.10.13-22.14.22:865][768]LogSlate: Window 'WaldoHUD' being destroyed
[2018.10.13-22.14.22:912][768]LogSlate: Window 'WaldoHUD' being destroyed
[2018.10.13-22.14.23:830][796]LogTemp: Repeating last play command: Selected Viewport
[2018.10.13-22.14.23:913][796]LogBlueprintUserMessages: Early PlayInEditor Detection: Level '/Game/ThirdPersonBP/Maps/MainMenu.MainMenu:PersistentLevel' has LevelScriptBlueprint '/Game/ThirdPersonBP/Maps/MainMenu.MainMenu:PersistentLevel.MainMenu' with GeneratedClass '/Game/ThirdPersonBP/Maps/MainMenu.MainMenu_C' with ClassGeneratedBy '/Game/ThirdPersonBP/Maps/MainMenu.MainMenu:PersistentLevel.MainMenu'
[2018.10.13-22.14.23:913][796]LogPlayLevel: PlayLevel: No blueprints needed recompiling
[2018.10.13-22.14.23:915][796]PIE: New page: PIE session: MainMenu (Oct 13, 2018, 2:14:23 PM)
[2018.10.13-22.14.23:915][796]LogPlayLevel: Creating play world package: /Game/ThirdPersonBP/Maps/UEDPIE_0_MainMenu
[2018.10.13-22.14.23:920][796]LogPlayLevel: PIE: StaticDuplicateObject took: (0.004351s)
[2018.10.13-22.14.23:922][796]LogAIModule: Creating AISystem for world MainMenu
[2018.10.13-22.14.23:922][796]LogPlayLevel: PIE: World Init took: (0.002410s)
[2018.10.13-22.14.23:922][796]LogPlayLevel: PIE: Created PIE world by copying editor world from /Game/ThirdPersonBP/Maps/MainMenu.MainMenu to /Game/ThirdPersonBP/Maps/UEDPIE_0_MainMenu.MainMenu (0.007143s)
[2018.10.13-22.14.24:092][796]LogInit: XAudio2 using 'Speakers (Realtek High Definition Audio(SST))' : 2 channels at 48 kHz using 32 bits per sample (channel mask 0x3)
[2018.10.13-22.14.24:493][796]LogInit: FAudioDevice initialized.
[2018.10.13-22.14.24:543][796]LogLoad: Game class is 'ThirdPersonGameMode_C'
[2018.10.13-22.14.24:544][796]LogWorld: Bringing World /Game/ThirdPersonBP/Maps/UEDPIE_0_MainMenu.MainMenu up for play (max tick rate 60) at 2018.10.13-18.14.24
[2018.10.13-22.14.24:544][796]LogWorld: Bringing up level for play took: 0.000736
[2018.10.13-22.14.24:564][796]PIE: Play in editor start time for /Game/ThirdPersonBP/Maps/UEDPIE_0_MainMenu 1.564
[2018.10.13-22.14.24:564][796]LogBlueprintUserMessages: Late PlayInEditor Detection: Level '/Game/ThirdPersonBP/Maps/MainMenu.MainMenu:PersistentLevel' has LevelScriptBlueprint '/Game/ThirdPersonBP/Maps/MainMenu.MainMenu:PersistentLevel.MainMenu' with GeneratedClass '/Game/ThirdPersonBP/Maps/MainMenu.MainMenu_C' with ClassGeneratedBy '/Game/ThirdPersonBP/Maps/MainMenu.MainMenu:PersistentLevel.MainMenu'
[2018.10.13-22.14.27:275][884]LogNet: Browse: /Game/ThirdPersonBP/Maps/world
[2018.10.13-22.14.27:275][884]LogLoad: LoadMap: /Game/ThirdPersonBP/Maps/world
[2018.10.13-22.14.28:889][884]LogAIModule: Creating AISystem for world world
[2018.10.13-22.14.28:889][884]LogLoad: Game class is 'ThirdPersonGameMode_C'
[2018.10.13-22.14.28:917][884]LogWorld: Bringing World /Game/ThirdPersonBP/Maps/UEDPIE_0_world.world up for play (max tick rate 60) at 2018.10.13-18.14.28
[2018.10.13-22.14.28:917][884]LogWorld: Bringing up level for play took: 0.027295
[2018.10.13-22.14.28:921][884]LogLoad: Took 1.645937 seconds to LoadMap(/Game/ThirdPersonBP/Maps/world)
[2018.10.13-22.14.44:873][ 24]LogSlate: FSceneViewport::OnFocusLost() reason 2
[2018.10.13-22.14.46:662][ 82]LogAssetEditorManager: Opening Asset editor for Blueprint /Game/ThirdPersonBP/Blueprints/WaldoHUD.WaldoHUD
[2018.10.13-22.14.54:188][224]LogRenderer: Reallocating scene render targets to support 920x580 Format 9 NumSamples 1 (Frame:1).
[2018.10.13-22.15.00:119][334]LogBlueprintUserMessages: Early EndPlayMap Detection: Level '/Game/ThirdPersonBP/Maps/MainMenu.MainMenu:PersistentLevel' has LevelScriptBlueprint '/Game/ThirdPersonBP/Maps/MainMenu.MainMenu:PersistentLevel.MainMenu' with GeneratedClass '/Game/ThirdPersonBP/Maps/MainMenu.MainMenu_C' with ClassGeneratedBy '/Game/ThirdPersonBP/Maps/MainMenu.MainMenu:PersistentLevel.MainMenu'
[2018.10.13-22.15.00:134][334]LogSlate: Updating window title bar state: overlay mode, drag disabled, window buttons hidden, title bar hidden
[2018.10.13-22.15.00:205][334]LogPlayLevel: Display: Shutting down PIE online subsystems
[2018.10.13-22.15.00:205][334]LogBlueprintUserMessages: Late EndPlayMap Detection: Level '/Game/ThirdPersonBP/Maps/MainMenu.MainMenu:PersistentLevel' has LevelScriptBlueprint '/Game/ThirdPersonBP/Maps/MainMenu.MainMenu:PersistentLevel.MainMenu' with GeneratedClass '/Game/ThirdPersonBP/Maps/MainMenu.MainMenu_C' with ClassGeneratedBy '/Game/ThirdPersonBP/Maps/MainMenu.MainMenu:PersistentLevel.MainMenu'
[2018.10.13-22.15.00:300][334]LogSlate: Updating window title bar state: overlay mode, drag disabled, window buttons hidden, title bar hidden
[2018.10.13-22.15.00:399][335]LogPlayLevel: Display: Destroying online subsystem :Context_5
[2018.10.13-22.15.23:313][684]LogAssetEditorManager: Opening Asset editor for World /Game/ThirdPersonBP/Maps/MainMenu.MainMenu
[2018.10.13-22.15.23:395][684]Cmd: MAP LOAD FILE="../../../../../../Users/NIriz/OneDrive/Documents/Unreal Projects/NewWaldo/Content/ThirdPersonBP/Maps/MainMenu.umap" TEMPLATE=0 SHOWPROGRESS=1 FEATURELEVEL=3
[2018.10.13-22.15.23:395][684]LightingResults: New page: Lighting Build
[2018.10.13-22.15.23:398][684]LoadErrors: New page: Loading map: MainMenu.umap
[2018.10.13-22.15.23:400][684]MapCheck: New page: Map Check
[2018.10.13-22.15.23:400][684]LightingResults: New page: Lighting Build
[2018.10.13-22.15.23:618][684]LogAIModule: Creating AISystem for world MainMenu
[2018.10.13-22.15.23:811][684]LogEditorServer: Finished looking for orphan Actors (0.000 secs)
[2018.10.13-22.15.23:894][684]Cmd: MAP CHECKDEP NOCLEARLOG
[2018.10.13-22.15.24:634][684]MapCheck: Map check complete: 0 Error(s), 0 Warning(s), took 739.513ms to complete.
[2018.10.13-22.15.24:636][684]LogFileHelpers: Loading map 'MainMenu' took 1.242
[2018.10.13-22.15.37:610][902]LogTemp: Repeating last play command: Selected Viewport
[2018.10.13-22.15.37:676][902]LogBlueprintUserMessages: Early PlayInEditor Detection: Level '/Game/ThirdPersonBP/Maps/MainMenu.MainMenu:PersistentLevel' has LevelScriptBlueprint '/Game/ThirdPersonBP/Maps/MainMenu.MainMenu:PersistentLevel.MainMenu' with GeneratedClass '/Game/ThirdPersonBP/Maps/MainMenu.MainMenu_C' with ClassGeneratedBy '/Game/ThirdPersonBP/Maps/MainMenu.MainMenu:PersistentLevel.MainMenu'
[2018.10.13-22.15.37:677][902]LogPlayLevel: PlayLevel: No blueprints needed recompiling
[2018.10.13-22.15.37:677][902]PIE: New page: PIE session: MainMenu (Oct 13, 2018, 2:15:37 PM)
[2018.10.13-22.15.37:677][902]LogPlayLevel: Creating play world package: /Game/ThirdPersonBP/Maps/UEDPIE_0_MainMenu
[2018.10.13-22.15.37:681][902]LogPlayLevel: PIE: StaticDuplicateObject took: (0.003414s)
[2018.10.13-22.15.37:683][902]LogAIModule: Creating AISystem for world MainMenu
[2018.10.13-22.15.37:683][902]LogPlayLevel: PIE: World Init took: (0.001961s)
[2018.10.13-22.15.37:683][902]LogPlayLevel: PIE: Created PIE world by copying editor world from /Game/ThirdPersonBP/Maps/MainMenu.MainMenu to /Game/ThirdPersonBP/Maps/UEDPIE_0_MainMenu.MainMenu (0.005805s)
[2018.10.13-22.15.37:789][902]LogInit: XAudio2 using 'Speakers (Realtek High Definition Audio(SST))' : 2 channels at 48 kHz using 32 bits per sample (channel mask 0x3)
[2018.10.13-22.15.37:897][902]LogInit: FAudioDevice initialized.
[2018.10.13-22.15.37:940][902]LogLoad: Game class is 'ThirdPersonGameMode_C'
[2018.10.13-22.15.37:942][902]LogWorld: Bringing World /Game/ThirdPersonBP/Maps/UEDPIE_0_MainMenu.MainMenu up for play (max tick rate 60) at 2018.10.13-18.15.37
[2018.10.13-22.15.37:943][902]LogWorld: Bringing up level for play took: 0.000925
[2018.10.13-22.15.37:963][902]PIE: Play in editor start time for /Game/ThirdPersonBP/Maps/UEDPIE_0_MainMenu 0.963
[2018.10.13-22.15.37:963][902]LogBlueprintUserMessages: Late PlayInEditor Detection: Level '/Game/ThirdPersonBP/Maps/MainMenu.MainMenu:PersistentLevel' has LevelScriptBlueprint '/Game/ThirdPersonBP/Maps/MainMenu.MainMenu:PersistentLevel.MainMenu' with GeneratedClass '/Game/ThirdPersonBP/Maps/MainMenu.MainMenu_C' with ClassGeneratedBy '/Game/ThirdPersonBP/Maps/MainMenu.MainMenu:PersistentLevel.MainMenu'
[2018.10.13-22.15.40:689][  8]LogNet: Browse: /Game/ThirdPersonBP/Maps/world
[2018.10.13-22.15.40:690][  8]LogLoad: LoadMap: /Game/ThirdPersonBP/Maps/world
[2018.10.13-22.15.42:606][  8]LogAIModule: Creating AISystem for world world
[2018.10.13-22.15.42:606][  8]LogLoad: Game class is 'ThirdPersonGameMode_C'
[2018.10.13-22.15.42:635][  8]LogWorld: Bringing World /Game/ThirdPersonBP/Maps/UEDPIE_0_world.world up for play (max tick rate 60) at 2018.10.13-18.15.42
[2018.10.13-22.15.42:636][  8]LogWorld: Bringing up level for play took: 0.028967
[2018.10.13-22.15.42:641][  8]LogLoad: Took 1.950652 seconds to LoadMap(/Game/ThirdPersonBP/Maps/world)
[2018.10.13-22.16.22:776][234]LogBlueprintUserMessages: Early EndPlayMap Detection: Level '/Game/ThirdPersonBP/Maps/MainMenu.MainMenu:PersistentLevel' has LevelScriptBlueprint '/Game/ThirdPersonBP/Maps/MainMenu.MainMenu:PersistentLevel.MainMenu' with GeneratedClass '/Game/ThirdPersonBP/Maps/MainMenu.MainMenu_C' with ClassGeneratedBy '/Game/ThirdPersonBP/Maps/MainMenu.MainMenu:PersistentLevel.MainMenu'
[2018.10.13-22.16.22:777][234]LogSlate: Updating window title bar state: overlay mode, drag disabled, window buttons hidden, title bar hidden
[2018.10.13-22.16.22:870][234]LogPlayLevel: Display: Shutting down PIE online subsystems
[2018.10.13-22.16.22:871][234]LogBlueprintUserMessages: Late EndPlayMap Detection: Level '/Game/ThirdPersonBP/Maps/MainMenu.MainMenu:PersistentLevel' has LevelScriptBlueprint '/Game/ThirdPersonBP/Maps/MainMenu.MainMenu:PersistentLevel.MainMenu' with GeneratedClass '/Game/ThirdPersonBP/Maps/MainMenu.MainMenu_C' with ClassGeneratedBy '/Game/ThirdPersonBP/Maps/MainMenu.MainMenu:PersistentLevel.MainMenu'
[2018.10.13-22.16.22:933][234]LogSlate: Updating window title bar state: overlay mode, drag disabled, window buttons hidden, title bar hidden
[2018.10.13-22.16.22:988][235]LogPlayLevel: Display: Destroying online subsystem :Context_7
[2018.10.13-22.16.25:395][321]LogSlate: FSceneViewport::OnFocusLost() reason 0
